#
# There is insufficient memory for the Java Runtime Environment to continue.
# Native memory allocation (malloc) failed to allocate 1630416 bytes for Chunk::new
# Possible reasons:
#   The system is out of physical RAM or swap space
#   The process is running with CompressedOops enabled, and the Java Heap may be blocking the growth of the native heap
# Possible solutions:
#   Reduce memory load on the system
#   Increase physical memory or swap space
#   Check if swap backing store is full
#   Decrease Java heap size (-Xmx/-Xms)
#   Decrease number of Java threads
#   Decrease Java thread stack sizes (-Xss)
#   Set larger code cache with -XX:ReservedCodeCacheSize=
#   JVM is running with Unscaled Compressed Oops mode in which the Java heap is
#     placed in the first 4GB address space. The Java Heap base address is the
#     maximum limit for the native heap growth. Please use -XX:HeapBaseMinAddress
#     to set the Java Heap base and to place the Java Heap above 4GB virtual address.
# This output file may be truncated or incomplete.
#
#  Out of Memory Error (./src/hotspot/share/memory/arena.cpp:197), pid=8224, tid=8972
#
# JRE version: OpenJDK Runtime Environment (11.0.10) (build 11.0.10+0-b96-7249189)
# Java VM: OpenJDK 64-Bit Server VM (11.0.10+0-b96-7249189, mixed mode, tiered, compressed oops, g1 gc, windows-amd64)
# No core dump will be written. Minidumps are not enabled by default on client versions of Windows
#

---------------  S U M M A R Y ------------

Command Line: --add-opens=java.base/java.util=ALL-UNNAMED --add-opens=java.base/java.lang=ALL-UNNAMED --add-opens=java.base/java.lang.invoke=ALL-UNNAMED --add-opens=java.base/java.util=ALL-UNNAMED --add-opens=java.prefs/java.util.prefs=ALL-UNNAMED --add-opens=java.prefs/java.util.prefs=ALL-UNNAMED --add-opens=java.base/java.nio.charset=ALL-UNNAMED --add-opens=java.base/java.net=ALL-UNNAMED --add-opens=java.base/java.util.concurrent.atomic=ALL-UNNAMED -Xmx2048m -Dfile.encoding=UTF-8 -Duser.country=ES -Duser.language=es -Duser.variant org.gradle.launcher.daemon.bootstrap.GradleDaemon 7.0.2

Host: Intel(R) Core(TM) i3-4012Y CPU @ 1.50GHz, 4 cores, 3G,  Windows 10 , 64 bit Build 19041 (10.0.19041.1466)
Time: Wed Feb  9 00:26:39 2022 Hora est. Pacífico, Sudamérica elapsed time: 8471.534962 seconds (0d 2h 21m 11s)

---------------  T H R E A D  ---------------

Current thread (0x00000232fdfeb800):  JavaThread "C2 CompilerThread0" daemon [_thread_in_native, id=8972, stack(0x000000fa72c00000,0x000000fa72d00000)]


Current CompileTask:
C2:8471535 17268       4       groovy.lang.MetaClassImpl::filterPropertyMethod (305 bytes)

Stack: [0x000000fa72c00000,0x000000fa72d00000]
Native frames: (J=compiled Java code, j=interpreted, Vv=VM code, C=native code)
V  [jvm.dll+0x5ecfaa]
V  [jvm.dll+0x722bd5]
V  [jvm.dll+0x72412d]
V  [jvm.dll+0x7247e3]
V  [jvm.dll+0x242928]
V  [jvm.dll+0xbc4fc]
V  [jvm.dll+0xbca0c]
V  [jvm.dll+0x352d7d]
V  [jvm.dll+0x19800c]
V  [jvm.dll+0x1fb70e]
V  [jvm.dll+0x1fa7f4]
V  [jvm.dll+0x18354c]
V  [jvm.dll+0x208ee7]
V  [jvm.dll+0x207731]
V  [jvm.dll+0x6eb1cf]
V  [jvm.dll+0x6e3d45]
V  [jvm.dll+0x5ebe96]
C  [ucrtbase.dll+0x21bb2]
C  [KERNEL32.DLL+0x17034]
C  [ntdll.dll+0x52651]


---------------  P R O C E S S  ---------------

Threads class SMR info:
_java_thread_list=0x0000023287f1a740, length=38, elements={
0x00000232e43ef800, 0x00000232fdf86800, 0x00000232fdf8a000, 0x00000232fdfe4800,
0x00000232fdfe6000, 0x00000232fdfea800, 0x00000232fdfeb800, 0x00000232fdfef000,
0x00000232fe00d800, 0x00000232fea76000, 0x0000023280b5f800, 0x0000023280bb3000,
0x00000232ff35c800, 0x0000023280405800, 0x0000023280406800, 0x0000023280408000,
0x0000023280409800, 0x0000023280407800, 0x00000232febf1800, 0x00000232febf3000,
0x00000232febef000, 0x00000232febed800, 0x00000232febf9000, 0x00000232febfc000,
0x00000232febf7000, 0x0000023285982800, 0x000002328597e000, 0x0000023285978800,
0x000002328597a000, 0x0000023285979800, 0x0000023285976000, 0x000002328597b000,
0x0000023285975000, 0x000002328597c000, 0x000002328597c800, 0x0000023285977000,
0x0000023285980800, 0x0000023285981800
}

Java Threads: ( => current thread )
  0x00000232e43ef800 JavaThread "main" [_thread_blocked, id=5216, stack(0x000000fa72000000,0x000000fa72100000)]
  0x00000232fdf86800 JavaThread "Reference Handler" daemon [_thread_blocked, id=10076, stack(0x000000fa72700000,0x000000fa72800000)]
  0x00000232fdf8a000 JavaThread "Finalizer" daemon [_thread_blocked, id=732, stack(0x000000fa72800000,0x000000fa72900000)]
  0x00000232fdfe4800 JavaThread "Signal Dispatcher" daemon [_thread_blocked, id=2384, stack(0x000000fa72900000,0x000000fa72a00000)]
  0x00000232fdfe6000 JavaThread "Attach Listener" daemon [_thread_blocked, id=8592, stack(0x000000fa72a00000,0x000000fa72b00000)]
  0x00000232fdfea800 JavaThread "Service Thread" daemon [_thread_blocked, id=1540, stack(0x000000fa72b00000,0x000000fa72c00000)]
=>0x00000232fdfeb800 JavaThread "C2 CompilerThread0" daemon [_thread_in_native, id=8972, stack(0x000000fa72c00000,0x000000fa72d00000)]
  0x00000232fdfef000 JavaThread "C1 CompilerThread0" daemon [_thread_blocked, id=9752, stack(0x000000fa72d00000,0x000000fa72e00000)]
  0x00000232fe00d800 JavaThread "Sweeper thread" daemon [_thread_blocked, id=6316, stack(0x000000fa72e00000,0x000000fa72f00000)]
  0x00000232fea76000 JavaThread "Common-Cleaner" daemon [_thread_blocked, id=1320, stack(0x000000fa72f00000,0x000000fa73000000)]
  0x0000023280b5f800 JavaThread "Daemon health stats" [_thread_blocked, id=3460, stack(0x000000fa73200000,0x000000fa73300000)]
  0x0000023280bb3000 JavaThread "Incoming local TCP Connector on port 50101" [_thread_in_native, id=7668, stack(0x000000fa73300000,0x000000fa73400000)]
  0x00000232ff35c800 JavaThread "Daemon periodic checks" [_thread_blocked, id=7552, stack(0x000000fa73400000,0x000000fa73500000)]
  0x0000023280405800 JavaThread "Cache worker for file hash cache (C:\Users\JC\.gradle\caches\7.0.2\fileHashes)" [_thread_blocked, id=9276, stack(0x000000fa73e00000,0x000000fa73f00000)]
  0x0000023280406800 JavaThread "File lock request listener" [_thread_in_native, id=7968, stack(0x000000fa73f00000,0x000000fa74000000)]
  0x0000023280408000 JavaThread "Cache worker for journal cache (C:\Users\JC\.gradle\caches\journal-1)" [_thread_blocked, id=996, stack(0x000000fa74000000,0x000000fa74100000)]
  0x0000023280409800 JavaThread "File watcher server" daemon [_thread_in_native, id=10232, stack(0x000000fa74200000,0x000000fa74300000)]
  0x0000023280407800 JavaThread "File watcher consumer" daemon [_thread_blocked, id=5264, stack(0x000000fa74300000,0x000000fa74400000)]
  0x00000232febf1800 JavaThread "Cache worker for execution history cache (C:\Users\JC\.gradle\caches\7.0.2\executionHistory)" [_thread_blocked, id=3632, stack(0x000000fa74700000,0x000000fa74800000)]
  0x00000232febf3000 JavaThread "jar transforms" [_thread_blocked, id=4488, stack(0x000000fa74a00000,0x000000fa74b00000)]
  0x00000232febef000 JavaThread "jar transforms Thread 2" [_thread_blocked, id=8916, stack(0x000000fa74b00000,0x000000fa74c00000)]
  0x00000232febed800 JavaThread "Cache worker for file content cache (C:\Users\JC\.gradle\caches\7.0.2\fileContent)" [_thread_blocked, id=7204, stack(0x000000fa74c00000,0x000000fa74d00000)]
  0x00000232febf9000 JavaThread "jar transforms Thread 3" [_thread_blocked, id=3336, stack(0x000000fa74e00000,0x000000fa74f00000)]
  0x00000232febfc000 JavaThread "jar transforms Thread 4" [_thread_blocked, id=9804, stack(0x000000fa75100000,0x000000fa75200000)]
  0x00000232febf7000 JavaThread "Memory manager" [_thread_blocked, id=6212, stack(0x000000fa73a00000,0x000000fa73b00000)]
  0x0000023285982800 JavaThread "Cache worker for Java compile cache (C:\Users\JC\.gradle\caches\7.0.2\javaCompile)" [_thread_blocked, id=10000, stack(0x000000fa74900000,0x000000fa74a00000)]
  0x000002328597e000 JavaThread "ForkJoinPool.commonPool-worker-3" daemon [_thread_blocked, id=6644, stack(0x000000fa75e00000,0x000000fa75f00000)]
  0x0000023285978800 JavaThread "Daemon Thread 2" [_thread_blocked, id=5736, stack(0x000000fa71d00000,0x000000fa71e00000)]
  0x000002328597a000 JavaThread "Handler for socket connection from /127.0.0.1:50101 to /127.0.0.1:55158" [_thread_in_native, id=6780, stack(0x000000fa71e00000,0x000000fa71f00000)]
  0x0000023285979800 JavaThread "Cancel handler" [_thread_blocked, id=11200, stack(0x000000fa71f00000,0x000000fa72000000)]
  0x0000023285976000 JavaThread "Daemon worker Thread 2" [_thread_in_vm, id=9152, stack(0x000000fa73500000,0x000000fa73600000)]
  0x000002328597b000 JavaThread "Asynchronous log dispatcher for DefaultDaemonConnection: socket connection from /127.0.0.1:50101 to /127.0.0.1:55158" [_thread_blocked, id=6872, stack(0x000000fa73600000,0x000000fa73700000)]
  0x0000023285975000 JavaThread "Stdin handler" [_thread_blocked, id=5760, stack(0x000000fa73700000,0x000000fa73800000)]
  0x000002328597c000 JavaThread "Daemon client event forwarder" [_thread_blocked, id=3656, stack(0x000000fa73800000,0x000000fa73900000)]
  0x000002328597c800 JavaThread "Cache worker for file hash cache (C:\Users\JC\AndroidStudioProjects\LoginUTA\.gradle\7.0.2\fileHashes)" [_thread_blocked, id=10132, stack(0x000000fa73900000,0x000000fa73a00000)]
  0x0000023285977000 JavaThread "Cache worker for checksums cache (C:\Users\JC\AndroidStudioProjects\LoginUTA\.gradle\checksums)" [_thread_blocked, id=9856, stack(0x000000fa73b00000,0x000000fa73c00000)]
  0x0000023285980800 JavaThread "Cache worker for cache directory md-supplier (C:\Users\JC\.gradle\caches\7.0.2\md-supplier)" [_thread_blocked, id=7624, stack(0x000000fa74100000,0x000000fa74200000)]
  0x0000023285981800 JavaThread "Cache worker for cache directory md-rule (C:\Users\JC\.gradle\caches\7.0.2\md-rule)" [_thread_blocked, id=11128, stack(0x000000fa74400000,0x000000fa74500000)]

Other Threads:
  0x00000232fdf7f800 VMThread "VM Thread" [stack: 0x000000fa72600000,0x000000fa72700000] [id=8572]
  0x00000232fea89800 WatcherThread [stack: 0x000000fa73000000,0x000000fa73100000] [id=8408]
  0x00000232e4407000 GCTaskThread "GC Thread#0" [stack: 0x000000fa72100000,0x000000fa72200000] [id=6668]
  0x00000232ff2a6800 GCTaskThread "GC Thread#1" [stack: 0x000000fa73100000,0x000000fa73200000] [id=2492]
  0x0000023280594000 GCTaskThread "GC Thread#2" [stack: 0x000000fa73c00000,0x000000fa73d00000] [id=9572]
  0x000002328010f000 GCTaskThread "GC Thread#3" [stack: 0x000000fa73d00000,0x000000fa73e00000] [id=8884]
  0x00000232e4439000 ConcurrentGCThread "G1 Main Marker" [stack: 0x000000fa72200000,0x000000fa72300000] [id=2860]
  0x00000232e443a000 ConcurrentGCThread "G1 Conc#0" [stack: 0x000000fa72300000,0x000000fa72400000] [id=10008]
  0x00000232e4491800 ConcurrentGCThread "G1 Refine#0" [stack: 0x000000fa72400000,0x000000fa72500000] [id=7804]
  0x00000232e4492800 ConcurrentGCThread "G1 Young RemSet Sampling" [stack: 0x000000fa72500000,0x000000fa72600000] [id=1064]

Threads with active compile tasks:
C2 CompilerThread08475092 17268       4       groovy.lang.MetaClassImpl::filterPropertyMethod (305 bytes)

VM state:not at safepoint (normal execution)

VM Mutex/Monitor currently owned by a thread: None

Heap address: 0x0000000080000000, size: 2048 MB, Compressed Oops mode: 32-bit
Narrow klass base: 0x0000000000000000, Narrow klass shift: 3
Compressed class space size: 1073741824 Address: 0x0000000100000000

Heap:
 garbage-first heap   total 204800K, used 85123K [0x0000000080000000, 0x0000000100000000)
  region size 1024K, 8 young (8192K), 2 survivors (2048K)
 Metaspace       used 116522K, capacity 119092K, committed 121212K, reserved 1155072K
  class space    used 14732K, capacity 15712K, committed 16384K, reserved 1048576K
Heap Regions: E=young(eden), S=young(survivor), O=old, HS=humongous(starts), HC=humongous(continues), CS=collection set, F=free, A=archive, TAMS=top-at-mark-start (previous, next)
|   0|0x0000000080000000, 0x0000000080100000, 0x0000000080100000|100%| O|  |TAMS 0x0000000080100000, 0x0000000080000000| Untracked 
|   1|0x0000000080100000, 0x0000000080200000, 0x0000000080200000|100%| O|  |TAMS 0x0000000080200000, 0x0000000080100000| Untracked 
|   2|0x0000000080200000, 0x0000000080300000, 0x0000000080300000|100%| O|  |TAMS 0x0000000080300000, 0x0000000080200000| Untracked 
|   3|0x0000000080300000, 0x0000000080400000, 0x0000000080400000|100%|HS|  |TAMS 0x0000000080400000, 0x0000000080300000| Complete 
|   4|0x0000000080400000, 0x0000000080500000, 0x0000000080500000|100%|HC|  |TAMS 0x0000000080500000, 0x0000000080400000| Complete 
|   5|0x0000000080500000, 0x0000000080600000, 0x0000000080600000|100%|HC|  |TAMS 0x0000000080600000, 0x0000000080500000| Complete 
|   6|0x0000000080600000, 0x0000000080700000, 0x0000000080700000|100%| O|  |TAMS 0x0000000080700000, 0x0000000080600000| Untracked 
|   7|0x0000000080700000, 0x0000000080800000, 0x0000000080800000|100%| O|  |TAMS 0x0000000080800000, 0x0000000080700000| Untracked 
|   8|0x0000000080800000, 0x0000000080900000, 0x0000000080900000|100%| O|  |TAMS 0x0000000080900000, 0x0000000080800000| Untracked 
|   9|0x0000000080900000, 0x0000000080a00000, 0x0000000080a00000|100%| O|  |TAMS 0x0000000080a00000, 0x0000000080900000| Untracked 
|  10|0x0000000080a00000, 0x0000000080b00000, 0x0000000080b00000|100%| O|  |TAMS 0x0000000080b00000, 0x0000000080a00000| Complete 
|  11|0x0000000080b00000, 0x0000000080c00000, 0x0000000080c00000|100%| O|  |TAMS 0x0000000080c00000, 0x0000000080b00000| Untracked 
|  12|0x0000000080c00000, 0x0000000080d00000, 0x0000000080d00000|100%| O|  |TAMS 0x0000000080d00000, 0x0000000080c00000| Untracked 
|  13|0x0000000080d00000, 0x0000000080e00000, 0x0000000080e00000|100%| O|  |TAMS 0x0000000080e00000, 0x0000000080d00000| Untracked 
|  14|0x0000000080e00000, 0x0000000080f00000, 0x0000000080f00000|100%| O|  |TAMS 0x0000000080f00000, 0x0000000080e00000| Complete 
|  15|0x0000000080f00000, 0x0000000081000000, 0x0000000081000000|100%| O|  |TAMS 0x0000000081000000, 0x0000000080f00000| Complete 
|  16|0x0000000081000000, 0x0000000081100000, 0x0000000081100000|100%| O|  |TAMS 0x0000000081100000, 0x0000000081000000| Complete 
|  17|0x0000000081100000, 0x0000000081200000, 0x0000000081200000|100%| O|  |TAMS 0x0000000081200000, 0x0000000081100000| Complete 
|  18|0x0000000081200000, 0x0000000081300000, 0x0000000081300000|100%| O|  |TAMS 0x0000000081300000, 0x0000000081200000| Complete 
|  19|0x0000000081300000, 0x0000000081400000, 0x0000000081400000|100%| O|  |TAMS 0x0000000081400000, 0x0000000081300000| Complete 
|  20|0x0000000081400000, 0x0000000081500000, 0x0000000081500000|100%| O|  |TAMS 0x0000000081500000, 0x0000000081400000| Complete 
|  21|0x0000000081500000, 0x0000000081600000, 0x0000000081600000|100%| O|  |TAMS 0x0000000081600000, 0x0000000081500000| Complete 
|  22|0x0000000081600000, 0x0000000081700000, 0x0000000081700000|100%| O|  |TAMS 0x0000000081700000, 0x0000000081600000| Complete 
|  23|0x0000000081700000, 0x0000000081800000, 0x0000000081800000|100%| O|  |TAMS 0x0000000081800000, 0x0000000081700000| Complete 
|  24|0x0000000081800000, 0x0000000081900000, 0x0000000081900000|100%| O|  |TAMS 0x0000000081900000, 0x0000000081800000| Complete 
|  25|0x0000000081900000, 0x0000000081a00000, 0x0000000081a00000|100%| O|  |TAMS 0x0000000081a00000, 0x0000000081900000| Untracked 
|  26|0x0000000081a00000, 0x0000000081b00000, 0x0000000081b00000|100%| O|  |TAMS 0x0000000081b00000, 0x0000000081a00000| Untracked 
|  27|0x0000000081b00000, 0x0000000081c00000, 0x0000000081c00000|100%|HS|  |TAMS 0x0000000081c00000, 0x0000000081b00000| Complete 
|  28|0x0000000081c00000, 0x0000000081d00000, 0x0000000081d00000|100%|HS|  |TAMS 0x0000000081d00000, 0x0000000081c00000| Complete 
|  29|0x0000000081d00000, 0x0000000081e00000, 0x0000000081e00000|100%|HS|  |TAMS 0x0000000081e00000, 0x0000000081d00000| Complete 
|  30|0x0000000081e00000, 0x0000000081f00000, 0x0000000081f00000|100%|HC|  |TAMS 0x0000000081f00000, 0x0000000081e00000| Complete 
|  31|0x0000000081f00000, 0x0000000082000000, 0x0000000082000000|100%| O|  |TAMS 0x0000000082000000, 0x0000000081f00000| Complete 
|  32|0x0000000082000000, 0x0000000082100000, 0x0000000082100000|100%| O|  |TAMS 0x0000000082100000, 0x0000000082000000| Complete 
|  33|0x0000000082100000, 0x0000000082200000, 0x0000000082200000|100%| O|  |TAMS 0x0000000082200000, 0x0000000082100000| Complete 
|  34|0x0000000082200000, 0x0000000082300000, 0x0000000082300000|100%| O|  |TAMS 0x0000000082300000, 0x0000000082200000| Complete 
|  35|0x0000000082300000, 0x0000000082400000, 0x0000000082400000|100%| O|  |TAMS 0x0000000082400000, 0x0000000082300000| Untracked 
|  36|0x0000000082400000, 0x0000000082500000, 0x0000000082500000|100%| O|  |TAMS 0x0000000082500000, 0x0000000082400000| Complete 
|  37|0x0000000082500000, 0x0000000082600000, 0x0000000082600000|100%| O|  |TAMS 0x0000000082600000, 0x0000000082500000| Complete 
|  38|0x0000000082600000, 0x0000000082700000, 0x0000000082700000|100%| O|  |TAMS 0x0000000082700000, 0x0000000082600000| Complete 
|  39|0x0000000082700000, 0x0000000082800000, 0x0000000082800000|100%| O|  |TAMS 0x0000000082800000, 0x0000000082700000| Complete 
|  40|0x0000000082800000, 0x0000000082900000, 0x0000000082900000|100%| O|  |TAMS 0x0000000082900000, 0x0000000082800000| Untracked 
|  41|0x0000000082900000, 0x0000000082a00000, 0x0000000082a00000|100%| O|  |TAMS 0x0000000082a00000, 0x0000000082900000| Complete 
|  42|0x0000000082a00000, 0x0000000082b00000, 0x0000000082b00000|100%| O|  |TAMS 0x0000000082b00000, 0x0000000082a00000| Complete 
|  43|0x0000000082b00000, 0x0000000082c00000, 0x0000000082c00000|100%| O|  |TAMS 0x0000000082c00000, 0x0000000082b00000| Complete 
|  44|0x0000000082c00000, 0x0000000082d00000, 0x0000000082d00000|100%| O|  |TAMS 0x0000000082d00000, 0x0000000082c00000| Complete 
|  45|0x0000000082d00000, 0x0000000082d00000, 0x0000000082e00000|  0%| F|  |TAMS 0x0000000082d00000, 0x0000000082d00000| Untracked 
|  46|0x0000000082e00000, 0x0000000082f00000, 0x0000000082f00000|100%| O|  |TAMS 0x0000000082f00000, 0x0000000082e00000| Complete 
|  47|0x0000000082f00000, 0x0000000083000000, 0x0000000083000000|100%| O|  |TAMS 0x0000000083000000, 0x0000000082f00000| Complete 
|  48|0x0000000083000000, 0x0000000083000000, 0x0000000083100000|  0%| F|  |TAMS 0x0000000083000000, 0x0000000083000000| Untracked 
|  49|0x0000000083100000, 0x0000000083200000, 0x0000000083200000|100%| O|  |TAMS 0x0000000083200000, 0x0000000083100000| Complete 
|  50|0x0000000083200000, 0x0000000083300000, 0x0000000083300000|100%| O|  |TAMS 0x0000000083300000, 0x0000000083200000| Complete 
|  51|0x0000000083300000, 0x0000000083400000, 0x0000000083400000|100%| O|  |TAMS 0x0000000083400000, 0x0000000083300000| Complete 
|  52|0x0000000083400000, 0x0000000083500000, 0x0000000083500000|100%| O|  |TAMS 0x0000000083500000, 0x0000000083400000| Complete 
|  53|0x0000000083500000, 0x0000000083600000, 0x0000000083600000|100%| O|  |TAMS 0x0000000083600000, 0x0000000083500000| Complete 
|  54|0x0000000083600000, 0x0000000083700000, 0x0000000083700000|100%| O|  |TAMS 0x0000000083700000, 0x0000000083600000| Complete 
|  55|0x0000000083700000, 0x0000000083800000, 0x0000000083800000|100%| O|  |TAMS 0x0000000083800000, 0x0000000083700000| Complete 
|  56|0x0000000083800000, 0x0000000083900000, 0x0000000083900000|100%| O|  |TAMS 0x0000000083900000, 0x0000000083800000| Complete 
|  57|0x0000000083900000, 0x0000000083a00000, 0x0000000083a00000|100%| O|  |TAMS 0x0000000083a00000, 0x0000000083900000| Complete 
|  58|0x0000000083a00000, 0x0000000083b00000, 0x0000000083b00000|100%| O|  |TAMS 0x0000000083b00000, 0x0000000083a00000| Complete 
|  59|0x0000000083b00000, 0x0000000083c00000, 0x0000000083c00000|100%| O|  |TAMS 0x0000000083c00000, 0x0000000083b00000| Untracked 
|  60|0x0000000083c00000, 0x0000000083d00000, 0x0000000083d00000|100%| O|  |TAMS 0x0000000083d00000, 0x0000000083c00000| Complete 
|  61|0x0000000083d00000, 0x0000000083d00000, 0x0000000083e00000|  0%| F|  |TAMS 0x0000000083d00000, 0x0000000083d00000| Untracked 
|  62|0x0000000083e00000, 0x0000000083f00000, 0x0000000083f00000|100%| O|  |TAMS 0x0000000083e00000, 0x0000000083e00000| Untracked 
|  63|0x0000000083f00000, 0x0000000084000000, 0x0000000084000000|100%| O|  |TAMS 0x0000000084000000, 0x0000000083f00000| Complete 
|  64|0x0000000084000000, 0x0000000084100000, 0x0000000084100000|100%| O|  |TAMS 0x0000000084100000, 0x0000000084000000| Untracked 
|  65|0x0000000084100000, 0x0000000084200000, 0x0000000084200000|100%| O|  |TAMS 0x0000000084200000, 0x0000000084100000| Untracked 
|  66|0x0000000084200000, 0x0000000084200000, 0x0000000084300000|  0%| F|  |TAMS 0x0000000084200000, 0x0000000084200000| Untracked 
|  67|0x0000000084300000, 0x0000000084300000, 0x0000000084400000|  0%| F|  |TAMS 0x0000000084300000, 0x0000000084300000| Untracked 
|  68|0x0000000084400000, 0x0000000084500000, 0x0000000084500000|100%| O|  |TAMS 0x0000000084500000, 0x0000000084400000| Complete 
|  69|0x0000000084500000, 0x00000000845c8c00, 0x0000000084600000| 78%| O|  |TAMS 0x0000000084500000, 0x0000000084500000| Untracked 
|  70|0x0000000084600000, 0x0000000084600000, 0x0000000084700000|  0%| F|  |TAMS 0x0000000084600000, 0x0000000084600000| Untracked 
|  71|0x0000000084700000, 0x0000000084700000, 0x0000000084800000|  0%| F|  |TAMS 0x0000000084700000, 0x0000000084700000| Untracked 
|  72|0x0000000084800000, 0x0000000084800000, 0x0000000084900000|  0%| F|  |TAMS 0x0000000084800000, 0x0000000084800000| Untracked 
|  73|0x0000000084900000, 0x0000000084900000, 0x0000000084a00000|  0%| F|  |TAMS 0x0000000084900000, 0x0000000084900000| Untracked 
|  74|0x0000000084a00000, 0x0000000084a00000, 0x0000000084b00000|  0%| F|  |TAMS 0x0000000084a00000, 0x0000000084a00000| Untracked 
|  75|0x0000000084b00000, 0x0000000084b00000, 0x0000000084c00000|  0%| F|  |TAMS 0x0000000084b00000, 0x0000000084b00000| Untracked 
|  76|0x0000000084c00000, 0x0000000084c00000, 0x0000000084d00000|  0%| F|  |TAMS 0x0000000084c00000, 0x0000000084c00000| Untracked 
|  77|0x0000000084d00000, 0x0000000084e00000, 0x0000000084e00000|100%| O|  |TAMS 0x0000000084e00000, 0x0000000084d00000| Complete 
|  78|0x0000000084e00000, 0x0000000084e00000, 0x0000000084f00000|  0%| F|  |TAMS 0x0000000084e00000, 0x0000000084e00000| Untracked 
|  79|0x0000000084f00000, 0x0000000085000000, 0x0000000085000000|100%| O|  |TAMS 0x0000000085000000, 0x0000000084f00000| Untracked 
|  80|0x0000000085000000, 0x0000000085100000, 0x0000000085100000|100%| O|  |TAMS 0x0000000085100000, 0x0000000085000000| Complete 
|  81|0x0000000085100000, 0x0000000085100000, 0x0000000085200000|  0%| F|  |TAMS 0x0000000085100000, 0x0000000085100000| Untracked 
|  82|0x0000000085200000, 0x0000000085300000, 0x0000000085300000|100%| O|  |TAMS 0x0000000085300000, 0x0000000085200000| Complete 
|  83|0x0000000085300000, 0x0000000085400000, 0x0000000085400000|100%| O|  |TAMS 0x0000000085400000, 0x0000000085300000| Untracked 
|  84|0x0000000085400000, 0x0000000085500000, 0x0000000085500000|100%| O|  |TAMS 0x0000000085500000, 0x0000000085400000| Untracked 
|  85|0x0000000085500000, 0x0000000085600000, 0x0000000085600000|100%| O|  |TAMS 0x0000000085600000, 0x0000000085500000| Complete 
|  86|0x0000000085600000, 0x0000000085700000, 0x0000000085700000|100%| O|  |TAMS 0x0000000085700000, 0x0000000085600000| Complete 
|  87|0x0000000085700000, 0x0000000085700000, 0x0000000085800000|  0%| F|  |TAMS 0x0000000085700000, 0x0000000085700000| Untracked 
|  88|0x0000000085800000, 0x0000000085800000, 0x0000000085900000|  0%| F|  |TAMS 0x0000000085800000, 0x0000000085800000| Untracked 
|  89|0x0000000085900000, 0x0000000085a00000, 0x0000000085a00000|100%| O|  |TAMS 0x0000000085a00000, 0x0000000085900000| Complete 
|  90|0x0000000085a00000, 0x0000000085a00000, 0x0000000085b00000|  0%| F|  |TAMS 0x0000000085a00000, 0x0000000085a00000| Untracked 
|  91|0x0000000085b00000, 0x0000000085b00000, 0x0000000085c00000|  0%| F|  |TAMS 0x0000000085b00000, 0x0000000085b00000| Untracked 
|  92|0x0000000085c00000, 0x0000000085c00000, 0x0000000085d00000|  0%| F|  |TAMS 0x0000000085c00000, 0x0000000085c00000| Untracked 
|  93|0x0000000085d00000, 0x0000000085d00000, 0x0000000085e00000|  0%| F|  |TAMS 0x0000000085d00000, 0x0000000085d00000| Untracked 
|  94|0x0000000085e00000, 0x0000000085f00000, 0x0000000085f00000|100%| O|  |TAMS 0x0000000085f00000, 0x0000000085e00000| Complete 
|  95|0x0000000085f00000, 0x0000000085f00000, 0x0000000086000000|  0%| F|  |TAMS 0x0000000085f00000, 0x0000000085f00000| Untracked 
|  96|0x0000000086000000, 0x0000000086000000, 0x0000000086100000|  0%| F|  |TAMS 0x0000000086000000, 0x0000000086000000| Untracked 
|  97|0x0000000086100000, 0x0000000086200000, 0x0000000086200000|100%| O|  |TAMS 0x00000000861f0a00, 0x0000000086100000| Untracked 
|  98|0x0000000086200000, 0x0000000086300000, 0x0000000086300000|100%| O|  |TAMS 0x0000000086300000, 0x0000000086200000| Complete 
|  99|0x0000000086300000, 0x0000000086300000, 0x0000000086400000|  0%| F|  |TAMS 0x0000000086300000, 0x0000000086300000| Untracked 
| 100|0x0000000086400000, 0x0000000086400000, 0x0000000086500000|  0%| F|  |TAMS 0x0000000086400000, 0x0000000086400000| Untracked 
| 101|0x0000000086500000, 0x0000000086500000, 0x0000000086600000|  0%| F|  |TAMS 0x0000000086500000, 0x0000000086500000| Untracked 
| 102|0x0000000086600000, 0x0000000086600000, 0x0000000086700000|  0%| F|  |TAMS 0x0000000086600000, 0x0000000086600000| Untracked 
| 103|0x0000000086700000, 0x0000000086700000, 0x0000000086800000|  0%| F|  |TAMS 0x0000000086700000, 0x0000000086700000| Untracked 
| 104|0x0000000086800000, 0x0000000086800000, 0x0000000086900000|  0%| F|  |TAMS 0x0000000086800000, 0x0000000086800000| Untracked 
| 105|0x0000000086900000, 0x0000000086900000, 0x0000000086a00000|  0%| F|  |TAMS 0x0000000086900000, 0x0000000086900000| Untracked 
| 106|0x0000000086a00000, 0x0000000086a00000, 0x0000000086b00000|  0%| F|  |TAMS 0x0000000086a00000, 0x0000000086a00000| Untracked 
| 107|0x0000000086b00000, 0x0000000086b00000, 0x0000000086c00000|  0%| F|  |TAMS 0x0000000086b00000, 0x0000000086b00000| Untracked 
| 108|0x0000000086c00000, 0x0000000086c00000, 0x0000000086d00000|  0%| F|  |TAMS 0x0000000086c00000, 0x0000000086c00000| Untracked 
| 109|0x0000000086d00000, 0x0000000086d00000, 0x0000000086e00000|  0%| F|  |TAMS 0x0000000086d00000, 0x0000000086d00000| Untracked 
| 110|0x0000000086e00000, 0x0000000086e00000, 0x0000000086f00000|  0%| F|  |TAMS 0x0000000086e00000, 0x0000000086e00000| Untracked 
| 111|0x0000000086f00000, 0x0000000086f00000, 0x0000000087000000|  0%| F|  |TAMS 0x0000000086f00000, 0x0000000086f00000| Untracked 
| 112|0x0000000087000000, 0x0000000087000000, 0x0000000087100000|  0%| F|  |TAMS 0x0000000087000000, 0x0000000087000000| Untracked 
| 113|0x0000000087100000, 0x0000000087100000, 0x0000000087200000|  0%| F|  |TAMS 0x0000000087100000, 0x0000000087100000| Untracked 
| 114|0x0000000087200000, 0x0000000087200000, 0x0000000087300000|  0%| F|  |TAMS 0x0000000087200000, 0x0000000087200000| Untracked 
| 115|0x0000000087300000, 0x0000000087300000, 0x0000000087400000|  0%| F|  |TAMS 0x0000000087300000, 0x0000000087300000| Untracked 
| 116|0x0000000087400000, 0x0000000087400000, 0x0000000087500000|  0%| F|  |TAMS 0x0000000087400000, 0x0000000087400000| Untracked 
| 117|0x0000000087500000, 0x0000000087500000, 0x0000000087600000|  0%| F|  |TAMS 0x0000000087500000, 0x0000000087500000| Untracked 
| 118|0x0000000087600000, 0x0000000087600000, 0x0000000087700000|  0%| F|  |TAMS 0x0000000087600000, 0x0000000087600000| Untracked 
| 119|0x0000000087700000, 0x0000000087700000, 0x0000000087800000|  0%| F|  |TAMS 0x0000000087700000, 0x0000000087700000| Untracked 
| 120|0x0000000087800000, 0x0000000087800000, 0x0000000087900000|  0%| F|  |TAMS 0x0000000087800000, 0x0000000087800000| Untracked 
| 121|0x0000000087900000, 0x0000000087900000, 0x0000000087a00000|  0%| F|  |TAMS 0x0000000087900000, 0x0000000087900000| Untracked 
| 122|0x0000000087a00000, 0x0000000087a00000, 0x0000000087b00000|  0%| F|  |TAMS 0x0000000087a00000, 0x0000000087a00000| Untracked 
| 123|0x0000000087b00000, 0x0000000087b00000, 0x0000000087c00000|  0%| F|  |TAMS 0x0000000087b00000, 0x0000000087b00000| Untracked 
| 124|0x0000000087c00000, 0x0000000087c00000, 0x0000000087d00000|  0%| F|  |TAMS 0x0000000087c00000, 0x0000000087c00000| Untracked 
| 125|0x0000000087d00000, 0x0000000087d00000, 0x0000000087e00000|  0%| F|  |TAMS 0x0000000087d00000, 0x0000000087d00000| Untracked 
| 126|0x0000000087e00000, 0x0000000087e00000, 0x0000000087f00000|  0%| F|  |TAMS 0x0000000087e00000, 0x0000000087e00000| Untracked 
| 127|0x0000000087f00000, 0x0000000087f00000, 0x0000000088000000|  0%| F|  |TAMS 0x0000000087f00000, 0x0000000087f00000| Untracked 
| 128|0x0000000088000000, 0x0000000088000000, 0x0000000088100000|  0%| F|  |TAMS 0x0000000088000000, 0x0000000088000000| Untracked 
| 129|0x0000000088100000, 0x0000000088100000, 0x0000000088200000|  0%| F|  |TAMS 0x0000000088100000, 0x0000000088100000| Untracked 
| 130|0x0000000088200000, 0x0000000088200000, 0x0000000088300000|  0%| F|  |TAMS 0x0000000088200000, 0x0000000088200000| Untracked 
| 131|0x0000000088300000, 0x0000000088300000, 0x0000000088400000|  0%| F|  |TAMS 0x0000000088300000, 0x0000000088300000| Untracked 
| 132|0x0000000088400000, 0x0000000088400000, 0x0000000088500000|  0%| F|  |TAMS 0x0000000088400000, 0x0000000088400000| Untracked 
| 133|0x0000000088500000, 0x0000000088500000, 0x0000000088600000|  0%| F|  |TAMS 0x0000000088500000, 0x0000000088500000| Untracked 
| 134|0x0000000088600000, 0x0000000088600000, 0x0000000088700000|  0%| F|  |TAMS 0x0000000088600000, 0x0000000088600000| Untracked 
| 135|0x0000000088700000, 0x0000000088700000, 0x0000000088800000|  0%| F|  |TAMS 0x0000000088700000, 0x0000000088700000| Untracked 
| 136|0x0000000088800000, 0x0000000088800000, 0x0000000088900000|  0%| F|  |TAMS 0x0000000088800000, 0x0000000088800000| Untracked 
| 137|0x0000000088900000, 0x0000000088900000, 0x0000000088a00000|  0%| F|  |TAMS 0x0000000088900000, 0x0000000088900000| Untracked 
| 138|0x0000000088a00000, 0x0000000088a00000, 0x0000000088b00000|  0%| F|  |TAMS 0x0000000088a00000, 0x0000000088a00000| Untracked 
| 139|0x0000000088b00000, 0x0000000088b00000, 0x0000000088c00000|  0%| F|  |TAMS 0x0000000088b00000, 0x0000000088b00000| Untracked 
| 140|0x0000000088c00000, 0x0000000088c00000, 0x0000000088d00000|  0%| F|  |TAMS 0x0000000088c00000, 0x0000000088c00000| Untracked 
| 141|0x0000000088d00000, 0x0000000088d00000, 0x0000000088e00000|  0%| F|  |TAMS 0x0000000088d00000, 0x0000000088d00000| Untracked 
| 142|0x0000000088e00000, 0x0000000088e00000, 0x0000000088f00000|  0%| F|  |TAMS 0x0000000088e00000, 0x0000000088e00000| Untracked 
| 143|0x0000000088f00000, 0x0000000088f00000, 0x0000000089000000|  0%| F|  |TAMS 0x0000000088f00000, 0x0000000088f00000| Untracked 
| 144|0x0000000089000000, 0x0000000089000000, 0x0000000089100000|  0%| F|  |TAMS 0x0000000089000000, 0x0000000089000000| Untracked 
| 145|0x0000000089100000, 0x0000000089100000, 0x0000000089200000|  0%| F|  |TAMS 0x0000000089100000, 0x0000000089100000| Untracked 
| 146|0x0000000089200000, 0x0000000089200000, 0x0000000089300000|  0%| F|  |TAMS 0x0000000089200000, 0x0000000089200000| Untracked 
| 147|0x0000000089300000, 0x0000000089300000, 0x0000000089400000|  0%| F|  |TAMS 0x0000000089300000, 0x0000000089300000| Untracked 
| 148|0x0000000089400000, 0x0000000089400000, 0x0000000089500000|  0%| F|  |TAMS 0x0000000089400000, 0x0000000089400000| Untracked 
| 149|0x0000000089500000, 0x0000000089500000, 0x0000000089600000|  0%| F|  |TAMS 0x0000000089500000, 0x0000000089500000| Untracked 
| 150|0x0000000089600000, 0x0000000089600000, 0x0000000089700000|  0%| F|  |TAMS 0x0000000089600000, 0x0000000089600000| Untracked 
| 151|0x0000000089700000, 0x0000000089700000, 0x0000000089800000|  0%| F|  |TAMS 0x0000000089700000, 0x0000000089700000| Untracked 
| 152|0x0000000089800000, 0x0000000089800000, 0x0000000089900000|  0%| F|  |TAMS 0x0000000089800000, 0x0000000089800000| Untracked 
| 153|0x0000000089900000, 0x0000000089900000, 0x0000000089a00000|  0%| F|  |TAMS 0x0000000089900000, 0x0000000089900000| Untracked 
| 154|0x0000000089a00000, 0x0000000089a00000, 0x0000000089b00000|  0%| F|  |TAMS 0x0000000089a00000, 0x0000000089a00000| Untracked 
| 155|0x0000000089b00000, 0x0000000089b00000, 0x0000000089c00000|  0%| F|  |TAMS 0x0000000089b00000, 0x0000000089b00000| Untracked 
| 156|0x0000000089c00000, 0x0000000089c00000, 0x0000000089d00000|  0%| F|  |TAMS 0x0000000089c00000, 0x0000000089c00000| Untracked 
| 157|0x0000000089d00000, 0x0000000089d00000, 0x0000000089e00000|  0%| F|  |TAMS 0x0000000089d00000, 0x0000000089d00000| Untracked 
| 158|0x0000000089e00000, 0x0000000089e00000, 0x0000000089f00000|  0%| F|  |TAMS 0x0000000089e00000, 0x0000000089e00000| Untracked 
| 159|0x0000000089f00000, 0x0000000089f00000, 0x000000008a000000|  0%| F|  |TAMS 0x0000000089f00000, 0x0000000089f00000| Untracked 
| 160|0x000000008a000000, 0x000000008a000000, 0x000000008a100000|  0%| F|  |TAMS 0x000000008a000000, 0x000000008a000000| Untracked 
| 161|0x000000008a100000, 0x000000008a100000, 0x000000008a200000|  0%| F|  |TAMS 0x000000008a100000, 0x000000008a100000| Untracked 
| 162|0x000000008a200000, 0x000000008a200000, 0x000000008a300000|  0%| F|  |TAMS 0x000000008a200000, 0x000000008a200000| Untracked 
| 163|0x000000008a300000, 0x000000008a300000, 0x000000008a400000|  0%| F|  |TAMS 0x000000008a300000, 0x000000008a300000| Untracked 
| 164|0x000000008a400000, 0x000000008a400000, 0x000000008a500000|  0%| F|  |TAMS 0x000000008a400000, 0x000000008a400000| Untracked 
| 165|0x000000008a500000, 0x000000008a500000, 0x000000008a600000|  0%| F|  |TAMS 0x000000008a500000, 0x000000008a500000| Untracked 
| 166|0x000000008a600000, 0x000000008a600000, 0x000000008a700000|  0%| F|  |TAMS 0x000000008a600000, 0x000000008a600000| Untracked 
| 167|0x000000008a700000, 0x000000008a700000, 0x000000008a800000|  0%| F|  |TAMS 0x000000008a700000, 0x000000008a700000| Untracked 
| 168|0x000000008a800000, 0x000000008a800000, 0x000000008a900000|  0%| F|  |TAMS 0x000000008a800000, 0x000000008a800000| Untracked 
| 169|0x000000008a900000, 0x000000008a900000, 0x000000008aa00000|  0%| F|  |TAMS 0x000000008a900000, 0x000000008a900000| Untracked 
| 170|0x000000008aa00000, 0x000000008aa00000, 0x000000008ab00000|  0%| F|  |TAMS 0x000000008aa00000, 0x000000008aa00000| Untracked 
| 171|0x000000008ab00000, 0x000000008ab00000, 0x000000008ac00000|  0%| F|  |TAMS 0x000000008ab00000, 0x000000008ab00000| Untracked 
| 172|0x000000008ac00000, 0x000000008ac00000, 0x000000008ad00000|  0%| F|  |TAMS 0x000000008ac00000, 0x000000008ac00000| Untracked 
| 173|0x000000008ad00000, 0x000000008ad00000, 0x000000008ae00000|  0%| F|  |TAMS 0x000000008ad00000, 0x000000008ad00000| Untracked 
| 174|0x000000008ae00000, 0x000000008ae00000, 0x000000008af00000|  0%| F|  |TAMS 0x000000008ae00000, 0x000000008ae00000| Untracked 
| 175|0x000000008af00000, 0x000000008af00000, 0x000000008b000000|  0%| F|  |TAMS 0x000000008af00000, 0x000000008af00000| Untracked 
| 176|0x000000008b000000, 0x000000008b000000, 0x000000008b100000|  0%| F|  |TAMS 0x000000008b000000, 0x000000008b000000| Untracked 
| 177|0x000000008b100000, 0x000000008b100000, 0x000000008b200000|  0%| F|  |TAMS 0x000000008b100000, 0x000000008b100000| Untracked 
| 178|0x000000008b200000, 0x000000008b200000, 0x000000008b300000|  0%| F|  |TAMS 0x000000008b200000, 0x000000008b200000| Untracked 
| 179|0x000000008b300000, 0x000000008b300000, 0x000000008b400000|  0%| F|  |TAMS 0x000000008b300000, 0x000000008b300000| Untracked 
| 180|0x000000008b400000, 0x000000008b400000, 0x000000008b500000|  0%| F|  |TAMS 0x000000008b400000, 0x000000008b400000| Untracked 
| 181|0x000000008b500000, 0x000000008b500000, 0x000000008b600000|  0%| F|  |TAMS 0x000000008b500000, 0x000000008b500000| Untracked 
| 182|0x000000008b600000, 0x000000008b600000, 0x000000008b700000|  0%| F|  |TAMS 0x000000008b600000, 0x000000008b600000| Untracked 
| 183|0x000000008b700000, 0x000000008b700000, 0x000000008b800000|  0%| F|  |TAMS 0x000000008b700000, 0x000000008b700000| Untracked 
| 184|0x000000008b800000, 0x000000008b800000, 0x000000008b900000|  0%| F|  |TAMS 0x000000008b800000, 0x000000008b800000| Untracked 
| 185|0x000000008b900000, 0x000000008b900000, 0x000000008ba00000|  0%| F|  |TAMS 0x000000008b900000, 0x000000008b900000| Untracked 
| 186|0x000000008ba00000, 0x000000008ba00000, 0x000000008bb00000|  0%| F|  |TAMS 0x000000008ba00000, 0x000000008ba00000| Untracked 
| 187|0x000000008bb00000, 0x000000008bb00000, 0x000000008bc00000|  0%| F|  |TAMS 0x000000008bb00000, 0x000000008bb00000| Untracked 
| 188|0x000000008bc00000, 0x000000008bc582b8, 0x000000008bd00000| 34%| S|CS|TAMS 0x000000008bc00000, 0x000000008bc00000| Complete 
| 189|0x000000008bd00000, 0x000000008be00000, 0x000000008be00000|100%| S|CS|TAMS 0x000000008bd00000, 0x000000008bd00000| Complete 
| 190|0x000000008be00000, 0x000000008be00000, 0x000000008bf00000|  0%| F|  |TAMS 0x000000008be00000, 0x000000008be00000| Untracked 
| 191|0x000000008bf00000, 0x000000008bf00000, 0x000000008c000000|  0%| F|  |TAMS 0x000000008bf00000, 0x000000008bf00000| Untracked 
| 192|0x000000008c000000, 0x000000008c000000, 0x000000008c100000|  0%| F|  |TAMS 0x000000008c000000, 0x000000008c000000| Untracked 
| 193|0x000000008c100000, 0x000000008c100000, 0x000000008c200000|  0%| F|  |TAMS 0x000000008c100000, 0x000000008c100000| Untracked 
| 194|0x000000008c200000, 0x000000008c213048, 0x000000008c300000|  7%| E|  |TAMS 0x000000008c200000, 0x000000008c200000| Complete 
| 195|0x000000008c300000, 0x000000008c400000, 0x000000008c400000|100%| E|CS|TAMS 0x000000008c300000, 0x000000008c300000| Complete 
| 196|0x000000008c400000, 0x000000008c500000, 0x000000008c500000|100%| E|CS|TAMS 0x000000008c400000, 0x000000008c400000| Complete 
| 197|0x000000008c500000, 0x000000008c600000, 0x000000008c600000|100%| E|CS|TAMS 0x000000008c500000, 0x000000008c500000| Complete 
| 198|0x000000008c600000, 0x000000008c700000, 0x000000008c700000|100%| E|CS|TAMS 0x000000008c600000, 0x000000008c600000| Complete 
| 199|0x000000008c700000, 0x000000008c800000, 0x000000008c800000|100%| E|CS|TAMS 0x000000008c700000, 0x000000008c700000| Complete 

Card table byte_map: [0x00000232f72e0000,0x00000232f76e0000] _byte_map_base: 0x00000232f6ee0000

Marking Bits (Prev, Next): (CMBitMap*) 0x00000232e44304d0, (CMBitMap*) 0x00000232e4430498
 Prev Bits: [0x00000232f9ae0000, 0x00000232fbae0000)
 Next Bits: [0x00000232f7ae0000, 0x00000232f9ae0000)

Polling page: 0x00000232e23f0000

Metaspace:

Usage:
  Non-class:    100.96 MB capacity,    99.40 MB ( 98%) used,     1.23 MB (  1%) free+waste,   333.25 KB ( <1%) overhead. 
      Class:     15.34 MB capacity,    14.39 MB ( 94%) used,   834.34 KB (  5%) free+waste,   145.31 KB ( <1%) overhead. 
       Both:    116.30 MB capacity,   113.79 MB ( 98%) used,     2.04 MB (  2%) free+waste,   478.56 KB ( <1%) overhead. 

Virtual space:
  Non-class space:      104.00 MB reserved,     102.37 MB ( 98%) committed 
      Class space:        1.00 GB reserved,      16.00 MB (  2%) committed 
             Both:        1.10 GB reserved,     118.37 MB ( 10%) committed 

Chunk freelists:
   Non-Class:  1.35 MB
       Class:  586.00 KB
        Both:  1.92 MB

MaxMetaspaceSize: 17179869184.00 GB
CompressedClassSpaceSize: 1.00 GB

CodeHeap 'non-profiled nmethods': size=120064Kb used=8962Kb max_used=8962Kb free=111101Kb
 bounds [0x00000232ef9a0000, 0x00000232f0270000, 0x00000232f6ee0000]
CodeHeap 'profiled nmethods': size=120000Kb used=36516Kb max_used=36516Kb free=83484Kb
 bounds [0x00000232e8470000, 0x00000232ea820000, 0x00000232ef9a0000]
CodeHeap 'non-nmethods': size=5696Kb used=2348Kb max_used=2394Kb free=3347Kb
 bounds [0x00000232e7ee0000, 0x00000232e8150000, 0x00000232e8470000]
 total_blobs=17691 nmethods=16718 adapters=883
 compilation: enabled
              stopped_count=0, restarted_count=0
 full_count=0

Compilation events (20 events):
Event: 8470.134 Thread 0x00000232fdfef000 17286       3       org.codehaus.groovy.reflection.CachedClass$3$$Lambda$228/0x00000001003f9840::run (8 bytes)
Event: 8470.135 Thread 0x00000232fdfef000 nmethod 17286 0x00000232ea800810 code [0x00000232ea8009c0, 0x00000232ea800ae8]
Event: 8470.135 Thread 0x00000232fdfef000 17287   !   3       org.codehaus.groovy.reflection.CachedClass$3::lambda$initValue$4 (63 bytes)
Event: 8470.317 Thread 0x00000232fdfef000 nmethod 17287 0x00000232ea800c10 code [0x00000232ea801020, 0x00000232ea802d98]
Event: 8470.498 Thread 0x00000232fdfef000 17288       3       sun.reflect.generics.scope.AbstractScope::lookup (66 bytes)
Event: 8470.529 Thread 0x00000232fdfef000 nmethod 17288 0x00000232ea803910 code [0x00000232ea803b40, 0x00000232ea8042c8]
Event: 8470.529 Thread 0x00000232fdfef000 17289       3       sun.reflect.generics.scope.MethodScope::computeEnclosingScope (8 bytes)
Event: 8470.531 Thread 0x00000232fdfef000 nmethod 17289 0x00000232ea804510 code [0x00000232ea804700, 0x00000232ea804c18]
Event: 8470.531 Thread 0x00000232fdfef000 17290       3       sun.reflect.generics.scope.MethodScope::getEnclosingClass (11 bytes)
Event: 8470.532 Thread 0x00000232fdfef000 nmethod 17290 0x00000232ea804e10 code [0x00000232ea804fc0, 0x00000232ea805258]
Event: 8470.706 Thread 0x00000232fdfef000 17291       3       java.security.CodeSource::<init> (52 bytes)
Event: 8470.803 Thread 0x00000232fdfef000 nmethod 17291 0x00000232ea805310 code [0x00000232ea805500, 0x00000232ea805a78]
Event: 8470.859 Thread 0x00000232fdfef000 17292       3       groovyjarjarasm.asm.ByteVector::putUTF8 (144 bytes)
Event: 8470.868 Thread 0x00000232fdfef000 nmethod 17292 0x00000232ea805b90 code [0x00000232ea805e20, 0x00000232ea806948]
Event: 8470.903 Thread 0x00000232fdfef000 17293       3       groovyjarjarasm.asm.Frame::execute (2318 bytes)
Event: 8471.041 Thread 0x00000232fdfef000 nmethod 17293 0x00000232ea806e90 code [0x00000232ea807c00, 0x00000232ea80e338]
Event: 8471.041 Thread 0x00000232fdfef000 17294       3       groovyjarjarasm.asm.Symbol::<init> (38 bytes)
Event: 8471.043 Thread 0x00000232fdfef000 nmethod 17294 0x00000232ea810010 code [0x00000232ea8101c0, 0x00000232ea810458]
Event: 8471.043 Thread 0x00000232fdfef000 17295       3       groovyjarjarasm.asm.SymbolTable::put (150 bytes)
Event: 8471.077 Thread 0x00000232fdfef000 nmethod 17295 0x00000232ea810590 code [0x00000232ea8107a0, 0x00000232ea810ff8]

GC Heap History (20 events):
Event: 156.720 GC heap before
{Heap before GC invocations=69 (full 0):
 garbage-first heap   total 169984K, used 79945K [0x0000000080000000, 0x0000000100000000)
  region size 1024K, 8 young (8192K), 6 survivors (6144K)
 Metaspace       used 91402K, capacity 93530K, committed 93692K, reserved 1130496K
  class space    used 11525K, capacity 12307K, committed 12416K, reserved 1048576K
}
Event: 156.756 GC heap after
{Heap after GC invocations=70 (full 0):
 garbage-first heap   total 204800K, used 77581K [0x0000000080000000, 0x0000000100000000)
  region size 1024K, 1 young (1024K), 1 survivors (1024K)
 Metaspace       used 91402K, capacity 93530K, committed 93692K, reserved 1130496K
  class space    used 11525K, capacity 12307K, committed 12416K, reserved 1048576K
}
Event: 215.740 GC heap before
{Heap before GC invocations=70 (full 0):
 garbage-first heap   total 204800K, used 160525K [0x0000000080000000, 0x0000000100000000)
  region size 1024K, 83 young (84992K), 1 survivors (1024K)
 Metaspace       used 93564K, capacity 95799K, committed 95996K, reserved 1132544K
  class space    used 11758K, capacity 12552K, committed 12672K, reserved 1048576K
}
Event: 215.775 GC heap after
{Heap after GC invocations=71 (full 0):
 garbage-first heap   total 204800K, used 80266K [0x0000000080000000, 0x0000000100000000)
  region size 1024K, 4 young (4096K), 4 survivors (4096K)
 Metaspace       used 93564K, capacity 95799K, committed 95996K, reserved 1132544K
  class space    used 11758K, capacity 12552K, committed 12672K, reserved 1048576K
}
Event: 230.896 GC heap before
{Heap before GC invocations=71 (full 0):
 garbage-first heap   total 204800K, used 159114K [0x0000000080000000, 0x0000000100000000)
  region size 1024K, 80 young (81920K), 4 survivors (4096K)
 Metaspace       used 102077K, capacity 104518K, committed 104700K, reserved 1140736K
  class space    used 12782K, capacity 13642K, committed 13696K, reserved 1048576K
}
Event: 231.005 GC heap after
{Heap after GC invocations=72 (full 0):
 garbage-first heap   total 204800K, used 93560K [0x0000000080000000, 0x0000000100000000)
  region size 1024K, 10 young (10240K), 10 survivors (10240K)
 Metaspace       used 102077K, capacity 104518K, committed 104700K, reserved 1140736K
  class space    used 12782K, capacity 13642K, committed 13696K, reserved 1048576K
}
Event: 237.731 GC heap before
{Heap before GC invocations=72 (full 0):
 garbage-first heap   total 204800K, used 161144K [0x0000000080000000, 0x0000000100000000)
  region size 1024K, 75 young (76800K), 10 survivors (10240K)
 Metaspace       used 109457K, capacity 112224K, committed 112380K, reserved 1146880K
  class space    used 13897K, capacity 14899K, committed 14976K, reserved 1048576K
}
Event: 237.866 GC heap after
{Heap after GC invocations=73 (full 0):
 garbage-first heap   total 204800K, used 100754K [0x0000000080000000, 0x0000000100000000)
  region size 1024K, 10 young (10240K), 10 survivors (10240K)
 Metaspace       used 109457K, capacity 112224K, committed 112380K, reserved 1146880K
  class space    used 13897K, capacity 14899K, committed 14976K, reserved 1048576K
}
Event: 240.541 GC heap before
{Heap before GC invocations=73 (full 0):
 garbage-first heap   total 204800K, used 159122K [0x0000000080000000, 0x0000000100000000)
  region size 1024K, 68 young (69632K), 10 survivors (10240K)
 Metaspace       used 113690K, capacity 116716K, committed 116988K, reserved 1150976K
  class space    used 14477K, capacity 15625K, committed 15744K, reserved 1048576K
}
Event: 240.601 GC heap after
{Heap after GC invocations=74 (full 0):
 garbage-first heap   total 204800K, used 104329K [0x0000000080000000, 0x0000000100000000)
  region size 1024K, 4 young (4096K), 4 survivors (4096K)
 Metaspace       used 113690K, capacity 116716K, committed 116988K, reserved 1150976K
  class space    used 14477K, capacity 15625K, committed 15744K, reserved 1048576K
}
Event: 251.516 GC heap before
{Heap before GC invocations=75 (full 0):
 garbage-first heap   total 204800K, used 173961K [0x0000000080000000, 0x0000000100000000)
  region size 1024K, 63 young (64512K), 4 survivors (4096K)
 Metaspace       used 117339K, capacity 120621K, committed 120956K, reserved 1155072K
  class space    used 15049K, capacity 16296K, committed 16384K, reserved 1048576K
}
Event: 251.555 GC heap after
{Heap after GC invocations=76 (full 0):
 garbage-first heap   total 204800K, used 101451K [0x0000000080000000, 0x0000000100000000)
  region size 1024K, 3 young (3072K), 3 survivors (3072K)
 Metaspace       used 117339K, capacity 120621K, committed 120956K, reserved 1155072K
  class space    used 15049K, capacity 16296K, committed 16384K, reserved 1048576K
}
Event: 535.845 GC heap before
{Heap before GC invocations=76 (full 0):
 garbage-first heap   total 204800K, used 107595K [0x0000000080000000, 0x0000000100000000)
  region size 1024K, 10 young (10240K), 3 survivors (3072K)
 Metaspace       used 117465K, capacity 120760K, committed 120956K, reserved 1155072K
  class space    used 15052K, capacity 16298K, committed 16384K, reserved 1048576K
}
Event: 535.926 GC heap after
{Heap after GC invocations=77 (full 0):
 garbage-first heap   total 204800K, used 97694K [0x0000000080000000, 0x0000000100000000)
  region size 1024K, 1 young (1024K), 1 survivors (1024K)
 Metaspace       used 117465K, capacity 120760K, committed 120956K, reserved 1155072K
  class space    used 15052K, capacity 16298K, committed 16384K, reserved 1048576K
}
Event: 4174.848 GC heap before
{Heap before GC invocations=77 (full 0):
 garbage-first heap   total 204800K, used 165278K [0x0000000080000000, 0x0000000100000000)
  region size 1024K, 67 young (68608K), 1 survivors (1024K)
 Metaspace       used 117669K, capacity 120954K, committed 121212K, reserved 1155072K
  class space    used 15052K, capacity 16298K, committed 16384K, reserved 1048576K
}
Event: 4174.864 GC heap after
{Heap after GC invocations=78 (full 0):
 garbage-first heap   total 204800K, used 97339K [0x0000000080000000, 0x0000000100000000)
  region size 1024K, 1 young (1024K), 1 survivors (1024K)
 Metaspace       used 117669K, capacity 120954K, committed 121212K, reserved 1155072K
  class space    used 15052K, capacity 16298K, committed 16384K, reserved 1048576K
}
Event: 7931.007 GC heap before
{Heap before GC invocations=79 (full 0):
 garbage-first heap   total 204800K, used 163899K [0x0000000080000000, 0x0000000100000000)
  region size 1024K, 70 young (71680K), 1 survivors (1024K)
 Metaspace       used 116379K, capacity 118889K, committed 121212K, reserved 1155072K
  class space    used 14717K, capacity 15684K, committed 16384K, reserved 1048576K
}
Event: 7935.866 GC heap after
{Heap after GC invocations=80 (full 0):
 garbage-first heap   total 204800K, used 93165K [0x0000000080000000, 0x0000000100000000)
  region size 1024K, 1 young (1024K), 1 survivors (1024K)
 Metaspace       used 116379K, capacity 118889K, committed 121212K, reserved 1155072K
  class space    used 14717K, capacity 15684K, committed 16384K, reserved 1048576K
}
Event: 8407.917 GC heap before
{Heap before GC invocations=80 (full 0):
 garbage-first heap   total 204800K, used 102381K [0x0000000080000000, 0x0000000100000000)
  region size 1024K, 10 young (10240K), 1 survivors (1024K)
 Metaspace       used 116379K, capacity 118889K, committed 121212K, reserved 1155072K
  class space    used 14717K, capacity 15684K, committed 16384K, reserved 1048576K
}
Event: 8409.596 GC heap after
{Heap after GC invocations=81 (full 0):
 garbage-first heap   total 204800K, used 85127K [0x0000000080000000, 0x0000000100000000)
  region size 1024K, 1 young (1024K), 1 survivors (1024K)
 Metaspace       used 116379K, capacity 118889K, committed 121212K, reserved 1155072K
  class space    used 14717K, capacity 15684K, committed 16384K, reserved 1048576K
}

Deoptimization events (20 events):
Event: 8455.371 Thread 0x0000023285976000 Uncommon trap: trap_request=0xffffff4d fr.pc=0x00000232f022d88c relative=0x000000000000022c
Event: 8455.371 Thread 0x0000023285976000 Uncommon trap: reason=unstable_if action=reinterpret pc=0x00000232f022d88c method=org.gradle.internal.logging.sink.ProgressLogEventGenerator.onOutput(Lorg/gradle/internal/logging/events/OutputEvent;)V @ 4 c2
Event: 8455.371 Thread 0x0000023285976000 DEOPT PACKING pc=0x00000232f022d88c sp=0x000000fa735fd330
Event: 8455.371 Thread 0x0000023285976000 DEOPT UNPACKING pc=0x00000232e7f078af sp=0x000000fa735fd300 mode 2
Event: 8457.568 Thread 0x0000023285976000 Uncommon trap: trap_request=0xffffffde fr.pc=0x00000232f022cec4 relative=0x0000000000000244
Event: 8457.568 Thread 0x0000023285976000 Uncommon trap: reason=class_check action=maybe_recompile pc=0x00000232f022cec4 method=org.gradle.internal.logging.console.BuildLogLevelFilterRenderer.onOutput(Lorg/gradle/internal/logging/events/OutputEvent;)V @ 1 c2
Event: 8457.568 Thread 0x0000023285976000 DEOPT PACKING pc=0x00000232f022cec4 sp=0x000000fa735fbd40
Event: 8457.568 Thread 0x0000023285976000 DEOPT UNPACKING pc=0x00000232e7f078af sp=0x000000fa735fbcf8 mode 2
Event: 8459.884 Thread 0x0000023285976000 Uncommon trap: trap_request=0xffffff4d fr.pc=0x00000232eff6d270 relative=0x00000000000053b0
Event: 8459.884 Thread 0x0000023285976000 Uncommon trap: reason=unstable_if action=reinterpret pc=0x00000232eff6d270 method=org.gradle.cache.internal.DefaultCrossBuildInMemoryCacheFactory$AbstractCrossBuildInMemoryCache.getIfPresentWithoutLock(Ljava/lang/Object;)Ljava/lang/Object; @ 24 c2
Event: 8459.885 Thread 0x0000023285976000 DEOPT PACKING pc=0x00000232eff6d270 sp=0x000000fa735f9ee0
Event: 8459.956 Thread 0x0000023285976000 DEOPT UNPACKING pc=0x00000232e7f078af sp=0x000000fa735f9ca8 mode 2
Event: 8462.638 Thread 0x0000023285976000 Uncommon trap: trap_request=0xffffff4d fr.pc=0x00000232efc1c114 relative=0x0000000000000db4
Event: 8462.638 Thread 0x0000023285976000 Uncommon trap: reason=unstable_if action=reinterpret pc=0x00000232efc1c114 method=java.lang.ref.SoftReference.get()Ljava/lang/Object; @ 6 c2
Event: 8462.639 Thread 0x0000023285976000 DEOPT PACKING pc=0x00000232efc1c114 sp=0x000000fa735fb6d0
Event: 8462.639 Thread 0x0000023285976000 DEOPT UNPACKING pc=0x00000232e7f078af sp=0x000000fa735fb600 mode 2
Event: 8467.946 Thread 0x0000023285976000 Uncommon trap: trap_request=0xffffff4d fr.pc=0x00000232efb37cd0 relative=0x00000000000053b0
Event: 8468.090 Thread 0x0000023285976000 Uncommon trap: reason=unstable_if action=reinterpret pc=0x00000232efb37cd0 method=java.lang.ref.SoftReference.get()Ljava/lang/Object; @ 6 c2
Event: 8468.090 Thread 0x0000023285976000 DEOPT PACKING pc=0x00000232efb37cd0 sp=0x000000fa735f9f20
Event: 8468.090 Thread 0x0000023285976000 DEOPT UNPACKING pc=0x00000232e7f078af sp=0x000000fa735f9c20 mode 2

Classes redefined (0 events):
No events

Internal exceptions (20 events):
Event: 242.904 Thread 0x000002328597c800 Implicit null exception at 0x00000232f0091a70 to 0x00000232f0093444
Event: 243.292 Thread 0x000002328597c800 Exception <a 'java/lang/NoSuchMethodError'{0x000000008a2a8e18}: 'java.lang.Object java.lang.invoke.DirectMethodHandle$Holder.invokeStatic(java.lang.Object, java.lang.Object, java.lang.Object, java.lang.Object, java.lang.Object, int, java.lang.Object)'> (0x000000008a2a8e18) thrown at [./src/hotspot/share/interpreter/linkResolver.cpp, line 773]
Event: 243.566 Thread 0x000002328597c800 Exception <a 'java/lang/NoSuchMethodError'{0x0000000089e944c0}: 'java.lang.Object java.lang.invoke.DirectMethodHandle$Holder.invokeStatic(java.lang.Object, java.lang.Object, java.lang.Object, java.lang.Object, java.lang.Object, java.lang.Object, java.lang.Object, int)'> (0x0000000089e944c0) thrown at [./src/hotspot/share/interpreter/linkResolver.cpp, line 773]
Event: 243.568 Thread 0x000002328597c800 Exception <a 'java/lang/NoSuchMethodError'{0x0000000089e988f8}: 'java.lang.Object java.lang.invoke.DirectMethodHandle$Holder.invokeSpecial(java.lang.Object, java.lang.Object, java.lang.Object, java.lang.Object, java.lang.Object, java.lang.Object, java.lang.Object, java.lang.Object, int)'> (0x0000000089e988f8) thrown at [./src/hotspot/share/interpreter/linkResolver.cpp, line 773]
Event: 243.569 Thread 0x000002328597c800 Exception <a 'java/lang/NoSuchMethodError'{0x0000000089e9c6b0}: 'java.lang.Object java.lang.invoke.Invokers$Holder.linkToTargetMethod(java.lang.Object, java.lang.Object, java.lang.Object, java.lang.Object, java.lang.Object, java.lang.Object, int, java.lang.Object)'> (0x0000000089e9c6b0) thrown at [./src/hotspot/share/interpreter/linkResolver.cpp, line 773]
Event: 248.196 Thread 0x000002328597c800 Implicit null exception at 0x00000232eff9dd6d to 0x00000232eff9dd98
Event: 248.196 Thread 0x000002328597c800 Implicit null exception at 0x00000232efded6eb to 0x00000232efded70c
Event: 250.391 Thread 0x00000232804f0000 Exception <a 'java/lang/NoSuchMethodError'{0x0000000088fc4ab0}: 'java.lang.Object java.lang.invoke.DirectMethodHandle$Holder.invokeSpecial(java.lang.Object, java.lang.Object, java.lang.Object, java.lang.Object, int, java.lang.Object, java.lang.Object)'> (0x0000000088fc4ab0) thrown at [./src/hotspot/share/interpreter/linkResolver.cpp, line 773]
Event: 255.829 Thread 0x00000232ff35c800 Implicit null exception at 0x00000232efed6577 to 0x00000232efed6b64
Event: 8421.991 Thread 0x000002328597a000 Implicit null exception at 0x00000232efb1c5a7 to 0x00000232efb1c72c
Event: 8425.640 Thread 0x000002328597a000 Exception <a 'java/lang/NoSuchMethodError'{0x000000008c77cb08}: <clinit>> (0x000000008c77cb08) thrown at [./src/hotspot/share/prims/jni.cpp, line 1362]
Event: 8426.740 Thread 0x000002328597a000 Exception <a 'java/lang/NoSuchMethodError'{0x000000008c795b38}: <clinit>> (0x000000008c795b38) thrown at [./src/hotspot/share/prims/jni.cpp, line 1362]
Event: 8427.010 Thread 0x000002328597a000 Exception <a 'java/lang/NoSuchMethodError'{0x000000008c79f500}: <clinit>> (0x000000008c79f500) thrown at [./src/hotspot/share/prims/jni.cpp, line 1362]
Event: 8429.403 Thread 0x000002328597a000 Exception <a 'java/lang/NoSuchMethodError'{0x000000008c7d82f8}: <clinit>> (0x000000008c7d82f8) thrown at [./src/hotspot/share/prims/jni.cpp, line 1362]
Event: 8429.670 Thread 0x000002328597a000 Implicit null exception at 0x00000232efc5b070 to 0x00000232efc5b6b0
Event: 8430.498 Thread 0x000002328597a000 Exception <a 'java/lang/NoSuchMethodError'{0x000000008c616c28}: <clinit>> (0x000000008c616c28) thrown at [./src/hotspot/share/prims/jni.cpp, line 1362]
Event: 8431.369 Thread 0x000002328597a000 Exception <a 'java/lang/NoSuchMethodError'{0x000000008c656808}: <clinit>> (0x000000008c656808) thrown at [./src/hotspot/share/prims/jni.cpp, line 1362]
Event: 8439.180 Thread 0x0000023285976000 Implicit null exception at 0x00000232efb41fce to 0x00000232efb42574
Event: 8455.258 Thread 0x0000023285976000 Implicit null exception at 0x00000232eff5c402 to 0x00000232eff5cf98
Event: 8455.333 Thread 0x0000023285976000 Implicit null exception at 0x00000232f017fc09 to 0x00000232f0181660

Events (20 events):
Event: 8468.545 Executing VM operation: RevokeBias
Event: 8468.546 Executing VM operation: RevokeBias done
Event: 8468.546 Executing VM operation: RevokeBias
Event: 8468.547 Executing VM operation: RevokeBias done
Event: 8468.547 Executing VM operation: RevokeBias
Event: 8468.548 Executing VM operation: RevokeBias done
Event: 8468.548 Executing VM operation: BulkRevokeBias
Event: 8468.551 Executing VM operation: BulkRevokeBias done
Event: 8468.859 loading class groovy/runtime/metaclass/settings_9u0d2nn1d813s2s0fgxa2zjae$_run_closure1MetaClass
Event: 8468.859 loading class groovy/runtime/metaclass/settings_9u0d2nn1d813s2s0fgxa2zjae$_run_closure1MetaClass done
Event: 8469.088 loading class groovy/runtime/metaclass/org/gradle/initialization/DefaultSettings_DecoratedMetaClass
Event: 8469.088 loading class groovy/runtime/metaclass/org/gradle/initialization/DefaultSettings_DecoratedMetaClass done
Event: 8469.575 loading class groovy/runtime/metaclass/org/gradle/internal/metaobject/ConfigureDelegateMetaClass
Event: 8469.575 loading class groovy/runtime/metaclass/org/gradle/internal/metaobject/ConfigureDelegateMetaClass done
Event: 8469.588 loading class groovy/runtime/metaclass/org/gradle/internal/management/DefaultDependencyResolutionManagement_DecoratedMetaClass
Event: 8469.588 loading class groovy/runtime/metaclass/org/gradle/internal/management/DefaultDependencyResolutionManagement_DecoratedMetaClass done
Event: 8470.128 loading class groovy/runtime/metaclass/org/gradle/api/initialization/resolve/RepositoriesModeMetaClass
Event: 8470.128 loading class groovy/runtime/metaclass/org/gradle/api/initialization/resolve/RepositoriesModeMetaClass done
Event: 8470.144 loading class groovy/runtime/metaclass/org/gradle/api/internal/provider/DefaultPropertyMetaClass
Event: 8470.144 loading class groovy/runtime/metaclass/org/gradle/api/internal/provider/DefaultPropertyMetaClass done


Dynamic libraries:
0x00007ff7d2620000 - 0x00007ff7d262a000 	C:\Program Files\Android\Android Studio\jre\bin\java.exe
0x00007ffef9150000 - 0x00007ffef9345000 	C:\WINDOWS\SYSTEM32\ntdll.dll
0x00007ffef8e90000 - 0x00007ffef8f4e000 	C:\WINDOWS\System32\KERNEL32.DLL
0x00007ffef6ab0000 - 0x00007ffef6d78000 	C:\WINDOWS\System32\KERNELBASE.dll
0x00007ffef69b0000 - 0x00007ffef6ab0000 	C:\WINDOWS\System32\ucrtbase.dll
0x00007ffed1dc0000 - 0x00007ffed1dd7000 	C:\Program Files\Android\Android Studio\jre\bin\VCRUNTIME140.dll
0x00007ffed0980000 - 0x00007ffed0999000 	C:\Program Files\Android\Android Studio\jre\bin\jli.dll
0x00007ffef7240000 - 0x00007ffef73e1000 	C:\WINDOWS\System32\USER32.dll
0x00007ffef68f0000 - 0x00007ffef6912000 	C:\WINDOWS\System32\win32u.dll
0x00007ffee5cb0000 - 0x00007ffee5f4a000 	C:\WINDOWS\WinSxS\amd64_microsoft.windows.common-controls_6595b64144ccf1df_6.0.19041.1110_none_60b5254171f9507e\COMCTL32.dll
0x00007ffef7e60000 - 0x00007ffef7e8b000 	C:\WINDOWS\System32\GDI32.dll
0x00007ffef8df0000 - 0x00007ffef8e8e000 	C:\WINDOWS\System32\msvcrt.dll
0x00007ffef6e20000 - 0x00007ffef6f2d000 	C:\WINDOWS\System32\gdi32full.dll
0x00007ffef6d80000 - 0x00007ffef6e1d000 	C:\WINDOWS\System32\msvcp_win.dll
0x00007ffef8450000 - 0x00007ffef8480000 	C:\WINDOWS\System32\IMM32.DLL
0x00007ffeb3d00000 - 0x00007ffeb3d9d000 	C:\Program Files\Android\Android Studio\jre\bin\msvcp140.dll
0x00007ffeb4b20000 - 0x00007ffeb55ef000 	C:\Program Files\Android\Android Studio\jre\bin\server\jvm.dll
0x00007ffef8530000 - 0x00007ffef85de000 	C:\WINDOWS\System32\ADVAPI32.dll
0x00007ffef8480000 - 0x00007ffef851c000 	C:\WINDOWS\System32\sechost.dll
0x00007ffef74a0000 - 0x00007ffef75c5000 	C:\WINDOWS\System32\RPCRT4.dll
0x00007ffef8370000 - 0x00007ffef8378000 	C:\WINDOWS\System32\PSAPI.DLL
0x00007ffef2310000 - 0x00007ffef2319000 	C:\WINDOWS\SYSTEM32\WSOCK32.dll
0x00007ffef8d80000 - 0x00007ffef8deb000 	C:\WINDOWS\System32\WS2_32.dll
0x00007ffee6360000 - 0x00007ffee6387000 	C:\WINDOWS\SYSTEM32\WINMM.dll
0x00007ffeed5a0000 - 0x00007ffeed5aa000 	C:\WINDOWS\SYSTEM32\VERSION.dll
0x00007ffef50a0000 - 0x00007ffef50b2000 	C:\WINDOWS\SYSTEM32\kernel.appcore.dll
0x00007ffed1c60000 - 0x00007ffed1c71000 	C:\Program Files\Android\Android Studio\jre\bin\verify.dll
0x00007ffee6130000 - 0x00007ffee6314000 	C:\WINDOWS\SYSTEM32\DBGHELP.DLL
0x00007ffedb960000 - 0x00007ffedb98c000 	C:\WINDOWS\SYSTEM32\dbgcore.DLL
0x00007ffef6860000 - 0x00007ffef68e2000 	C:\WINDOWS\System32\bcryptPrimitives.dll
0x00007ffed0ae0000 - 0x00007ffed0b09000 	C:\Program Files\Android\Android Studio\jre\bin\java.dll
0x00007ffef2210000 - 0x00007ffef221b000 	C:\Program Files\Android\Android Studio\jre\bin\jimage.dll
0x00007ffed0ac0000 - 0x00007ffed0ad8000 	C:\Program Files\Android\Android Studio\jre\bin\zip.dll
0x00007ffef7710000 - 0x00007ffef7e54000 	C:\WINDOWS\System32\SHELL32.dll
0x00007ffef4700000 - 0x00007ffef4e95000 	C:\WINDOWS\SYSTEM32\windows.storage.dll
0x00007ffef7e90000 - 0x00007ffef81e5000 	C:\WINDOWS\System32\combase.dll
0x00007ffef61c0000 - 0x00007ffef61ee000 	C:\WINDOWS\SYSTEM32\Wldp.dll
0x00007ffef73f0000 - 0x00007ffef749d000 	C:\WINDOWS\System32\SHCORE.dll
0x00007ffef81f0000 - 0x00007ffef8245000 	C:\WINDOWS\System32\shlwapi.dll
0x00007ffef67a0000 - 0x00007ffef67bf000 	C:\WINDOWS\SYSTEM32\profapi.dll
0x00007ffed0aa0000 - 0x00007ffed0aba000 	C:\Program Files\Android\Android Studio\jre\bin\net.dll
0x00007ffeea8e0000 - 0x00007ffeea9ec000 	C:\WINDOWS\SYSTEM32\WINHTTP.dll
0x00007ffef5ee0000 - 0x00007ffef5f4a000 	C:\WINDOWS\system32\mswsock.dll
0x00007ffed0940000 - 0x00007ffed0954000 	C:\Program Files\Android\Android Studio\jre\bin\nio.dll
0x00007ffec3800000 - 0x00007ffec3827000 	C:\Users\JC\.gradle\native\8bec1ad78214c89d9ad589b4d07fe93259594b29d510b10fafb7a158f7737e5d\windows-amd64\native-platform.dll
0x00007ffeb4600000 - 0x00007ffeb473d000 	C:\Users\JC\.gradle\native\53dbd7edfb1c66fb8903c78663c9afc45aea4f116125fa6feffd364cf09443e8\windows-amd64\native-platform-file-events.dll
0x00007ffed1c50000 - 0x00007ffed1c5a000 	C:\Program Files\Android\Android Studio\jre\bin\management.dll
0x00007ffed0930000 - 0x00007ffed093c000 	C:\Program Files\Android\Android Studio\jre\bin\management_ext.dll
0x00007ffef6110000 - 0x00007ffef6128000 	C:\WINDOWS\SYSTEM32\CRYPTSP.dll
0x00007ffef5880000 - 0x00007ffef58b4000 	C:\WINDOWS\system32\rsaenh.dll
0x00007ffef6980000 - 0x00007ffef69a7000 	C:\WINDOWS\System32\bcrypt.dll
0x00007ffef6720000 - 0x00007ffef674e000 	C:\WINDOWS\SYSTEM32\USERENV.dll
0x00007ffef6070000 - 0x00007ffef607c000 	C:\WINDOWS\SYSTEM32\CRYPTBASE.dll
0x00007ffef5bf0000 - 0x00007ffef5c2b000 	C:\WINDOWS\SYSTEM32\IPHLPAPI.DLL
0x00007ffef8440000 - 0x00007ffef8448000 	C:\WINDOWS\System32\NSI.dll
0x00007ffeee260000 - 0x00007ffeee277000 	C:\WINDOWS\SYSTEM32\dhcpcsvc6.DLL
0x00007ffeee0d0000 - 0x00007ffeee0ed000 	C:\WINDOWS\SYSTEM32\dhcpcsvc.DLL
0x00007ffef5c30000 - 0x00007ffef5cfb000 	C:\WINDOWS\SYSTEM32\DNSAPI.dll
0x00007ffed0a70000 - 0x00007ffed0a97000 	C:\Program Files\Android\Android Studio\jre\bin\sunec.dll

dbghelp: loaded successfully - version: 4.0.5 - missing functions: none
symbol engine: initialized successfully - sym options: 0x614 - pdb path: .;C:\Program Files\Android\Android Studio\jre\bin;C:\WINDOWS\SYSTEM32;C:\WINDOWS\WinSxS\amd64_microsoft.windows.common-controls_6595b64144ccf1df_6.0.19041.1110_none_60b5254171f9507e;C:\Program Files\Android\Android Studio\jre\bin\server;C:\Users\JC\.gradle\native\8bec1ad78214c89d9ad589b4d07fe93259594b29d510b10fafb7a158f7737e5d\windows-amd64;C:\Users\JC\.gradle\native\53dbd7edfb1c66fb8903c78663c9afc45aea4f116125fa6feffd364cf09443e8\windows-amd64

VM Arguments:
jvm_args: --add-opens=java.base/java.util=ALL-UNNAMED --add-opens=java.base/java.lang=ALL-UNNAMED --add-opens=java.base/java.lang.invoke=ALL-UNNAMED --add-opens=java.base/java.util=ALL-UNNAMED --add-opens=java.prefs/java.util.prefs=ALL-UNNAMED --add-opens=java.prefs/java.util.prefs=ALL-UNNAMED --add-opens=java.base/java.nio.charset=ALL-UNNAMED --add-opens=java.base/java.net=ALL-UNNAMED --add-opens=java.base/java.util.concurrent.atomic=ALL-UNNAMED -Xmx2048m -Dfile.encoding=UTF-8 -Duser.country=ES -Duser.language=es -Duser.variant 
java_command: org.gradle.launcher.daemon.bootstrap.GradleDaemon 7.0.2
java_class_path (initial): C:\Users\JC\.gradle\wrapper\dists\gradle-7.0.2-bin\857tjihv64xamwrf0h14cai3r\gradle-7.0.2\lib\gradle-launcher-7.0.2.jar
Launcher Type: SUN_STANDARD

[Global flags]
     intx CICompilerCount                          = 3                                         {product} {ergonomic}
     uint ConcGCThreads                            = 1                                         {product} {ergonomic}
     uint G1ConcRefinementThreads                  = 4                                         {product} {ergonomic}
   size_t G1HeapRegionSize                         = 1048576                                   {product} {ergonomic}
    uintx GCDrainStackTargetSize                   = 64                                        {product} {ergonomic}
   size_t InitialHeapSize                          = 67108864                                  {product} {ergonomic}
   size_t MarkStackSize                            = 4194304                                   {product} {ergonomic}
   size_t MaxHeapSize                              = 2147483648                                {product} {command line}
   size_t MaxNewSize                               = 1287651328                                {product} {ergonomic}
   size_t MinHeapDeltaBytes                        = 1048576                                   {product} {ergonomic}
    uintx NonNMethodCodeHeapSize                   = 5830732                                {pd product} {ergonomic}
    uintx NonProfiledCodeHeapSize                  = 122913754                              {pd product} {ergonomic}
    uintx ProfiledCodeHeapSize                     = 122913754                              {pd product} {ergonomic}
    uintx ReservedCodeCacheSize                    = 251658240                              {pd product} {ergonomic}
     bool SegmentedCodeCache                       = true                                      {product} {ergonomic}
     bool UseCompressedClassPointers               = true                                 {lp64_product} {ergonomic}
     bool UseCompressedOops                        = true                                 {lp64_product} {ergonomic}
     bool UseG1GC                                  = true                                      {product} {ergonomic}
     bool UseLargePagesIndividualAllocation        = false                                  {pd product} {ergonomic}

Logging:
Log output configuration:
 #0: stdout all=warning uptime,level,tags
 #1: stderr all=off uptime,level,tags

Environment Variables:
JAVA_HOME=C:\Program Files\Java\jdk-15.0.1
PATH=C:\Program Files\Microsoft\jdk-11.0.12.7-hotspot\bin;C:\oraclexe\app\oracle\product\10.2.0\server\bin;C:\Program Files (x86)\Common Files\Oracle\Java\javapath;C:\ProgramData\Oracle\Java\javapath;C:\Program Files\Common Files\Oracle\Java\javapath;C:\WINDOWS\system32;C:\WINDOWS;C:\WINDOWS\System32\Wbem;C:\WINDOWS\System32\WindowsPowerShell\v1.0\;C:\WINDOWS\System32\OpenSSH\;C:\Program Files\Java\jdk-15.0.1\bin;C:\Program Files\Microsoft SQL Server\Client SDK\ODBC\170\Tools\Binn\;C:\Program Files (x86)\Microsoft SQL Server\150\Tools\Binn\;C:\Program Files\Microsoft SQL Server\150\Tools\Binn\;C:\Program Files\Microsoft SQL Server\150\DTS\Binn\;C:\Program Files (x86)\Microsoft SQL Server\150\DTS\Binn\;C:\Program Files\dotnet\;C:\Program Files\Microsoft SQL Server\130\Tools\Binn\;C:\php;C:\Program Files\Docker\Docker\resources\bin;C:\ProgramData\DockerDesktop\version-bin;C:\Program Files\Git\cmd;C:\Program Files (x86)\Bazaar;C:\Users\JC\AppData\Local\Programs\Python\Python39\Scripts\;C:\Users\JC\AppData\Local\Programs\Python\Python39\;C:\Users\JC\AppData\Local\Microsoft\WindowsApps;;C:\Program Files\Azure Data Studio\bin;C:\Program Files\Azure Data Studio\bin;C:\Users\JC\.dotnet\tools;C:\Users\JC\AppData\Local\Programs\Microsoft VS Code\bin
USERNAME=JC
OS=Windows_NT
PROCESSOR_IDENTIFIER=Intel64 Family 6 Model 69 Stepping 1, GenuineIntel



---------------  S Y S T E M  ---------------

OS: Windows 10 , 64 bit Build 19041 (10.0.19041.1466)
OS uptime: 0 days 3:37 hours
Hyper-V role detected

CPU:total 4 (initial active 4) (2 cores per cpu, 2 threads per core) family 6 model 69 stepping 1 microcode 0x25, cmov, cx8, fxsr, mmx, sse, sse2, sse3, ssse3, sse4.1, sse4.2, popcnt, avx, avx2, aes, clmul, erms, lzcnt, ht, tsc, tscinvbit, bmi1, bmi2, fma

Memory: 4k page, system-wide physical 4027M (280M free)
TotalPageFile size 6825M (AvailPageFile size 18M)
current process WorkingSet (physical memory assigned to process): 147M, peak: 449M
current process commit charge ("private bytes"): 523M, peak: 529M

vm_info: OpenJDK 64-Bit Server VM (11.0.10+0-b96-7249189) for windows-amd64 JRE (11.0.10+0-b96-7249189), built on Mar 31 2021 21:44:00 by "builder" with MS VC++ 14.0 (VS2015)

END.
