#
# There is insufficient memory for the Java Runtime Environment to continue.
# Native memory allocation (malloc) failed to allocate 1090416 bytes for Chunk::new
# Possible reasons:
#   The system is out of physical RAM or swap space
#   The process is running with CompressedOops enabled, and the Java Heap may be blocking the growth of the native heap
# Possible solutions:
#   Reduce memory load on the system
#   Increase physical memory or swap space
#   Check if swap backing store is full
#   Decrease Java heap size (-Xmx/-Xms)
#   Decrease number of Java threads
#   Decrease Java thread stack sizes (-Xss)
#   Set larger code cache with -XX:ReservedCodeCacheSize=
#   JVM is running with Unscaled Compressed Oops mode in which the Java heap is
#     placed in the first 4GB address space. The Java Heap base address is the
#     maximum limit for the native heap growth. Please use -XX:HeapBaseMinAddress
#     to set the Java Heap base and to place the Java Heap above 4GB virtual address.
# This output file may be truncated or incomplete.
#
#  Out of Memory Error (./src/hotspot/share/memory/arena.cpp:197), pid=6420, tid=5272
#
# JRE version: OpenJDK Runtime Environment (11.0.10) (build 11.0.10+0-b96-7249189)
# Java VM: OpenJDK 64-Bit Server VM (11.0.10+0-b96-7249189, mixed mode, tiered, compressed oops, g1 gc, windows-amd64)
# No core dump will be written. Minidumps are not enabled by default on client versions of Windows
#

---------------  S U M M A R Y ------------

Command Line: --add-opens=java.base/java.util=ALL-UNNAMED --add-opens=java.base/java.lang=ALL-UNNAMED --add-opens=java.base/java.lang.invoke=ALL-UNNAMED --add-opens=java.base/java.util=ALL-UNNAMED --add-opens=java.prefs/java.util.prefs=ALL-UNNAMED --add-opens=java.prefs/java.util.prefs=ALL-UNNAMED --add-opens=java.base/java.nio.charset=ALL-UNNAMED --add-opens=java.base/java.net=ALL-UNNAMED --add-opens=java.base/java.util.concurrent.atomic=ALL-UNNAMED -Xmx2048m -Dfile.encoding=UTF-8 -Duser.country=ES -Duser.language=es -Duser.variant org.gradle.launcher.daemon.bootstrap.GradleDaemon 7.0.2

Host: Intel(R) Core(TM) i3-4012Y CPU @ 1.50GHz, 4 cores, 3G,  Windows 10 , 64 bit Build 19041 (10.0.19041.1348)
Time: Tue Dec 21 11:47:42 2021 Hora est. Pacífico, Sudamérica elapsed time: 80.489024 seconds (0d 0h 1m 20s)

---------------  T H R E A D  ---------------

Current thread (0x000002337344f800):  JavaThread "C2 CompilerThread1" daemon [_thread_in_native, id=5272, stack(0x000000b4c3800000,0x000000b4c3900000)]


Current CompileTask:
C2:  80489 6167       4       java.util.TreeMap::put (247 bytes)

Stack: [0x000000b4c3800000,0x000000b4c3900000]
Native frames: (J=compiled Java code, j=interpreted, Vv=VM code, C=native code)
V  [jvm.dll+0x5ecfaa]
V  [jvm.dll+0x722bd5]
V  [jvm.dll+0x72412d]
V  [jvm.dll+0x7247e3]
V  [jvm.dll+0x242928]
V  [jvm.dll+0xbc4fc]
V  [jvm.dll+0xbca0c]
V  [jvm.dll+0x352d3b]
V  [jvm.dll+0x320ad3]
V  [jvm.dll+0x31ffca]
V  [jvm.dll+0x1fb602]
V  [jvm.dll+0x1fa7f4]
V  [jvm.dll+0x18354c]
V  [jvm.dll+0x208ee7]
V  [jvm.dll+0x207731]
V  [jvm.dll+0x6eb1cf]
V  [jvm.dll+0x6e3d45]
V  [jvm.dll+0x5ebe96]
C  [ucrtbase.dll+0x21bb2]
C  [KERNEL32.DLL+0x17034]
C  [ntdll.dll+0x52651]


---------------  P R O C E S S  ---------------

Threads class SMR info:
_java_thread_list=0x00000233764cf530, length=42, elements={
0x000002335677c000, 0x000002337031a000, 0x000002337031b800, 0x0000023370376000,
0x0000023370379000, 0x000002337037b000, 0x000002337037f800, 0x0000023370386800,
0x0000023370388800, 0x0000023370e25800, 0x00000233724d7000, 0x00000233722f3800,
0x000002337202f800, 0x0000023373d6c800, 0x0000023371d7e800, 0x00000233731e8800,
0x00000233720e2800, 0x0000023373c60800, 0x0000023371f41800, 0x0000023371f42800,
0x0000023371f43000, 0x0000023371f40800, 0x0000023371f44000, 0x0000023371f3e000,
0x0000023371f45000, 0x0000023371f3f000, 0x0000023370f61800, 0x0000023370f61000,
0x0000023370f63800, 0x0000023370f5f000, 0x0000023370f66800, 0x0000023370f67800,
0x0000023370f65000, 0x0000023370f68000, 0x0000023370f62800, 0x0000023370f6b800,
0x0000023370f69000, 0x0000023370f66000, 0x0000023370f6c800, 0x0000023370f6d000,
0x0000023370f6a000, 0x000002337344f800
}

Java Threads: ( => current thread )
  0x000002335677c000 JavaThread "main" [_thread_blocked, id=10088, stack(0x000000b4c3b00000,0x000000b4c3c00000)]
  0x000002337031a000 JavaThread "Reference Handler" daemon [_thread_blocked, id=10464, stack(0x000000b4c4200000,0x000000b4c4300000)]
  0x000002337031b800 JavaThread "Finalizer" daemon [_thread_blocked, id=10072, stack(0x000000b4c4300000,0x000000b4c4400000)]
  0x0000023370376000 JavaThread "Signal Dispatcher" daemon [_thread_blocked, id=7388, stack(0x000000b4c4400000,0x000000b4c4500000)]
  0x0000023370379000 JavaThread "Attach Listener" daemon [_thread_blocked, id=1952, stack(0x000000b4c4500000,0x000000b4c4600000)]
  0x000002337037b000 JavaThread "Service Thread" daemon [_thread_blocked, id=10672, stack(0x000000b4c4600000,0x000000b4c4700000)]
  0x000002337037f800 JavaThread "C2 CompilerThread0" daemon [_thread_in_native, id=5096, stack(0x000000b4c4700000,0x000000b4c4800000)]
  0x0000023370386800 JavaThread "C1 CompilerThread0" daemon [_thread_blocked, id=11832, stack(0x000000b4c4800000,0x000000b4c4900000)]
  0x0000023370388800 JavaThread "Sweeper thread" daemon [_thread_blocked, id=6652, stack(0x000000b4c4900000,0x000000b4c4a00000)]
  0x0000023370e25800 JavaThread "Common-Cleaner" daemon [_thread_blocked, id=2588, stack(0x000000b4c4a00000,0x000000b4c4b00000)]
  0x00000233724d7000 JavaThread "Daemon health stats" [_thread_blocked, id=5900, stack(0x000000b4c4e00000,0x000000b4c4f00000)]
  0x00000233722f3800 JavaThread "Incoming local TCP Connector on port 64522" [_thread_in_native, id=4220, stack(0x000000b4c4d00000,0x000000b4c4e00000)]
  0x000002337202f800 JavaThread "Daemon periodic checks" [_thread_blocked, id=4748, stack(0x000000b4c5100000,0x000000b4c5200000)]
  0x0000023373d6c800 JavaThread "Daemon" [_thread_blocked, id=5932, stack(0x000000b4c5200000,0x000000b4c5300000)]
  0x0000023371d7e800 JavaThread "Handler for socket connection from /127.0.0.1:64522 to /127.0.0.1:64523" [_thread_in_native, id=10784, stack(0x000000b4c5300000,0x000000b4c5400000)]
  0x00000233731e8800 JavaThread "Cancel handler" [_thread_blocked, id=9048, stack(0x000000b4c5400000,0x000000b4c5500000)]
  0x00000233720e2800 JavaThread "Daemon worker" [_thread_in_native, id=8460, stack(0x000000b4c5500000,0x000000b4c5600000)]
  0x0000023373c60800 JavaThread "Asynchronous log dispatcher for DefaultDaemonConnection: socket connection from /127.0.0.1:64522 to /127.0.0.1:64523" [_thread_blocked, id=3596, stack(0x000000b4c5600000,0x000000b4c5700000)]
  0x0000023371f41800 JavaThread "Daemon client event forwarder" [_thread_blocked, id=848, stack(0x000000b4c5800000,0x000000b4c5900000)]
  0x0000023371f42800 JavaThread "Cache worker for file hash cache (C:\Users\JC\.gradle\caches\7.0.2\fileHashes)" [_thread_blocked, id=3036, stack(0x000000b4c5900000,0x000000b4c5a00000)]
  0x0000023371f43000 JavaThread "File lock request listener" [_thread_in_native, id=11256, stack(0x000000b4c5a00000,0x000000b4c5b00000)]
  0x0000023371f40800 JavaThread "Cache worker for journal cache (C:\Users\JC\.gradle\caches\journal-1)" [_thread_blocked, id=11712, stack(0x000000b4c5b00000,0x000000b4c5c00000)]
  0x0000023371f44000 JavaThread "Cache worker for file hash cache (C:\Users\JC\AndroidStudioProjects\LoginUTA\.gradle\7.0.2\fileHashes)" [_thread_blocked, id=10180, stack(0x000000b4c5c00000,0x000000b4c5d00000)]
  0x0000023371f3e000 JavaThread "File watcher server" daemon [_thread_in_native, id=4644, stack(0x000000b4c5d00000,0x000000b4c5e00000)]
  0x0000023371f45000 JavaThread "File watcher consumer" daemon [_thread_blocked, id=8012, stack(0x000000b4c5e00000,0x000000b4c5f00000)]
  0x0000023371f3f000 JavaThread "Cache worker for checksums cache (C:\Users\JC\AndroidStudioProjects\LoginUTA\.gradle\checksums)" [_thread_blocked, id=7228, stack(0x000000b4c5f00000,0x000000b4c6000000)]
  0x0000023370f61800 JavaThread "Cache worker for cache directory md-supplier (C:\Users\JC\.gradle\caches\7.0.2\md-supplier)" [_thread_blocked, id=1772, stack(0x000000b4c6000000,0x000000b4c6100000)]
  0x0000023370f61000 JavaThread "Cache worker for cache directory md-rule (C:\Users\JC\.gradle\caches\7.0.2\md-rule)" [_thread_blocked, id=1616, stack(0x000000b4c6100000,0x000000b4c6200000)]
  0x0000023370f63800 JavaThread "Cache worker for execution history cache (C:\Users\JC\.gradle\caches\7.0.2\executionHistory)" [_thread_blocked, id=1700, stack(0x000000b4c6200000,0x000000b4c6300000)]
  0x0000023370f5f000 JavaThread "jar transforms" [_thread_blocked, id=2316, stack(0x000000b4c6400000,0x000000b4c6500000)]
  0x0000023370f66800 JavaThread "jar transforms Thread 2" [_thread_blocked, id=11368, stack(0x000000b4c6500000,0x000000b4c6600000)]
  0x0000023370f67800 JavaThread "Cache worker for file content cache (C:\Users\JC\.gradle\caches\7.0.2\fileContent)" [_thread_blocked, id=4960, stack(0x000000b4c6600000,0x000000b4c6700000)]
  0x0000023370f65000 JavaThread "Cache worker for dependencies-accessors (C:\Users\JC\AndroidStudioProjects\LoginUTA\.gradle\7.0.2\dependencies-accessors)" [_thread_blocked, id=1712, stack(0x000000b4c6900000,0x000000b4c6a00000)]
  0x0000023370f68000 JavaThread "jar transforms Thread 3" [_thread_blocked, id=12204, stack(0x000000b4c6a00000,0x000000b4c6b00000)]
  0x0000023370f62800 JavaThread "Cache worker for Build Output Cleanup Cache (C:\Users\JC\AndroidStudioProjects\LoginUTA\.gradle\buildOutputCleanup)" [_thread_blocked, id=10692, stack(0x000000b4c6b00000,0x000000b4c6c00000)]
  0x0000023370f6b800 JavaThread "Build operations" [_thread_blocked, id=10768, stack(0x000000b4c6300000,0x000000b4c6400000)]
  0x0000023370f69000 JavaThread "Build operations Thread 2" [_thread_blocked, id=6852, stack(0x000000b4c6c00000,0x000000b4c6d00000)]
  0x0000023370f66000 JavaThread "Build operations Thread 3" [_thread_blocked, id=9632, stack(0x000000b4c6d00000,0x000000b4c6e00000)]
  0x0000023370f6c800 JavaThread "Build operations Thread 4" [_thread_blocked, id=4880, stack(0x000000b4c6e00000,0x000000b4c6f00000)]
  0x0000023370f6d000 JavaThread "jar transforms Thread 4" [_thread_blocked, id=1872, stack(0x000000b4c6f00000,0x000000b4c7000000)]
  0x0000023370f6a000 JavaThread "Memory manager" [_thread_blocked, id=11924, stack(0x000000b4c3900000,0x000000b4c3a00000)]
=>0x000002337344f800 JavaThread "C2 CompilerThread1" daemon [_thread_in_native, id=5272, stack(0x000000b4c3800000,0x000000b4c3900000)]

Other Threads:
  0x0000023370312000 VMThread "VM Thread" [stack: 0x000000b4c4100000,0x000000b4c4200000] [id=8164]
  0x0000023370e37000 WatcherThread [stack: 0x000000b4c4b00000,0x000000b4c4c00000] [id=2096]
  0x0000023356794800 GCTaskThread "GC Thread#0" [stack: 0x000000b4c3c00000,0x000000b4c3d00000] [id=8912]
  0x0000023370f77000 GCTaskThread "GC Thread#1" [stack: 0x000000b4c4c00000,0x000000b4c4d00000] [id=10308]
  0x0000023372533000 GCTaskThread "GC Thread#2" [stack: 0x000000b4c4f00000,0x000000b4c5000000] [id=316]
  0x0000023372253800 GCTaskThread "GC Thread#3" [stack: 0x000000b4c5000000,0x000000b4c5100000] [id=8492]
  0x00000233567c8000 ConcurrentGCThread "G1 Main Marker" [stack: 0x000000b4c3d00000,0x000000b4c3e00000] [id=5212]
  0x00000233567c9800 ConcurrentGCThread "G1 Conc#0" [stack: 0x000000b4c3e00000,0x000000b4c3f00000] [id=1016]
  0x0000023356821000 ConcurrentGCThread "G1 Refine#0" [stack: 0x000000b4c3f00000,0x000000b4c4000000] [id=6492]
  0x0000023356822000 ConcurrentGCThread "G1 Young RemSet Sampling" [stack: 0x000000b4c4000000,0x000000b4c4100000] [id=1800]

Threads with active compile tasks:
C2 CompilerThread0  81407 6172       4       java.util.regex.Pattern::compile (498 bytes)
C2 CompilerThread1  81408 6167       4       java.util.TreeMap::put (247 bytes)

VM state:not at safepoint (normal execution)

VM Mutex/Monitor currently owned by a thread: None

Heap address: 0x0000000080000000, size: 2048 MB, Compressed Oops mode: 32-bit
Narrow klass base: 0x0000000000000000, Narrow klass shift: 3
Compressed class space size: 1073741824 Address: 0x0000000100000000

Heap:
 garbage-first heap   total 95232K, used 56677K [0x0000000080000000, 0x0000000100000000)
  region size 1024K, 10 young (10240K), 2 survivors (2048K)
 Metaspace       used 63156K, capacity 64643K, committed 64896K, reserved 1105920K
  class space    used 8009K, capacity 8559K, committed 8576K, reserved 1048576K
Heap Regions: E=young(eden), S=young(survivor), O=old, HS=humongous(starts), HC=humongous(continues), CS=collection set, F=free, A=archive, TAMS=top-at-mark-start (previous, next)
|   0|0x0000000080000000, 0x0000000080100000, 0x0000000080100000|100%| O|  |TAMS 0x0000000080100000, 0x0000000080000000| Untracked 
|   1|0x0000000080100000, 0x0000000080200000, 0x0000000080200000|100%| O|  |TAMS 0x0000000080200000, 0x0000000080100000| Untracked 
|   2|0x0000000080200000, 0x0000000080300000, 0x0000000080300000|100%| O|  |TAMS 0x0000000080300000, 0x0000000080200000| Untracked 
|   3|0x0000000080300000, 0x0000000080400000, 0x0000000080400000|100%|HS|  |TAMS 0x0000000080400000, 0x0000000080300000| Complete 
|   4|0x0000000080400000, 0x0000000080500000, 0x0000000080500000|100%|HC|  |TAMS 0x0000000080500000, 0x0000000080400000| Complete 
|   5|0x0000000080500000, 0x0000000080600000, 0x0000000080600000|100%|HC|  |TAMS 0x0000000080600000, 0x0000000080500000| Complete 
|   6|0x0000000080600000, 0x0000000080700000, 0x0000000080700000|100%| O|  |TAMS 0x0000000080700000, 0x0000000080600000| Untracked 
|   7|0x0000000080700000, 0x0000000080800000, 0x0000000080800000|100%| O|  |TAMS 0x0000000080800000, 0x0000000080700000| Untracked 
|   8|0x0000000080800000, 0x0000000080900000, 0x0000000080900000|100%| O|  |TAMS 0x0000000080900000, 0x0000000080800000| Untracked 
|   9|0x0000000080900000, 0x0000000080a00000, 0x0000000080a00000|100%| O|  |TAMS 0x0000000080a00000, 0x0000000080900000| Untracked 
|  10|0x0000000080a00000, 0x0000000080b00000, 0x0000000080b00000|100%| O|  |TAMS 0x0000000080b00000, 0x0000000080a00000| Untracked 
|  11|0x0000000080b00000, 0x0000000080c00000, 0x0000000080c00000|100%| O|  |TAMS 0x0000000080c00000, 0x0000000080b00000| Untracked 
|  12|0x0000000080c00000, 0x0000000080d00000, 0x0000000080d00000|100%| O|  |TAMS 0x0000000080d00000, 0x0000000080c00000| Untracked 
|  13|0x0000000080d00000, 0x0000000080e00000, 0x0000000080e00000|100%| O|  |TAMS 0x0000000080e00000, 0x0000000080d00000| Untracked 
|  14|0x0000000080e00000, 0x0000000080f00000, 0x0000000080f00000|100%| O|  |TAMS 0x0000000080f00000, 0x0000000080e00000| Untracked 
|  15|0x0000000080f00000, 0x0000000081000000, 0x0000000081000000|100%| O|  |TAMS 0x0000000081000000, 0x0000000080f00000| Untracked 
|  16|0x0000000081000000, 0x0000000081100000, 0x0000000081100000|100%| O|  |TAMS 0x0000000081100000, 0x0000000081000000| Untracked 
|  17|0x0000000081100000, 0x0000000081200000, 0x0000000081200000|100%| O|  |TAMS 0x0000000081200000, 0x0000000081100000| Untracked 
|  18|0x0000000081200000, 0x0000000081300000, 0x0000000081300000|100%| O|  |TAMS 0x0000000081300000, 0x0000000081200000| Untracked 
|  19|0x0000000081300000, 0x0000000081400000, 0x0000000081400000|100%| O|  |TAMS 0x0000000081400000, 0x0000000081300000| Untracked 
|  20|0x0000000081400000, 0x0000000081500000, 0x0000000081500000|100%| O|  |TAMS 0x0000000081500000, 0x0000000081400000| Untracked 
|  21|0x0000000081500000, 0x0000000081600000, 0x0000000081600000|100%| O|  |TAMS 0x0000000081600000, 0x0000000081500000| Untracked 
|  22|0x0000000081600000, 0x0000000081700000, 0x0000000081700000|100%| O|  |TAMS 0x0000000081700000, 0x0000000081600000| Untracked 
|  23|0x0000000081700000, 0x0000000081800000, 0x0000000081800000|100%| O|  |TAMS 0x0000000081800000, 0x0000000081700000| Untracked 
|  24|0x0000000081800000, 0x0000000081900000, 0x0000000081900000|100%| O|  |TAMS 0x0000000081900000, 0x0000000081800000| Untracked 
|  25|0x0000000081900000, 0x0000000081a00000, 0x0000000081a00000|100%| O|  |TAMS 0x0000000081a00000, 0x0000000081900000| Untracked 
|  26|0x0000000081a00000, 0x0000000081b00000, 0x0000000081b00000|100%| O|  |TAMS 0x0000000081b00000, 0x0000000081a00000| Untracked 
|  27|0x0000000081b00000, 0x0000000081c00000, 0x0000000081c00000|100%|HS|  |TAMS 0x0000000081c00000, 0x0000000081b00000| Complete 
|  28|0x0000000081c00000, 0x0000000081d00000, 0x0000000081d00000|100%|HS|  |TAMS 0x0000000081d00000, 0x0000000081c00000| Complete 
|  29|0x0000000081d00000, 0x0000000081e00000, 0x0000000081e00000|100%|HS|  |TAMS 0x0000000081e00000, 0x0000000081d00000| Complete 
|  30|0x0000000081e00000, 0x0000000081f00000, 0x0000000081f00000|100%|HC|  |TAMS 0x0000000081f00000, 0x0000000081e00000| Complete 
|  31|0x0000000081f00000, 0x0000000082000000, 0x0000000082000000|100%| O|  |TAMS 0x0000000082000000, 0x0000000081f00000| Untracked 
|  32|0x0000000082000000, 0x0000000082100000, 0x0000000082100000|100%| O|  |TAMS 0x0000000082100000, 0x0000000082000000| Untracked 
|  33|0x0000000082100000, 0x0000000082200000, 0x0000000082200000|100%| O|  |TAMS 0x0000000082200000, 0x0000000082100000| Untracked 
|  34|0x0000000082200000, 0x0000000082300000, 0x0000000082300000|100%| O|  |TAMS 0x0000000082300000, 0x0000000082200000| Untracked 
|  35|0x0000000082300000, 0x0000000082400000, 0x0000000082400000|100%| O|  |TAMS 0x0000000082400000, 0x0000000082300000| Untracked 
|  36|0x0000000082400000, 0x0000000082500000, 0x0000000082500000|100%| O|  |TAMS 0x0000000082500000, 0x0000000082400000| Untracked 
|  37|0x0000000082500000, 0x0000000082600000, 0x0000000082600000|100%| O|  |TAMS 0x0000000082600000, 0x0000000082500000| Untracked 
|  38|0x0000000082600000, 0x0000000082700000, 0x0000000082700000|100%| O|  |TAMS 0x0000000082700000, 0x0000000082600000| Untracked 
|  39|0x0000000082700000, 0x0000000082800000, 0x0000000082800000|100%| O|  |TAMS 0x0000000082800000, 0x0000000082700000| Untracked 
|  40|0x0000000082800000, 0x0000000082900000, 0x0000000082900000|100%| O|  |TAMS 0x0000000082900000, 0x0000000082800000| Untracked 
|  41|0x0000000082900000, 0x0000000082a00000, 0x0000000082a00000|100%| O|  |TAMS 0x0000000082a00000, 0x0000000082900000| Untracked 
|  42|0x0000000082a00000, 0x0000000082b00000, 0x0000000082b00000|100%| O|  |TAMS 0x0000000082b00000, 0x0000000082a00000| Untracked 
|  43|0x0000000082b00000, 0x0000000082c00000, 0x0000000082c00000|100%| O|  |TAMS 0x0000000082c00000, 0x0000000082b00000| Untracked 
|  44|0x0000000082c00000, 0x0000000082d00000, 0x0000000082d00000|100%| O|  |TAMS 0x0000000082d00000, 0x0000000082c00000| Untracked 
|  45|0x0000000082d00000, 0x0000000082df8400, 0x0000000082e00000| 96%| O|  |TAMS 0x0000000082df8400, 0x0000000082d00000| Untracked 
|  46|0x0000000082e00000, 0x0000000082f00000, 0x0000000082f00000|100%|HS|  |TAMS 0x0000000082e00000, 0x0000000082e00000| Complete 
|  47|0x0000000082f00000, 0x0000000082f00000, 0x0000000083000000|  0%| F|  |TAMS 0x0000000082f00000, 0x0000000082f00000| Untracked 
|  48|0x0000000083000000, 0x0000000083000000, 0x0000000083100000|  0%| F|  |TAMS 0x0000000083000000, 0x0000000083000000| Untracked 
|  49|0x0000000083100000, 0x0000000083100000, 0x0000000083200000|  0%| F|  |TAMS 0x0000000083100000, 0x0000000083100000| Untracked 
|  50|0x0000000083200000, 0x0000000083200000, 0x0000000083300000|  0%| F|  |TAMS 0x0000000083200000, 0x0000000083200000| Untracked 
|  51|0x0000000083300000, 0x0000000083300000, 0x0000000083400000|  0%| F|  |TAMS 0x0000000083300000, 0x0000000083300000| Untracked 
|  52|0x0000000083400000, 0x0000000083400000, 0x0000000083500000|  0%| F|  |TAMS 0x0000000083400000, 0x0000000083400000| Untracked 
|  53|0x0000000083500000, 0x0000000083500000, 0x0000000083600000|  0%| F|  |TAMS 0x0000000083500000, 0x0000000083500000| Untracked 
|  54|0x0000000083600000, 0x0000000083600000, 0x0000000083700000|  0%| F|  |TAMS 0x0000000083600000, 0x0000000083600000| Untracked 
|  55|0x0000000083700000, 0x0000000083700000, 0x0000000083800000|  0%| F|  |TAMS 0x0000000083700000, 0x0000000083700000| Untracked 
|  56|0x0000000083800000, 0x0000000083800000, 0x0000000083900000|  0%| F|  |TAMS 0x0000000083800000, 0x0000000083800000| Untracked 
|  57|0x0000000083900000, 0x0000000083900000, 0x0000000083a00000|  0%| F|  |TAMS 0x0000000083900000, 0x0000000083900000| Untracked 
|  58|0x0000000083a00000, 0x0000000083a00000, 0x0000000083b00000|  0%| F|  |TAMS 0x0000000083a00000, 0x0000000083a00000| Untracked 
|  59|0x0000000083b00000, 0x0000000083b00000, 0x0000000083c00000|  0%| F|  |TAMS 0x0000000083b00000, 0x0000000083b00000| Untracked 
|  60|0x0000000083c00000, 0x0000000083c00000, 0x0000000083d00000|  0%| F|  |TAMS 0x0000000083c00000, 0x0000000083c00000| Untracked 
|  61|0x0000000083d00000, 0x0000000083d00000, 0x0000000083e00000|  0%| F|  |TAMS 0x0000000083d00000, 0x0000000083d00000| Untracked 
|  62|0x0000000083e00000, 0x0000000083e00000, 0x0000000083f00000|  0%| F|  |TAMS 0x0000000083e00000, 0x0000000083e00000| Untracked 
|  63|0x0000000083f00000, 0x0000000083f00000, 0x0000000084000000|  0%| F|  |TAMS 0x0000000083f00000, 0x0000000083f00000| Untracked 
|  64|0x0000000084000000, 0x0000000084000000, 0x0000000084100000|  0%| F|  |TAMS 0x0000000084000000, 0x0000000084000000| Untracked 
|  65|0x0000000084100000, 0x0000000084100000, 0x0000000084200000|  0%| F|  |TAMS 0x0000000084100000, 0x0000000084100000| Untracked 
|  66|0x0000000084200000, 0x0000000084200000, 0x0000000084300000|  0%| F|  |TAMS 0x0000000084200000, 0x0000000084200000| Untracked 
|  67|0x0000000084300000, 0x0000000084300000, 0x0000000084400000|  0%| F|  |TAMS 0x0000000084300000, 0x0000000084300000| Untracked 
|  68|0x0000000084400000, 0x0000000084400000, 0x0000000084500000|  0%| F|  |TAMS 0x0000000084400000, 0x0000000084400000| Untracked 
|  69|0x0000000084500000, 0x0000000084500000, 0x0000000084600000|  0%| F|  |TAMS 0x0000000084500000, 0x0000000084500000| Untracked 
|  70|0x0000000084600000, 0x0000000084600000, 0x0000000084700000|  0%| F|  |TAMS 0x0000000084600000, 0x0000000084600000| Untracked 
|  71|0x0000000084700000, 0x0000000084700000, 0x0000000084800000|  0%| F|  |TAMS 0x0000000084700000, 0x0000000084700000| Untracked 
|  72|0x0000000084800000, 0x0000000084800000, 0x0000000084900000|  0%| F|  |TAMS 0x0000000084800000, 0x0000000084800000| Untracked 
|  73|0x0000000084900000, 0x0000000084900000, 0x0000000084a00000|  0%| F|  |TAMS 0x0000000084900000, 0x0000000084900000| Untracked 
|  74|0x0000000084a00000, 0x0000000084a00000, 0x0000000084b00000|  0%| F|  |TAMS 0x0000000084a00000, 0x0000000084a00000| Untracked 
|  75|0x0000000084b00000, 0x0000000084b00000, 0x0000000084c00000|  0%| F|  |TAMS 0x0000000084b00000, 0x0000000084b00000| Untracked 
|  76|0x0000000084c00000, 0x0000000084c00000, 0x0000000084d00000|  0%| F|  |TAMS 0x0000000084c00000, 0x0000000084c00000| Untracked 
|  77|0x0000000084d00000, 0x0000000084d00000, 0x0000000084e00000|  0%| F|  |TAMS 0x0000000084d00000, 0x0000000084d00000| Untracked 
|  78|0x0000000084e00000, 0x0000000084e612e0, 0x0000000084f00000| 37%| S|CS|TAMS 0x0000000084e00000, 0x0000000084e00000| Complete 
|  79|0x0000000084f00000, 0x0000000085000000, 0x0000000085000000|100%| S|CS|TAMS 0x0000000084f00000, 0x0000000084f00000| Complete 
|  80|0x0000000085000000, 0x0000000085000000, 0x0000000085100000|  0%| F|  |TAMS 0x0000000085000000, 0x0000000085000000| Untracked 
|  81|0x0000000085100000, 0x0000000085100000, 0x0000000085200000|  0%| F|  |TAMS 0x0000000085100000, 0x0000000085100000| Untracked 
|  82|0x0000000085200000, 0x0000000085200000, 0x0000000085300000|  0%| F|  |TAMS 0x0000000085200000, 0x0000000085200000| Untracked 
|  83|0x0000000085300000, 0x0000000085300000, 0x0000000085400000|  0%| F|  |TAMS 0x0000000085300000, 0x0000000085300000| Untracked 
|  84|0x0000000085400000, 0x0000000085400000, 0x0000000085500000|  0%| F|  |TAMS 0x0000000085400000, 0x0000000085400000| Untracked 
|  85|0x0000000085500000, 0x00000000855fe2e0, 0x0000000085600000| 99%| E|  |TAMS 0x0000000085500000, 0x0000000085500000| Complete 
|  86|0x0000000085600000, 0x0000000085700000, 0x0000000085700000|100%| E|CS|TAMS 0x0000000085600000, 0x0000000085600000| Complete 
|  87|0x0000000085700000, 0x0000000085800000, 0x0000000085800000|100%| E|CS|TAMS 0x0000000085700000, 0x0000000085700000| Complete 
|  88|0x0000000085800000, 0x0000000085900000, 0x0000000085900000|100%| E|CS|TAMS 0x0000000085800000, 0x0000000085800000| Complete 
|  89|0x0000000085900000, 0x0000000085a00000, 0x0000000085a00000|100%| E|CS|TAMS 0x0000000085900000, 0x0000000085900000| Complete 
|  90|0x0000000085a00000, 0x0000000085b00000, 0x0000000085b00000|100%| E|CS|TAMS 0x0000000085a00000, 0x0000000085a00000| Complete 
|  91|0x0000000085b00000, 0x0000000085c00000, 0x0000000085c00000|100%| E|CS|TAMS 0x0000000085b00000, 0x0000000085b00000| Complete 
|  92|0x0000000085c00000, 0x0000000085d00000, 0x0000000085d00000|100%| E|CS|TAMS 0x0000000085c00000, 0x0000000085c00000| Complete 

Card table byte_map: [0x0000023369670000,0x0000023369a70000] _byte_map_base: 0x0000023369270000

Marking Bits (Prev, Next): (CMBitMap*) 0x00000233567bf5e0, (CMBitMap*) 0x00000233567bf5a8
 Prev Bits: [0x000002336be70000, 0x000002336de70000)
 Next Bits: [0x0000023369e70000, 0x000002336be70000)

Polling page: 0x0000023354750000

Metaspace:

Usage:
  Non-class:     54.77 MB capacity,    53.85 MB ( 98%) used,   777.70 KB (  1%) free+waste,   158.94 KB ( <1%) overhead. 
      Class:      8.36 MB capacity,     7.82 MB ( 94%) used,   475.16 KB (  6%) free+waste,    74.31 KB ( <1%) overhead. 
       Both:     63.13 MB capacity,    61.68 MB ( 98%) used,     1.22 MB (  2%) free+waste,   233.25 KB ( <1%) overhead. 

Virtual space:
  Non-class space:       56.00 MB reserved,      55.00 MB ( 98%) committed 
      Class space:        1.00 GB reserved,       8.38 MB ( <1%) committed 
             Both:        1.05 GB reserved,      63.38 MB (  6%) committed 

Chunk freelists:
   Non-Class:  44.00 KB
       Class:  17.00 KB
        Both:  61.00 KB

MaxMetaspaceSize: 17179869184.00 GB
CompressedClassSpaceSize: 1.00 GB

CodeHeap 'non-profiled nmethods': size=120064Kb used=3634Kb max_used=3634Kb free=116429Kb
 bounds [0x0000023361d30000, 0x00000233620c0000, 0x0000023369270000]
CodeHeap 'profiled nmethods': size=120000Kb used=13249Kb max_used=13249Kb free=106750Kb
 bounds [0x000002335a800000, 0x000002335b500000, 0x0000023361d30000]
CodeHeap 'non-nmethods': size=5696Kb used=2260Kb max_used=2288Kb free=3435Kb
 bounds [0x000002335a270000, 0x000002335a4e0000, 0x000002335a800000]
 total_blobs=7029 nmethods=6178 adapters=762
 compilation: enabled
              stopped_count=0, restarted_count=0
 full_count=0

Compilation events (20 events):
Event: 80.306 Thread 0x0000023370386800 6187       3       kotlin.TuplesKt::to (10 bytes)
Event: 80.307 Thread 0x0000023370386800 nmethod 6187 0x000002335b4d6290 code [0x000002335b4d6460, 0x000002335b4d6718]
Event: 80.318 Thread 0x0000023370386800 6189       1       kotlin.Pair::component1 (5 bytes)
Event: 80.318 Thread 0x0000023370386800 nmethod 6189 0x00000233620b8290 code [0x00000233620b8440, 0x00000233620b84f8]
Event: 80.318 Thread 0x0000023370386800 6190       1       kotlin.Pair::component2 (5 bytes)
Event: 80.318 Thread 0x0000023370386800 nmethod 6190 0x00000233620b8590 code [0x00000233620b8740, 0x00000233620b87f8]
Event: 80.318 Thread 0x0000023370386800 6191       3       com.android.tools.build.jetifier.core.type.JavaType::hashCode (17 bytes)
Event: 80.319 Thread 0x0000023370386800 nmethod 6191 0x000002335b4d6810 code [0x000002335b4d69e0, 0x000002335b4d6b88]
Event: 80.326 Thread 0x0000023370386800 6192       3       kotlin.text.StringsKt__StringsKt::contains$default (15 bytes)
Event: 80.327 Thread 0x0000023370386800 nmethod 6192 0x000002335b4d6c90 code [0x000002335b4d6ee0, 0x000002335b4d7628]
Event: 80.327 Thread 0x0000023370386800 6193       3       kotlin.text.StringsKt__StringsKt::contains (25 bytes)
Event: 80.329 Thread 0x0000023370386800 nmethod 6193 0x000002335b4d7910 code [0x000002335b4d7b60, 0x000002335b4d8208]
Event: 80.329 Thread 0x0000023370386800 6194       3       kotlin.text.StringsKt__StringsKt::indexOf$default (26 bytes)
Event: 80.329 Thread 0x0000023370386800 nmethod 6194 0x000002335b4d8490 code [0x000002335b4d8640, 0x000002335b4d87c8]
Event: 80.330 Thread 0x0000023370386800 6195       3       com.android.tools.build.jetifier.core.type.JavaType::hasInnerType (16 bytes)
Event: 80.331 Thread 0x0000023370386800 nmethod 6195 0x000002335b4d8890 code [0x000002335b4d8ae0, 0x000002335b4d9268]
Event: 80.371 Thread 0x000002337037f800 nmethod 6145 0x00000233620b8890 code [0x00000233620b8ae0, 0x00000233620ba6c0]
Event: 80.371 Thread 0x000002337037f800 6172       4       java.util.regex.Pattern::compile (498 bytes)
Event: 80.384 Thread 0x0000023370386800 6196       1       com.android.tools.build.jetifier.core.pom.PomRewriteRule::getFrom (5 bytes)
Event: 80.385 Thread 0x0000023370386800 nmethod 6196 0x00000233620bb410 code [0x00000233620bb5c0, 0x00000233620bb678]

GC Heap History (20 events):
Event: 35.817 GC heap before
{Heap before GC invocations=11 (full 0):
 garbage-first heap   total 78848K, used 29299K [0x0000000080000000, 0x0000000100000000)
  region size 1024K, 14 young (14336K), 5 survivors (5120K)
 Metaspace       used 35014K, capacity 35826K, committed 35840K, reserved 1081344K
  class space    used 4537K, capacity 4864K, committed 4864K, reserved 1048576K
}
Event: 35.859 GC heap after
{Heap after GC invocations=12 (full 0):
 garbage-first heap   total 78848K, used 23165K [0x0000000080000000, 0x0000000100000000)
  region size 1024K, 5 young (5120K), 5 survivors (5120K)
 Metaspace       used 35014K, capacity 35826K, committed 35840K, reserved 1081344K
  class space    used 4537K, capacity 4864K, committed 4864K, reserved 1048576K
}
Event: 38.759 GC heap before
{Heap before GC invocations=13 (full 0):
 garbage-first heap   total 78848K, used 55933K [0x0000000080000000, 0x0000000100000000)
  region size 1024K, 37 young (37888K), 5 survivors (5120K)
 Metaspace       used 37254K, capacity 38103K, committed 38272K, reserved 1083392K
  class space    used 4809K, capacity 5127K, committed 5248K, reserved 1048576K
}
Event: 38.804 GC heap after
{Heap after GC invocations=14 (full 0):
 garbage-first heap   total 78848K, used 25425K [0x0000000080000000, 0x0000000100000000)
  region size 1024K, 5 young (5120K), 5 survivors (5120K)
 Metaspace       used 37254K, capacity 38103K, committed 38272K, reserved 1083392K
  class space    used 4809K, capacity 5127K, committed 5248K, reserved 1048576K
}
Event: 41.967 GC heap before
{Heap before GC invocations=14 (full 0):
 garbage-first heap   total 78848K, used 59217K [0x0000000080000000, 0x0000000100000000)
  region size 1024K, 36 young (36864K), 5 survivors (5120K)
 Metaspace       used 39738K, capacity 40654K, committed 40832K, reserved 1085440K
  class space    used 5076K, capacity 5422K, committed 5504K, reserved 1048576K
}
Event: 42.001 GC heap after
{Heap after GC invocations=15 (full 0):
 garbage-first heap   total 95232K, used 27107K [0x0000000080000000, 0x0000000100000000)
  region size 1024K, 3 young (3072K), 3 survivors (3072K)
 Metaspace       used 39738K, capacity 40654K, committed 40832K, reserved 1085440K
  class space    used 5076K, capacity 5422K, committed 5504K, reserved 1048576K
}
Event: 44.589 GC heap before
{Heap before GC invocations=15 (full 0):
 garbage-first heap   total 95232K, used 69091K [0x0000000080000000, 0x0000000100000000)
  region size 1024K, 44 young (45056K), 3 survivors (3072K)
 Metaspace       used 43791K, capacity 44829K, committed 44928K, reserved 1087488K
  class space    used 5592K, capacity 5935K, committed 6016K, reserved 1048576K
}
Event: 44.605 GC heap after
{Heap after GC invocations=16 (full 0):
 garbage-first heap   total 95232K, used 28240K [0x0000000080000000, 0x0000000100000000)
  region size 1024K, 4 young (4096K), 4 survivors (4096K)
 Metaspace       used 43791K, capacity 44829K, committed 44928K, reserved 1087488K
  class space    used 5592K, capacity 5935K, committed 6016K, reserved 1048576K
}
Event: 53.976 GC heap before
{Heap before GC invocations=16 (full 0):
 garbage-first heap   total 95232K, used 72272K [0x0000000080000000, 0x0000000100000000)
  region size 1024K, 47 young (48128K), 4 survivors (4096K)
 Metaspace       used 46751K, capacity 47949K, committed 48256K, reserved 1091584K
  class space    used 5977K, capacity 6418K, committed 6528K, reserved 1048576K
}
Event: 54.017 GC heap after
{Heap after GC invocations=17 (full 0):
 garbage-first heap   total 95232K, used 30173K [0x0000000080000000, 0x0000000100000000)
  region size 1024K, 4 young (4096K), 4 survivors (4096K)
 Metaspace       used 46751K, capacity 47949K, committed 48256K, reserved 1091584K
  class space    used 5977K, capacity 6418K, committed 6528K, reserved 1048576K
}
Event: 67.848 GC heap before
{Heap before GC invocations=17 (full 0):
 garbage-first heap   total 95232K, used 76253K [0x0000000080000000, 0x0000000100000000)
  region size 1024K, 46 young (47104K), 4 survivors (4096K)
 Metaspace       used 49766K, capacity 51056K, committed 51200K, reserved 1093632K
  class space    used 6333K, capacity 6799K, committed 6912K, reserved 1048576K
}
Event: 67.898 GC heap after
{Heap after GC invocations=18 (full 0):
 garbage-first heap   total 95232K, used 41307K [0x0000000080000000, 0x0000000100000000)
  region size 1024K, 6 young (6144K), 6 survivors (6144K)
 Metaspace       used 49766K, capacity 51056K, committed 51200K, reserved 1093632K
  class space    used 6333K, capacity 6799K, committed 6912K, reserved 1048576K
}
Event: 72.181 GC heap before
{Heap before GC invocations=18 (full 0):
 garbage-first heap   total 95232K, used 73051K [0x0000000080000000, 0x0000000100000000)
  region size 1024K, 37 young (37888K), 6 survivors (6144K)
 Metaspace       used 54417K, capacity 55823K, committed 56064K, reserved 1097728K
  class space    used 6902K, capacity 7405K, committed 7424K, reserved 1048576K
}
Event: 72.212 GC heap after
{Heap after GC invocations=19 (full 0):
 garbage-first heap   total 95232K, used 43134K [0x0000000080000000, 0x0000000100000000)
  region size 1024K, 2 young (2048K), 2 survivors (2048K)
 Metaspace       used 54417K, capacity 55823K, committed 56064K, reserved 1097728K
  class space    used 6902K, capacity 7405K, committed 7424K, reserved 1048576K
}
Event: 76.346 GC heap before
{Heap before GC invocations=19 (full 0):
 garbage-first heap   total 95232K, used 67710K [0x0000000080000000, 0x0000000100000000)
  region size 1024K, 27 young (27648K), 2 survivors (2048K)
 Metaspace       used 58522K, capacity 60026K, committed 60160K, reserved 1101824K
  class space    used 7412K, capacity 7972K, committed 8064K, reserved 1048576K
}
Event: 76.381 GC heap after
{Heap after GC invocations=20 (full 0):
 garbage-first heap   total 95232K, used 44439K [0x0000000080000000, 0x0000000100000000)
  region size 1024K, 3 young (3072K), 3 survivors (3072K)
 Metaspace       used 58522K, capacity 60026K, committed 60160K, reserved 1101824K
  class space    used 7412K, capacity 7972K, committed 8064K, reserved 1048576K
}
Event: 79.213 GC heap before
{Heap before GC invocations=21 (full 0):
 garbage-first heap   total 95232K, used 74135K [0x0000000080000000, 0x0000000100000000)
  region size 1024K, 33 young (33792K), 3 survivors (3072K)
 Metaspace       used 61268K, capacity 62754K, committed 62848K, reserved 1103872K
  class space    used 7746K, capacity 8255K, committed 8320K, reserved 1048576K
}
Event: 79.241 GC heap after
{Heap after GC invocations=22 (full 0):
 garbage-first heap   total 95232K, used 47346K [0x0000000080000000, 0x0000000100000000)
  region size 1024K, 5 young (5120K), 5 survivors (5120K)
 Metaspace       used 61268K, capacity 62754K, committed 62848K, reserved 1103872K
  class space    used 7746K, capacity 8255K, committed 8320K, reserved 1048576K
}
Event: 80.095 GC heap before
{Heap before GC invocations=23 (full 0):
 garbage-first heap   total 95232K, used 59634K [0x0000000080000000, 0x0000000100000000)
  region size 1024K, 18 young (18432K), 5 survivors (5120K)
 Metaspace       used 62474K, capacity 63942K, committed 64128K, reserved 1105920K
  class space    used 7911K, capacity 8458K, committed 8576K, reserved 1048576K
}
Event: 80.116 GC heap after
{Heap after GC invocations=24 (full 0):
 garbage-first heap   total 95232K, used 48485K [0x0000000080000000, 0x0000000100000000)
  region size 1024K, 2 young (2048K), 2 survivors (2048K)
 Metaspace       used 62474K, capacity 63942K, committed 64128K, reserved 1105920K
  class space    used 7911K, capacity 8458K, committed 8576K, reserved 1048576K
}

Deoptimization events (20 events):
Event: 77.629 Thread 0x00000233720e2800 DEOPT PACKING pc=0x000002335b416528 sp=0x000000b4c55f43e0
Event: 77.629 Thread 0x00000233720e2800 DEOPT UNPACKING pc=0x000002335a2976ce sp=0x000000b4c55f3898 mode 0
Event: 77.631 Thread 0x00000233720e2800 DEOPT PACKING pc=0x000002335b416528 sp=0x000000b4c55f43e0
Event: 77.631 Thread 0x00000233720e2800 DEOPT UNPACKING pc=0x000002335a2976ce sp=0x000000b4c55f3898 mode 0
Event: 77.639 Thread 0x00000233720e2800 DEOPT PACKING pc=0x000002335b416528 sp=0x000000b4c55f43e0
Event: 77.639 Thread 0x00000233720e2800 DEOPT UNPACKING pc=0x000002335a2976ce sp=0x000000b4c55f3898 mode 0
Event: 77.640 Thread 0x00000233720e2800 DEOPT PACKING pc=0x000002335b416528 sp=0x000000b4c55f43e0
Event: 77.640 Thread 0x00000233720e2800 DEOPT UNPACKING pc=0x000002335a2976ce sp=0x000000b4c55f3898 mode 0
Event: 77.642 Thread 0x00000233720e2800 DEOPT PACKING pc=0x000002335b416528 sp=0x000000b4c55f43e0
Event: 77.642 Thread 0x00000233720e2800 DEOPT UNPACKING pc=0x000002335a2976ce sp=0x000000b4c55f3898 mode 0
Event: 77.649 Thread 0x00000233720e2800 DEOPT PACKING pc=0x000002335b416528 sp=0x000000b4c55f43e0
Event: 77.649 Thread 0x00000233720e2800 DEOPT UNPACKING pc=0x000002335a2976ce sp=0x000000b4c55f3898 mode 0
Event: 77.651 Thread 0x00000233720e2800 DEOPT PACKING pc=0x000002335b416528 sp=0x000000b4c55f43e0
Event: 77.651 Thread 0x00000233720e2800 DEOPT UNPACKING pc=0x000002335a2976ce sp=0x000000b4c55f3898 mode 0
Event: 77.653 Thread 0x00000233720e2800 DEOPT PACKING pc=0x000002335b416528 sp=0x000000b4c55f43e0
Event: 77.653 Thread 0x00000233720e2800 DEOPT UNPACKING pc=0x000002335a2976ce sp=0x000000b4c55f3898 mode 0
Event: 79.819 Thread 0x00000233720e2800 Uncommon trap: trap_request=0xffffff4d fr.pc=0x0000023361ffd69c relative=0x000000000000033c
Event: 79.819 Thread 0x00000233720e2800 Uncommon trap: reason=unstable_if action=reinterpret pc=0x0000023361ffd69c method=org.gradle.internal.reflect.PropertyAccessorType.of(Ljava/lang/reflect/Method;)Lorg/gradle/internal/reflect/PropertyAccessorType; @ 56 c2
Event: 79.819 Thread 0x00000233720e2800 DEOPT PACKING pc=0x0000023361ffd69c sp=0x000000b4c55f7f70
Event: 79.819 Thread 0x00000233720e2800 DEOPT UNPACKING pc=0x000002335a2978af sp=0x000000b4c55f7f30 mode 2

Classes redefined (0 events):
No events

Internal exceptions (20 events):
Event: 64.883 Thread 0x0000023371f41800 Exception <a 'java/lang/NoSuchMethodError'{0x000000008431ffb0}: <clinit>> (0x000000008431ffb0) thrown at [./src/hotspot/share/prims/jni.cpp, line 1362]
Event: 64.894 Thread 0x0000023371f41800 Exception <a 'java/lang/NoSuchMethodError'{0x000000008432a548}: <clinit>> (0x000000008432a548) thrown at [./src/hotspot/share/prims/jni.cpp, line 1362]
Event: 64.908 Thread 0x0000023371f41800 Exception <a 'java/lang/NoSuchMethodError'{0x00000000843357f8}: <clinit>> (0x00000000843357f8) thrown at [./src/hotspot/share/prims/jni.cpp, line 1362]
Event: 64.929 Thread 0x0000023371f41800 Exception <a 'java/lang/NoSuchMethodError'{0x000000008434a8a8}: <clinit>> (0x000000008434a8a8) thrown at [./src/hotspot/share/prims/jni.cpp, line 1362]
Event: 65.098 Thread 0x00000233720e2800 Exception <a 'java/lang/ClassNotFoundException'{0x00000000843730c8}: build_6o9kqhnziyx585qvs8ffjbpeBeanInfo> (0x00000000843730c8) thrown at [./src/hotspot/share/classfile/systemDictionary.cpp, line 231]
Event: 65.140 Thread 0x00000233720e2800 Exception <a 'java/lang/ClassNotFoundException'{0x000000008437dfd0}: build_6o9kqhnziyx585qvs8ffjbpeCustomizer> (0x000000008437dfd0) thrown at [./src/hotspot/share/classfile/systemDictionary.cpp, line 231]
Event: 65.218 Thread 0x00000233720e2800 Exception <a 'java/lang/ClassNotFoundException'{0x00000000842009d0}: org/gradle/plugin/use/internal/PluginRequestCollector$PluginDependenciesSpecImplBeanInfo> (0x00000000842009d0) thrown at [./src/hotspot/share/classfile/systemDictionary.cpp, line 231]
Event: 65.222 Thread 0x00000233720e2800 Exception <a 'java/lang/ClassNotFoundException'{0x000000008422e880}: org/gradle/plugin/use/internal/PluginRequestCollector$PluginDependenciesSpecImplCustomizer> (0x000000008422e880) thrown at [./src/hotspot/share/classfile/systemDictionary.cpp, line 231]
Event: 65.578 Thread 0x00000233720e2800 Exception <a 'java/lang/ClassNotFoundException'{0x00000000840ac1c0}: org/gradle/api/internal/plugins/DefaultObjectConfigurationActionBeanInfo> (0x00000000840ac1c0) thrown at [./src/hotspot/share/classfile/systemDictionary.cpp, line 231]
Event: 65.581 Thread 0x00000233720e2800 Exception <a 'java/lang/ClassNotFoundException'{0x00000000840df560}: org/gradle/api/internal/plugins/DefaultObjectConfigurationActionCustomizer> (0x00000000840df560) thrown at [./src/hotspot/share/classfile/systemDictionary.cpp, line 231]
Event: 67.490 Thread 0x00000233720e2800 Exception <a 'java/lang/NoSuchMethodError'{0x00000000836bed38}: 'java.lang.Object java.lang.invoke.DirectMethodHandle$Holder.invokeStatic(java.lang.Object, java.lang.Object, java.lang.Object, java.lang.Object, int)'> (0x00000000836bed38) thrown at [./src/hotspot/share/interpreter/linkResolver.cpp, line 773]
Event: 67.492 Thread 0x00000233720e2800 Exception <a 'java/lang/NoSuchMethodError'{0x00000000836c3730}: 'java.lang.Object java.lang.invoke.DirectMethodHandle$Holder.invokeSpecial(java.lang.Object, java.lang.Object, java.lang.Object, java.lang.Object, java.lang.Object, int)'> (0x00000000836c3730) thrown at [./src/hotspot/share/interpreter/linkResolver.cpp, line 773]
Event: 67.492 Thread 0x00000233720e2800 Exception <a 'java/lang/NoSuchMethodError'{0x00000000836c7d70}: 'java.lang.Object java.lang.invoke.Invokers$Holder.linkToTargetMethod(java.lang.Object, java.lang.Object, java.lang.Object, int, java.lang.Object)'> (0x00000000836c7d70) thrown at [./src/hotspot/share/interpreter/linkResolver.cpp, line 773]
Event: 69.486 Thread 0x00000233720e2800 Exception <a 'java/lang/NoSuchMethodError'{0x0000000085163518}: 'java.lang.Object java.lang.invoke.DirectMethodHandle$Holder.invokeSpecial(java.lang.Object, java.lang.Object, int, int, java.lang.Object, java.lang.Object, java.lang.Object)'> (0x0000000085163518) thrown at [./src/hotspot/share/interpreter/linkResolver.cpp, line 773]
Event: 69.487 Thread 0x00000233720e2800 Exception <a 'java/lang/NoSuchMethodError'{0x0000000085167a98}: 'java.lang.Object java.lang.invoke.DelegatingMethodHandle$Holder.reinvoke_L(java.lang.Object, int, int, java.lang.Object, java.lang.Object, java.lang.Object)'> (0x0000000085167a98) thrown at [./src/hotspot/share/interpreter/linkResolver.cpp, line 773]
Event: 71.123 Thread 0x00000233720e2800 Exception <a 'java/lang/NoSuchMethodError'{0x00000000846d76d8}: 'int java.lang.invoke.DirectMethodHandle$Holder.invokeInterface(java.lang.Object, java.lang.Object, java.lang.Object, java.lang.Object)'> (0x00000000846d76d8) thrown at [./src/hotspot/share/interpreter/linkResolver.cpp, line 773]
Event: 73.769 Thread 0x00000233720e2800 Exception <a 'java/lang/NoSuchMethodError'{0x00000000855eae18}: 'void java.lang.invoke.DirectMethodHandle$Holder.invokeInterface(java.lang.Object, java.lang.Object, java.lang.Object, java.lang.Object)'> (0x00000000855eae18) thrown at [./src/hotspot/share/interpreter/linkResolver.cpp, line 773]
Event: 74.761 Thread 0x00000233720e2800 Exception <a 'java/lang/IncompatibleClassChangeError'{0x0000000084c11648}: Found class java.lang.Object, but interface was expected> (0x0000000084c11648) thrown at [./src/hotspot/share/interpreter/linkResolver.cpp, line 839]
Event: 76.122 Thread 0x00000233720e2800 Implicit null exception at 0x0000023361ead08b to 0x0000023361ead164
Event: 77.997 Thread 0x00000233720e2800 Exception <a 'sun/nio/fs/WindowsException'{0x0000000084e1a100}> (0x0000000084e1a100) thrown at [./src/hotspot/share/prims/jni.cpp, line 615]

Events (20 events):
Event: 80.387 loading class com/android/tools/build/jetifier/core/pom/DependencyVersions$Companion
Event: 80.387 loading class com/android/tools/build/jetifier/core/pom/DependencyVersions$Companion done
Event: 80.392 loading class com/android/tools/build/jetifier/processor/transform/TransformationContext
Event: 80.392 loading class com/android/tools/build/jetifier/processor/transform/TransformationContext done
Event: 80.395 loading class com/android/tools/build/jetifier/core/TypeRewriter
Event: 80.395 loading class com/android/tools/build/jetifier/core/TypeRewriter done
Event: 80.396 loading class com/android/tools/build/jetifier/core/TypeRewriter$Companion
Event: 80.396 loading class com/android/tools/build/jetifier/core/TypeRewriter$Companion done
Event: 80.397 loading class com/android/tools/build/jetifier/processor/transform/Transformer
Event: 80.397 loading class com/android/tools/build/jetifier/processor/transform/Transformer done
Event: 80.397 Executing VM operation: RevokeBias
Event: 80.399 Executing VM operation: RevokeBias done
Event: 80.400 loading class com/android/tools/build/jetifier/processor/transform/bytecode/ByteCodeTransformer
Event: 80.400 loading class com/android/tools/build/jetifier/processor/transform/bytecode/ByteCodeTransformer done
Event: 80.402 loading class com/android/tools/build/jetifier/processor/transform/resource/XmlResourcesTransformer
Event: 80.402 loading class com/android/tools/build/jetifier/processor/transform/resource/XmlResourcesTransformer done
Event: 80.402 Executing VM operation: CGC_Operation
Event: 80.421 Executing VM operation: CGC_Operation done
Event: 80.454 loading class com/android/tools/build/jetifier/processor/transform/resource/XmlResourcesTransformer$Companion
Event: 80.454 loading class com/android/tools/build/jetifier/processor/transform/resource/XmlResourcesTransformer$Companion done


Dynamic libraries:
0x00007ff700680000 - 0x00007ff70068a000 	C:\Program Files\Android\Android Studio\jre\bin\java.exe
0x00007ff8e4210000 - 0x00007ff8e4405000 	C:\WINDOWS\SYSTEM32\ntdll.dll
0x00007ff8e3770000 - 0x00007ff8e382e000 	C:\WINDOWS\System32\KERNEL32.DLL
0x00007ff8e1b00000 - 0x00007ff8e1dc8000 	C:\WINDOWS\System32\KERNELBASE.dll
0x00007ff8e1920000 - 0x00007ff8e1a20000 	C:\WINDOWS\System32\ucrtbase.dll
0x00007ff8ddb40000 - 0x00007ff8ddb57000 	C:\Program Files\Android\Android Studio\jre\bin\VCRUNTIME140.dll
0x00007ff8ddb20000 - 0x00007ff8ddb39000 	C:\Program Files\Android\Android Studio\jre\bin\jli.dll
0x00007ff8e35c0000 - 0x00007ff8e3761000 	C:\WINDOWS\System32\USER32.dll
0x00007ff8e1e30000 - 0x00007ff8e1e52000 	C:\WINDOWS\System32\win32u.dll
0x00007ff8d2720000 - 0x00007ff8d29ba000 	C:\WINDOWS\WinSxS\amd64_microsoft.windows.common-controls_6595b64144ccf1df_6.0.19041.1110_none_60b5254171f9507e\COMCTL32.dll
0x00007ff8e2a50000 - 0x00007ff8e2a7b000 	C:\WINDOWS\System32\GDI32.dll
0x00007ff8e3350000 - 0x00007ff8e33ee000 	C:\WINDOWS\System32\msvcrt.dll
0x00007ff8e2140000 - 0x00007ff8e224d000 	C:\WINDOWS\System32\gdi32full.dll
0x00007ff8e20a0000 - 0x00007ff8e213d000 	C:\WINDOWS\System32\msvcp_win.dll
0x00007ff8e3570000 - 0x00007ff8e35a0000 	C:\WINDOWS\System32\IMM32.DLL
0x00007ff8bc1c0000 - 0x00007ff8bc25d000 	C:\Program Files\Android\Android Studio\jre\bin\msvcp140.dll
0x00007ff875110000 - 0x00007ff875bdf000 	C:\Program Files\Android\Android Studio\jre\bin\server\jvm.dll
0x00007ff8e2320000 - 0x00007ff8e23cc000 	C:\WINDOWS\System32\ADVAPI32.dll
0x00007ff8e4130000 - 0x00007ff8e41cb000 	C:\WINDOWS\System32\sechost.dll
0x00007ff8e3830000 - 0x00007ff8e395a000 	C:\WINDOWS\System32\RPCRT4.dll
0x00007ff8e2b90000 - 0x00007ff8e2b98000 	C:\WINDOWS\System32\PSAPI.DLL
0x00007ff8b9130000 - 0x00007ff8b9139000 	C:\WINDOWS\SYSTEM32\WSOCK32.dll
0x00007ff8d43a0000 - 0x00007ff8d43c7000 	C:\WINDOWS\SYSTEM32\WINMM.dll
0x00007ff8e3400000 - 0x00007ff8e346b000 	C:\WINDOWS\System32\WS2_32.dll
0x00007ff8d9f40000 - 0x00007ff8d9f4a000 	C:\WINDOWS\SYSTEM32\VERSION.dll
0x00007ff8e04b0000 - 0x00007ff8e04c2000 	C:\WINDOWS\SYSTEM32\kernel.appcore.dll
0x00007ff8b9090000 - 0x00007ff8b90a1000 	C:\Program Files\Android\Android Studio\jre\bin\verify.dll
0x00007ff8d8f30000 - 0x00007ff8d9114000 	C:\WINDOWS\SYSTEM32\DBGHELP.DLL
0x00007ff8cd850000 - 0x00007ff8cd87c000 	C:\WINDOWS\SYSTEM32\dbgcore.DLL
0x00007ff8e1a20000 - 0x00007ff8e1aa2000 	C:\WINDOWS\System32\bcryptPrimitives.dll
0x00007ff8b5670000 - 0x00007ff8b5699000 	C:\Program Files\Android\Android Studio\jre\bin\java.dll
0x00007ff8b8960000 - 0x00007ff8b896b000 	C:\Program Files\Android\Android Studio\jre\bin\jimage.dll
0x00007ff8b5650000 - 0x00007ff8b5668000 	C:\Program Files\Android\Android Studio\jre\bin\zip.dll
0x00007ff8e2ba0000 - 0x00007ff8e32e4000 	C:\WINDOWS\System32\SHELL32.dll
0x00007ff8df860000 - 0x00007ff8dfff4000 	C:\WINDOWS\SYSTEM32\windows.storage.dll
0x00007ff8e24b0000 - 0x00007ff8e2805000 	C:\WINDOWS\System32\combase.dll
0x00007ff8e12a0000 - 0x00007ff8e12ce000 	C:\WINDOWS\SYSTEM32\Wldp.dll
0x00007ff8e29a0000 - 0x00007ff8e2a4d000 	C:\WINDOWS\System32\SHCORE.dll
0x00007ff8e2b30000 - 0x00007ff8e2b85000 	C:\WINDOWS\System32\shlwapi.dll
0x00007ff8e1860000 - 0x00007ff8e187f000 	C:\WINDOWS\SYSTEM32\profapi.dll
0x00007ff8b5630000 - 0x00007ff8b564a000 	C:\Program Files\Android\Android Studio\jre\bin\net.dll
0x00007ff8d5a30000 - 0x00007ff8d5b3c000 	C:\WINDOWS\SYSTEM32\WINHTTP.dll
0x00007ff8e0fe0000 - 0x00007ff8e104a000 	C:\WINDOWS\system32\mswsock.dll
0x00007ff8b5610000 - 0x00007ff8b5624000 	C:\Program Files\Android\Android Studio\jre\bin\nio.dll
0x00007ff8ddb60000 - 0x00007ff8ddb87000 	C:\Users\JC\.gradle\native\8bec1ad78214c89d9ad589b4d07fe93259594b29d510b10fafb7a158f7737e5d\windows-amd64\native-platform.dll
0x00007ff8a63a0000 - 0x00007ff8a64dd000 	C:\Users\JC\.gradle\native\53dbd7edfb1c66fb8903c78663c9afc45aea4f116125fa6feffd364cf09443e8\windows-amd64\native-platform-file-events.dll
0x00007ff8b7c30000 - 0x00007ff8b7c3a000 	C:\Program Files\Android\Android Studio\jre\bin\management.dll
0x00007ff8b5600000 - 0x00007ff8b560c000 	C:\Program Files\Android\Android Studio\jre\bin\management_ext.dll
0x00007ff8e11d0000 - 0x00007ff8e11e8000 	C:\WINDOWS\SYSTEM32\CRYPTSP.dll
0x00007ff8e0940000 - 0x00007ff8e0974000 	C:\WINDOWS\system32\rsaenh.dll
0x00007ff8e1f10000 - 0x00007ff8e1f37000 	C:\WINDOWS\System32\bcrypt.dll
0x00007ff8e17e0000 - 0x00007ff8e180e000 	C:\WINDOWS\SYSTEM32\USERENV.dll
0x00007ff8e11f0000 - 0x00007ff8e11fc000 	C:\WINDOWS\SYSTEM32\CRYPTBASE.dll
0x00007ff8e0cc0000 - 0x00007ff8e0cfb000 	C:\WINDOWS\SYSTEM32\IPHLPAPI.DLL
0x00007ff8e3560000 - 0x00007ff8e3568000 	C:\WINDOWS\System32\NSI.dll
0x00007ff8d9360000 - 0x00007ff8d9377000 	C:\WINDOWS\SYSTEM32\dhcpcsvc6.DLL
0x00007ff8d9340000 - 0x00007ff8d935d000 	C:\WINDOWS\SYSTEM32\dhcpcsvc.DLL
0x00007ff8e0d10000 - 0x00007ff8e0ddb000 	C:\WINDOWS\SYSTEM32\DNSAPI.dll

dbghelp: loaded successfully - version: 4.0.5 - missing functions: none
symbol engine: initialized successfully - sym options: 0x614 - pdb path: .;C:\Program Files\Android\Android Studio\jre\bin;C:\WINDOWS\SYSTEM32;C:\WINDOWS\WinSxS\amd64_microsoft.windows.common-controls_6595b64144ccf1df_6.0.19041.1110_none_60b5254171f9507e;C:\Program Files\Android\Android Studio\jre\bin\server;C:\Users\JC\.gradle\native\8bec1ad78214c89d9ad589b4d07fe93259594b29d510b10fafb7a158f7737e5d\windows-amd64;C:\Users\JC\.gradle\native\53dbd7edfb1c66fb8903c78663c9afc45aea4f116125fa6feffd364cf09443e8\windows-amd64

VM Arguments:
jvm_args: --add-opens=java.base/java.util=ALL-UNNAMED --add-opens=java.base/java.lang=ALL-UNNAMED --add-opens=java.base/java.lang.invoke=ALL-UNNAMED --add-opens=java.base/java.util=ALL-UNNAMED --add-opens=java.prefs/java.util.prefs=ALL-UNNAMED --add-opens=java.prefs/java.util.prefs=ALL-UNNAMED --add-opens=java.base/java.nio.charset=ALL-UNNAMED --add-opens=java.base/java.net=ALL-UNNAMED --add-opens=java.base/java.util.concurrent.atomic=ALL-UNNAMED -Xmx2048m -Dfile.encoding=UTF-8 -Duser.country=ES -Duser.language=es -Duser.variant 
java_command: org.gradle.launcher.daemon.bootstrap.GradleDaemon 7.0.2
java_class_path (initial): C:\Users\JC\.gradle\wrapper\dists\gradle-7.0.2-bin\857tjihv64xamwrf0h14cai3r\gradle-7.0.2\lib\gradle-launcher-7.0.2.jar
Launcher Type: SUN_STANDARD

[Global flags]
     intx CICompilerCount                          = 3                                         {product} {ergonomic}
     uint ConcGCThreads                            = 1                                         {product} {ergonomic}
     uint G1ConcRefinementThreads                  = 4                                         {product} {ergonomic}
   size_t G1HeapRegionSize                         = 1048576                                   {product} {ergonomic}
    uintx GCDrainStackTargetSize                   = 64                                        {product} {ergonomic}
   size_t InitialHeapSize                          = 67108864                                  {product} {ergonomic}
   size_t MarkStackSize                            = 4194304                                   {product} {ergonomic}
   size_t MaxHeapSize                              = 2147483648                                {product} {command line}
   size_t MaxNewSize                               = 1287651328                                {product} {ergonomic}
   size_t MinHeapDeltaBytes                        = 1048576                                   {product} {ergonomic}
    uintx NonNMethodCodeHeapSize                   = 5830732                                {pd product} {ergonomic}
    uintx NonProfiledCodeHeapSize                  = 122913754                              {pd product} {ergonomic}
    uintx ProfiledCodeHeapSize                     = 122913754                              {pd product} {ergonomic}
    uintx ReservedCodeCacheSize                    = 251658240                              {pd product} {ergonomic}
     bool SegmentedCodeCache                       = true                                      {product} {ergonomic}
     bool UseCompressedClassPointers               = true                                 {lp64_product} {ergonomic}
     bool UseCompressedOops                        = true                                 {lp64_product} {ergonomic}
     bool UseG1GC                                  = true                                      {product} {ergonomic}
     bool UseLargePagesIndividualAllocation        = false                                  {pd product} {ergonomic}

Logging:
Log output configuration:
 #0: stdout all=warning uptime,level,tags
 #1: stderr all=off uptime,level,tags

Environment Variables:
JAVA_HOME=C:\Program Files\Java\jdk-15.0.1
PATH=C:\oraclexe\app\oracle\product\10.2.0\server\bin;C:\Program Files (x86)\Common Files\Oracle\Java\javapath;C:\ProgramData\Oracle\Java\javapath;C:\Program Files\Common Files\Oracle\Java\javapath;C:\WINDOWS\system32;C:\WINDOWS;C:\WINDOWS\System32\Wbem;C:\WINDOWS\System32\WindowsPowerShell\v1.0\;C:\WINDOWS\System32\OpenSSH\;C:\Program Files (x86)\dotnet\;C:\Program Files\Java\jdk-15.0.1\bin;C:\Program Files\Microsoft SQL Server\Client SDK\ODBC\170\Tools\Binn\;C:\Program Files (x86)\Microsoft SQL Server\150\Tools\Binn\;C:\Program Files\Microsoft SQL Server\150\Tools\Binn\;C:\Program Files\Microsoft SQL Server\150\DTS\Binn\;C:\Program Files (x86)\Microsoft SQL Server\150\DTS\Binn\;C:\Program Files\dotnet\;C:\Program Files\Microsoft SQL Server\130\Tools\Binn\;C:\php;C:\Program Files\Docker\Docker\resources\bin;C:\ProgramData\DockerDesktop\version-bin;C:\Program Files\Git\cmd;C:\Program Files (x86)\Bazaar;C:\Users\JC\AppData\Local\Programs\Python\Python39\Scripts\;C:\Users\JC\AppData\Local\Programs\Python\Python39\;C:\Users\JC\AppData\Local\Microsoft\WindowsApps;;C:\Program Files\Azure Data Studio\bin;C:\Program Files\Azure Data Studio\bin;C:\Users\JC\.dotnet\tools;C:\Users\JC\AppData\Local\Programs\Microsoft VS Code\bin
USERNAME=JC
OS=Windows_NT
PROCESSOR_IDENTIFIER=Intel64 Family 6 Model 69 Stepping 1, GenuineIntel



---------------  S Y S T E M  ---------------

OS: Windows 10 , 64 bit Build 19041 (10.0.19041.1348)
OS uptime: 0 days 12:25 hours
Hyper-V role detected

CPU:total 4 (initial active 4) (2 cores per cpu, 2 threads per core) family 6 model 69 stepping 1 microcode 0x25, cmov, cx8, fxsr, mmx, sse, sse2, sse3, ssse3, sse4.1, sse4.2, popcnt, avx, avx2, aes, clmul, erms, lzcnt, ht, tsc, tscinvbit, bmi1, bmi2, fma

Memory: 4k page, system-wide physical 4027M (399M free)
TotalPageFile size 6825M (AvailPageFile size 3M)
current process WorkingSet (physical memory assigned to process): 280M, peak: 280M
current process commit charge ("private bytes"): 308M, peak: 308M

vm_info: OpenJDK 64-Bit Server VM (11.0.10+0-b96-7249189) for windows-amd64 JRE (11.0.10+0-b96-7249189), built on Mar 31 2021 21:44:00 by "builder" with MS VC++ 14.0 (VS2015)

END.
