#
# There is insufficient memory for the Java Runtime Environment to continue.
# Native memory allocation (malloc) failed to allocate 1815216 bytes for Chunk::new
# Possible reasons:
#   The system is out of physical RAM or swap space
#   The process is running with CompressedOops enabled, and the Java Heap may be blocking the growth of the native heap
# Possible solutions:
#   Reduce memory load on the system
#   Increase physical memory or swap space
#   Check if swap backing store is full
#   Decrease Java heap size (-Xmx/-Xms)
#   Decrease number of Java threads
#   Decrease Java thread stack sizes (-Xss)
#   Set larger code cache with -XX:ReservedCodeCacheSize=
#   JVM is running with Unscaled Compressed Oops mode in which the Java heap is
#     placed in the first 4GB address space. The Java Heap base address is the
#     maximum limit for the native heap growth. Please use -XX:HeapBaseMinAddress
#     to set the Java Heap base and to place the Java Heap above 4GB virtual address.
# This output file may be truncated or incomplete.
#
#  Out of Memory Error (./src/hotspot/share/memory/arena.cpp:197), pid=2880, tid=13008
#
# JRE version: OpenJDK Runtime Environment (11.0.10) (build 11.0.10+0-b96-7249189)
# Java VM: OpenJDK 64-Bit Server VM (11.0.10+0-b96-7249189, mixed mode, tiered, compressed oops, g1 gc, windows-amd64)
# No core dump will be written. Minidumps are not enabled by default on client versions of Windows
#

---------------  S U M M A R Y ------------

Command Line: --add-opens=java.base/java.util=ALL-UNNAMED --add-opens=java.base/java.lang=ALL-UNNAMED --add-opens=java.base/java.lang.invoke=ALL-UNNAMED --add-opens=java.base/java.util=ALL-UNNAMED --add-opens=java.prefs/java.util.prefs=ALL-UNNAMED --add-opens=java.prefs/java.util.prefs=ALL-UNNAMED --add-opens=java.base/java.nio.charset=ALL-UNNAMED --add-opens=java.base/java.net=ALL-UNNAMED --add-opens=java.base/java.util.concurrent.atomic=ALL-UNNAMED -Xmx2048m -Dfile.encoding=UTF-8 -Duser.country=ES -Duser.language=es -Duser.variant org.gradle.launcher.daemon.bootstrap.GradleDaemon 7.0.2

Host: Intel(R) Core(TM) i3-4012Y CPU @ 1.50GHz, 4 cores, 3G,  Windows 10 , 64 bit Build 19041 (10.0.19041.1466)
Time: Mon Feb  7 22:29:14 2022 Hora est. Pacífico, Sudamérica elapsed time: 155.310850 seconds (0d 0h 2m 35s)

---------------  T H R E A D  ---------------

Current thread (0x000001dbc44bf000):  JavaThread "C2 CompilerThread0" daemon [_thread_in_native, id=13008, stack(0x00000011c8400000,0x00000011c8500000)]


Current CompileTask:
C2: 155311 5563       4       org.objectweb.asm.ClassWriter::toByteArray (1535 bytes)

Stack: [0x00000011c8400000,0x00000011c8500000]
Native frames: (J=compiled Java code, j=interpreted, Vv=VM code, C=native code)
V  [jvm.dll+0x5ecfaa]
V  [jvm.dll+0x722bd5]
V  [jvm.dll+0x72412d]
V  [jvm.dll+0x7247e3]
V  [jvm.dll+0x242928]
V  [jvm.dll+0xbc4fc]
V  [jvm.dll+0xbca0c]
V  [jvm.dll+0x352d3b]
V  [jvm.dll+0x320ad3]
V  [jvm.dll+0x31ffca]
V  [jvm.dll+0x1fb602]
V  [jvm.dll+0x1fa7f4]
V  [jvm.dll+0x18354c]
V  [jvm.dll+0x208ee7]
V  [jvm.dll+0x207731]
V  [jvm.dll+0x6eb1cf]
V  [jvm.dll+0x6e3d45]
V  [jvm.dll+0x5ebe96]
C  [ucrtbase.dll+0x21bb2]
C  [KERNEL32.DLL+0x17034]
C  [ntdll.dll+0x52651]


---------------  P R O C E S S  ---------------

Threads class SMR info:
_java_thread_list=0x000001dbc79df0e0, length=34, elements={
0x000001dbaa8bd000, 0x000001dbc4459800, 0x000001dbc4465800, 0x000001dbc44b3800,
0x000001dbc44b8000, 0x000001dbc44ba800, 0x000001dbc44bf000, 0x000001dbc44c0800,
0x000001dbc44c7800, 0x000001dbc4f39800, 0x000001dbc69ce000, 0x000001dbc5a7e000,
0x000001dbc5c63000, 0x000001dbc5aca000, 0x000001dbc6718000, 0x000001dbc57dd800,
0x000001dbc5c29800, 0x000001dbc5011800, 0x000001dbc5f67800, 0x000001dbc5f62800,
0x000001dbc5f61800, 0x000001dbc5f68000, 0x000001dbc5f64000, 0x000001dbc5f63800,
0x000001dbc5f65000, 0x000001dbc5f65800, 0x000001dbc5f66800, 0x000001dbc7033000,
0x000001dbc7034000, 0x000001dbc7034800, 0x000001dbc7035800, 0x000001dbc7036800,
0x000001dbc7038000, 0x000001dbc7032800
}

Java Threads: ( => current thread )
  0x000001dbaa8bd000 JavaThread "main" [_thread_blocked, id=11664, stack(0x00000011c7800000,0x00000011c7900000)]
  0x000001dbc4459800 JavaThread "Reference Handler" daemon [_thread_blocked, id=2400, stack(0x00000011c7f00000,0x00000011c8000000)]
  0x000001dbc4465800 JavaThread "Finalizer" daemon [_thread_blocked, id=10720, stack(0x00000011c8000000,0x00000011c8100000)]
  0x000001dbc44b3800 JavaThread "Signal Dispatcher" daemon [_thread_blocked, id=1816, stack(0x00000011c8100000,0x00000011c8200000)]
  0x000001dbc44b8000 JavaThread "Attach Listener" daemon [_thread_blocked, id=8144, stack(0x00000011c8200000,0x00000011c8300000)]
  0x000001dbc44ba800 JavaThread "Service Thread" daemon [_thread_blocked, id=1700, stack(0x00000011c8300000,0x00000011c8400000)]
=>0x000001dbc44bf000 JavaThread "C2 CompilerThread0" daemon [_thread_in_native, id=13008, stack(0x00000011c8400000,0x00000011c8500000)]
  0x000001dbc44c0800 JavaThread "C1 CompilerThread0" daemon [_thread_blocked, id=7092, stack(0x00000011c8500000,0x00000011c8600000)]
  0x000001dbc44c7800 JavaThread "Sweeper thread" daemon [_thread_blocked, id=14228, stack(0x00000011c8600000,0x00000011c8700000)]
  0x000001dbc4f39800 JavaThread "Common-Cleaner" daemon [_thread_blocked, id=2680, stack(0x00000011c8700000,0x00000011c8800000)]
  0x000001dbc69ce000 JavaThread "Daemon health stats" [_thread_blocked, id=12020, stack(0x00000011c8a00000,0x00000011c8b00000)]
  0x000001dbc5a7e000 JavaThread "Incoming local TCP Connector on port 64510" [_thread_in_native, id=9448, stack(0x00000011c8b00000,0x00000011c8c00000)]
  0x000001dbc5c63000 JavaThread "Daemon periodic checks" [_thread_blocked, id=11200, stack(0x00000011c8c00000,0x00000011c8d00000)]
  0x000001dbc5aca000 JavaThread "Daemon" [_thread_blocked, id=3252, stack(0x00000011c8d00000,0x00000011c8e00000)]
  0x000001dbc6718000 JavaThread "Handler for socket connection from /127.0.0.1:64510 to /127.0.0.1:64511" [_thread_in_native, id=3584, stack(0x00000011c8e00000,0x00000011c8f00000)]
  0x000001dbc57dd800 JavaThread "Cancel handler" [_thread_blocked, id=1756, stack(0x00000011c8f00000,0x00000011c9000000)]
  0x000001dbc5c29800 JavaThread "Daemon worker" [_thread_blocked, id=7340, stack(0x00000011c9000000,0x00000011c9100000)]
  0x000001dbc5011800 JavaThread "Asynchronous log dispatcher for DefaultDaemonConnection: socket connection from /127.0.0.1:64510 to /127.0.0.1:64511" [_thread_blocked, id=9568, stack(0x00000011c9100000,0x00000011c9200000)]
  0x000001dbc5f67800 JavaThread "Daemon client event forwarder" [_thread_blocked, id=10740, stack(0x00000011c9300000,0x00000011c9400000)]
  0x000001dbc5f62800 JavaThread "Cache worker for file hash cache (C:\Users\JC\.gradle\caches\7.0.2\fileHashes)" [_thread_blocked, id=4104, stack(0x00000011c9600000,0x00000011c9700000)]
  0x000001dbc5f61800 JavaThread "File lock request listener" [_thread_in_native, id=9720, stack(0x00000011c9700000,0x00000011c9800000)]
  0x000001dbc5f68000 JavaThread "Cache worker for journal cache (C:\Users\JC\.gradle\caches\journal-1)" [_thread_blocked, id=12068, stack(0x00000011c9800000,0x00000011c9900000)]
  0x000001dbc5f64000 JavaThread "Cache worker for file hash cache (C:\Users\JC\AndroidStudioProjects\LoginUTA\.gradle\7.0.2\fileHashes)" [_thread_blocked, id=8952, stack(0x00000011c9900000,0x00000011c9a00000)]
  0x000001dbc5f63800 JavaThread "File watcher server" daemon [_thread_in_native, id=6016, stack(0x00000011c9a00000,0x00000011c9b00000)]
  0x000001dbc5f65000 JavaThread "File watcher consumer" daemon [_thread_blocked, id=6968, stack(0x00000011c9b00000,0x00000011c9c00000)]
  0x000001dbc5f65800 JavaThread "jar transforms" [_thread_in_Java, id=14176, stack(0x00000011c9c00000,0x00000011c9d00000)]
  0x000001dbc5f66800 JavaThread "jar transforms Thread 2" [_thread_blocked, id=11952, stack(0x00000011c9d00000,0x00000011c9e00000)]
  0x000001dbc7033000 JavaThread "jar transforms Thread 3" [_thread_blocked, id=10952, stack(0x00000011c9e00000,0x00000011c9f00000)]
  0x000001dbc7034000 JavaThread "jar transforms Thread 4" [_thread_blocked, id=4800, stack(0x00000011c9f00000,0x00000011ca000000)]
  0x000001dbc7034800 JavaThread "Cache worker for checksums cache (C:\Users\JC\AndroidStudioProjects\LoginUTA\.gradle\checksums)" [_thread_blocked, id=6936, stack(0x00000011ca000000,0x00000011ca100000)]
  0x000001dbc7035800 JavaThread "Cache worker for cache directory md-supplier (C:\Users\JC\.gradle\caches\7.0.2\md-supplier)" [_thread_blocked, id=12332, stack(0x00000011ca100000,0x00000011ca200000)]
  0x000001dbc7036800 JavaThread "Cache worker for cache directory md-rule (C:\Users\JC\.gradle\caches\7.0.2\md-rule)" [_thread_blocked, id=3028, stack(0x00000011ca200000,0x00000011ca300000)]
  0x000001dbc7038000 JavaThread "Cache worker for execution history cache (C:\Users\JC\.gradle\caches\7.0.2\executionHistory)" [_thread_blocked, id=7904, stack(0x00000011ca300000,0x00000011ca400000)]
  0x000001dbc7032800 JavaThread "Cache worker for file content cache (C:\Users\JC\.gradle\caches\7.0.2\fileContent)" [_thread_blocked, id=2596, stack(0x00000011c7500000,0x00000011c7600000)]

Other Threads:
  0x000001dbc4451800 VMThread "VM Thread" [stack: 0x00000011c7e00000,0x00000011c7f00000] [id=10696]
  0x000001dbc4f59000 WatcherThread [stack: 0x00000011c8800000,0x00000011c8900000] [id=9624]
  0x000001dbaa8d3800 GCTaskThread "GC Thread#0" [stack: 0x00000011c7900000,0x00000011c7a00000] [id=8436]
  0x000001dbc5253800 GCTaskThread "GC Thread#1" [stack: 0x00000011c8900000,0x00000011c8a00000] [id=6152]
  0x000001dbc4ec1800 GCTaskThread "GC Thread#2" [stack: 0x00000011c9400000,0x00000011c9500000] [id=12932]
  0x000001dbc516e000 GCTaskThread "GC Thread#3" [stack: 0x00000011c9500000,0x00000011c9600000] [id=9356]
  0x000001dbaa909000 ConcurrentGCThread "G1 Main Marker" [stack: 0x00000011c7a00000,0x00000011c7b00000] [id=9272]
  0x000001dbaa90a000 ConcurrentGCThread "G1 Conc#0" [stack: 0x00000011c7b00000,0x00000011c7c00000] [id=2312]
  0x000001dbaa961000 ConcurrentGCThread "G1 Refine#0" [stack: 0x00000011c7c00000,0x00000011c7d00000] [id=5592]
  0x000001dbaa962000 ConcurrentGCThread "G1 Young RemSet Sampling" [stack: 0x00000011c7d00000,0x00000011c7e00000] [id=12964]

Threads with active compile tasks:
C2 CompilerThread0 155732 5563       4       org.objectweb.asm.ClassWriter::toByteArray (1535 bytes)

VM state:not at safepoint (normal execution)

VM Mutex/Monitor currently owned by a thread: None

Heap address: 0x0000000080000000, size: 2048 MB, Compressed Oops mode: 32-bit
Narrow klass base: 0x0000000000000000, Narrow klass shift: 3
Compressed class space size: 1073741824 Address: 0x0000000100000000

Heap:
 garbage-first heap   total 199680K, used 95846K [0x0000000080000000, 0x0000000100000000)
  region size 1024K, 36 young (36864K), 8 survivors (8192K)
 Metaspace       used 47789K, capacity 49033K, committed 49152K, reserved 1091584K
  class space    used 6128K, capacity 6618K, committed 6656K, reserved 1048576K
Heap Regions: E=young(eden), S=young(survivor), O=old, HS=humongous(starts), HC=humongous(continues), CS=collection set, F=free, A=archive, TAMS=top-at-mark-start (previous, next)
|   0|0x0000000080000000, 0x0000000080100000, 0x0000000080100000|100%| O|  |TAMS 0x0000000080100000, 0x0000000080000000| Untracked 
|   1|0x0000000080100000, 0x0000000080200000, 0x0000000080200000|100%| O|  |TAMS 0x0000000080200000, 0x0000000080100000| Untracked 
|   2|0x0000000080200000, 0x0000000080300000, 0x0000000080300000|100%| O|  |TAMS 0x0000000080300000, 0x0000000080200000| Untracked 
|   3|0x0000000080300000, 0x0000000080400000, 0x0000000080400000|100%|HS|  |TAMS 0x0000000080400000, 0x0000000080300000| Complete 
|   4|0x0000000080400000, 0x0000000080500000, 0x0000000080500000|100%|HC|  |TAMS 0x0000000080500000, 0x0000000080400000| Complete 
|   5|0x0000000080500000, 0x0000000080600000, 0x0000000080600000|100%|HC|  |TAMS 0x0000000080600000, 0x0000000080500000| Complete 
|   6|0x0000000080600000, 0x0000000080700000, 0x0000000080700000|100%| O|  |TAMS 0x0000000080700000, 0x0000000080600000| Untracked 
|   7|0x0000000080700000, 0x0000000080800000, 0x0000000080800000|100%| O|  |TAMS 0x0000000080800000, 0x0000000080700000| Untracked 
|   8|0x0000000080800000, 0x0000000080900000, 0x0000000080900000|100%| O|  |TAMS 0x0000000080900000, 0x0000000080800000| Untracked 
|   9|0x0000000080900000, 0x0000000080a00000, 0x0000000080a00000|100%| O|  |TAMS 0x0000000080a00000, 0x0000000080900000| Untracked 
|  10|0x0000000080a00000, 0x0000000080b00000, 0x0000000080b00000|100%| O|  |TAMS 0x0000000080b00000, 0x0000000080a00000| Untracked 
|  11|0x0000000080b00000, 0x0000000080c00000, 0x0000000080c00000|100%| O|  |TAMS 0x0000000080c00000, 0x0000000080b00000| Untracked 
|  12|0x0000000080c00000, 0x0000000080d00000, 0x0000000080d00000|100%| O|  |TAMS 0x0000000080d00000, 0x0000000080c00000| Untracked 
|  13|0x0000000080d00000, 0x0000000080e00000, 0x0000000080e00000|100%| O|  |TAMS 0x0000000080e00000, 0x0000000080d00000| Untracked 
|  14|0x0000000080e00000, 0x0000000080f00000, 0x0000000080f00000|100%| O|  |TAMS 0x0000000080f00000, 0x0000000080e00000| Untracked 
|  15|0x0000000080f00000, 0x0000000081000000, 0x0000000081000000|100%| O|  |TAMS 0x0000000081000000, 0x0000000080f00000| Untracked 
|  16|0x0000000081000000, 0x0000000081100000, 0x0000000081100000|100%|HS|  |TAMS 0x0000000081100000, 0x0000000081000000| Complete 
|  17|0x0000000081100000, 0x0000000081200000, 0x0000000081200000|100%|HC|  |TAMS 0x0000000081200000, 0x0000000081100000| Complete 
|  18|0x0000000081200000, 0x0000000081300000, 0x0000000081300000|100%|HS|  |TAMS 0x0000000081300000, 0x0000000081200000| Complete 
|  19|0x0000000081300000, 0x0000000081400000, 0x0000000081400000|100%|HC|  |TAMS 0x0000000081400000, 0x0000000081300000| Complete 
|  20|0x0000000081400000, 0x0000000081500000, 0x0000000081500000|100%|HC|  |TAMS 0x0000000081500000, 0x0000000081400000| Complete 
|  21|0x0000000081500000, 0x0000000081600000, 0x0000000081600000|100%|HS|  |TAMS 0x0000000081600000, 0x0000000081500000| Complete 
|  22|0x0000000081600000, 0x0000000081700000, 0x0000000081700000|100%|HC|  |TAMS 0x0000000081700000, 0x0000000081600000| Complete 
|  23|0x0000000081700000, 0x0000000081800000, 0x0000000081800000|100%|HC|  |TAMS 0x0000000081800000, 0x0000000081700000| Complete 
|  24|0x0000000081800000, 0x0000000081900000, 0x0000000081900000|100%|HC|  |TAMS 0x0000000081900000, 0x0000000081800000| Complete 
|  25|0x0000000081900000, 0x0000000081a00000, 0x0000000081a00000|100%|HC|  |TAMS 0x0000000081a00000, 0x0000000081900000| Complete 
|  26|0x0000000081a00000, 0x0000000081b00000, 0x0000000081b00000|100%| O|  |TAMS 0x0000000081b00000, 0x0000000081a00000| Untracked 
|  27|0x0000000081b00000, 0x0000000081c00000, 0x0000000081c00000|100%| O|  |TAMS 0x0000000081c00000, 0x0000000081b00000| Untracked 
|  28|0x0000000081c00000, 0x0000000081d00000, 0x0000000081d00000|100%| O|  |TAMS 0x0000000081d00000, 0x0000000081c00000| Untracked 
|  29|0x0000000081d00000, 0x0000000081e00000, 0x0000000081e00000|100%| O|  |TAMS 0x0000000081e00000, 0x0000000081d00000| Untracked 
|  30|0x0000000081e00000, 0x0000000081f00000, 0x0000000081f00000|100%| O|  |TAMS 0x0000000081f00000, 0x0000000081e00000| Untracked 
|  31|0x0000000081f00000, 0x0000000082000000, 0x0000000082000000|100%| O|  |TAMS 0x0000000082000000, 0x0000000081f00000| Untracked 
|  32|0x0000000082000000, 0x0000000082100000, 0x0000000082100000|100%| O|  |TAMS 0x0000000082100000, 0x0000000082000000| Untracked 
|  33|0x0000000082100000, 0x0000000082200000, 0x0000000082200000|100%| O|  |TAMS 0x0000000082200000, 0x0000000082100000| Untracked 
|  34|0x0000000082200000, 0x0000000082300000, 0x0000000082300000|100%| O|  |TAMS 0x0000000082300000, 0x0000000082200000| Untracked 
|  35|0x0000000082300000, 0x0000000082400000, 0x0000000082400000|100%| O|  |TAMS 0x0000000082400000, 0x0000000082300000| Untracked 
|  36|0x0000000082400000, 0x0000000082500000, 0x0000000082500000|100%| O|  |TAMS 0x0000000082500000, 0x0000000082400000| Untracked 
|  37|0x0000000082500000, 0x0000000082600000, 0x0000000082600000|100%| O|  |TAMS 0x0000000082600000, 0x0000000082500000| Untracked 
|  38|0x0000000082600000, 0x0000000082700000, 0x0000000082700000|100%| O|  |TAMS 0x0000000082700000, 0x0000000082600000| Untracked 
|  39|0x0000000082700000, 0x0000000082800000, 0x0000000082800000|100%| O|  |TAMS 0x0000000082800000, 0x0000000082700000| Untracked 
|  40|0x0000000082800000, 0x0000000082900000, 0x0000000082900000|100%| O|  |TAMS 0x0000000082800000, 0x0000000082800000| Untracked 
|  41|0x0000000082900000, 0x0000000082a00000, 0x0000000082a00000|100%| O|  |TAMS 0x0000000082900000, 0x0000000082900000| Untracked 
|  42|0x0000000082a00000, 0x0000000082b00000, 0x0000000082b00000|100%| O|  |TAMS 0x0000000082a00000, 0x0000000082a00000| Untracked 
|  43|0x0000000082b00000, 0x0000000082c00000, 0x0000000082c00000|100%| O|  |TAMS 0x0000000082b00000, 0x0000000082b00000| Untracked 
|  44|0x0000000082c00000, 0x0000000082d00000, 0x0000000082d00000|100%| O|  |TAMS 0x0000000082c00000, 0x0000000082c00000| Untracked 
|  45|0x0000000082d00000, 0x0000000082e00000, 0x0000000082e00000|100%| O|  |TAMS 0x0000000082e00000, 0x0000000082d00000| Untracked 
|  46|0x0000000082e00000, 0x0000000082f00000, 0x0000000082f00000|100%| O|  |TAMS 0x0000000082e0c800, 0x0000000082e00000| Untracked 
|  47|0x0000000082f00000, 0x0000000083000000, 0x0000000083000000|100%| O|  |TAMS 0x0000000082f00000, 0x0000000082f00000| Untracked 
|  48|0x0000000083000000, 0x0000000083100000, 0x0000000083100000|100%| O|  |TAMS 0x0000000083000000, 0x0000000083000000| Untracked 
|  49|0x0000000083100000, 0x00000000831fc400, 0x0000000083200000| 98%| O|  |TAMS 0x0000000083100000, 0x0000000083100000| Untracked 
|  50|0x0000000083200000, 0x0000000083300000, 0x0000000083300000|100%| O|  |TAMS 0x0000000083200000, 0x0000000083200000| Untracked 
|  51|0x0000000083300000, 0x0000000083400000, 0x0000000083400000|100%|HS|  |TAMS 0x0000000083300000, 0x0000000083300000| Complete 
|  52|0x0000000083400000, 0x0000000083500000, 0x0000000083500000|100%|HC|  |TAMS 0x0000000083400000, 0x0000000083400000| Complete 
|  53|0x0000000083500000, 0x0000000083600000, 0x0000000083600000|100%|HC|  |TAMS 0x0000000083500000, 0x0000000083500000| Complete 
|  54|0x0000000083600000, 0x0000000083700000, 0x0000000083700000|100%|HC|  |TAMS 0x0000000083600000, 0x0000000083600000| Complete 
|  55|0x0000000083700000, 0x0000000083800000, 0x0000000083800000|100%|HC|  |TAMS 0x0000000083700000, 0x0000000083700000| Complete 
|  56|0x0000000083800000, 0x0000000083900000, 0x0000000083900000|100%|HS|  |TAMS 0x0000000083800000, 0x0000000083800000| Complete 
|  57|0x0000000083900000, 0x0000000083a00000, 0x0000000083a00000|100%|HC|  |TAMS 0x0000000083900000, 0x0000000083900000| Complete 
|  58|0x0000000083a00000, 0x0000000083b00000, 0x0000000083b00000|100%|HC|  |TAMS 0x0000000083a00000, 0x0000000083a00000| Complete 
|  59|0x0000000083b00000, 0x0000000083b00000, 0x0000000083c00000|  0%| F|  |TAMS 0x0000000083b00000, 0x0000000083b00000| Untracked 
|  60|0x0000000083c00000, 0x0000000083c00000, 0x0000000083d00000|  0%| F|  |TAMS 0x0000000083c00000, 0x0000000083c00000| Untracked 
|  61|0x0000000083d00000, 0x0000000083d00000, 0x0000000083e00000|  0%| F|  |TAMS 0x0000000083d00000, 0x0000000083d00000| Untracked 
|  62|0x0000000083e00000, 0x0000000083e00000, 0x0000000083f00000|  0%| F|  |TAMS 0x0000000083e00000, 0x0000000083e00000| Untracked 
|  63|0x0000000083f00000, 0x0000000083f00000, 0x0000000084000000|  0%| F|  |TAMS 0x0000000083f00000, 0x0000000083f00000| Untracked 
|  64|0x0000000084000000, 0x0000000084000000, 0x0000000084100000|  0%| F|  |TAMS 0x0000000084000000, 0x0000000084000000| Untracked 
|  65|0x0000000084100000, 0x0000000084100000, 0x0000000084200000|  0%| F|  |TAMS 0x0000000084100000, 0x0000000084100000| Untracked 
|  66|0x0000000084200000, 0x0000000084200000, 0x0000000084300000|  0%| F|  |TAMS 0x0000000084200000, 0x0000000084200000| Untracked 
|  67|0x0000000084300000, 0x0000000084300000, 0x0000000084400000|  0%| F|  |TAMS 0x0000000084300000, 0x0000000084300000| Untracked 
|  68|0x0000000084400000, 0x0000000084400000, 0x0000000084500000|  0%| F|  |TAMS 0x0000000084400000, 0x0000000084400000| Untracked 
|  69|0x0000000084500000, 0x0000000084500000, 0x0000000084600000|  0%| F|  |TAMS 0x0000000084500000, 0x0000000084500000| Untracked 
|  70|0x0000000084600000, 0x0000000084600000, 0x0000000084700000|  0%| F|  |TAMS 0x0000000084600000, 0x0000000084600000| Untracked 
|  71|0x0000000084700000, 0x0000000084700000, 0x0000000084800000|  0%| F|  |TAMS 0x0000000084700000, 0x0000000084700000| Untracked 
|  72|0x0000000084800000, 0x0000000084800000, 0x0000000084900000|  0%| F|  |TAMS 0x0000000084800000, 0x0000000084800000| Untracked 
|  73|0x0000000084900000, 0x0000000084900000, 0x0000000084a00000|  0%| F|  |TAMS 0x0000000084900000, 0x0000000084900000| Untracked 
|  74|0x0000000084a00000, 0x0000000084a00000, 0x0000000084b00000|  0%| F|  |TAMS 0x0000000084a00000, 0x0000000084a00000| Untracked 
|  75|0x0000000084b00000, 0x0000000084b00000, 0x0000000084c00000|  0%| F|  |TAMS 0x0000000084b00000, 0x0000000084b00000| Untracked 
|  76|0x0000000084c00000, 0x0000000084c00000, 0x0000000084d00000|  0%| F|  |TAMS 0x0000000084c00000, 0x0000000084c00000| Untracked 
|  77|0x0000000084d00000, 0x0000000084d00000, 0x0000000084e00000|  0%| F|  |TAMS 0x0000000084d00000, 0x0000000084d00000| Untracked 
|  78|0x0000000084e00000, 0x0000000084e9d5e0, 0x0000000084f00000| 61%| S|CS|TAMS 0x0000000084e00000, 0x0000000084e00000| Complete 
|  79|0x0000000084f00000, 0x0000000085000000, 0x0000000085000000|100%| S|CS|TAMS 0x0000000084f00000, 0x0000000084f00000| Complete 
|  80|0x0000000085000000, 0x0000000085100000, 0x0000000085100000|100%| S|CS|TAMS 0x0000000085000000, 0x0000000085000000| Complete 
|  81|0x0000000085100000, 0x0000000085200000, 0x0000000085200000|100%| S|CS|TAMS 0x0000000085100000, 0x0000000085100000| Complete 
|  82|0x0000000085200000, 0x0000000085300000, 0x0000000085300000|100%| S|CS|TAMS 0x0000000085200000, 0x0000000085200000| Complete 
|  83|0x0000000085300000, 0x0000000085400000, 0x0000000085400000|100%| S|CS|TAMS 0x0000000085300000, 0x0000000085300000| Complete 
|  84|0x0000000085400000, 0x0000000085500000, 0x0000000085500000|100%| S|CS|TAMS 0x0000000085400000, 0x0000000085400000| Complete 
|  85|0x0000000085500000, 0x0000000085600000, 0x0000000085600000|100%| S|CS|TAMS 0x0000000085500000, 0x0000000085500000| Complete 
|  86|0x0000000085600000, 0x0000000085600000, 0x0000000085700000|  0%| F|  |TAMS 0x0000000085600000, 0x0000000085600000| Untracked 
|  87|0x0000000085700000, 0x0000000085700000, 0x0000000085800000|  0%| F|  |TAMS 0x0000000085700000, 0x0000000085700000| Untracked 
|  88|0x0000000085800000, 0x0000000085800000, 0x0000000085900000|  0%| F|  |TAMS 0x0000000085800000, 0x0000000085800000| Untracked 
|  89|0x0000000085900000, 0x0000000085900000, 0x0000000085a00000|  0%| F|  |TAMS 0x0000000085900000, 0x0000000085900000| Untracked 
|  90|0x0000000085a00000, 0x0000000085a00000, 0x0000000085b00000|  0%| F|  |TAMS 0x0000000085a00000, 0x0000000085a00000| Untracked 
|  91|0x0000000085b00000, 0x0000000085b00000, 0x0000000085c00000|  0%| F|  |TAMS 0x0000000085b00000, 0x0000000085b00000| Untracked 
|  92|0x0000000085c00000, 0x0000000085c00000, 0x0000000085d00000|  0%| F|  |TAMS 0x0000000085c00000, 0x0000000085c00000| Untracked 
|  93|0x0000000085d00000, 0x0000000085d00000, 0x0000000085e00000|  0%| F|  |TAMS 0x0000000085d00000, 0x0000000085d00000| Untracked 
|  94|0x0000000085e00000, 0x0000000085e00000, 0x0000000085f00000|  0%| F|  |TAMS 0x0000000085e00000, 0x0000000085e00000| Untracked 
|  95|0x0000000085f00000, 0x0000000085f00000, 0x0000000086000000|  0%| F|  |TAMS 0x0000000085f00000, 0x0000000085f00000| Untracked 
|  96|0x0000000086000000, 0x0000000086000000, 0x0000000086100000|  0%| F|  |TAMS 0x0000000086000000, 0x0000000086000000| Untracked 
|  97|0x0000000086100000, 0x0000000086100000, 0x0000000086200000|  0%| F|  |TAMS 0x0000000086100000, 0x0000000086100000| Untracked 
|  98|0x0000000086200000, 0x0000000086200000, 0x0000000086300000|  0%| F|  |TAMS 0x0000000086200000, 0x0000000086200000| Untracked 
|  99|0x0000000086300000, 0x0000000086300000, 0x0000000086400000|  0%| F|  |TAMS 0x0000000086300000, 0x0000000086300000| Untracked 
| 100|0x0000000086400000, 0x0000000086400000, 0x0000000086500000|  0%| F|  |TAMS 0x0000000086400000, 0x0000000086400000| Untracked 
| 101|0x0000000086500000, 0x0000000086500000, 0x0000000086600000|  0%| F|  |TAMS 0x0000000086500000, 0x0000000086500000| Untracked 
| 102|0x0000000086600000, 0x0000000086600000, 0x0000000086700000|  0%| F|  |TAMS 0x0000000086600000, 0x0000000086600000| Untracked 
| 103|0x0000000086700000, 0x0000000086700000, 0x0000000086800000|  0%| F|  |TAMS 0x0000000086700000, 0x0000000086700000| Untracked 
| 104|0x0000000086800000, 0x0000000086800000, 0x0000000086900000|  0%| F|  |TAMS 0x0000000086800000, 0x0000000086800000| Untracked 
| 105|0x0000000086900000, 0x0000000086900000, 0x0000000086a00000|  0%| F|  |TAMS 0x0000000086900000, 0x0000000086900000| Untracked 
| 106|0x0000000086a00000, 0x0000000086a00000, 0x0000000086b00000|  0%| F|  |TAMS 0x0000000086a00000, 0x0000000086a00000| Untracked 
| 107|0x0000000086b00000, 0x0000000086b00000, 0x0000000086c00000|  0%| F|  |TAMS 0x0000000086b00000, 0x0000000086b00000| Untracked 
| 108|0x0000000086c00000, 0x0000000086c00000, 0x0000000086d00000|  0%| F|  |TAMS 0x0000000086c00000, 0x0000000086c00000| Untracked 
| 109|0x0000000086d00000, 0x0000000086d00000, 0x0000000086e00000|  0%| F|  |TAMS 0x0000000086d00000, 0x0000000086d00000| Untracked 
| 110|0x0000000086e00000, 0x0000000086e00000, 0x0000000086f00000|  0%| F|  |TAMS 0x0000000086e00000, 0x0000000086e00000| Untracked 
| 111|0x0000000086f00000, 0x0000000086f00000, 0x0000000087000000|  0%| F|  |TAMS 0x0000000086f00000, 0x0000000086f00000| Untracked 
| 112|0x0000000087000000, 0x0000000087000000, 0x0000000087100000|  0%| F|  |TAMS 0x0000000087000000, 0x0000000087000000| Untracked 
| 113|0x0000000087100000, 0x0000000087100000, 0x0000000087200000|  0%| F|  |TAMS 0x0000000087100000, 0x0000000087100000| Untracked 
| 114|0x0000000087200000, 0x0000000087200000, 0x0000000087300000|  0%| F|  |TAMS 0x0000000087200000, 0x0000000087200000| Untracked 
| 115|0x0000000087300000, 0x0000000087300000, 0x0000000087400000|  0%| F|  |TAMS 0x0000000087300000, 0x0000000087300000| Untracked 
| 116|0x0000000087400000, 0x0000000087400000, 0x0000000087500000|  0%| F|  |TAMS 0x0000000087400000, 0x0000000087400000| Untracked 
| 117|0x0000000087500000, 0x0000000087500000, 0x0000000087600000|  0%| F|  |TAMS 0x0000000087500000, 0x0000000087500000| Untracked 
| 118|0x0000000087600000, 0x0000000087600000, 0x0000000087700000|  0%| F|  |TAMS 0x0000000087600000, 0x0000000087600000| Untracked 
| 119|0x0000000087700000, 0x0000000087700000, 0x0000000087800000|  0%| F|  |TAMS 0x0000000087700000, 0x0000000087700000| Untracked 
| 120|0x0000000087800000, 0x0000000087800000, 0x0000000087900000|  0%| F|  |TAMS 0x0000000087800000, 0x0000000087800000| Untracked 
| 121|0x0000000087900000, 0x0000000087900000, 0x0000000087a00000|  0%| F|  |TAMS 0x0000000087900000, 0x0000000087900000| Untracked 
| 122|0x0000000087a00000, 0x0000000087a00000, 0x0000000087b00000|  0%| F|  |TAMS 0x0000000087a00000, 0x0000000087a00000| Untracked 
| 123|0x0000000087b00000, 0x0000000087b00000, 0x0000000087c00000|  0%| F|  |TAMS 0x0000000087b00000, 0x0000000087b00000| Untracked 
| 124|0x0000000087c00000, 0x0000000087c00000, 0x0000000087d00000|  0%| F|  |TAMS 0x0000000087c00000, 0x0000000087c00000| Untracked 
| 125|0x0000000087d00000, 0x0000000087d00000, 0x0000000087e00000|  0%| F|  |TAMS 0x0000000087d00000, 0x0000000087d00000| Untracked 
| 126|0x0000000087e00000, 0x0000000087e00000, 0x0000000087f00000|  0%| F|  |TAMS 0x0000000087e00000, 0x0000000087e00000| Untracked 
| 127|0x0000000087f00000, 0x0000000087f00000, 0x0000000088000000|  0%| F|  |TAMS 0x0000000087f00000, 0x0000000087f00000| Untracked 
| 128|0x0000000088000000, 0x0000000088000000, 0x0000000088100000|  0%| F|  |TAMS 0x0000000088000000, 0x0000000088000000| Untracked 
| 129|0x0000000088100000, 0x0000000088100000, 0x0000000088200000|  0%| F|  |TAMS 0x0000000088100000, 0x0000000088100000| Untracked 
| 130|0x0000000088200000, 0x0000000088200000, 0x0000000088300000|  0%| F|  |TAMS 0x0000000088200000, 0x0000000088200000| Untracked 
| 131|0x0000000088300000, 0x0000000088300000, 0x0000000088400000|  0%| F|  |TAMS 0x0000000088300000, 0x0000000088300000| Untracked 
| 132|0x0000000088400000, 0x0000000088400000, 0x0000000088500000|  0%| F|  |TAMS 0x0000000088400000, 0x0000000088400000| Untracked 
| 133|0x0000000088500000, 0x0000000088500000, 0x0000000088600000|  0%| F|  |TAMS 0x0000000088500000, 0x0000000088500000| Untracked 
| 134|0x0000000088600000, 0x0000000088600000, 0x0000000088700000|  0%| F|  |TAMS 0x0000000088600000, 0x0000000088600000| Untracked 
| 135|0x0000000088700000, 0x0000000088700000, 0x0000000088800000|  0%| F|  |TAMS 0x0000000088700000, 0x0000000088700000| Untracked 
| 136|0x0000000088800000, 0x0000000088800000, 0x0000000088900000|  0%| F|  |TAMS 0x0000000088800000, 0x0000000088800000| Untracked 
| 137|0x0000000088900000, 0x0000000088900000, 0x0000000088a00000|  0%| F|  |TAMS 0x0000000088900000, 0x0000000088900000| Untracked 
| 138|0x0000000088a00000, 0x0000000088a00000, 0x0000000088b00000|  0%| F|  |TAMS 0x0000000088a00000, 0x0000000088a00000| Untracked 
| 139|0x0000000088b00000, 0x0000000088b00000, 0x0000000088c00000|  0%| F|  |TAMS 0x0000000088b00000, 0x0000000088b00000| Untracked 
| 140|0x0000000088c00000, 0x0000000088c00000, 0x0000000088d00000|  0%| F|  |TAMS 0x0000000088c00000, 0x0000000088c00000| Untracked 
| 141|0x0000000088d00000, 0x0000000088d00000, 0x0000000088e00000|  0%| F|  |TAMS 0x0000000088d00000, 0x0000000088d00000| Untracked 
| 142|0x0000000088e00000, 0x0000000088e00000, 0x0000000088f00000|  0%| F|  |TAMS 0x0000000088e00000, 0x0000000088e00000| Untracked 
| 143|0x0000000088f00000, 0x0000000088f00000, 0x0000000089000000|  0%| F|  |TAMS 0x0000000088f00000, 0x0000000088f00000| Untracked 
| 144|0x0000000089000000, 0x0000000089000000, 0x0000000089100000|  0%| F|  |TAMS 0x0000000089000000, 0x0000000089000000| Untracked 
| 145|0x0000000089100000, 0x0000000089100000, 0x0000000089200000|  0%| F|  |TAMS 0x0000000089100000, 0x0000000089100000| Untracked 
| 146|0x0000000089200000, 0x0000000089200000, 0x0000000089300000|  0%| F|  |TAMS 0x0000000089200000, 0x0000000089200000| Untracked 
| 147|0x0000000089300000, 0x0000000089300000, 0x0000000089400000|  0%| F|  |TAMS 0x0000000089300000, 0x0000000089300000| Untracked 
| 148|0x0000000089400000, 0x0000000089400000, 0x0000000089500000|  0%| F|  |TAMS 0x0000000089400000, 0x0000000089400000| Untracked 
| 149|0x0000000089500000, 0x0000000089500000, 0x0000000089600000|  0%| F|  |TAMS 0x0000000089500000, 0x0000000089500000| Untracked 
| 150|0x0000000089600000, 0x0000000089600000, 0x0000000089700000|  0%| F|  |TAMS 0x0000000089600000, 0x0000000089600000| Untracked 
| 151|0x0000000089700000, 0x0000000089700000, 0x0000000089800000|  0%| F|  |TAMS 0x0000000089700000, 0x0000000089700000| Untracked 
| 152|0x0000000089800000, 0x0000000089800000, 0x0000000089900000|  0%| F|  |TAMS 0x0000000089800000, 0x0000000089800000| Untracked 
| 153|0x0000000089900000, 0x0000000089900000, 0x0000000089a00000|  0%| F|  |TAMS 0x0000000089900000, 0x0000000089900000| Untracked 
| 154|0x0000000089a00000, 0x0000000089a00000, 0x0000000089b00000|  0%| F|  |TAMS 0x0000000089a00000, 0x0000000089a00000| Untracked 
| 155|0x0000000089b00000, 0x0000000089b00000, 0x0000000089c00000|  0%| F|  |TAMS 0x0000000089b00000, 0x0000000089b00000| Untracked 
| 156|0x0000000089c00000, 0x0000000089c00000, 0x0000000089d00000|  0%| F|  |TAMS 0x0000000089c00000, 0x0000000089c00000| Untracked 
| 157|0x0000000089d00000, 0x0000000089d00000, 0x0000000089e00000|  0%| F|  |TAMS 0x0000000089d00000, 0x0000000089d00000| Untracked 
| 158|0x0000000089e00000, 0x0000000089e00000, 0x0000000089f00000|  0%| F|  |TAMS 0x0000000089e00000, 0x0000000089e00000| Untracked 
| 159|0x0000000089f00000, 0x0000000089f00000, 0x000000008a000000|  0%| F|  |TAMS 0x0000000089f00000, 0x0000000089f00000| Untracked 
| 160|0x000000008a000000, 0x000000008a000000, 0x000000008a100000|  0%| F|  |TAMS 0x000000008a000000, 0x000000008a000000| Untracked 
| 161|0x000000008a100000, 0x000000008a100000, 0x000000008a200000|  0%| F|  |TAMS 0x000000008a100000, 0x000000008a100000| Untracked 
| 162|0x000000008a200000, 0x000000008a200000, 0x000000008a300000|  0%| F|  |TAMS 0x000000008a200000, 0x000000008a200000| Untracked 
| 163|0x000000008a300000, 0x000000008a300000, 0x000000008a400000|  0%| F|  |TAMS 0x000000008a300000, 0x000000008a300000| Untracked 
| 164|0x000000008a400000, 0x000000008a400000, 0x000000008a500000|  0%| F|  |TAMS 0x000000008a400000, 0x000000008a400000| Untracked 
| 165|0x000000008a500000, 0x000000008a500000, 0x000000008a600000|  0%| F|  |TAMS 0x000000008a500000, 0x000000008a500000| Untracked 
| 166|0x000000008a600000, 0x000000008a700000, 0x000000008a700000|100%| E|  |TAMS 0x000000008a600000, 0x000000008a600000| Complete 
| 167|0x000000008a700000, 0x000000008a800000, 0x000000008a800000|100%| E|CS|TAMS 0x000000008a700000, 0x000000008a700000| Complete 
| 168|0x000000008a800000, 0x000000008a900000, 0x000000008a900000|100%| E|CS|TAMS 0x000000008a800000, 0x000000008a800000| Complete 
| 169|0x000000008a900000, 0x000000008aa00000, 0x000000008aa00000|100%| E|CS|TAMS 0x000000008a900000, 0x000000008a900000| Complete 
| 170|0x000000008aa00000, 0x000000008ab00000, 0x000000008ab00000|100%| E|CS|TAMS 0x000000008aa00000, 0x000000008aa00000| Complete 
| 171|0x000000008ab00000, 0x000000008ac00000, 0x000000008ac00000|100%| E|CS|TAMS 0x000000008ab00000, 0x000000008ab00000| Complete 
| 172|0x000000008ac00000, 0x000000008ad00000, 0x000000008ad00000|100%| E|CS|TAMS 0x000000008ac00000, 0x000000008ac00000| Complete 
| 173|0x000000008ad00000, 0x000000008ae00000, 0x000000008ae00000|100%| E|CS|TAMS 0x000000008ad00000, 0x000000008ad00000| Complete 
| 174|0x000000008ae00000, 0x000000008af00000, 0x000000008af00000|100%| E|CS|TAMS 0x000000008ae00000, 0x000000008ae00000| Complete 
| 175|0x000000008af00000, 0x000000008b000000, 0x000000008b000000|100%| E|CS|TAMS 0x000000008af00000, 0x000000008af00000| Complete 
| 176|0x000000008b000000, 0x000000008b100000, 0x000000008b100000|100%| E|CS|TAMS 0x000000008b000000, 0x000000008b000000| Complete 
| 177|0x000000008b100000, 0x000000008b200000, 0x000000008b200000|100%| E|CS|TAMS 0x000000008b100000, 0x000000008b100000| Complete 
| 178|0x000000008b200000, 0x000000008b300000, 0x000000008b300000|100%| E|CS|TAMS 0x000000008b200000, 0x000000008b200000| Complete 
| 179|0x000000008b300000, 0x000000008b400000, 0x000000008b400000|100%| E|CS|TAMS 0x000000008b300000, 0x000000008b300000| Complete 
| 180|0x000000008b400000, 0x000000008b500000, 0x000000008b500000|100%| E|CS|TAMS 0x000000008b400000, 0x000000008b400000| Complete 
| 181|0x000000008b500000, 0x000000008b600000, 0x000000008b600000|100%| E|CS|TAMS 0x000000008b500000, 0x000000008b500000| Complete 
| 182|0x000000008b600000, 0x000000008b700000, 0x000000008b700000|100%| E|CS|TAMS 0x000000008b600000, 0x000000008b600000| Complete 
| 183|0x000000008b700000, 0x000000008b800000, 0x000000008b800000|100%| E|CS|TAMS 0x000000008b700000, 0x000000008b700000| Complete 
| 184|0x000000008b800000, 0x000000008b900000, 0x000000008b900000|100%| E|CS|TAMS 0x000000008b800000, 0x000000008b800000| Complete 
| 185|0x000000008b900000, 0x000000008ba00000, 0x000000008ba00000|100%| E|CS|TAMS 0x000000008b900000, 0x000000008b900000| Complete 
| 186|0x000000008ba00000, 0x000000008bb00000, 0x000000008bb00000|100%| E|CS|TAMS 0x000000008ba00000, 0x000000008ba00000| Complete 
| 187|0x000000008bb00000, 0x000000008bc00000, 0x000000008bc00000|100%| E|CS|TAMS 0x000000008bb00000, 0x000000008bb00000| Complete 
| 188|0x000000008bc00000, 0x000000008bd00000, 0x000000008bd00000|100%| E|CS|TAMS 0x000000008bc00000, 0x000000008bc00000| Complete 
| 189|0x000000008bd00000, 0x000000008be00000, 0x000000008be00000|100%| E|CS|TAMS 0x000000008bd00000, 0x000000008bd00000| Complete 
| 190|0x000000008be00000, 0x000000008bf00000, 0x000000008bf00000|100%| E|CS|TAMS 0x000000008be00000, 0x000000008be00000| Complete 
| 191|0x000000008bf00000, 0x000000008c000000, 0x000000008c000000|100%| E|CS|TAMS 0x000000008bf00000, 0x000000008bf00000| Complete 
| 192|0x000000008c000000, 0x000000008c100000, 0x000000008c100000|100%| E|CS|TAMS 0x000000008c000000, 0x000000008c000000| Complete 
| 193|0x000000008c100000, 0x000000008c200000, 0x000000008c200000|100%| E|CS|TAMS 0x000000008c100000, 0x000000008c100000| Complete 
| 194|0x000000008c200000, 0x000000008c300000, 0x000000008c300000|100%| E|CS|TAMS 0x000000008c200000, 0x000000008c200000| Complete 

Card table byte_map: [0x000001dbbd7b0000,0x000001dbbdbb0000] _byte_map_base: 0x000001dbbd3b0000

Marking Bits (Prev, Next): (CMBitMap*) 0x000001dbaa900510, (CMBitMap*) 0x000001dbaa9004d8
 Prev Bits: [0x000001dbbffb0000, 0x000001dbc1fb0000)
 Next Bits: [0x000001dbbdfb0000, 0x000001dbbffb0000)

Polling page: 0x000001dbaa0a0000

Metaspace:

Usage:
  Non-class:     41.42 MB capacity,    40.68 MB ( 98%) used,   629.40 KB (  1%) free+waste,   124.56 KB ( <1%) overhead. 
      Class:      6.46 MB capacity,     5.98 MB ( 93%) used,   429.80 KB (  6%) free+waste,    59.75 KB ( <1%) overhead. 
       Both:     47.88 MB capacity,    46.67 MB ( 97%) used,     1.03 MB (  2%) free+waste,   184.31 KB ( <1%) overhead. 

Virtual space:
  Non-class space:       42.00 MB reserved,      41.50 MB ( 99%) committed 
      Class space:        1.00 GB reserved,       6.50 MB ( <1%) committed 
             Both:        1.04 GB reserved,      48.00 MB (  5%) committed 

Chunk freelists:
   Non-Class:  17.00 KB
       Class:  6.00 KB
        Both:  23.00 KB

MaxMetaspaceSize: 17179869184.00 GB
CompressedClassSpaceSize: 1.00 GB

CodeHeap 'non-profiled nmethods': size=120064Kb used=4835Kb max_used=4835Kb free=115228Kb
 bounds [0x000001dbb5e70000, 0x000001dbb6330000, 0x000001dbbd3b0000]
CodeHeap 'profiled nmethods': size=120000Kb used=12159Kb max_used=12159Kb free=107840Kb
 bounds [0x000001dbae940000, 0x000001dbaf520000, 0x000001dbb5e70000]
CodeHeap 'non-nmethods': size=5696Kb used=2219Kb max_used=2280Kb free=3476Kb
 bounds [0x000001dbae3b0000, 0x000001dbae620000, 0x000001dbae940000]
 total_blobs=6229 nmethods=5436 adapters=704
 compilation: enabled
              stopped_count=0, restarted_count=0
 full_count=0

Compilation events (20 events):
Event: 151.097 Thread 0x000001dbc44bf000 nmethod 5396 0x000001dbb630dd10 code [0x000001dbb630dea0, 0x000001dbb630dfd8]
Event: 151.097 Thread 0x000001dbc44bf000 5538       4       org.gradle.internal.classpath.InstrumentingClasspathFileTransformer::lambda$visitEntries$1 (113 bytes)
Event: 151.382 Thread 0x000001dbc44c0800 5552       3       org.objectweb.asm.MethodWriter::visitTableSwitchInsn (120 bytes)
Event: 151.385 Thread 0x000001dbc44c0800 nmethod 5552 0x000001dbaf51ea90 code [0x000001dbaf51ecc0, 0x000001dbaf51f148]
Event: 152.742 Thread 0x000001dbc44c0800 5561       1       org.gradle.launcher.daemon.server.health.gc.GarbageCollectionEvent::getCount (5 bytes)
Event: 152.742 Thread 0x000001dbc44c0800 nmethod 5561 0x000001dbb630e190 code [0x000001dbb630e340, 0x000001dbb630e3f8]
Event: 152.858 Thread 0x000001dbc44bf000 nmethod 5538 0x000001dbb630e490 code [0x000001dbb630e9c0, 0x000001dbb63137d8]
Event: 152.860 Thread 0x000001dbc44bf000 5397       4       org.apache.tools.zip.ZipUtil::toDosTime (108 bytes)
Event: 152.892 Thread 0x000001dbc44bf000 nmethod 5397 0x000001dbb6316c90 code [0x000001dbb6316e40, 0x000001dbb6317148]
Event: 152.893 Thread 0x000001dbc44bf000 5395       4       org.apache.tools.zip.ZipOutputStream::getGeneralPurposeBits (43 bytes)
Event: 152.900 Thread 0x000001dbc44bf000 nmethod 5395 0x000001dbb6317510 code [0x000001dbb63176c0, 0x000001dbb63177f8]
Event: 152.901 Thread 0x000001dbc44bf000 5398       4       org.apache.tools.zip.ZipEntry::hashCode (8 bytes)
Event: 152.943 Thread 0x000001dbc44bf000 nmethod 5398 0x000001dbb6317910 code [0x000001dbb6317aa0, 0x000001dbb6317e18]
Event: 152.943 Thread 0x000001dbc44bf000 5562       4       org.objectweb.asm.ClassReader::readMethod (1061 bytes)
Event: 153.778 Thread 0x000001dbc44c0800 5564       2       org.objectweb.asm.MethodWriter::visitAnnotationDefault (29 bytes)
Event: 153.779 Thread 0x000001dbc44c0800 nmethod 5564 0x000001dbaf51f490 code [0x000001dbaf51f660, 0x000001dbaf51f9a8]
Event: 154.785 Thread 0x000001dbc44c0800 5567       2       org.objectweb.asm.MethodVisitor::visitMultiANewArrayInsn (17 bytes)
Event: 154.786 Thread 0x000001dbc44c0800 nmethod 5567 0x000001dbaf51fa90 code [0x000001dbaf51fc40, 0x000001dbaf51fd68]
Event: 154.826 Thread 0x000001dbc44bf000 nmethod 5562 0x000001dbb6317f90 code [0x000001dbb6318660, 0x000001dbb63226f8]
Event: 154.827 Thread 0x000001dbc44bf000 5563       4       org.objectweb.asm.ClassWriter::toByteArray (1535 bytes)

GC Heap History (20 events):
Event: 119.804 GC heap before
{Heap before GC invocations=62 (full 0):
 garbage-first heap   total 165888K, used 144590K [0x0000000080000000, 0x0000000100000000)
  region size 1024K, 87 young (89088K), 7 survivors (7168K)
 Metaspace       used 45351K, capacity 46488K, committed 46848K, reserved 1089536K
  class space    used 5878K, capacity 6289K, committed 6400K, reserved 1048576K
}
Event: 119.858 GC heap after
{Heap after GC invocations=63 (full 0):
 garbage-first heap   total 199680K, used 55322K [0x0000000080000000, 0x0000000100000000)
  region size 1024K, 5 young (5120K), 5 survivors (5120K)
 Metaspace       used 45351K, capacity 46488K, committed 46848K, reserved 1089536K
  class space    used 5878K, capacity 6289K, committed 6400K, reserved 1048576K
}
Event: 129.348 GC heap before
{Heap before GC invocations=63 (full 0):
 garbage-first heap   total 199680K, used 159770K [0x0000000080000000, 0x0000000100000000)
  region size 1024K, 104 young (106496K), 5 survivors (5120K)
 Metaspace       used 47756K, capacity 49033K, committed 49152K, reserved 1091584K
  class space    used 6127K, capacity 6618K, committed 6656K, reserved 1048576K
}
Event: 129.401 GC heap after
{Heap after GC invocations=64 (full 0):
 garbage-first heap   total 199680K, used 61882K [0x0000000080000000, 0x0000000100000000)
  region size 1024K, 8 young (8192K), 8 survivors (8192K)
 Metaspace       used 47756K, capacity 49033K, committed 49152K, reserved 1091584K
  class space    used 6127K, capacity 6618K, committed 6656K, reserved 1048576K
}
Event: 132.756 GC heap before
{Heap before GC invocations=64 (full 0):
 garbage-first heap   total 199680K, used 169402K [0x0000000080000000, 0x0000000100000000)
  region size 1024K, 111 young (113664K), 8 survivors (8192K)
 Metaspace       used 47766K, capacity 49033K, committed 49152K, reserved 1091584K
  class space    used 6128K, capacity 6618K, committed 6656K, reserved 1048576K
}
Event: 132.801 GC heap after
{Heap after GC invocations=65 (full 0):
 garbage-first heap   total 199680K, used 62404K [0x0000000080000000, 0x0000000100000000)
  region size 1024K, 8 young (8192K), 8 survivors (8192K)
 Metaspace       used 47766K, capacity 49033K, committed 49152K, reserved 1091584K
  class space    used 6128K, capacity 6618K, committed 6656K, reserved 1048576K
}
Event: 134.986 GC heap before
{Heap before GC invocations=65 (full 0):
 garbage-first heap   total 199680K, used 166852K [0x0000000080000000, 0x0000000100000000)
  region size 1024K, 110 young (112640K), 8 survivors (8192K)
 Metaspace       used 47773K, capacity 49033K, committed 49152K, reserved 1091584K
  class space    used 6128K, capacity 6618K, committed 6656K, reserved 1048576K
}
Event: 135.008 GC heap after
{Heap after GC invocations=66 (full 0):
 garbage-first heap   total 199680K, used 62924K [0x0000000080000000, 0x0000000100000000)
  region size 1024K, 6 young (6144K), 6 survivors (6144K)
 Metaspace       used 47773K, capacity 49033K, committed 49152K, reserved 1091584K
  class space    used 6128K, capacity 6618K, committed 6656K, reserved 1048576K
}
Event: 136.640 GC heap before
{Heap before GC invocations=66 (full 0):
 garbage-first heap   total 199680K, used 166348K [0x0000000080000000, 0x0000000100000000)
  region size 1024K, 108 young (110592K), 6 survivors (6144K)
 Metaspace       used 47775K, capacity 49033K, committed 49152K, reserved 1091584K
  class space    used 6128K, capacity 6618K, committed 6656K, reserved 1048576K
}
Event: 136.652 GC heap after
{Heap after GC invocations=67 (full 0):
 garbage-first heap   total 199680K, used 62070K [0x0000000080000000, 0x0000000100000000)
  region size 1024K, 5 young (5120K), 5 survivors (5120K)
 Metaspace       used 47775K, capacity 49033K, committed 49152K, reserved 1091584K
  class space    used 6128K, capacity 6618K, committed 6656K, reserved 1048576K
}
Event: 143.662 GC heap before
{Heap before GC invocations=67 (full 0):
 garbage-first heap   total 199680K, used 167542K [0x0000000080000000, 0x0000000100000000)
  region size 1024K, 108 young (110592K), 5 survivors (5120K)
 Metaspace       used 47778K, capacity 49033K, committed 49152K, reserved 1091584K
  class space    used 6128K, capacity 6618K, committed 6656K, reserved 1048576K
}
Event: 143.685 GC heap after
{Heap after GC invocations=68 (full 0):
 garbage-first heap   total 199680K, used 63001K [0x0000000080000000, 0x0000000100000000)
  region size 1024K, 6 young (6144K), 6 survivors (6144K)
 Metaspace       used 47778K, capacity 49033K, committed 49152K, reserved 1091584K
  class space    used 6128K, capacity 6618K, committed 6656K, reserved 1048576K
}
Event: 146.535 GC heap before
{Heap before GC invocations=68 (full 0):
 garbage-first heap   total 199680K, used 169497K [0x0000000080000000, 0x0000000100000000)
  region size 1024K, 110 young (112640K), 6 survivors (6144K)
 Metaspace       used 47778K, capacity 49033K, committed 49152K, reserved 1091584K
  class space    used 6128K, capacity 6618K, committed 6656K, reserved 1048576K
}
Event: 146.555 GC heap after
{Heap after GC invocations=69 (full 0):
 garbage-first heap   total 199680K, used 64278K [0x0000000080000000, 0x0000000100000000)
  region size 1024K, 7 young (7168K), 7 survivors (7168K)
 Metaspace       used 47778K, capacity 49033K, committed 49152K, reserved 1091584K
  class space    used 6128K, capacity 6618K, committed 6656K, reserved 1048576K
}
Event: 148.271 GC heap before
{Heap before GC invocations=69 (full 0):
 garbage-first heap   total 199680K, used 170774K [0x0000000080000000, 0x0000000100000000)
  region size 1024K, 111 young (113664K), 7 survivors (7168K)
 Metaspace       used 47780K, capacity 49033K, committed 49152K, reserved 1091584K
  class space    used 6128K, capacity 6618K, committed 6656K, reserved 1048576K
}
Event: 148.293 GC heap after
{Heap after GC invocations=70 (full 0):
 garbage-first heap   total 199680K, used 64923K [0x0000000080000000, 0x0000000100000000)
  region size 1024K, 8 young (8192K), 8 survivors (8192K)
 Metaspace       used 47780K, capacity 49033K, committed 49152K, reserved 1091584K
  class space    used 6128K, capacity 6618K, committed 6656K, reserved 1048576K
}
Event: 149.898 GC heap before
{Heap before GC invocations=70 (full 0):
 garbage-first heap   total 199680K, used 169371K [0x0000000080000000, 0x0000000100000000)
  region size 1024K, 110 young (112640K), 8 survivors (8192K)
 Metaspace       used 47786K, capacity 49033K, committed 49152K, reserved 1091584K
  class space    used 6128K, capacity 6618K, committed 6656K, reserved 1048576K
}
Event: 149.921 GC heap after
{Heap after GC invocations=71 (full 0):
 garbage-first heap   total 199680K, used 66004K [0x0000000080000000, 0x0000000100000000)
  region size 1024K, 9 young (9216K), 9 survivors (9216K)
 Metaspace       used 47786K, capacity 49033K, committed 49152K, reserved 1091584K
  class space    used 6128K, capacity 6618K, committed 6656K, reserved 1048576K
}
Event: 152.606 GC heap before
{Heap before GC invocations=71 (full 0):
 garbage-first heap   total 199680K, used 168404K [0x0000000080000000, 0x0000000100000000)
  region size 1024K, 109 young (111616K), 9 survivors (9216K)
 Metaspace       used 47788K, capacity 49033K, committed 49152K, reserved 1091584K
  class space    used 6128K, capacity 6618K, committed 6656K, reserved 1048576K
}
Event: 152.684 GC heap after
{Heap after GC invocations=72 (full 0):
 garbage-first heap   total 199680K, used 66912K [0x0000000080000000, 0x0000000100000000)
  region size 1024K, 7 young (7168K), 7 survivors (7168K)
 Metaspace       used 47788K, capacity 49033K, committed 49152K, reserved 1091584K
  class space    used 6128K, capacity 6618K, committed 6656K, reserved 1048576K
}

Deoptimization events (20 events):
Event: 147.335 Thread 0x000001dbc5f65800 Uncommon trap: trap_request=0xffffff4d fr.pc=0x000001dbb617ea14 relative=0x0000000000000074
Event: 147.335 Thread 0x000001dbc5f65800 Uncommon trap: reason=unstable_if action=reinterpret pc=0x000001dbb617ea14 method=org.objectweb.asm.Attribute.putAttributes(Lorg/objectweb/asm/SymbolTable;IILorg/objectweb/asm/ByteVector;)V @ 14 c2
Event: 147.335 Thread 0x000001dbc5f65800 DEOPT PACKING pc=0x000001dbb617ea14 sp=0x00000011c9cfe7a0
Event: 147.335 Thread 0x000001dbc5f65800 DEOPT UNPACKING pc=0x000001dbae3d78af sp=0x00000011c9cfe788 mode 2
Event: 147.467 Thread 0x000001dbc5f65800 Uncommon trap: trap_request=0xffffff4d fr.pc=0x000001dbb62adf58 relative=0x0000000000000ed8
Event: 147.467 Thread 0x000001dbc5f65800 Uncommon trap: reason=unstable_if action=reinterpret pc=0x000001dbb62adf58 method=java.lang.String.equals(Ljava/lang/Object;)Z @ 34 c2
Event: 147.467 Thread 0x000001dbc5f65800 DEOPT PACKING pc=0x000001dbb62adf58 sp=0x00000011c9cfe3f0
Event: 147.467 Thread 0x000001dbc5f65800 DEOPT UNPACKING pc=0x000001dbae3d78af sp=0x00000011c9cfe348 mode 2
Event: 147.467 Thread 0x000001dbc5f65800 Uncommon trap: trap_request=0xffffff4d fr.pc=0x000001dbb609e6ac relative=0x0000000000000cac
Event: 147.467 Thread 0x000001dbc5f65800 Uncommon trap: reason=unstable_if action=reinterpret pc=0x000001dbb609e6ac method=java.lang.String.equals(Ljava/lang/Object;)Z @ 34 c2
Event: 147.467 Thread 0x000001dbc5f65800 DEOPT PACKING pc=0x000001dbb609e6ac sp=0x00000011c9cfe340
Event: 147.467 Thread 0x000001dbc5f65800 DEOPT UNPACKING pc=0x000001dbae3d78af sp=0x00000011c9cfe2b0 mode 2
Event: 147.468 Thread 0x000001dbc5f65800 Uncommon trap: trap_request=0xffffff4d fr.pc=0x000001dbb5e94f4c relative=0x00000000000001ac
Event: 147.468 Thread 0x000001dbc5f65800 Uncommon trap: reason=unstable_if action=reinterpret pc=0x000001dbb5e94f4c method=java.lang.String.equals(Ljava/lang/Object;)Z @ 34 c2
Event: 147.468 Thread 0x000001dbc5f65800 DEOPT PACKING pc=0x000001dbb5e94f4c sp=0x00000011c9cfe260
Event: 147.468 Thread 0x000001dbc5f65800 DEOPT UNPACKING pc=0x000001dbae3d78af sp=0x00000011c9cfe208 mode 2
Event: 147.731 Thread 0x000001dbc5f65800 Uncommon trap: trap_request=0xffffff4d fr.pc=0x000001dbb6259ad0 relative=0x0000000000009d50
Event: 147.731 Thread 0x000001dbc5f65800 Uncommon trap: reason=unstable_if action=reinterpret pc=0x000001dbb6259ad0 method=org.objectweb.asm.ClassReader.accept(Lorg/objectweb/asm/ClassVisitor;[Lorg/objectweb/asm/Attribute;I)V @ 420 c2
Event: 147.731 Thread 0x000001dbc5f65800 DEOPT PACKING pc=0x000001dbb6259ad0 sp=0x00000011c9cfe870
Event: 147.731 Thread 0x000001dbc5f65800 DEOPT UNPACKING pc=0x000001dbae3d78af sp=0x00000011c9cfe848 mode 2

Classes redefined (0 events):
No events

Internal exceptions (20 events):
Event: 134.724 Thread 0x000001dbc7033000 Exception <a 'sun/nio/fs/WindowsException'{0x00000000874bed38}> (0x00000000874bed38) thrown at [./src/hotspot/share/prims/jni.cpp, line 615]
Event: 134.726 Thread 0x000001dbc7033000 Exception <a 'sun/nio/fs/WindowsException'{0x00000000874beef0}> (0x00000000874beef0) thrown at [./src/hotspot/share/prims/jni.cpp, line 615]
Event: 134.773 Thread 0x000001dbc7033000 Exception <a 'sun/nio/fs/WindowsException'{0x00000000874c51c0}> (0x00000000874c51c0) thrown at [./src/hotspot/share/prims/jni.cpp, line 615]
Event: 134.779 Thread 0x000001dbc7033000 Exception <a 'sun/nio/fs/WindowsException'{0x0000000086e93508}> (0x0000000086e93508) thrown at [./src/hotspot/share/prims/jni.cpp, line 615]
Event: 134.857 Thread 0x000001dbc7033000 Exception <a 'sun/nio/fs/WindowsException'{0x0000000086e936d0}> (0x0000000086e936d0) thrown at [./src/hotspot/share/prims/jni.cpp, line 615]
Event: 135.104 Thread 0x000001dbc7033000 Exception <a 'sun/nio/fs/WindowsException'{0x000000008c218598}> (0x000000008c218598) thrown at [./src/hotspot/share/prims/jni.cpp, line 615]
Event: 135.109 Thread 0x000001dbc7034000 Exception <a 'sun/nio/fs/WindowsException'{0x000000008b8bd200}> (0x000000008b8bd200) thrown at [./src/hotspot/share/prims/jni.cpp, line 615]
Event: 135.111 Thread 0x000001dbc7034000 Exception <a 'sun/nio/fs/WindowsException'{0x000000008b8bd358}> (0x000000008b8bd358) thrown at [./src/hotspot/share/prims/jni.cpp, line 615]
Event: 135.178 Thread 0x000001dbc7033000 Implicit null exception at 0x000001dbb613e07d to 0x000001dbb6141914
Event: 135.178 Thread 0x000001dbc7033000 Implicit null exception at 0x000001dbb61497fc to 0x000001dbb614ad24
Event: 135.352 Thread 0x000001dbc7034000 Exception <a 'sun/nio/fs/WindowsException'{0x000000008b8c58a0}> (0x000000008b8c58a0) thrown at [./src/hotspot/share/prims/jni.cpp, line 615]
Event: 135.375 Thread 0x000001dbc5f66800 Exception <a 'sun/nio/fs/WindowsException'{0x000000008a5744f0}> (0x000000008a5744f0) thrown at [./src/hotspot/share/prims/jni.cpp, line 615]
Event: 135.378 Thread 0x000001dbc5f66800 Exception <a 'sun/nio/fs/WindowsException'{0x000000008a5746b8}> (0x000000008a5746b8) thrown at [./src/hotspot/share/prims/jni.cpp, line 615]
Event: 135.389 Thread 0x000001dbc7034000 Exception <a 'sun/nio/fs/WindowsException'{0x000000008a1588a0}> (0x000000008a1588a0) thrown at [./src/hotspot/share/prims/jni.cpp, line 615]
Event: 135.391 Thread 0x000001dbc7034000 Exception <a 'sun/nio/fs/WindowsException'{0x000000008a158a38}> (0x000000008a158a38) thrown at [./src/hotspot/share/prims/jni.cpp, line 615]
Event: 135.453 Thread 0x000001dbc7033000 Exception <a 'sun/nio/fs/WindowsException'{0x0000000089dc62e8}> (0x0000000089dc62e8) thrown at [./src/hotspot/share/prims/jni.cpp, line 615]
Event: 135.457 Thread 0x000001dbc7033000 Exception <a 'sun/nio/fs/WindowsException'{0x0000000089dc64a8}> (0x0000000089dc64a8) thrown at [./src/hotspot/share/prims/jni.cpp, line 615]
Event: 135.760 Thread 0x000001dbc5f66800 Exception <a 'sun/nio/fs/WindowsException'{0x000000008a59bd88}> (0x000000008a59bd88) thrown at [./src/hotspot/share/prims/jni.cpp, line 615]
Event: 136.479 Thread 0x000001dbc5f66800 Exception <a 'sun/nio/fs/WindowsException'{0x00000000865f2320}> (0x00000000865f2320) thrown at [./src/hotspot/share/prims/jni.cpp, line 615]
Event: 136.482 Thread 0x000001dbc5f66800 Exception <a 'sun/nio/fs/WindowsException'{0x00000000865f24a8}> (0x00000000865f24a8) thrown at [./src/hotspot/share/prims/jni.cpp, line 615]

Events (20 events):
Event: 129.348 Executing VM operation: G1CollectForAllocation
Event: 129.401 Executing VM operation: G1CollectForAllocation done
Event: 129.493 loading class org/gradle/internal/classpath/InstrumentingTransformer$InstrumentingVisitor$1
Event: 129.493 loading class org/gradle/internal/classpath/InstrumentingTransformer$InstrumentingVisitor$1 done
Event: 132.714 Executing VM operation: G1CollectForAllocation
Event: 132.801 Executing VM operation: G1CollectForAllocation done
Event: 134.986 Executing VM operation: G1CollectForAllocation
Event: 135.008 Executing VM operation: G1CollectForAllocation done
Event: 136.640 Executing VM operation: G1CollectForAllocation
Event: 136.652 Executing VM operation: G1CollectForAllocation done
Event: 143.661 Executing VM operation: G1CollectForAllocation
Event: 143.686 Executing VM operation: G1CollectForAllocation done
Event: 146.535 Executing VM operation: G1CollectForAllocation
Event: 146.555 Executing VM operation: G1CollectForAllocation done
Event: 148.271 Executing VM operation: G1CollectForAllocation
Event: 148.293 Executing VM operation: G1CollectForAllocation done
Event: 149.898 Executing VM operation: G1CollectForAllocation
Event: 149.922 Executing VM operation: G1CollectForAllocation done
Event: 152.606 Executing VM operation: G1CollectForAllocation
Event: 152.684 Executing VM operation: G1CollectForAllocation done


Dynamic libraries:
0x00007ff7de790000 - 0x00007ff7de79a000 	C:\Program Files\Android\Android Studio\jre\bin\java.exe
0x00007ffd7f690000 - 0x00007ffd7f885000 	C:\WINDOWS\SYSTEM32\ntdll.dll
0x00007ffd7f590000 - 0x00007ffd7f64e000 	C:\WINDOWS\System32\KERNEL32.DLL
0x00007ffd7cfc0000 - 0x00007ffd7d288000 	C:\WINDOWS\System32\KERNELBASE.dll
0x00007ffd7d430000 - 0x00007ffd7d530000 	C:\WINDOWS\System32\ucrtbase.dll
0x00007ffd75a60000 - 0x00007ffd75a79000 	C:\Program Files\Android\Android Studio\jre\bin\jli.dll
0x00007ffd7e6e0000 - 0x00007ffd7e881000 	C:\WINDOWS\System32\USER32.dll
0x00007ffd7cda0000 - 0x00007ffd7cdc2000 	C:\WINDOWS\System32\win32u.dll
0x00007ffd7d780000 - 0x00007ffd7d7ab000 	C:\WINDOWS\System32\GDI32.dll
0x00007ffd7d2f0000 - 0x00007ffd7d3fd000 	C:\WINDOWS\System32\gdi32full.dll
0x00007ffd7d630000 - 0x00007ffd7d6cd000 	C:\WINDOWS\System32\msvcp_win.dll
0x00007ffd6b380000 - 0x00007ffd6b61a000 	C:\WINDOWS\WinSxS\amd64_microsoft.windows.common-controls_6595b64144ccf1df_6.0.19041.1110_none_60b5254171f9507e\COMCTL32.dll
0x00007ffd7d890000 - 0x00007ffd7d92e000 	C:\WINDOWS\System32\msvcrt.dll
0x00007ffd75a80000 - 0x00007ffd75a97000 	C:\Program Files\Android\Android Studio\jre\bin\VCRUNTIME140.dll
0x00007ffd7dc30000 - 0x00007ffd7dc60000 	C:\WINDOWS\System32\IMM32.DLL
0x00007ffd50a40000 - 0x00007ffd50add000 	C:\Program Files\Android\Android Studio\jre\bin\msvcp140.dll
0x00007ffd3a820000 - 0x00007ffd3b2ef000 	C:\Program Files\Android\Android Studio\jre\bin\server\jvm.dll
0x00007ffd7e890000 - 0x00007ffd7e93e000 	C:\WINDOWS\System32\ADVAPI32.dll
0x00007ffd7db90000 - 0x00007ffd7dc2c000 	C:\WINDOWS\System32\sechost.dll
0x00007ffd7e0a0000 - 0x00007ffd7e1c5000 	C:\WINDOWS\System32\RPCRT4.dll
0x00007ffd7da60000 - 0x00007ffd7da68000 	C:\WINDOWS\System32\PSAPI.DLL
0x00007ffd6efa0000 - 0x00007ffd6efa9000 	C:\WINDOWS\SYSTEM32\WSOCK32.dll
0x00007ffd7dc60000 - 0x00007ffd7dccb000 	C:\WINDOWS\System32\WS2_32.dll
0x00007ffd71660000 - 0x00007ffd7166a000 	C:\WINDOWS\SYSTEM32\VERSION.dll
0x00007ffd6cdc0000 - 0x00007ffd6cde7000 	C:\WINDOWS\SYSTEM32\WINMM.dll
0x00007ffd7b5e0000 - 0x00007ffd7b5f2000 	C:\WINDOWS\SYSTEM32\kernel.appcore.dll
0x00007ffd6ef80000 - 0x00007ffd6ef91000 	C:\Program Files\Android\Android Studio\jre\bin\verify.dll
0x00007ffd74140000 - 0x00007ffd74324000 	C:\WINDOWS\SYSTEM32\DBGHELP.DLL
0x00007ffd68570000 - 0x00007ffd6859c000 	C:\WINDOWS\SYSTEM32\dbgcore.DLL
0x00007ffd7cdd0000 - 0x00007ffd7ce52000 	C:\WINDOWS\System32\bcryptPrimitives.dll
0x00007ffd50b10000 - 0x00007ffd50b39000 	C:\Program Files\Android\Android Studio\jre\bin\java.dll
0x00007ffd6ef70000 - 0x00007ffd6ef7b000 	C:\Program Files\Android\Android Studio\jre\bin\jimage.dll
0x00007ffd4fd40000 - 0x00007ffd4fd58000 	C:\Program Files\Android\Android Studio\jre\bin\zip.dll
0x00007ffd7ee40000 - 0x00007ffd7f584000 	C:\WINDOWS\System32\SHELL32.dll
0x00007ffd7ac40000 - 0x00007ffd7b3d5000 	C:\WINDOWS\SYSTEM32\windows.storage.dll
0x00007ffd7dcd0000 - 0x00007ffd7e025000 	C:\WINDOWS\System32\combase.dll
0x00007ffd7c780000 - 0x00007ffd7c7ae000 	C:\WINDOWS\SYSTEM32\Wldp.dll
0x00007ffd7d9b0000 - 0x00007ffd7da5d000 	C:\WINDOWS\System32\SHCORE.dll
0x00007ffd7d7b0000 - 0x00007ffd7d805000 	C:\WINDOWS\System32\shlwapi.dll
0x00007ffd7cce0000 - 0x00007ffd7ccff000 	C:\WINDOWS\SYSTEM32\profapi.dll
0x00007ffd4f9b0000 - 0x00007ffd4f9ca000 	C:\Program Files\Android\Android Studio\jre\bin\net.dll
0x00007ffd70e80000 - 0x00007ffd70f8c000 	C:\WINDOWS\SYSTEM32\WINHTTP.dll
0x00007ffd7c460000 - 0x00007ffd7c4ca000 	C:\WINDOWS\system32\mswsock.dll
0x00007ffd4f990000 - 0x00007ffd4f9a4000 	C:\Program Files\Android\Android Studio\jre\bin\nio.dll
0x00007ffd6ea20000 - 0x00007ffd6ea47000 	C:\Users\JC\.gradle\native\8bec1ad78214c89d9ad589b4d07fe93259594b29d510b10fafb7a158f7737e5d\windows-amd64\native-platform.dll
0x00007ffd4f6f0000 - 0x00007ffd4f82d000 	C:\Users\JC\.gradle\native\53dbd7edfb1c66fb8903c78663c9afc45aea4f116125fa6feffd364cf09443e8\windows-amd64\native-platform-file-events.dll
0x00007ffd6ef60000 - 0x00007ffd6ef6a000 	C:\Program Files\Android\Android Studio\jre\bin\management.dll
0x00007ffd56600000 - 0x00007ffd5660c000 	C:\Program Files\Android\Android Studio\jre\bin\management_ext.dll
0x00007ffd7c680000 - 0x00007ffd7c698000 	C:\WINDOWS\SYSTEM32\CRYPTSP.dll
0x00007ffd7bdc0000 - 0x00007ffd7bdf4000 	C:\WINDOWS\system32\rsaenh.dll
0x00007ffd7d400000 - 0x00007ffd7d427000 	C:\WINDOWS\System32\bcrypt.dll
0x00007ffd7cc60000 - 0x00007ffd7cc8e000 	C:\WINDOWS\SYSTEM32\USERENV.dll
0x00007ffd7c670000 - 0x00007ffd7c67c000 	C:\WINDOWS\SYSTEM32\CRYPTBASE.dll
0x00007ffd7c150000 - 0x00007ffd7c18b000 	C:\WINDOWS\SYSTEM32\IPHLPAPI.DLL
0x00007ffd7e090000 - 0x00007ffd7e098000 	C:\WINDOWS\System32\NSI.dll
0x00007ffd71ab0000 - 0x00007ffd71ac7000 	C:\WINDOWS\SYSTEM32\dhcpcsvc6.DLL
0x00007ffd71a90000 - 0x00007ffd71aad000 	C:\WINDOWS\SYSTEM32\dhcpcsvc.DLL
0x00007ffd7c190000 - 0x00007ffd7c25b000 	C:\WINDOWS\SYSTEM32\DNSAPI.dll

dbghelp: loaded successfully - version: 4.0.5 - missing functions: none
symbol engine: initialized successfully - sym options: 0x614 - pdb path: .;C:\Program Files\Android\Android Studio\jre\bin;C:\WINDOWS\SYSTEM32;C:\WINDOWS\WinSxS\amd64_microsoft.windows.common-controls_6595b64144ccf1df_6.0.19041.1110_none_60b5254171f9507e;C:\Program Files\Android\Android Studio\jre\bin\server;C:\Users\JC\.gradle\native\8bec1ad78214c89d9ad589b4d07fe93259594b29d510b10fafb7a158f7737e5d\windows-amd64;C:\Users\JC\.gradle\native\53dbd7edfb1c66fb8903c78663c9afc45aea4f116125fa6feffd364cf09443e8\windows-amd64

VM Arguments:
jvm_args: --add-opens=java.base/java.util=ALL-UNNAMED --add-opens=java.base/java.lang=ALL-UNNAMED --add-opens=java.base/java.lang.invoke=ALL-UNNAMED --add-opens=java.base/java.util=ALL-UNNAMED --add-opens=java.prefs/java.util.prefs=ALL-UNNAMED --add-opens=java.prefs/java.util.prefs=ALL-UNNAMED --add-opens=java.base/java.nio.charset=ALL-UNNAMED --add-opens=java.base/java.net=ALL-UNNAMED --add-opens=java.base/java.util.concurrent.atomic=ALL-UNNAMED -Xmx2048m -Dfile.encoding=UTF-8 -Duser.country=ES -Duser.language=es -Duser.variant 
java_command: org.gradle.launcher.daemon.bootstrap.GradleDaemon 7.0.2
java_class_path (initial): C:\Users\JC\.gradle\wrapper\dists\gradle-7.0.2-bin\857tjihv64xamwrf0h14cai3r\gradle-7.0.2\lib\gradle-launcher-7.0.2.jar
Launcher Type: SUN_STANDARD

[Global flags]
     intx CICompilerCount                          = 3                                         {product} {ergonomic}
     uint ConcGCThreads                            = 1                                         {product} {ergonomic}
     uint G1ConcRefinementThreads                  = 4                                         {product} {ergonomic}
   size_t G1HeapRegionSize                         = 1048576                                   {product} {ergonomic}
    uintx GCDrainStackTargetSize                   = 64                                        {product} {ergonomic}
   size_t InitialHeapSize                          = 67108864                                  {product} {ergonomic}
   size_t MarkStackSize                            = 4194304                                   {product} {ergonomic}
   size_t MaxHeapSize                              = 2147483648                                {product} {command line}
   size_t MaxNewSize                               = 1287651328                                {product} {ergonomic}
   size_t MinHeapDeltaBytes                        = 1048576                                   {product} {ergonomic}
    uintx NonNMethodCodeHeapSize                   = 5830732                                {pd product} {ergonomic}
    uintx NonProfiledCodeHeapSize                  = 122913754                              {pd product} {ergonomic}
    uintx ProfiledCodeHeapSize                     = 122913754                              {pd product} {ergonomic}
    uintx ReservedCodeCacheSize                    = 251658240                              {pd product} {ergonomic}
     bool SegmentedCodeCache                       = true                                      {product} {ergonomic}
     bool UseCompressedClassPointers               = true                                 {lp64_product} {ergonomic}
     bool UseCompressedOops                        = true                                 {lp64_product} {ergonomic}
     bool UseG1GC                                  = true                                      {product} {ergonomic}
     bool UseLargePagesIndividualAllocation        = false                                  {pd product} {ergonomic}

Logging:
Log output configuration:
 #0: stdout all=warning uptime,level,tags
 #1: stderr all=off uptime,level,tags

Environment Variables:
JAVA_HOME=C:\Program Files\Java\jdk-15.0.1
PATH=C:\Program Files\Microsoft\jdk-11.0.12.7-hotspot\bin;C:\oraclexe\app\oracle\product\10.2.0\server\bin;C:\Program Files (x86)\Common Files\Oracle\Java\javapath;C:\ProgramData\Oracle\Java\javapath;C:\Program Files\Common Files\Oracle\Java\javapath;C:\WINDOWS\system32;C:\WINDOWS;C:\WINDOWS\System32\Wbem;C:\WINDOWS\System32\WindowsPowerShell\v1.0\;C:\WINDOWS\System32\OpenSSH\;C:\Program Files\Java\jdk-15.0.1\bin;C:\Program Files\Microsoft SQL Server\Client SDK\ODBC\170\Tools\Binn\;C:\Program Files (x86)\Microsoft SQL Server\150\Tools\Binn\;C:\Program Files\Microsoft SQL Server\150\Tools\Binn\;C:\Program Files\Microsoft SQL Server\150\DTS\Binn\;C:\Program Files (x86)\Microsoft SQL Server\150\DTS\Binn\;C:\Program Files\dotnet\;C:\Program Files\Microsoft SQL Server\130\Tools\Binn\;C:\php;C:\Program Files\Docker\Docker\resources\bin;C:\ProgramData\DockerDesktop\version-bin;C:\Program Files\Git\cmd;C:\Program Files (x86)\Bazaar;C:\Users\JC\AppData\Local\Programs\Python\Python39\Scripts\;C:\Users\JC\AppData\Local\Programs\Python\Python39\;C:\Users\JC\AppData\Local\Microsoft\WindowsApps;;C:\Program Files\Azure Data Studio\bin;C:\Program Files\Azure Data Studio\bin;C:\Users\JC\.dotnet\tools;C:\Users\JC\AppData\Local\Programs\Microsoft VS Code\bin
USERNAME=JC
OS=Windows_NT
PROCESSOR_IDENTIFIER=Intel64 Family 6 Model 69 Stepping 1, GenuineIntel



---------------  S Y S T E M  ---------------

OS: Windows 10 , 64 bit Build 19041 (10.0.19041.1466)
OS uptime: 3 days 0:42 hours
Hyper-V role detected

CPU:total 4 (initial active 4) (2 cores per cpu, 2 threads per core) family 6 model 69 stepping 1 microcode 0x25, cmov, cx8, fxsr, mmx, sse, sse2, sse3, ssse3, sse4.1, sse4.2, popcnt, avx, avx2, aes, clmul, erms, lzcnt, ht, tsc, tscinvbit, bmi1, bmi2, fma

Memory: 4k page, system-wide physical 4027M (307M free)
TotalPageFile size 6825M (AvailPageFile size 6M)
current process WorkingSet (physical memory assigned to process): 359M, peak: 366M
current process commit charge ("private bytes"): 395M, peak: 400M

vm_info: OpenJDK 64-Bit Server VM (11.0.10+0-b96-7249189) for windows-amd64 JRE (11.0.10+0-b96-7249189), built on Mar 31 2021 21:44:00 by "builder" with MS VC++ 14.0 (VS2015)

END.
