#
# There is insufficient memory for the Java Runtime Environment to continue.
# Native memory allocation (malloc) failed to allocate 1344336 bytes for Chunk::new
# Possible reasons:
#   The system is out of physical RAM or swap space
#   The process is running with CompressedOops enabled, and the Java Heap may be blocking the growth of the native heap
# Possible solutions:
#   Reduce memory load on the system
#   Increase physical memory or swap space
#   Check if swap backing store is full
#   Decrease Java heap size (-Xmx/-Xms)
#   Decrease number of Java threads
#   Decrease Java thread stack sizes (-Xss)
#   Set larger code cache with -XX:ReservedCodeCacheSize=
#   JVM is running with Unscaled Compressed Oops mode in which the Java heap is
#     placed in the first 4GB address space. The Java Heap base address is the
#     maximum limit for the native heap growth. Please use -XX:HeapBaseMinAddress
#     to set the Java Heap base and to place the Java Heap above 4GB virtual address.
# This output file may be truncated or incomplete.
#
#  Out of Memory Error (./src/hotspot/share/memory/arena.cpp:197), pid=7248, tid=10232
#
# JRE version: OpenJDK Runtime Environment (11.0.10) (build 11.0.10+0-b96-7249189)
# Java VM: OpenJDK 64-Bit Server VM (11.0.10+0-b96-7249189, mixed mode, tiered, compressed oops, g1 gc, windows-amd64)
# No core dump will be written. Minidumps are not enabled by default on client versions of Windows
#

---------------  S U M M A R Y ------------

Command Line: --add-opens=java.base/java.util=ALL-UNNAMED --add-opens=java.base/java.lang=ALL-UNNAMED --add-opens=java.base/java.lang.invoke=ALL-UNNAMED --add-opens=java.base/java.util=ALL-UNNAMED --add-opens=java.prefs/java.util.prefs=ALL-UNNAMED --add-opens=java.prefs/java.util.prefs=ALL-UNNAMED --add-opens=java.base/java.nio.charset=ALL-UNNAMED --add-opens=java.base/java.net=ALL-UNNAMED --add-opens=java.base/java.util.concurrent.atomic=ALL-UNNAMED -Xmx2048m -Dfile.encoding=UTF-8 -Duser.country=ES -Duser.language=es -Duser.variant org.gradle.launcher.daemon.bootstrap.GradleDaemon 7.0.2

Host: Intel(R) Core(TM) i3-4012Y CPU @ 1.50GHz, 4 cores, 3G,  Windows 10 , 64 bit Build 19041 (10.0.19041.1466)
Time: Tue Feb  8 20:44:30 2022 Hora est. Pacífico, Sudamérica elapsed time: 149.112404 seconds (0d 0h 2m 29s)

---------------  T H R E A D  ---------------

Current thread (0x00000251e7f4c000):  JavaThread "C2 CompilerThread0" daemon [_thread_in_native, id=10232, stack(0x00000062e3e00000,0x00000062e3f00000)]


Current CompileTask:
C2: 149112 9789       4       org.gradle.cache.internal.btree.CachingBlockStore::read (56 bytes)

Stack: [0x00000062e3e00000,0x00000062e3f00000]
Native frames: (J=compiled Java code, j=interpreted, Vv=VM code, C=native code)
V  [jvm.dll+0x5ecfaa]
V  [jvm.dll+0x722bd5]
V  [jvm.dll+0x72412d]
V  [jvm.dll+0x7247e3]
V  [jvm.dll+0x242928]
V  [jvm.dll+0xbc4fc]
V  [jvm.dll+0xbca0c]
V  [jvm.dll+0x352d3b]
V  [jvm.dll+0x320ad3]
V  [jvm.dll+0x31ffca]
V  [jvm.dll+0x1fb602]
V  [jvm.dll+0x1fa7f4]
V  [jvm.dll+0x18354c]
V  [jvm.dll+0x208ee7]
V  [jvm.dll+0x207731]
V  [jvm.dll+0x6eb1cf]
V  [jvm.dll+0x6e3d45]
V  [jvm.dll+0x5ebe96]
C  [ucrtbase.dll+0x21bb2]
C  [KERNEL32.DLL+0x17034]
C  [ntdll.dll+0x52651]


---------------  P R O C E S S  ---------------

Threads class SMR info:
_java_thread_list=0x00000251ed8658f0, length=41, elements={
0x00000251ce454800, 0x00000251e7edc000, 0x00000251e7edf000, 0x00000251e7f35800,
0x00000251e7f39800, 0x00000251e7f3b800, 0x00000251e7f4c000, 0x00000251e7f4d000,
0x00000251e7f5a800, 0x00000251e89cc000, 0x00000251ea934000, 0x00000251e9874800,
0x00000251e9894800, 0x00000251e9d29800, 0x00000251ea1bc000, 0x00000251e9d90800,
0x00000251e9dd1000, 0x00000251e9e6c800, 0x00000251ea9a0800, 0x00000251ea99e800,
0x00000251ea9a1000, 0x00000251ea9a3000, 0x00000251ea99d000, 0x00000251ea9a3800,
0x00000251ea99f800, 0x00000251ea99e000, 0x00000251ea9a2000, 0x00000251e8b7b800,
0x00000251e8b79000, 0x00000251e8b7a000, 0x00000251e8b78800, 0x00000251e8b7b000,
0x00000251e8b7c800, 0x00000251e8b77800, 0x00000251e8b80800, 0x00000251e8b82000,
0x00000251e8b7f000, 0x00000251e8b7e000, 0x00000251e8b84800, 0x00000251e8b85800,
0x00000251e8b86800
}

Java Threads: ( => current thread )
  0x00000251ce454800 JavaThread "main" [_thread_blocked, id=3276, stack(0x00000062e3200000,0x00000062e3300000)]
  0x00000251e7edc000 JavaThread "Reference Handler" daemon [_thread_blocked, id=7716, stack(0x00000062e3900000,0x00000062e3a00000)]
  0x00000251e7edf000 JavaThread "Finalizer" daemon [_thread_blocked, id=12000, stack(0x00000062e3a00000,0x00000062e3b00000)]
  0x00000251e7f35800 JavaThread "Signal Dispatcher" daemon [_thread_blocked, id=11872, stack(0x00000062e3b00000,0x00000062e3c00000)]
  0x00000251e7f39800 JavaThread "Attach Listener" daemon [_thread_blocked, id=9712, stack(0x00000062e3c00000,0x00000062e3d00000)]
  0x00000251e7f3b800 JavaThread "Service Thread" daemon [_thread_blocked, id=1048, stack(0x00000062e3d00000,0x00000062e3e00000)]
=>0x00000251e7f4c000 JavaThread "C2 CompilerThread0" daemon [_thread_in_native, id=10232, stack(0x00000062e3e00000,0x00000062e3f00000)]
  0x00000251e7f4d000 JavaThread "C1 CompilerThread0" daemon [_thread_blocked, id=6484, stack(0x00000062e3f00000,0x00000062e4000000)]
  0x00000251e7f5a800 JavaThread "Sweeper thread" daemon [_thread_blocked, id=7568, stack(0x00000062e4000000,0x00000062e4100000)]
  0x00000251e89cc000 JavaThread "Common-Cleaner" daemon [_thread_blocked, id=11756, stack(0x00000062e4100000,0x00000062e4200000)]
  0x00000251ea934000 JavaThread "Daemon health stats" [_thread_blocked, id=10696, stack(0x00000062e4400000,0x00000062e4500000)]
  0x00000251e9874800 JavaThread "Incoming local TCP Connector on port 54419" [_thread_in_native, id=1916, stack(0x00000062e4500000,0x00000062e4600000)]
  0x00000251e9894800 JavaThread "Daemon periodic checks" [_thread_blocked, id=4284, stack(0x00000062e4600000,0x00000062e4700000)]
  0x00000251e9d29800 JavaThread "Daemon" [_thread_blocked, id=7848, stack(0x00000062e4700000,0x00000062e4800000)]
  0x00000251ea1bc000 JavaThread "Handler for socket connection from /127.0.0.1:54419 to /127.0.0.1:54420" [_thread_in_native, id=4332, stack(0x00000062e4800000,0x00000062e4900000)]
  0x00000251e9d90800 JavaThread "Cancel handler" [_thread_blocked, id=3204, stack(0x00000062e4900000,0x00000062e4a00000)]
  0x00000251e9dd1000 JavaThread "Daemon worker" [_thread_blocked, id=6672, stack(0x00000062e4a00000,0x00000062e4b00000)]
  0x00000251e9e6c800 JavaThread "Asynchronous log dispatcher for DefaultDaemonConnection: socket connection from /127.0.0.1:54419 to /127.0.0.1:54420" [_thread_blocked, id=1884, stack(0x00000062e4b00000,0x00000062e4c00000)]
  0x00000251ea9a0800 JavaThread "Daemon client event forwarder" [_thread_blocked, id=6124, stack(0x00000062e4d00000,0x00000062e4e00000)]
  0x00000251ea99e800 JavaThread "Cache worker for file hash cache (C:\Users\JC\.gradle\caches\7.0.2\fileHashes)" [_thread_blocked, id=3996, stack(0x00000062e5000000,0x00000062e5100000)]
  0x00000251ea9a1000 JavaThread "File lock request listener" [_thread_in_native, id=4644, stack(0x00000062e5100000,0x00000062e5200000)]
  0x00000251ea9a3000 JavaThread "Cache worker for journal cache (C:\Users\JC\.gradle\caches\journal-1)" [_thread_blocked, id=5776, stack(0x00000062e5200000,0x00000062e5300000)]
  0x00000251ea99d000 JavaThread "Cache worker for file hash cache (C:\Users\JC\AndroidStudioProjects\LoginUTA\.gradle\7.0.2\fileHashes)" [_thread_blocked, id=3176, stack(0x00000062e5300000,0x00000062e5400000)]
  0x00000251ea9a3800 JavaThread "File watcher server" daemon [_thread_in_native, id=10468, stack(0x00000062e5400000,0x00000062e5500000)]
  0x00000251ea99f800 JavaThread "File watcher consumer" daemon [_thread_blocked, id=6060, stack(0x00000062e5500000,0x00000062e5600000)]
  0x00000251ea99e000 JavaThread "jar transforms" [_thread_blocked, id=12388, stack(0x00000062e5600000,0x00000062e5700000)]
  0x00000251ea9a2000 JavaThread "jar transforms Thread 2" [_thread_blocked, id=9296, stack(0x00000062e5700000,0x00000062e5800000)]
  0x00000251e8b7b800 JavaThread "jar transforms Thread 3" [_thread_blocked, id=12256, stack(0x00000062e5800000,0x00000062e5900000)]
  0x00000251e8b79000 JavaThread "jar transforms Thread 4" [_thread_blocked, id=6444, stack(0x00000062e5900000,0x00000062e5a00000)]
  0x00000251e8b7a000 JavaThread "Cache worker for checksums cache (C:\Users\JC\AndroidStudioProjects\LoginUTA\.gradle\checksums)" [_thread_blocked, id=11352, stack(0x00000062e5a00000,0x00000062e5b00000)]
  0x00000251e8b78800 JavaThread "Cache worker for cache directory md-supplier (C:\Users\JC\.gradle\caches\7.0.2\md-supplier)" [_thread_blocked, id=10508, stack(0x00000062e5b00000,0x00000062e5c00000)]
  0x00000251e8b7b000 JavaThread "Cache worker for cache directory md-rule (C:\Users\JC\.gradle\caches\7.0.2\md-rule)" [_thread_blocked, id=13948, stack(0x00000062e5c00000,0x00000062e5d00000)]
  0x00000251e8b7c800 JavaThread "Cache worker for execution history cache (C:\Users\JC\.gradle\caches\7.0.2\executionHistory)" [_thread_blocked, id=552, stack(0x00000062e5d00000,0x00000062e5e00000)]
  0x00000251e8b77800 JavaThread "Cache worker for file content cache (C:\Users\JC\.gradle\caches\7.0.2\fileContent)" [_thread_blocked, id=6796, stack(0x00000062e6000000,0x00000062e6100000)]
  0x00000251e8b80800 JavaThread "Cache worker for dependencies-accessors (C:\Users\JC\AndroidStudioProjects\LoginUTA\.gradle\7.0.2\dependencies-accessors)" [_thread_blocked, id=10864, stack(0x00000062e6100000,0x00000062e6200000)]
  0x00000251e8b82000 JavaThread "Cache worker for Build Output Cleanup Cache (C:\Users\JC\AndroidStudioProjects\LoginUTA\.gradle\buildOutputCleanup)" [_thread_blocked, id=5400, stack(0x00000062e6200000,0x00000062e6300000)]
  0x00000251e8b7f000 JavaThread "Build operations" [_thread_in_native, id=9608, stack(0x00000062e2f00000,0x00000062e3000000)]
  0x00000251e8b7e000 JavaThread "Build operations Thread 2" [_thread_in_native, id=13300, stack(0x00000062e3000000,0x00000062e3100000)]
  0x00000251e8b84800 JavaThread "Build operations Thread 3" [_thread_blocked, id=9248, stack(0x00000062e3100000,0x00000062e3200000)]
  0x00000251e8b85800 JavaThread "Build operations Thread 4" [_thread_blocked, id=10164, stack(0x00000062e6300000,0x00000062e6400000)]
  0x00000251e8b86800 JavaThread "Memory manager" [_thread_blocked, id=7708, stack(0x00000062e4c00000,0x00000062e4d00000)]

Other Threads:
  0x00000251e7e9e800 VMThread "VM Thread" [stack: 0x00000062e3800000,0x00000062e3900000] [id=11260]
  0x00000251e89df800 WatcherThread [stack: 0x00000062e4200000,0x00000062e4300000] [id=8124]
  0x00000251ce467800 GCTaskThread "GC Thread#0" [stack: 0x00000062e3300000,0x00000062e3400000] [id=3208]
  0x00000251e91fb000 GCTaskThread "GC Thread#1" [stack: 0x00000062e4300000,0x00000062e4400000] [id=5084]
  0x00000251ea137000 GCTaskThread "GC Thread#2" [stack: 0x00000062e4e00000,0x00000062e4f00000] [id=11628]
  0x00000251e99e5000 GCTaskThread "GC Thread#3" [stack: 0x00000062e4f00000,0x00000062e5000000] [id=12764]
  0x00000251ce49a800 ConcurrentGCThread "G1 Main Marker" [stack: 0x00000062e3400000,0x00000062e3500000] [id=6392]
  0x00000251ce49b800 ConcurrentGCThread "G1 Conc#0" [stack: 0x00000062e3500000,0x00000062e3600000] [id=4064]
  0x00000251ce4f5800 ConcurrentGCThread "G1 Refine#0" [stack: 0x00000062e3600000,0x00000062e3700000] [id=13140]
  0x00000251ce4f6800 ConcurrentGCThread "G1 Young RemSet Sampling" [stack: 0x00000062e3700000,0x00000062e3800000] [id=3856]

Threads with active compile tasks:
C2 CompilerThread0 149225 9789       4       org.gradle.cache.internal.btree.CachingBlockStore::read (56 bytes)

VM state:not at safepoint (normal execution)

VM Mutex/Monitor currently owned by a thread: None

Heap address: 0x0000000080000000, size: 2048 MB, Compressed Oops mode: 32-bit
Narrow klass base: 0x0000000000000000, Narrow klass shift: 3
Compressed class space size: 1073741824 Address: 0x0000000100000000

Heap:
 garbage-first heap   total 138240K, used 100638K [0x0000000080000000, 0x0000000100000000)
  region size 1024K, 11 young (11264K), 3 survivors (3072K)
 Metaspace       used 91514K, capacity 93940K, committed 94280K, reserved 1130496K
  class space    used 11850K, capacity 12701K, committed 12800K, reserved 1048576K
Heap Regions: E=young(eden), S=young(survivor), O=old, HS=humongous(starts), HC=humongous(continues), CS=collection set, F=free, A=archive, TAMS=top-at-mark-start (previous, next)
|   0|0x0000000080000000, 0x0000000080100000, 0x0000000080100000|100%| O|  |TAMS 0x0000000080100000, 0x0000000080000000| Untracked 
|   1|0x0000000080100000, 0x0000000080200000, 0x0000000080200000|100%| O|  |TAMS 0x0000000080200000, 0x0000000080100000| Untracked 
|   2|0x0000000080200000, 0x0000000080300000, 0x0000000080300000|100%| O|  |TAMS 0x0000000080300000, 0x0000000080200000| Untracked 
|   3|0x0000000080300000, 0x0000000080400000, 0x0000000080400000|100%|HS|  |TAMS 0x0000000080400000, 0x0000000080300000| Complete 
|   4|0x0000000080400000, 0x0000000080500000, 0x0000000080500000|100%|HC|  |TAMS 0x0000000080500000, 0x0000000080400000| Complete 
|   5|0x0000000080500000, 0x0000000080600000, 0x0000000080600000|100%|HC|  |TAMS 0x0000000080600000, 0x0000000080500000| Complete 
|   6|0x0000000080600000, 0x0000000080700000, 0x0000000080700000|100%| O|  |TAMS 0x0000000080700000, 0x0000000080600000| Untracked 
|   7|0x0000000080700000, 0x0000000080800000, 0x0000000080800000|100%| O|  |TAMS 0x0000000080800000, 0x0000000080700000| Untracked 
|   8|0x0000000080800000, 0x0000000080900000, 0x0000000080900000|100%| O|  |TAMS 0x0000000080900000, 0x0000000080800000| Untracked 
|   9|0x0000000080900000, 0x0000000080a00000, 0x0000000080a00000|100%| O|  |TAMS 0x0000000080a00000, 0x0000000080900000| Untracked 
|  10|0x0000000080a00000, 0x0000000080b00000, 0x0000000080b00000|100%| O|  |TAMS 0x0000000080b00000, 0x0000000080a00000| Untracked 
|  11|0x0000000080b00000, 0x0000000080c00000, 0x0000000080c00000|100%| O|  |TAMS 0x0000000080c00000, 0x0000000080b00000| Untracked 
|  12|0x0000000080c00000, 0x0000000080d00000, 0x0000000080d00000|100%| O|  |TAMS 0x0000000080d00000, 0x0000000080c00000| Untracked 
|  13|0x0000000080d00000, 0x0000000080e00000, 0x0000000080e00000|100%| O|  |TAMS 0x0000000080e00000, 0x0000000080d00000| Untracked 
|  14|0x0000000080e00000, 0x0000000080f00000, 0x0000000080f00000|100%| O|  |TAMS 0x0000000080f00000, 0x0000000080e00000| Untracked 
|  15|0x0000000080f00000, 0x0000000081000000, 0x0000000081000000|100%| O|  |TAMS 0x0000000081000000, 0x0000000080f00000| Untracked 
|  16|0x0000000081000000, 0x0000000081100000, 0x0000000081100000|100%|HS|  |TAMS 0x0000000081100000, 0x0000000081000000| Complete 
|  17|0x0000000081100000, 0x0000000081200000, 0x0000000081200000|100%|HC|  |TAMS 0x0000000081200000, 0x0000000081100000| Complete 
|  18|0x0000000081200000, 0x0000000081300000, 0x0000000081300000|100%|HS|  |TAMS 0x0000000081300000, 0x0000000081200000| Complete 
|  19|0x0000000081300000, 0x0000000081400000, 0x0000000081400000|100%|HC|  |TAMS 0x0000000081400000, 0x0000000081300000| Complete 
|  20|0x0000000081400000, 0x0000000081500000, 0x0000000081500000|100%|HC|  |TAMS 0x0000000081500000, 0x0000000081400000| Complete 
|  21|0x0000000081500000, 0x0000000081600000, 0x0000000081600000|100%|HS|  |TAMS 0x0000000081600000, 0x0000000081500000| Complete 
|  22|0x0000000081600000, 0x0000000081700000, 0x0000000081700000|100%|HC|  |TAMS 0x0000000081700000, 0x0000000081600000| Complete 
|  23|0x0000000081700000, 0x0000000081800000, 0x0000000081800000|100%|HC|  |TAMS 0x0000000081800000, 0x0000000081700000| Complete 
|  24|0x0000000081800000, 0x0000000081900000, 0x0000000081900000|100%|HC|  |TAMS 0x0000000081900000, 0x0000000081800000| Complete 
|  25|0x0000000081900000, 0x0000000081a00000, 0x0000000081a00000|100%|HC|  |TAMS 0x0000000081a00000, 0x0000000081900000| Complete 
|  26|0x0000000081a00000, 0x0000000081b00000, 0x0000000081b00000|100%| O|  |TAMS 0x0000000081b00000, 0x0000000081a00000| Untracked 
|  27|0x0000000081b00000, 0x0000000081c00000, 0x0000000081c00000|100%| O|  |TAMS 0x0000000081c00000, 0x0000000081b00000| Untracked 
|  28|0x0000000081c00000, 0x0000000081d00000, 0x0000000081d00000|100%| O|  |TAMS 0x0000000081d00000, 0x0000000081c00000| Untracked 
|  29|0x0000000081d00000, 0x0000000081e00000, 0x0000000081e00000|100%| O|  |TAMS 0x0000000081e00000, 0x0000000081d00000| Untracked 
|  30|0x0000000081e00000, 0x0000000081f00000, 0x0000000081f00000|100%| O|  |TAMS 0x0000000081f00000, 0x0000000081e00000| Untracked 
|  31|0x0000000081f00000, 0x0000000082000000, 0x0000000082000000|100%| O|  |TAMS 0x0000000082000000, 0x0000000081f00000| Untracked 
|  32|0x0000000082000000, 0x0000000082100000, 0x0000000082100000|100%| O|  |TAMS 0x0000000082100000, 0x0000000082000000| Untracked 
|  33|0x0000000082100000, 0x00000000821ffff8, 0x0000000082200000| 99%| O|  |TAMS 0x00000000821ffff8, 0x0000000082100000| Untracked 
|  34|0x0000000082200000, 0x0000000082300000, 0x0000000082300000|100%| O|  |TAMS 0x0000000082300000, 0x0000000082200000| Untracked 
|  35|0x0000000082300000, 0x0000000082400000, 0x0000000082400000|100%| O|  |TAMS 0x0000000082400000, 0x0000000082300000| Untracked 
|  36|0x0000000082400000, 0x0000000082500000, 0x0000000082500000|100%| O|  |TAMS 0x0000000082500000, 0x0000000082400000| Untracked 
|  37|0x0000000082500000, 0x0000000082600000, 0x0000000082600000|100%| O|  |TAMS 0x0000000082600000, 0x0000000082500000| Untracked 
|  38|0x0000000082600000, 0x0000000082700000, 0x0000000082700000|100%|HS|  |TAMS 0x0000000082700000, 0x0000000082600000| Complete 
|  39|0x0000000082700000, 0x0000000082800000, 0x0000000082800000|100%|HC|  |TAMS 0x0000000082800000, 0x0000000082700000| Complete 
|  40|0x0000000082800000, 0x0000000082900000, 0x0000000082900000|100%|HC|  |TAMS 0x0000000082900000, 0x0000000082800000| Complete 
|  41|0x0000000082900000, 0x0000000082a00000, 0x0000000082a00000|100%|HC|  |TAMS 0x0000000082a00000, 0x0000000082900000| Complete 
|  42|0x0000000082a00000, 0x0000000082b00000, 0x0000000082b00000|100%|HC|  |TAMS 0x0000000082b00000, 0x0000000082a00000| Complete 
|  43|0x0000000082b00000, 0x0000000082c00000, 0x0000000082c00000|100%| O|  |TAMS 0x0000000082c00000, 0x0000000082b00000| Untracked 
|  44|0x0000000082c00000, 0x0000000082d00000, 0x0000000082d00000|100%| O|  |TAMS 0x0000000082d00000, 0x0000000082c00000| Untracked 
|  45|0x0000000082d00000, 0x0000000082e00000, 0x0000000082e00000|100%| O|  |TAMS 0x0000000082e00000, 0x0000000082d00000| Untracked 
|  46|0x0000000082e00000, 0x0000000082f00000, 0x0000000082f00000|100%| O|  |TAMS 0x0000000082f00000, 0x0000000082e00000| Untracked 
|  47|0x0000000082f00000, 0x0000000083000000, 0x0000000083000000|100%| O|  |TAMS 0x0000000083000000, 0x0000000082f00000| Untracked 
|  48|0x0000000083000000, 0x0000000083100000, 0x0000000083100000|100%|HS|  |TAMS 0x0000000083100000, 0x0000000083000000| Complete 
|  49|0x0000000083100000, 0x0000000083200000, 0x0000000083200000|100%|HC|  |TAMS 0x0000000083200000, 0x0000000083100000| Complete 
|  50|0x0000000083200000, 0x0000000083300000, 0x0000000083300000|100%|HC|  |TAMS 0x0000000083300000, 0x0000000083200000| Complete 
|  51|0x0000000083300000, 0x0000000083400000, 0x0000000083400000|100%| O|  |TAMS 0x0000000083400000, 0x0000000083300000| Untracked 
|  52|0x0000000083400000, 0x0000000083500000, 0x0000000083500000|100%| O|  |TAMS 0x0000000083500000, 0x0000000083400000| Untracked 
|  53|0x0000000083500000, 0x0000000083600000, 0x0000000083600000|100%| O|  |TAMS 0x0000000083600000, 0x0000000083500000| Untracked 
|  54|0x0000000083600000, 0x0000000083700000, 0x0000000083700000|100%| O|  |TAMS 0x0000000083700000, 0x0000000083600000| Untracked 
|  55|0x0000000083700000, 0x0000000083800000, 0x0000000083800000|100%| O|  |TAMS 0x0000000083800000, 0x0000000083700000| Untracked 
|  56|0x0000000083800000, 0x0000000083900000, 0x0000000083900000|100%| O|  |TAMS 0x0000000083900000, 0x0000000083800000| Untracked 
|  57|0x0000000083900000, 0x0000000083a00000, 0x0000000083a00000|100%| O|  |TAMS 0x0000000083a00000, 0x0000000083900000| Untracked 
|  58|0x0000000083a00000, 0x0000000083b00000, 0x0000000083b00000|100%| O|  |TAMS 0x0000000083b00000, 0x0000000083a00000| Untracked 
|  59|0x0000000083b00000, 0x0000000083c00000, 0x0000000083c00000|100%| O|  |TAMS 0x0000000083c00000, 0x0000000083b00000| Untracked 
|  60|0x0000000083c00000, 0x0000000083d00000, 0x0000000083d00000|100%|HS|  |TAMS 0x0000000083d00000, 0x0000000083c00000| Complete 
|  61|0x0000000083d00000, 0x0000000083e00000, 0x0000000083e00000|100%|HS|  |TAMS 0x0000000083e00000, 0x0000000083d00000| Complete 
|  62|0x0000000083e00000, 0x0000000083f00000, 0x0000000083f00000|100%| O|  |TAMS 0x0000000083f00000, 0x0000000083e00000| Untracked 
|  63|0x0000000083f00000, 0x0000000084000000, 0x0000000084000000|100%| O|  |TAMS 0x0000000084000000, 0x0000000083f00000| Untracked 
|  64|0x0000000084000000, 0x0000000084100000, 0x0000000084100000|100%|HS|  |TAMS 0x0000000084100000, 0x0000000084000000| Complete 
|  65|0x0000000084100000, 0x0000000084200000, 0x0000000084200000|100%|HC|  |TAMS 0x0000000084200000, 0x0000000084100000| Complete 
|  66|0x0000000084200000, 0x0000000084300000, 0x0000000084300000|100%| O|  |TAMS 0x0000000084300000, 0x0000000084200000| Untracked 
|  67|0x0000000084300000, 0x0000000084400000, 0x0000000084400000|100%| O|  |TAMS 0x0000000084400000, 0x0000000084300000| Untracked 
|  68|0x0000000084400000, 0x0000000084500000, 0x0000000084500000|100%| O|  |TAMS 0x0000000084500000, 0x0000000084400000| Untracked 
|  69|0x0000000084500000, 0x0000000084600000, 0x0000000084600000|100%| O|  |TAMS 0x0000000084600000, 0x0000000084500000| Untracked 
|  70|0x0000000084600000, 0x0000000084700000, 0x0000000084700000|100%| O|  |TAMS 0x0000000084700000, 0x0000000084600000| Untracked 
|  71|0x0000000084700000, 0x0000000084800000, 0x0000000084800000|100%| O|  |TAMS 0x0000000084800000, 0x0000000084700000| Untracked 
|  72|0x0000000084800000, 0x0000000084900000, 0x0000000084900000|100%| O|  |TAMS 0x0000000084900000, 0x0000000084800000| Untracked 
|  73|0x0000000084900000, 0x0000000084a00000, 0x0000000084a00000|100%| O|  |TAMS 0x0000000084a00000, 0x0000000084900000| Untracked 
|  74|0x0000000084a00000, 0x0000000084b00000, 0x0000000084b00000|100%| O|  |TAMS 0x0000000084b00000, 0x0000000084a00000| Untracked 
|  75|0x0000000084b00000, 0x0000000084c00000, 0x0000000084c00000|100%| O|  |TAMS 0x0000000084c00000, 0x0000000084b00000| Untracked 
|  76|0x0000000084c00000, 0x0000000084d00000, 0x0000000084d00000|100%| O|  |TAMS 0x0000000084d00000, 0x0000000084c00000| Untracked 
|  77|0x0000000084d00000, 0x0000000084e00000, 0x0000000084e00000|100%| O|  |TAMS 0x0000000084e00000, 0x0000000084d00000| Untracked 
|  78|0x0000000084e00000, 0x0000000084f00000, 0x0000000084f00000|100%| O|  |TAMS 0x0000000084f00000, 0x0000000084e00000| Untracked 
|  79|0x0000000084f00000, 0x0000000085000000, 0x0000000085000000|100%| O|  |TAMS 0x0000000085000000, 0x0000000084f00000| Untracked 
|  80|0x0000000085000000, 0x0000000085100000, 0x0000000085100000|100%| O|  |TAMS 0x0000000085100000, 0x0000000085000000| Untracked 
|  81|0x0000000085100000, 0x0000000085200000, 0x0000000085200000|100%| O|  |TAMS 0x0000000085200000, 0x0000000085100000| Untracked 
|  82|0x0000000085200000, 0x0000000085300000, 0x0000000085300000|100%| O|  |TAMS 0x0000000085300000, 0x0000000085200000| Untracked 
|  83|0x0000000085300000, 0x0000000085400000, 0x0000000085400000|100%| O|  |TAMS 0x0000000085400000, 0x0000000085300000| Untracked 
|  84|0x0000000085400000, 0x0000000085500000, 0x0000000085500000|100%| O|  |TAMS 0x0000000085500000, 0x0000000085400000| Untracked 
|  85|0x0000000085500000, 0x0000000085600000, 0x0000000085600000|100%| O|  |TAMS 0x0000000085600000, 0x0000000085500000| Untracked 
|  86|0x0000000085600000, 0x0000000085700000, 0x0000000085700000|100%| O|  |TAMS 0x0000000085700000, 0x0000000085600000| Untracked 
|  87|0x0000000085700000, 0x0000000085800000, 0x0000000085800000|100%| O|  |TAMS 0x0000000085800000, 0x0000000085700000| Untracked 
|  88|0x0000000085800000, 0x0000000085900000, 0x0000000085900000|100%| O|  |TAMS 0x0000000085900000, 0x0000000085800000| Untracked 
|  89|0x0000000085900000, 0x00000000859d7000, 0x0000000085a00000| 83%| O|  |TAMS 0x00000000859d7000, 0x0000000085900000| Untracked 
|  90|0x0000000085a00000, 0x0000000085a00000, 0x0000000085b00000|  0%| F|  |TAMS 0x0000000085a00000, 0x0000000085a00000| Untracked 
|  91|0x0000000085b00000, 0x0000000085b00000, 0x0000000085c00000|  0%| F|  |TAMS 0x0000000085b00000, 0x0000000085b00000| Untracked 
|  92|0x0000000085c00000, 0x0000000085c00000, 0x0000000085d00000|  0%| F|  |TAMS 0x0000000085c00000, 0x0000000085c00000| Untracked 
|  93|0x0000000085d00000, 0x0000000085d00000, 0x0000000085e00000|  0%| F|  |TAMS 0x0000000085d00000, 0x0000000085d00000| Untracked 
|  94|0x0000000085e00000, 0x0000000085e00000, 0x0000000085f00000|  0%| F|  |TAMS 0x0000000085e00000, 0x0000000085e00000| Untracked 
|  95|0x0000000085f00000, 0x0000000085f00000, 0x0000000086000000|  0%| F|  |TAMS 0x0000000085f00000, 0x0000000085f00000| Untracked 
|  96|0x0000000086000000, 0x0000000086000000, 0x0000000086100000|  0%| F|  |TAMS 0x0000000086000000, 0x0000000086000000| Untracked 
|  97|0x0000000086100000, 0x0000000086100000, 0x0000000086200000|  0%| F|  |TAMS 0x0000000086100000, 0x0000000086100000| Untracked 
|  98|0x0000000086200000, 0x0000000086200000, 0x0000000086300000|  0%| F|  |TAMS 0x0000000086200000, 0x0000000086200000| Untracked 
|  99|0x0000000086300000, 0x0000000086300000, 0x0000000086400000|  0%| F|  |TAMS 0x0000000086300000, 0x0000000086300000| Untracked 
| 100|0x0000000086400000, 0x0000000086400000, 0x0000000086500000|  0%| F|  |TAMS 0x0000000086400000, 0x0000000086400000| Untracked 
| 101|0x0000000086500000, 0x0000000086500000, 0x0000000086600000|  0%| F|  |TAMS 0x0000000086500000, 0x0000000086500000| Untracked 
| 102|0x0000000086600000, 0x0000000086600000, 0x0000000086700000|  0%| F|  |TAMS 0x0000000086600000, 0x0000000086600000| Untracked 
| 103|0x0000000086700000, 0x0000000086700000, 0x0000000086800000|  0%| F|  |TAMS 0x0000000086700000, 0x0000000086700000| Untracked 
| 104|0x0000000086800000, 0x0000000086800000, 0x0000000086900000|  0%| F|  |TAMS 0x0000000086800000, 0x0000000086800000| Untracked 
| 105|0x0000000086900000, 0x0000000086900000, 0x0000000086a00000|  0%| F|  |TAMS 0x0000000086900000, 0x0000000086900000| Untracked 
| 106|0x0000000086a00000, 0x0000000086a00000, 0x0000000086b00000|  0%| F|  |TAMS 0x0000000086a00000, 0x0000000086a00000| Untracked 
| 107|0x0000000086b00000, 0x0000000086b00000, 0x0000000086c00000|  0%| F|  |TAMS 0x0000000086b00000, 0x0000000086b00000| Untracked 
| 108|0x0000000086c00000, 0x0000000086c70bc0, 0x0000000086d00000| 44%| S|CS|TAMS 0x0000000086c00000, 0x0000000086c00000| Complete 
| 109|0x0000000086d00000, 0x0000000086d00000, 0x0000000086e00000|  0%| F|  |TAMS 0x0000000086d00000, 0x0000000086d00000| Untracked 
| 110|0x0000000086e00000, 0x0000000086f00000, 0x0000000086f00000|100%| S|CS|TAMS 0x0000000086e00000, 0x0000000086e00000| Complete 
| 111|0x0000000086f00000, 0x0000000087000000, 0x0000000087000000|100%| S|CS|TAMS 0x0000000086f00000, 0x0000000086f00000| Complete 
| 112|0x0000000087000000, 0x0000000087000000, 0x0000000087100000|  0%| F|  |TAMS 0x0000000087000000, 0x0000000087000000| Untracked 
| 113|0x0000000087100000, 0x0000000087100000, 0x0000000087200000|  0%| F|  |TAMS 0x0000000087100000, 0x0000000087100000| Untracked 
| 114|0x0000000087200000, 0x0000000087200000, 0x0000000087300000|  0%| F|  |TAMS 0x0000000087200000, 0x0000000087200000| Untracked 
| 115|0x0000000087300000, 0x0000000087300000, 0x0000000087400000|  0%| F|  |TAMS 0x0000000087300000, 0x0000000087300000| Untracked 
| 116|0x0000000087400000, 0x0000000087400000, 0x0000000087500000|  0%| F|  |TAMS 0x0000000087400000, 0x0000000087400000| Untracked 
| 117|0x0000000087500000, 0x0000000087500000, 0x0000000087600000|  0%| F|  |TAMS 0x0000000087500000, 0x0000000087500000| Untracked 
| 118|0x0000000087600000, 0x0000000087600000, 0x0000000087700000|  0%| F|  |TAMS 0x0000000087600000, 0x0000000087600000| Untracked 
| 119|0x0000000087700000, 0x0000000087700000, 0x0000000087800000|  0%| F|  |TAMS 0x0000000087700000, 0x0000000087700000| Untracked 
| 120|0x0000000087800000, 0x0000000087800000, 0x0000000087900000|  0%| F|  |TAMS 0x0000000087800000, 0x0000000087800000| Untracked 
| 121|0x0000000087900000, 0x0000000087900000, 0x0000000087a00000|  0%| F|  |TAMS 0x0000000087900000, 0x0000000087900000| Untracked 
| 122|0x0000000087a00000, 0x0000000087a00000, 0x0000000087b00000|  0%| F|  |TAMS 0x0000000087a00000, 0x0000000087a00000| Untracked 
| 123|0x0000000087b00000, 0x0000000087b00000, 0x0000000087c00000|  0%| F|  |TAMS 0x0000000087b00000, 0x0000000087b00000| Untracked 
| 124|0x0000000087c00000, 0x0000000087c00000, 0x0000000087d00000|  0%| F|  |TAMS 0x0000000087c00000, 0x0000000087c00000| Untracked 
| 125|0x0000000087d00000, 0x0000000087d00000, 0x0000000087e00000|  0%| F|  |TAMS 0x0000000087d00000, 0x0000000087d00000| Untracked 
| 126|0x0000000087e00000, 0x0000000087e00000, 0x0000000087f00000|  0%| F|  |TAMS 0x0000000087e00000, 0x0000000087e00000| Untracked 
| 127|0x0000000087f00000, 0x0000000087ffbdb0, 0x0000000088000000| 98%| E|  |TAMS 0x0000000087f00000, 0x0000000087f00000| Complete 
| 128|0x0000000088000000, 0x0000000088100000, 0x0000000088100000|100%| E|  |TAMS 0x0000000088000000, 0x0000000088000000| Complete 
| 129|0x0000000088100000, 0x0000000088200000, 0x0000000088200000|100%| E|CS|TAMS 0x0000000088100000, 0x0000000088100000| Complete 
| 130|0x0000000088200000, 0x0000000088300000, 0x0000000088300000|100%| E|CS|TAMS 0x0000000088200000, 0x0000000088200000| Complete 
| 131|0x0000000088300000, 0x0000000088400000, 0x0000000088400000|100%| E|CS|TAMS 0x0000000088300000, 0x0000000088300000| Complete 
| 132|0x0000000088400000, 0x0000000088500000, 0x0000000088500000|100%| E|CS|TAMS 0x0000000088400000, 0x0000000088400000| Complete 
| 133|0x0000000088500000, 0x0000000088600000, 0x0000000088600000|100%| E|CS|TAMS 0x0000000088500000, 0x0000000088500000| Complete 
| 134|0x0000000088600000, 0x0000000088700000, 0x0000000088700000|100%| E|CS|TAMS 0x0000000088600000, 0x0000000088600000| Complete 

Card table byte_map: [0x00000251e1340000,0x00000251e1740000] _byte_map_base: 0x00000251e0f40000

Marking Bits (Prev, Next): (CMBitMap*) 0x00000251ce491ce8, (CMBitMap*) 0x00000251ce491d20
 Prev Bits: [0x00000251e1b40000, 0x00000251e3b40000)
 Next Bits: [0x00000251e3b40000, 0x00000251e5b40000)

Polling page: 0x00000251cc210000

Metaspace:

Usage:
  Non-class:     79.33 MB capacity,    77.80 MB ( 98%) used,     1.29 MB (  2%) free+waste,   252.88 KB ( <1%) overhead. 
      Class:     12.40 MB capacity,    11.57 MB ( 93%) used,   733.07 KB (  6%) free+waste,   117.50 KB ( <1%) overhead. 
       Both:     91.74 MB capacity,    89.37 MB ( 97%) used,     2.01 MB (  2%) free+waste,   370.38 KB ( <1%) overhead. 

Virtual space:
  Non-class space:       80.00 MB reserved,      79.57 MB (>99%) committed 
      Class space:        1.00 GB reserved,      12.50 MB (  1%) committed 
             Both:        1.08 GB reserved,      92.07 MB (  8%) committed 

Chunk freelists:
   Non-Class:  49.00 KB
       Class:  0 bytes
        Both:  49.00 KB

MaxMetaspaceSize: 17179869184.00 GB
CompressedClassSpaceSize: 1.00 GB

CodeHeap 'non-profiled nmethods': size=120064Kb used=5504Kb max_used=5504Kb free=114559Kb
 bounds [0x00000251d9a00000, 0x00000251d9f70000, 0x00000251e0f40000]
CodeHeap 'profiled nmethods': size=120000Kb used=20693Kb max_used=20693Kb free=99306Kb
 bounds [0x00000251d24d0000, 0x00000251d3910000, 0x00000251d9a00000]
CodeHeap 'non-nmethods': size=5696Kb used=2297Kb max_used=2336Kb free=3398Kb
 bounds [0x00000251d1f40000, 0x00000251d21b0000, 0x00000251d24d0000]
 total_blobs=10489 nmethods=9586 adapters=812
 compilation: enabled
              stopped_count=0, restarted_count=0
 full_count=0

Compilation events (20 events):
Event: 148.671 Thread 0x00000251e7f4d000 9785       3       org.gradle.internal.snapshot.impl.DirectorySnapshotter$DefaultExcludes$$Lambda$115/0x0000000100294040::test (8 bytes)
Event: 148.672 Thread 0x00000251e7f4d000 nmethod 9785 0x00000251d38fe210 code [0x00000251d38fe3c0, 0x00000251d38fe618]
Event: 148.672 Thread 0x00000251e7f4d000 9786   !   3       org.gradle.internal.snapshot.impl.DirectorySnapshotter$PathVisitor::snapshotFile (119 bytes)
Event: 148.681 Thread 0x00000251e7f4d000 nmethod 9786 0x00000251d38fe710 code [0x00000251d38fea80, 0x00000251d3900348]
Event: 148.684 Thread 0x00000251e7f4d000 9788       3       org.gradle.api.internal.changedetection.state.SplitFileHasher::hash (44 bytes)
Event: 148.687 Thread 0x00000251e7f4d000 nmethod 9788 0x00000251d3900d90 code [0x00000251d3900f80, 0x00000251d3901428]
Event: 148.691 Thread 0x00000251e7f4c000 nmethod 9782 0x00000251d9f5f590 code [0x00000251d9f5f740, 0x00000251d9f5fb18]
Event: 148.692 Thread 0x00000251e7f4c000 9787       4       java.util.Collections::indexedBinarySearch (83 bytes)
Event: 148.714 Thread 0x00000251e7f4c000 nmethod 9787 0x00000251d9f5fd10 code [0x00000251d9f5fec0, 0x00000251d9f600b8]
Event: 148.714 Thread 0x00000251e7f4c000 9789       4       org.gradle.cache.internal.btree.CachingBlockStore::read (56 bytes)
Event: 148.718 Thread 0x00000251e7f4d000 9790       3       org.gradle.internal.snapshot.FileSystemLocationSnapshot$$Lambda$265/0x000000010044ec40::compare (12 bytes)
Event: 148.720 Thread 0x00000251e7f4d000 nmethod 9790 0x00000251d3901610 code [0x00000251d3901800, 0x00000251d3901cf8]
Event: 148.720 Thread 0x00000251e7f4d000 9791       3       org.gradle.internal.snapshot.PathUtil::compareFileNames (20 bytes)
Event: 148.721 Thread 0x00000251e7f4d000 nmethod 9791 0x00000251d3901f10 code [0x00000251d39020e0, 0x00000251d3902378]
Event: 148.830 Thread 0x00000251e7f4d000 9792       3       java.io.BufferedInputStream::fill (236 bytes)
Event: 148.835 Thread 0x00000251e7f4d000 nmethod 9792 0x00000251d3902510 code [0x00000251d3902780, 0x00000251d3903328]
Event: 149.007 Thread 0x00000251e7f4d000 9796       3       java.util.concurrent.TimeUnit::convert (77 bytes)
Event: 149.009 Thread 0x00000251e7f4d000 nmethod 9796 0x00000251d3903610 code [0x00000251d3903820, 0x00000251d3903b68]
Event: 149.009 Thread 0x00000251e7f4d000 9797   !   3       java.nio.file.FileTreeWalker::next (144 bytes)
Event: 149.015 Thread 0x00000251e7f4d000 nmethod 9797 0x00000251d3903d10 code [0x00000251d3903fe0, 0x00000251d3904fd8]

GC Heap History (20 events):
Event: 100.688 GC heap before
{Heap before GC invocations=72 (full 0):
 garbage-first heap   total 114688K, used 98489K [0x0000000080000000, 0x0000000100000000)
  region size 1024K, 14 young (14336K), 2 survivors (2048K)
 Metaspace       used 79567K, capacity 81698K, committed 81864K, reserved 1120256K
  class space    used 10360K, capacity 11046K, committed 11136K, reserved 1048576K
}
Event: 100.714 GC heap after
{Heap after GC invocations=73 (full 0):
 garbage-first heap   total 114688K, used 87145K [0x0000000080000000, 0x0000000100000000)
  region size 1024K, 2 young (2048K), 2 survivors (2048K)
 Metaspace       used 79567K, capacity 81698K, committed 81864K, reserved 1120256K
  class space    used 10360K, capacity 11046K, committed 11136K, reserved 1048576K
}
Event: 102.698 GC heap before
{Heap before GC invocations=73 (full 0):
 garbage-first heap   total 114688K, used 97385K [0x0000000080000000, 0x0000000100000000)
  region size 1024K, 13 young (13312K), 2 survivors (2048K)
 Metaspace       used 80050K, capacity 82216K, committed 82504K, reserved 1120256K
  class space    used 10420K, capacity 11153K, committed 11264K, reserved 1048576K
}
Event: 102.723 GC heap after
{Heap after GC invocations=74 (full 0):
 garbage-first heap   total 114688K, used 87989K [0x0000000080000000, 0x0000000100000000)
  region size 1024K, 2 young (2048K), 2 survivors (2048K)
 Metaspace       used 80050K, capacity 82216K, committed 82504K, reserved 1120256K
  class space    used 10420K, capacity 11153K, committed 11264K, reserved 1048576K
}
Event: 103.863 GC heap before
{Heap before GC invocations=74 (full 0):
 garbage-first heap   total 114688K, used 97205K [0x0000000080000000, 0x0000000100000000)
  region size 1024K, 12 young (12288K), 2 survivors (2048K)
 Metaspace       used 80421K, capacity 82573K, committed 82760K, reserved 1120256K
  class space    used 10476K, capacity 11224K, committed 11264K, reserved 1048576K
}
Event: 103.882 GC heap after
{Heap after GC invocations=75 (full 0):
 garbage-first heap   total 114688K, used 88707K [0x0000000080000000, 0x0000000100000000)
  region size 1024K, 2 young (2048K), 2 survivors (2048K)
 Metaspace       used 80421K, capacity 82573K, committed 82760K, reserved 1120256K
  class space    used 10476K, capacity 11224K, committed 11264K, reserved 1048576K
}
Event: 105.027 GC heap before
{Heap before GC invocations=76 (full 0):
 garbage-first heap   total 114688K, used 97923K [0x0000000080000000, 0x0000000100000000)
  region size 1024K, 11 young (11264K), 2 survivors (2048K)
 Metaspace       used 80791K, capacity 82923K, committed 83144K, reserved 1122304K
  class space    used 10527K, capacity 11276K, committed 11392K, reserved 1048576K
}
Event: 105.042 GC heap after
{Heap after GC invocations=77 (full 0):
 garbage-first heap   total 114688K, used 89628K [0x0000000080000000, 0x0000000100000000)
  region size 1024K, 2 young (2048K), 2 survivors (2048K)
 Metaspace       used 80791K, capacity 82923K, committed 83144K, reserved 1122304K
  class space    used 10527K, capacity 11276K, committed 11392K, reserved 1048576K
}
Event: 107.289 GC heap before
{Heap before GC invocations=77 (full 0):
 garbage-first heap   total 114688K, used 97820K [0x0000000080000000, 0x0000000100000000)
  region size 1024K, 11 young (11264K), 2 survivors (2048K)
 Metaspace       used 81546K, capacity 83593K, committed 83656K, reserved 1122304K
  class space    used 10617K, capacity 11350K, committed 11392K, reserved 1048576K
}
Event: 107.299 GC heap after
{Heap after GC invocations=78 (full 0):
 garbage-first heap   total 138240K, used 90068K [0x0000000080000000, 0x0000000100000000)
  region size 1024K, 2 young (2048K), 2 survivors (2048K)
 Metaspace       used 81546K, capacity 83593K, committed 83656K, reserved 1122304K
  class space    used 10617K, capacity 11350K, committed 11392K, reserved 1048576K
}
Event: 109.836 GC heap before
{Heap before GC invocations=79 (full 0):
 garbage-first heap   total 138240K, used 91092K [0x0000000080000000, 0x0000000100000000)
  region size 1024K, 5 young (5120K), 2 survivors (2048K)
 Metaspace       used 81864K, capacity 83927K, committed 84168K, reserved 1122304K
  class space    used 10643K, capacity 11376K, committed 11392K, reserved 1048576K
}
Event: 109.846 GC heap after
{Heap after GC invocations=80 (full 0):
 garbage-first heap   total 138240K, used 90515K [0x0000000080000000, 0x0000000100000000)
  region size 1024K, 2 young (2048K), 2 survivors (2048K)
 Metaspace       used 81864K, capacity 83927K, committed 84168K, reserved 1122304K
  class space    used 10643K, capacity 11376K, committed 11392K, reserved 1048576K
}
Event: 119.442 GC heap before
{Heap before GC invocations=81 (full 0):
 garbage-first heap   total 138240K, used 112019K [0x0000000080000000, 0x0000000100000000)
  region size 1024K, 22 young (22528K), 2 survivors (2048K)
 Metaspace       used 84796K, capacity 86985K, committed 87112K, reserved 1124352K
  class space    used 10991K, capacity 11734K, committed 11776K, reserved 1048576K
}
Event: 119.463 GC heap after
{Heap after GC invocations=82 (full 0):
 garbage-first heap   total 138240K, used 90536K [0x0000000080000000, 0x0000000100000000)
  region size 1024K, 1 young (1024K), 1 survivors (1024K)
 Metaspace       used 84796K, capacity 86985K, committed 87112K, reserved 1124352K
  class space    used 10991K, capacity 11734K, committed 11776K, reserved 1048576K
}
Event: 127.572 GC heap before
{Heap before GC invocations=82 (full 0):
 garbage-first heap   total 138240K, used 112040K [0x0000000080000000, 0x0000000100000000)
  region size 1024K, 22 young (22528K), 1 survivors (1024K)
 Metaspace       used 87933K, capacity 90230K, committed 90440K, reserved 1128448K
  class space    used 11395K, capacity 12161K, committed 12288K, reserved 1048576K
}
Event: 127.600 GC heap after
{Heap after GC invocations=83 (full 0):
 garbage-first heap   total 138240K, used 92007K [0x0000000080000000, 0x0000000100000000)
  region size 1024K, 3 young (3072K), 3 survivors (3072K)
 Metaspace       used 87933K, capacity 90230K, committed 90440K, reserved 1128448K
  class space    used 11395K, capacity 12161K, committed 12288K, reserved 1048576K
}
Event: 134.415 GC heap before
{Heap before GC invocations=84 (full 0):
 garbage-first heap   total 138240K, used 112487K [0x0000000080000000, 0x0000000100000000)
  region size 1024K, 23 young (23552K), 3 survivors (3072K)
 Metaspace       used 89768K, capacity 92034K, committed 92104K, reserved 1128448K
  class space    used 11600K, capacity 12373K, committed 12416K, reserved 1048576K
}
Event: 134.450 GC heap after
{Heap after GC invocations=85 (full 0):
 garbage-first heap   total 138240K, used 93239K [0x0000000080000000, 0x0000000100000000)
  region size 1024K, 3 young (3072K), 3 survivors (3072K)
 Metaspace       used 89768K, capacity 92034K, committed 92104K, reserved 1128448K
  class space    used 11600K, capacity 12373K, committed 12416K, reserved 1048576K
}
Event: 146.083 GC heap before
{Heap before GC invocations=85 (full 0):
 garbage-first heap   total 138240K, used 114743K [0x0000000080000000, 0x0000000100000000)
  region size 1024K, 24 young (24576K), 3 survivors (3072K)
 Metaspace       used 91256K, capacity 93708K, committed 93896K, reserved 1130496K
  class space    used 11810K, capacity 12664K, committed 12672K, reserved 1048576K
}
Event: 146.132 GC heap after
{Heap after GC invocations=86 (full 0):
 garbage-first heap   total 138240K, used 94494K [0x0000000080000000, 0x0000000100000000)
  region size 1024K, 3 young (3072K), 3 survivors (3072K)
 Metaspace       used 91256K, capacity 93708K, committed 93896K, reserved 1130496K
  class space    used 11810K, capacity 12664K, committed 12672K, reserved 1048576K
}

Deoptimization events (20 events):
Event: 146.502 Thread 0x00000251e8b7f000 Uncommon trap: trap_request=0xffffff4d fr.pc=0x00000251d9ceff0c relative=0x000000000000024c
Event: 146.502 Thread 0x00000251e8b7f000 Uncommon trap: reason=unstable_if action=reinterpret pc=0x00000251d9ceff0c method=java.util.concurrent.ConcurrentHashMap.get(Ljava/lang/Object;)Ljava/lang/Object; @ 86 c2
Event: 146.502 Thread 0x00000251e8b7f000 DEOPT PACKING pc=0x00000251d9ceff0c sp=0x00000062e2ffd8f0
Event: 146.502 Thread 0x00000251e8b7f000 DEOPT UNPACKING pc=0x00000251d1f678af sp=0x00000062e2ffd868 mode 2
Event: 146.895 Thread 0x00000251e8b84800 Uncommon trap: trap_request=0xffffff4d fr.pc=0x00000251d9a57a48 relative=0x0000000000000508
Event: 146.895 Thread 0x00000251e8b84800 Uncommon trap: reason=unstable_if action=reinterpret pc=0x00000251d9a57a48 method=java.lang.StringLatin1.compareToCI([B[B)I @ 68 c2
Event: 146.895 Thread 0x00000251e8b84800 DEOPT PACKING pc=0x00000251d9a57a48 sp=0x00000062e31fb410
Event: 146.895 Thread 0x00000251e8b84800 DEOPT UNPACKING pc=0x00000251d1f678af sp=0x00000062e31fb308 mode 2
Event: 146.896 Thread 0x00000251e8b84800 Uncommon trap: trap_request=0xffffff4d fr.pc=0x00000251d9a51538 relative=0x0000000000000478
Event: 146.896 Thread 0x00000251e8b84800 Uncommon trap: reason=unstable_if action=reinterpret pc=0x00000251d9a51538 method=java.lang.StringLatin1.compareToCI([B[B)I @ 68 c2
Event: 146.896 Thread 0x00000251e8b84800 DEOPT PACKING pc=0x00000251d9a51538 sp=0x00000062e31fb370
Event: 146.896 Thread 0x00000251e8b84800 DEOPT UNPACKING pc=0x00000251d1f678af sp=0x00000062e31fb2f8 mode 2
Event: 147.490 Thread 0x00000251e8b7f000 Uncommon trap: trap_request=0xffffff4d fr.pc=0x00000251d9e0cf70 relative=0x0000000000001b10
Event: 147.490 Thread 0x00000251e8b7f000 Uncommon trap: reason=unstable_if action=reinterpret pc=0x00000251d9e0cf70 method=java.util.concurrent.ConcurrentHashMap.computeIfAbsent(Ljava/lang/Object;Ljava/util/function/Function;)Ljava/lang/Object; @ 279 c2
Event: 147.490 Thread 0x00000251e8b7f000 DEOPT PACKING pc=0x00000251d9e0cf70 sp=0x00000062e2ffd910
Event: 147.490 Thread 0x00000251e8b7f000 DEOPT UNPACKING pc=0x00000251d1f678af sp=0x00000062e2ffd8c8 mode 2
Event: 148.347 Thread 0x00000251e8b7e000 Uncommon trap: trap_request=0xffffffc6 fr.pc=0x00000251d9ca92e0 relative=0x0000000000002220
Event: 148.347 Thread 0x00000251e8b7e000 Uncommon trap: reason=bimorphic_or_optimized_type_check action=maybe_recompile pc=0x00000251d9ca92e0 method=java.util.TimSort.mergeHi(IIII)V @ 227 c2
Event: 148.347 Thread 0x00000251e8b7e000 DEOPT PACKING pc=0x00000251d9ca92e0 sp=0x00000062e30fb530
Event: 148.347 Thread 0x00000251e8b7e000 DEOPT UNPACKING pc=0x00000251d1f678af sp=0x00000062e30fb528 mode 2

Classes redefined (0 events):
No events

Internal exceptions (20 events):
Event: 104.368 Thread 0x00000251e9dd1000 Exception <a 'java/lang/ClassNotFoundException'{0x0000000086bc6bd8}: org/gradle/api/tasks/testing/AbstractTestTaskCustomizer> (0x0000000086bc6bd8) thrown at [./src/hotspot/share/classfile/systemDictionary.cpp, line 231]
Event: 104.375 Thread 0x00000251e9dd1000 Exception <a 'java/lang/ClassNotFoundException'{0x0000000086a04e48}: org/gradle/api/tasks/testing/TestCustomizer> (0x0000000086a04e48) thrown at [./src/hotspot/share/classfile/systemDictionary.cpp, line 231]
Event: 104.460 Thread 0x00000251e9dd1000 Exception <a 'java/lang/ClassNotFoundException'{0x0000000086ac2560}: com/android/build/gradle/tasks/factory/AndroidUnitTestCustomizer> (0x0000000086ac2560) thrown at [./src/hotspot/share/classfile/systemDictionary.cpp, line 231]
Event: 104.465 Thread 0x00000251e9dd1000 Exception <a 'java/lang/ClassNotFoundException'{0x0000000086af8258}: com/android/build/gradle/tasks/factory/AndroidUnitTest_DecoratedCustomizer> (0x0000000086af8258) thrown at [./src/hotspot/share/classfile/systemDictionary.cpp, line 231]
Event: 105.581 Thread 0x00000251e9dd1000 Exception <a 'java/lang/ClassNotFoundException'{0x0000000086c89638}: org/gradle/api/internal/tasks/DefaultSourceSetContainer_DecoratedBeanInfo> (0x0000000086c89638) thrown at [./src/hotspot/share/classfile/systemDictionary.cpp, line 231]
Event: 105.583 Thread 0x00000251e9dd1000 Exception <a 'java/lang/ClassNotFoundException'{0x0000000086cac678}: org/gradle/api/internal/tasks/DefaultSourceSetContainerBeanInfo> (0x0000000086cac678) thrown at [./src/hotspot/share/classfile/systemDictionary.cpp, line 231]
Event: 105.586 Thread 0x00000251e9dd1000 Exception <a 'java/lang/ClassNotFoundException'{0x0000000086ccf970}: org/gradle/api/internal/tasks/DefaultSourceSetContainerCustomizer> (0x0000000086ccf970) thrown at [./src/hotspot/share/classfile/systemDictionary.cpp, line 231]
Event: 105.596 Thread 0x00000251e9dd1000 Exception <a 'java/lang/ClassNotFoundException'{0x0000000086b01e50}: org/gradle/api/internal/tasks/DefaultSourceSetContainer_DecoratedCustomizer> (0x0000000086b01e50) thrown at [./src/hotspot/share/classfile/systemDictionary.cpp, line 231]
Event: 114.133 Thread 0x00000251e9dd1000 Exception <a 'sun/nio/fs/WindowsException'{0x0000000087f9a480}> (0x0000000087f9a480) thrown at [./src/hotspot/share/prims/jni.cpp, line 615]
Event: 114.136 Thread 0x00000251e9dd1000 Exception <a 'sun/nio/fs/WindowsException'{0x0000000087f9aa30}> (0x0000000087f9aa30) thrown at [./src/hotspot/share/prims/jni.cpp, line 615]
Event: 118.797 Thread 0x00000251e9dd1000 Exception <a 'java/lang/NullPointerException'{0x0000000087675cd0}> (0x0000000087675cd0) thrown at [./src/hotspot/share/interpreter/linkResolver.cpp, line 1440]
Event: 120.912 Thread 0x00000251e9dd1000 Exception <a 'java/lang/NoSuchMethodError'{0x0000000087d6f528}: 'int java.lang.invoke.DirectMethodHandle$Holder.invokeStatic(java.lang.Object, java.lang.Object, int, java.lang.Object)'> (0x0000000087d6f528) thrown at [./src/hotspot/share/interpreter/linkResolver.cpp, line 773]
Event: 122.663 Thread 0x00000251e9dd1000 Exception <a 'sun/nio/fs/WindowsException'{0x0000000087ca77f8}> (0x0000000087ca77f8) thrown at [./src/hotspot/share/prims/jni.cpp, line 615]
Event: 122.664 Thread 0x00000251e9dd1000 Exception <a 'sun/nio/fs/WindowsException'{0x0000000087ca8b68}> (0x0000000087ca8b68) thrown at [./src/hotspot/share/prims/jni.cpp, line 615]
Event: 122.665 Thread 0x00000251e9dd1000 Exception <a 'sun/nio/fs/WindowsException'{0x0000000087ca9f28}> (0x0000000087ca9f28) thrown at [./src/hotspot/share/prims/jni.cpp, line 615]
Event: 122.665 Thread 0x00000251e9dd1000 Exception <a 'sun/nio/fs/WindowsException'{0x0000000087cab2e8}> (0x0000000087cab2e8) thrown at [./src/hotspot/share/prims/jni.cpp, line 615]
Event: 131.373 Thread 0x00000251e9dd1000 Exception <a 'java/lang/reflect/InvocationTargetException'{0x00000000881ed948}> (0x00000000881ed948) thrown at [./src/hotspot/share/runtime/reflection.cpp, line 1247]
Event: 144.544 Thread 0x00000251e9dd1000 Exception <a 'java/lang/NoSuchMethodError'{0x00000000876bab10}: 'java.lang.Object java.lang.invoke.DirectMethodHandle$Holder.invokeSpecialIFC(java.lang.Object, java.lang.Object, java.lang.Object)'> (0x00000000876bab10) thrown at [./src/hotspot/share/interpreter/linkResolver.cpp, line 773]
Event: 144.544 Thread 0x00000251e8b7f000 Exception <a 'java/lang/NoSuchMethodError'{0x00000000875967c8}: 'java.lang.Object java.lang.invoke.DirectMethodHandle$Holder.invokeSpecialIFC(java.lang.Object, java.lang.Object, java.lang.Object)'> (0x00000000875967c8) thrown at [./src/hotspot/share/interpreter/linkResolver.cpp, line 773]
Event: 146.388 Thread 0x00000251e8b7e000 Exception <a 'java/lang/NoSuchMethodError'{0x00000000886cef98}: 'int java.lang.invoke.DirectMethodHandle$Holder.invokeStaticInit(java.lang.Object, java.lang.Object, java.lang.Object, java.lang.Object, java.lang.Object)'> (0x00000000886cef98) thrown at [./src/hotspot/share/interpreter/linkResolver.cpp, line 773]

Events (20 events):
Event: 146.502 Executing VM operation: RevokeBias
Event: 146.502 loading class org/gradle/internal/snapshot/VfsRelativePath
Event: 146.502 loading class org/gradle/internal/snapshot/VfsRelativePath done
Event: 146.503 loading class org/gradle/internal/snapshot/MetadataSnapshot
Event: 146.503 loading class org/gradle/internal/snapshot/MetadataSnapshot done
Event: 146.503 loading class org/gradle/internal/snapshot/VfsRelativePath
Event: 146.503 loading class org/gradle/internal/snapshot/VfsRelativePath done
Event: 146.505 Executing VM operation: RevokeBias done
Event: 147.018 Executing VM operation: CGC_Operation
Event: 147.067 Executing VM operation: CGC_Operation done
Event: 147.216 loading class org/gradle/internal/snapshot/RelativePathTracker
Event: 147.216 loading class org/gradle/internal/snapshot/RelativePathTracker done
Event: 147.216 loading class org/gradle/internal/snapshot/FileSystemLocationSnapshot
Event: 147.216 loading class org/gradle/internal/snapshot/FileSystemLocationSnapshot done
Event: 147.216 loading class org/gradle/internal/snapshot/RelativePathTracker
Event: 147.216 loading class org/gradle/internal/snapshot/RelativePathTracker done
Event: 147.230 Executing VM operation: RevokeBias
Event: 147.233 Executing VM operation: RevokeBias done
Event: 147.497 Executing VM operation: CGC_Operation
Event: 147.498 Executing VM operation: CGC_Operation done


Dynamic libraries:
0x00007ff7d1390000 - 0x00007ff7d139a000 	C:\Program Files\Android\Android Studio\jre\bin\java.exe
0x00007ffd7f690000 - 0x00007ffd7f885000 	C:\WINDOWS\SYSTEM32\ntdll.dll
0x00007ffd7f590000 - 0x00007ffd7f64e000 	C:\WINDOWS\System32\KERNEL32.DLL
0x00007ffd7cfc0000 - 0x00007ffd7d288000 	C:\WINDOWS\System32\KERNELBASE.dll
0x00007ffd7d430000 - 0x00007ffd7d530000 	C:\WINDOWS\System32\ucrtbase.dll
0x00007ffd6a250000 - 0x00007ffd6a269000 	C:\Program Files\Android\Android Studio\jre\bin\jli.dll
0x00007ffd7e6e0000 - 0x00007ffd7e881000 	C:\WINDOWS\System32\USER32.dll
0x00007ffd7cda0000 - 0x00007ffd7cdc2000 	C:\WINDOWS\System32\win32u.dll
0x00007ffd7d780000 - 0x00007ffd7d7ab000 	C:\WINDOWS\System32\GDI32.dll
0x00007ffd7d2f0000 - 0x00007ffd7d3fd000 	C:\WINDOWS\System32\gdi32full.dll
0x00007ffd7d630000 - 0x00007ffd7d6cd000 	C:\WINDOWS\System32\msvcp_win.dll
0x00007ffd68b90000 - 0x00007ffd68ba7000 	C:\Program Files\Android\Android Studio\jre\bin\VCRUNTIME140.dll
0x00007ffd6b380000 - 0x00007ffd6b61a000 	C:\WINDOWS\WinSxS\amd64_microsoft.windows.common-controls_6595b64144ccf1df_6.0.19041.1110_none_60b5254171f9507e\COMCTL32.dll
0x00007ffd7d890000 - 0x00007ffd7d92e000 	C:\WINDOWS\System32\msvcrt.dll
0x00007ffd7dc30000 - 0x00007ffd7dc60000 	C:\WINDOWS\System32\IMM32.DLL
0x00007ffd57600000 - 0x00007ffd5769d000 	C:\Program Files\Android\Android Studio\jre\bin\msvcp140.dll
0x00007ffd3e5b0000 - 0x00007ffd3f07f000 	C:\Program Files\Android\Android Studio\jre\bin\server\jvm.dll
0x00007ffd7e890000 - 0x00007ffd7e93e000 	C:\WINDOWS\System32\ADVAPI32.dll
0x00007ffd7db90000 - 0x00007ffd7dc2c000 	C:\WINDOWS\System32\sechost.dll
0x00007ffd7e0a0000 - 0x00007ffd7e1c5000 	C:\WINDOWS\System32\RPCRT4.dll
0x00007ffd7da60000 - 0x00007ffd7da68000 	C:\WINDOWS\System32\PSAPI.DLL
0x00007ffd7a4e0000 - 0x00007ffd7a4e9000 	C:\WINDOWS\SYSTEM32\WSOCK32.dll
0x00007ffd6cdc0000 - 0x00007ffd6cde7000 	C:\WINDOWS\SYSTEM32\WINMM.dll
0x00007ffd71660000 - 0x00007ffd7166a000 	C:\WINDOWS\SYSTEM32\VERSION.dll
0x00007ffd7dc60000 - 0x00007ffd7dccb000 	C:\WINDOWS\System32\WS2_32.dll
0x00007ffd7b5e0000 - 0x00007ffd7b5f2000 	C:\WINDOWS\SYSTEM32\kernel.appcore.dll
0x00007ffd79570000 - 0x00007ffd79581000 	C:\Program Files\Android\Android Studio\jre\bin\verify.dll
0x00007ffd74140000 - 0x00007ffd74324000 	C:\WINDOWS\SYSTEM32\DBGHELP.DLL
0x00007ffd68570000 - 0x00007ffd6859c000 	C:\WINDOWS\SYSTEM32\dbgcore.DLL
0x00007ffd7cdd0000 - 0x00007ffd7ce52000 	C:\WINDOWS\System32\bcryptPrimitives.dll
0x00007ffd71f50000 - 0x00007ffd71f79000 	C:\Program Files\Android\Android Studio\jre\bin\java.dll
0x00007ffd7a330000 - 0x00007ffd7a33b000 	C:\Program Files\Android\Android Studio\jre\bin\jimage.dll
0x00007ffd71e50000 - 0x00007ffd71e68000 	C:\Program Files\Android\Android Studio\jre\bin\zip.dll
0x00007ffd7ee40000 - 0x00007ffd7f584000 	C:\WINDOWS\System32\SHELL32.dll
0x00007ffd7ac40000 - 0x00007ffd7b3d5000 	C:\WINDOWS\SYSTEM32\windows.storage.dll
0x00007ffd7dcd0000 - 0x00007ffd7e025000 	C:\WINDOWS\System32\combase.dll
0x00007ffd7c780000 - 0x00007ffd7c7ae000 	C:\WINDOWS\SYSTEM32\Wldp.dll
0x00007ffd7d9b0000 - 0x00007ffd7da5d000 	C:\WINDOWS\System32\SHCORE.dll
0x00007ffd7d7b0000 - 0x00007ffd7d805000 	C:\WINDOWS\System32\shlwapi.dll
0x00007ffd7cce0000 - 0x00007ffd7ccff000 	C:\WINDOWS\SYSTEM32\profapi.dll
0x00007ffd6f170000 - 0x00007ffd6f18a000 	C:\Program Files\Android\Android Studio\jre\bin\net.dll
0x00007ffd70e80000 - 0x00007ffd70f8c000 	C:\WINDOWS\SYSTEM32\WINHTTP.dll
0x00007ffd7c460000 - 0x00007ffd7c4ca000 	C:\WINDOWS\system32\mswsock.dll
0x00007ffd6f150000 - 0x00007ffd6f164000 	C:\Program Files\Android\Android Studio\jre\bin\nio.dll
0x00007ffd6dd00000 - 0x00007ffd6dd27000 	C:\Users\JC\.gradle\native\8bec1ad78214c89d9ad589b4d07fe93259594b29d510b10fafb7a158f7737e5d\windows-amd64\native-platform.dll
0x00007ffd4e7b0000 - 0x00007ffd4e8ed000 	C:\Users\JC\.gradle\native\53dbd7edfb1c66fb8903c78663c9afc45aea4f116125fa6feffd364cf09443e8\windows-amd64\native-platform-file-events.dll
0x00007ffd7a4f0000 - 0x00007ffd7a4fa000 	C:\Program Files\Android\Android Studio\jre\bin\management.dll
0x00007ffd795b0000 - 0x00007ffd795bc000 	C:\Program Files\Android\Android Studio\jre\bin\management_ext.dll
0x00007ffd7c680000 - 0x00007ffd7c698000 	C:\WINDOWS\SYSTEM32\CRYPTSP.dll
0x00007ffd7bdc0000 - 0x00007ffd7bdf4000 	C:\WINDOWS\system32\rsaenh.dll
0x00007ffd7d400000 - 0x00007ffd7d427000 	C:\WINDOWS\System32\bcrypt.dll
0x00007ffd7cc60000 - 0x00007ffd7cc8e000 	C:\WINDOWS\SYSTEM32\USERENV.dll
0x00007ffd7c670000 - 0x00007ffd7c67c000 	C:\WINDOWS\SYSTEM32\CRYPTBASE.dll
0x00007ffd7c150000 - 0x00007ffd7c18b000 	C:\WINDOWS\SYSTEM32\IPHLPAPI.DLL
0x00007ffd7e090000 - 0x00007ffd7e098000 	C:\WINDOWS\System32\NSI.dll
0x00007ffd71ab0000 - 0x00007ffd71ac7000 	C:\WINDOWS\SYSTEM32\dhcpcsvc6.DLL
0x00007ffd71a90000 - 0x00007ffd71aad000 	C:\WINDOWS\SYSTEM32\dhcpcsvc.DLL
0x00007ffd7c190000 - 0x00007ffd7c25b000 	C:\WINDOWS\SYSTEM32\DNSAPI.dll

dbghelp: loaded successfully - version: 4.0.5 - missing functions: none
symbol engine: initialized successfully - sym options: 0x614 - pdb path: .;C:\Program Files\Android\Android Studio\jre\bin;C:\WINDOWS\SYSTEM32;C:\WINDOWS\WinSxS\amd64_microsoft.windows.common-controls_6595b64144ccf1df_6.0.19041.1110_none_60b5254171f9507e;C:\Program Files\Android\Android Studio\jre\bin\server;C:\Users\JC\.gradle\native\8bec1ad78214c89d9ad589b4d07fe93259594b29d510b10fafb7a158f7737e5d\windows-amd64;C:\Users\JC\.gradle\native\53dbd7edfb1c66fb8903c78663c9afc45aea4f116125fa6feffd364cf09443e8\windows-amd64

VM Arguments:
jvm_args: --add-opens=java.base/java.util=ALL-UNNAMED --add-opens=java.base/java.lang=ALL-UNNAMED --add-opens=java.base/java.lang.invoke=ALL-UNNAMED --add-opens=java.base/java.util=ALL-UNNAMED --add-opens=java.prefs/java.util.prefs=ALL-UNNAMED --add-opens=java.prefs/java.util.prefs=ALL-UNNAMED --add-opens=java.base/java.nio.charset=ALL-UNNAMED --add-opens=java.base/java.net=ALL-UNNAMED --add-opens=java.base/java.util.concurrent.atomic=ALL-UNNAMED -Xmx2048m -Dfile.encoding=UTF-8 -Duser.country=ES -Duser.language=es -Duser.variant 
java_command: org.gradle.launcher.daemon.bootstrap.GradleDaemon 7.0.2
java_class_path (initial): C:\Users\JC\.gradle\wrapper\dists\gradle-7.0.2-bin\857tjihv64xamwrf0h14cai3r\gradle-7.0.2\lib\gradle-launcher-7.0.2.jar
Launcher Type: SUN_STANDARD

[Global flags]
     intx CICompilerCount                          = 3                                         {product} {ergonomic}
     uint ConcGCThreads                            = 1                                         {product} {ergonomic}
     uint G1ConcRefinementThreads                  = 4                                         {product} {ergonomic}
   size_t G1HeapRegionSize                         = 1048576                                   {product} {ergonomic}
    uintx GCDrainStackTargetSize                   = 64                                        {product} {ergonomic}
   size_t InitialHeapSize                          = 67108864                                  {product} {ergonomic}
   size_t MarkStackSize                            = 4194304                                   {product} {ergonomic}
   size_t MaxHeapSize                              = 2147483648                                {product} {command line}
   size_t MaxNewSize                               = 1287651328                                {product} {ergonomic}
   size_t MinHeapDeltaBytes                        = 1048576                                   {product} {ergonomic}
    uintx NonNMethodCodeHeapSize                   = 5830732                                {pd product} {ergonomic}
    uintx NonProfiledCodeHeapSize                  = 122913754                              {pd product} {ergonomic}
    uintx ProfiledCodeHeapSize                     = 122913754                              {pd product} {ergonomic}
    uintx ReservedCodeCacheSize                    = 251658240                              {pd product} {ergonomic}
     bool SegmentedCodeCache                       = true                                      {product} {ergonomic}
     bool UseCompressedClassPointers               = true                                 {lp64_product} {ergonomic}
     bool UseCompressedOops                        = true                                 {lp64_product} {ergonomic}
     bool UseG1GC                                  = true                                      {product} {ergonomic}
     bool UseLargePagesIndividualAllocation        = false                                  {pd product} {ergonomic}

Logging:
Log output configuration:
 #0: stdout all=warning uptime,level,tags
 #1: stderr all=off uptime,level,tags

Environment Variables:
JAVA_HOME=C:\Program Files\Java\jdk-15.0.1
PATH=C:\Program Files\Microsoft\jdk-11.0.12.7-hotspot\bin;C:\oraclexe\app\oracle\product\10.2.0\server\bin;C:\Program Files (x86)\Common Files\Oracle\Java\javapath;C:\ProgramData\Oracle\Java\javapath;C:\Program Files\Common Files\Oracle\Java\javapath;C:\WINDOWS\system32;C:\WINDOWS;C:\WINDOWS\System32\Wbem;C:\WINDOWS\System32\WindowsPowerShell\v1.0\;C:\WINDOWS\System32\OpenSSH\;C:\Program Files\Java\jdk-15.0.1\bin;C:\Program Files\Microsoft SQL Server\Client SDK\ODBC\170\Tools\Binn\;C:\Program Files (x86)\Microsoft SQL Server\150\Tools\Binn\;C:\Program Files\Microsoft SQL Server\150\Tools\Binn\;C:\Program Files\Microsoft SQL Server\150\DTS\Binn\;C:\Program Files (x86)\Microsoft SQL Server\150\DTS\Binn\;C:\Program Files\dotnet\;C:\Program Files\Microsoft SQL Server\130\Tools\Binn\;C:\php;C:\Program Files\Docker\Docker\resources\bin;C:\ProgramData\DockerDesktop\version-bin;C:\Program Files\Git\cmd;C:\Program Files (x86)\Bazaar;C:\Users\JC\AppData\Local\Programs\Python\Python39\Scripts\;C:\Users\JC\AppData\Local\Programs\Python\Python39\;C:\Users\JC\AppData\Local\Microsoft\WindowsApps;;C:\Program Files\Azure Data Studio\bin;C:\Program Files\Azure Data Studio\bin;C:\Users\JC\.dotnet\tools;C:\Users\JC\AppData\Local\Programs\Microsoft VS Code\bin
USERNAME=JC
OS=Windows_NT
PROCESSOR_IDENTIFIER=Intel64 Family 6 Model 69 Stepping 1, GenuineIntel



---------------  S Y S T E M  ---------------

OS: Windows 10 , 64 bit Build 19041 (10.0.19041.1466)
OS uptime: 3 days 22:58 hours
Hyper-V role detected

CPU:total 4 (initial active 4) (2 cores per cpu, 2 threads per core) family 6 model 69 stepping 1 microcode 0x25, cmov, cx8, fxsr, mmx, sse, sse2, sse3, ssse3, sse4.1, sse4.2, popcnt, avx, avx2, aes, clmul, erms, lzcnt, ht, tsc, tscinvbit, bmi1, bmi2, fma

Memory: 4k page, system-wide physical 4027M (245M free)
TotalPageFile size 6825M (AvailPageFile size 2M)
current process WorkingSet (physical memory assigned to process): 369M, peak: 371M
current process commit charge ("private bytes"): 396M, peak: 399M

vm_info: OpenJDK 64-Bit Server VM (11.0.10+0-b96-7249189) for windows-amd64 JRE (11.0.10+0-b96-7249189), built on Mar 31 2021 21:44:00 by "builder" with MS VC++ 14.0 (VS2015)

END.
