#
# There is insufficient memory for the Java Runtime Environment to continue.
# Native memory allocation (malloc) failed to allocate 2330896 bytes for Chunk::new
# Possible reasons:
#   The system is out of physical RAM or swap space
#   The process is running with CompressedOops enabled, and the Java Heap may be blocking the growth of the native heap
# Possible solutions:
#   Reduce memory load on the system
#   Increase physical memory or swap space
#   Check if swap backing store is full
#   Decrease Java heap size (-Xmx/-Xms)
#   Decrease number of Java threads
#   Decrease Java thread stack sizes (-Xss)
#   Set larger code cache with -XX:ReservedCodeCacheSize=
#   JVM is running with Unscaled Compressed Oops mode in which the Java heap is
#     placed in the first 4GB address space. The Java Heap base address is the
#     maximum limit for the native heap growth. Please use -XX:HeapBaseMinAddress
#     to set the Java Heap base and to place the Java Heap above 4GB virtual address.
# This output file may be truncated or incomplete.
#
#  Out of Memory Error (./src/hotspot/share/memory/arena.cpp:197), pid=960, tid=8524
#
# JRE version: OpenJDK Runtime Environment (11.0.10) (build 11.0.10+0-b96-7249189)
# Java VM: OpenJDK 64-Bit Server VM (11.0.10+0-b96-7249189, mixed mode, tiered, compressed oops, g1 gc, windows-amd64)
# No core dump will be written. Minidumps are not enabled by default on client versions of Windows
#

---------------  S U M M A R Y ------------

Command Line: --add-opens=java.base/java.util=ALL-UNNAMED --add-opens=java.base/java.lang=ALL-UNNAMED --add-opens=java.base/java.lang.invoke=ALL-UNNAMED --add-opens=java.base/java.util=ALL-UNNAMED --add-opens=java.prefs/java.util.prefs=ALL-UNNAMED --add-opens=java.prefs/java.util.prefs=ALL-UNNAMED --add-opens=java.base/java.nio.charset=ALL-UNNAMED --add-opens=java.base/java.net=ALL-UNNAMED --add-opens=java.base/java.util.concurrent.atomic=ALL-UNNAMED -Xmx2048m -Dfile.encoding=UTF-8 -Duser.country=ES -Duser.language=es -Duser.variant org.gradle.launcher.daemon.bootstrap.GradleDaemon 7.0.2

Host: Intel(R) Core(TM) i3-4012Y CPU @ 1.50GHz, 4 cores, 3G,  Windows 10 , 64 bit Build 19041 (10.0.19041.1466)
Time: Wed Feb  9 00:33:48 2022 Hora est. Pacífico, Sudamérica elapsed time: 283.945595 seconds (0d 0h 4m 43s)

---------------  T H R E A D  ---------------

Current thread (0x000001943d891000):  JavaThread "C2 CompilerThread0" daemon [_thread_in_native, id=8524, stack(0x0000005bfe900000,0x0000005bfea00000)]


Current CompileTask:
C2: 283945 13269       4       com.android.tools.r8.internal.U6::a (6044 bytes)

Stack: [0x0000005bfe900000,0x0000005bfea00000]
Native frames: (J=compiled Java code, j=interpreted, Vv=VM code, C=native code)
V  [jvm.dll+0x5ecfaa]
V  [jvm.dll+0x722bd5]
V  [jvm.dll+0x72412d]
V  [jvm.dll+0x7247e3]
V  [jvm.dll+0x242928]
V  [jvm.dll+0xbc4fc]
V  [jvm.dll+0xbca0c]
V  [jvm.dll+0x352d7d]
V  [jvm.dll+0x19800c]
V  [jvm.dll+0x1fb70e]
V  [jvm.dll+0x1fa7f4]
V  [jvm.dll+0x18354c]
V  [jvm.dll+0x208ee7]
V  [jvm.dll+0x207731]
V  [jvm.dll+0x6eb1cf]
V  [jvm.dll+0x6e3d45]
V  [jvm.dll+0x5ebe96]
C  [ucrtbase.dll+0x21bb2]
C  [KERNEL32.DLL+0x17034]
C  [ntdll.dll+0x52651]


---------------  P R O C E S S  ---------------

Threads class SMR info:
_java_thread_list=0x00000194464728d0, length=56, elements={
0x0000019421d4e800, 0x000001943d82f800, 0x000001943d839000, 0x000001943d887800,
0x000001943d889800, 0x000001943d890000, 0x000001943d891000, 0x000001943d899800,
0x000001943d8a2800, 0x000001943e2e8800, 0x000001943f80d800, 0x000001943f44b800,
0x00000194402a7800, 0x000001943f9d3000, 0x000001943fb72800, 0x000001943f876800,
0x000001943f8b6800, 0x000001943f8b7800, 0x00000194401aa000, 0x00000194401ac800,
0x00000194401ae000, 0x00000194401ab800, 0x00000194401a8800, 0x00000194401ad000,
0x00000194401af000, 0x00000194401a9000, 0x00000194401ab000, 0x000001944245f800,
0x0000019442466000, 0x0000019442467000, 0x0000019442464000, 0x0000019442465800,
0x0000019442464800, 0x0000019442468000, 0x0000019442462000, 0x0000019442468800,
0x0000019442463000, 0x000001944246c000, 0x000001944246e800, 0x0000019442469800,
0x000001944246b000, 0x000001944246d000, 0x000001944246d800, 0x000001944246a800,
0x00000194443f6000, 0x00000194443f2800, 0x00000194443f6800, 0x00000194443f3800,
0x00000194443f4800, 0x00000194443f1000, 0x00000194443f2000, 0x00000194443fa000,
0x00000194443f7800, 0x00000194443f8800, 0x00000194443fb000, 0x00000194443fe000
}

Java Threads: ( => current thread )
  0x0000019421d4e800 JavaThread "main" [_thread_blocked, id=256, stack(0x0000005bfdd00000,0x0000005bfde00000)]
  0x000001943d82f800 JavaThread "Reference Handler" daemon [_thread_blocked, id=5828, stack(0x0000005bfe400000,0x0000005bfe500000)]
  0x000001943d839000 JavaThread "Finalizer" daemon [_thread_blocked, id=2988, stack(0x0000005bfe500000,0x0000005bfe600000)]
  0x000001943d887800 JavaThread "Signal Dispatcher" daemon [_thread_blocked, id=8080, stack(0x0000005bfe600000,0x0000005bfe700000)]
  0x000001943d889800 JavaThread "Attach Listener" daemon [_thread_blocked, id=9720, stack(0x0000005bfe700000,0x0000005bfe800000)]
  0x000001943d890000 JavaThread "Service Thread" daemon [_thread_blocked, id=4824, stack(0x0000005bfe800000,0x0000005bfe900000)]
=>0x000001943d891000 JavaThread "C2 CompilerThread0" daemon [_thread_in_native, id=8524, stack(0x0000005bfe900000,0x0000005bfea00000)]
  0x000001943d899800 JavaThread "C1 CompilerThread0" daemon [_thread_in_native, id=9552, stack(0x0000005bfea00000,0x0000005bfeb00000)]
  0x000001943d8a2800 JavaThread "Sweeper thread" daemon [_thread_blocked, id=9000, stack(0x0000005bfeb00000,0x0000005bfec00000)]
  0x000001943e2e8800 JavaThread "Common-Cleaner" daemon [_thread_blocked, id=10908, stack(0x0000005bfec00000,0x0000005bfed00000)]
  0x000001943f80d800 JavaThread "Daemon health stats" [_thread_blocked, id=8036, stack(0x0000005bfef00000,0x0000005bff000000)]
  0x000001943f44b800 JavaThread "Incoming local TCP Connector on port 55165" [_thread_in_native, id=9532, stack(0x0000005bff000000,0x0000005bff100000)]
  0x00000194402a7800 JavaThread "Daemon periodic checks" [_thread_blocked, id=240, stack(0x0000005bff100000,0x0000005bff200000)]
  0x000001943f9d3000 JavaThread "Daemon" [_thread_blocked, id=4572, stack(0x0000005bff200000,0x0000005bff300000)]
  0x000001943fb72800 JavaThread "Handler for socket connection from /127.0.0.1:55165 to /127.0.0.1:55166" [_thread_in_native, id=1600, stack(0x0000005bff300000,0x0000005bff400000)]
  0x000001943f876800 JavaThread "Cancel handler" [_thread_blocked, id=7352, stack(0x0000005bff400000,0x0000005bff500000)]
  0x000001943f8b6800 JavaThread "Daemon worker" [_thread_blocked, id=3948, stack(0x0000005bff500000,0x0000005bff600000)]
  0x000001943f8b7800 JavaThread "Asynchronous log dispatcher for DefaultDaemonConnection: socket connection from /127.0.0.1:55165 to /127.0.0.1:55166" [_thread_blocked, id=10580, stack(0x0000005bff600000,0x0000005bff700000)]
  0x00000194401aa000 JavaThread "Daemon client event forwarder" [_thread_blocked, id=9440, stack(0x0000005bff800000,0x0000005bff900000)]
  0x00000194401ac800 JavaThread "Cache worker for file hash cache (C:\Users\JC\.gradle\caches\7.0.2\fileHashes)" [_thread_blocked, id=11208, stack(0x0000005bffb00000,0x0000005bffc00000)]
  0x00000194401ae000 JavaThread "File lock request listener" [_thread_in_native, id=9316, stack(0x0000005bffc00000,0x0000005bffd00000)]
  0x00000194401ab800 JavaThread "Cache worker for journal cache (C:\Users\JC\.gradle\caches\journal-1)" [_thread_blocked, id=6340, stack(0x0000005bffd00000,0x0000005bffe00000)]
  0x00000194401a8800 JavaThread "Cache worker for file hash cache (C:\Users\JC\AndroidStudioProjects\LoginUTA\.gradle\7.0.2\fileHashes)" [_thread_blocked, id=6556, stack(0x0000005bffe00000,0x0000005bfff00000)]
  0x00000194401ad000 JavaThread "File watcher server" daemon [_thread_in_native, id=4612, stack(0x0000005bfff00000,0x0000005c00000000)]
  0x00000194401af000 JavaThread "File watcher consumer" daemon [_thread_blocked, id=4552, stack(0x0000005b80000000,0x0000005b80100000)]
  0x00000194401a9000 JavaThread "Cache worker for checksums cache (C:\Users\JC\AndroidStudioProjects\LoginUTA\.gradle\checksums)" [_thread_blocked, id=6400, stack(0x0000005b80100000,0x0000005b80200000)]
  0x00000194401ab000 JavaThread "Cache worker for cache directory md-supplier (C:\Users\JC\.gradle\caches\7.0.2\md-supplier)" [_thread_blocked, id=10980, stack(0x0000005b80200000,0x0000005b80300000)]
  0x000001944245f800 JavaThread "Cache worker for cache directory md-rule (C:\Users\JC\.gradle\caches\7.0.2\md-rule)" [_thread_blocked, id=10312, stack(0x0000005b80300000,0x0000005b80400000)]
  0x0000019442466000 JavaThread "Cache worker for execution history cache (C:\Users\JC\.gradle\caches\7.0.2\executionHistory)" [_thread_blocked, id=9780, stack(0x0000005b80400000,0x0000005b80500000)]
  0x0000019442467000 JavaThread "jar transforms" [_thread_blocked, id=11020, stack(0x0000005b80500000,0x0000005b80600000)]
  0x0000019442464000 JavaThread "jar transforms Thread 2" [_thread_blocked, id=3612, stack(0x0000005b80600000,0x0000005b80700000)]
  0x0000019442465800 JavaThread "Cache worker for file content cache (C:\Users\JC\.gradle\caches\7.0.2\fileContent)" [_thread_blocked, id=10372, stack(0x0000005b80700000,0x0000005b80800000)]
  0x0000019442464800 JavaThread "Cache worker for dependencies-accessors (C:\Users\JC\AndroidStudioProjects\LoginUTA\.gradle\7.0.2\dependencies-accessors)" [_thread_blocked, id=10400, stack(0x0000005b80800000,0x0000005b80900000)]
  0x0000019442468000 JavaThread "jar transforms Thread 3" [_thread_blocked, id=9452, stack(0x0000005b80900000,0x0000005b80a00000)]
  0x0000019442462000 JavaThread "Cache worker for Build Output Cleanup Cache (C:\Users\JC\AndroidStudioProjects\LoginUTA\.gradle\buildOutputCleanup)" [_thread_blocked, id=11168, stack(0x0000005b80a00000,0x0000005b80b00000)]
  0x0000019442468800 JavaThread "Build operations" [_thread_blocked, id=6604, stack(0x0000005b80d00000,0x0000005b80e00000)]
  0x0000019442463000 JavaThread "Build operations Thread 2" [_thread_blocked, id=124, stack(0x0000005b80e00000,0x0000005b80f00000)]
  0x000001944246c000 JavaThread "Build operations Thread 3" [_thread_blocked, id=9624, stack(0x0000005b80f00000,0x0000005b81000000)]
  0x000001944246e800 JavaThread "Build operations Thread 4" [_thread_blocked, id=8416, stack(0x0000005b81000000,0x0000005b81100000)]
  0x0000019442469800 JavaThread "jar transforms Thread 4" [_thread_blocked, id=6412, stack(0x0000005b81100000,0x0000005b81200000)]
  0x000001944246b000 JavaThread "Memory manager" [_thread_blocked, id=10560, stack(0x0000005b81200000,0x0000005b81300000)]
  0x000001944246d000 JavaThread "build event listener" [_thread_blocked, id=7816, stack(0x0000005b81300000,0x0000005b81400000)]
  0x000001944246d800 JavaThread "Execution worker for ':'" [_thread_blocked, id=8736, stack(0x0000005b81400000,0x0000005b81500000)]
  0x000001944246a800 JavaThread "Execution worker for ':' Thread 2" [_thread_blocked, id=11140, stack(0x0000005b81500000,0x0000005b81600000)]
  0x00000194443f6000 JavaThread "Execution worker for ':' Thread 3" [_thread_blocked, id=6324, stack(0x0000005b81600000,0x0000005b81700000)]
  0x00000194443f2800 JavaThread "Cache worker for execution history cache (C:\Users\JC\AndroidStudioProjects\LoginUTA\.gradle\7.0.2\executionHistory)" [_thread_blocked, id=10092, stack(0x0000005b81700000,0x0000005b81800000)]
  0x00000194443f6800 JavaThread "WorkerExecutor Queue" [_thread_blocked, id=10624, stack(0x0000005b81800000,0x0000005b81900000)]
  0x00000194443f3800 JavaThread "WorkerExecutor Queue Thread 2" [_thread_in_vm, id=2292, stack(0x0000005b81900000,0x0000005b81a00000)]
  0x00000194443f4800 JavaThread "pool-3-thread-1" [_thread_blocked, id=7700, stack(0x0000005b80b00000,0x0000005b80c00000)]
  0x00000194443f1000 JavaThread "stderr" [_thread_in_native, id=3808, stack(0x0000005b81a00000,0x0000005b81b00000)]
  0x00000194443f2000 JavaThread "stdout" [_thread_in_native, id=1240, stack(0x0000005b81b00000,0x0000005b81c00000)]
  0x00000194443fa000 JavaThread "Cache worker for Java compile cache (C:\Users\JC\.gradle\caches\7.0.2\javaCompile)" [_thread_blocked, id=5776, stack(0x0000005b81c00000,0x0000005b81d00000)]
  0x00000194443f7800 JavaThread "Cache worker for Java compile cache (C:\Users\JC\AndroidStudioProjects\LoginUTA\.gradle\7.0.2\javaCompile)" [_thread_blocked, id=2372, stack(0x0000005b81d00000,0x0000005b81e00000)]
  0x00000194443f8800 JavaThread "WorkerExecutor Queue Thread 3" [_thread_in_Java, id=6712, stack(0x0000005b80c00000,0x0000005b80d00000)]
  0x00000194443fb000 JavaThread "WorkerExecutor Queue Thread 4" [_thread_in_native, id=11176, stack(0x0000005b81f00000,0x0000005b82000000)]
  0x00000194443fe000 JavaThread "C2 CompilerThread1" daemon [_thread_in_native, id=7540, stack(0x0000005b81e00000,0x0000005b81f00000)]

Other Threads:
  0x000001943d827800 VMThread "VM Thread" [stack: 0x0000005bfe300000,0x0000005bfe400000] [id=3748]
  0x000001943e348000 WatcherThread [stack: 0x0000005bfed00000,0x0000005bfee00000] [id=11116]
  0x0000019421d67000 GCTaskThread "GC Thread#0" [stack: 0x0000005bfde00000,0x0000005bfdf00000] [id=2936]
  0x000001943e247000 GCTaskThread "GC Thread#1" [stack: 0x0000005bfee00000,0x0000005bfef00000] [id=10784]
  0x000001943e5ec800 GCTaskThread "GC Thread#2" [stack: 0x0000005bff900000,0x0000005bffa00000] [id=9764]
  0x000001943efee000 GCTaskThread "GC Thread#3" [stack: 0x0000005bffa00000,0x0000005bffb00000] [id=836]
  0x0000019421d98800 ConcurrentGCThread "G1 Main Marker" [stack: 0x0000005bfdf00000,0x0000005bfe000000] [id=11232]
  0x0000019421d9a000 ConcurrentGCThread "G1 Conc#0" [stack: 0x0000005bfe000000,0x0000005bfe100000] [id=7476]
  0x0000019421df3800 ConcurrentGCThread "G1 Refine#0" [stack: 0x0000005bfe100000,0x0000005bfe200000] [id=9376]
  0x0000019421df4800 ConcurrentGCThread "G1 Young RemSet Sampling" [stack: 0x0000005bfe200000,0x0000005bfe300000] [id=1996]

Threads with active compile tasks:
C2 CompilerThread0 284993 13269       4       com.android.tools.r8.internal.U6::a (6044 bytes)
C1 CompilerThread0 284993 14281       2       com.android.tools.r8.internal.Mv::a (583 bytes)
C2 CompilerThread1 284993 13469       4       sun.invoke.util.VerifyAccess::isClassAccessible (182 bytes)

VM state:not at safepoint (normal execution)

VM Mutex/Monitor currently owned by a thread: None

Heap address: 0x0000000080000000, size: 2048 MB, Compressed Oops mode: 32-bit
Narrow klass base: 0x0000000000000000, Narrow klass shift: 3
Compressed class space size: 1073741824 Address: 0x0000000100000000

Heap:
 garbage-first heap   total 165888K, used 106375K [0x0000000080000000, 0x0000000100000000)
  region size 1024K, 16 young (16384K), 2 survivors (2048K)
 Metaspace       used 109155K, capacity 112100K, committed 112332K, reserved 1146880K
  class space    used 14077K, capacity 15230K, committed 15308K, reserved 1048576K
Heap Regions: E=young(eden), S=young(survivor), O=old, HS=humongous(starts), HC=humongous(continues), CS=collection set, F=free, A=archive, TAMS=top-at-mark-start (previous, next)
|   0|0x0000000080000000, 0x0000000080100000, 0x0000000080100000|100%| O|  |TAMS 0x0000000080100000, 0x0000000080100000| Untracked 
|   1|0x0000000080100000, 0x0000000080200000, 0x0000000080200000|100%| O|  |TAMS 0x0000000080200000, 0x0000000080200000| Untracked 
|   2|0x0000000080200000, 0x0000000080300000, 0x0000000080300000|100%| O|  |TAMS 0x0000000080300000, 0x0000000080300000| Untracked 
|   3|0x0000000080300000, 0x0000000080400000, 0x0000000080400000|100%|HS|  |TAMS 0x0000000080400000, 0x0000000080400000| Complete 
|   4|0x0000000080400000, 0x0000000080500000, 0x0000000080500000|100%|HC|  |TAMS 0x0000000080500000, 0x0000000080500000| Complete 
|   5|0x0000000080500000, 0x0000000080600000, 0x0000000080600000|100%|HC|  |TAMS 0x0000000080600000, 0x0000000080600000| Complete 
|   6|0x0000000080600000, 0x0000000080700000, 0x0000000080700000|100%| O|  |TAMS 0x0000000080700000, 0x0000000080700000| Untracked 
|   7|0x0000000080700000, 0x0000000080800000, 0x0000000080800000|100%| O|  |TAMS 0x0000000080800000, 0x0000000080800000| Untracked 
|   8|0x0000000080800000, 0x0000000080900000, 0x0000000080900000|100%| O|  |TAMS 0x0000000080900000, 0x0000000080900000| Untracked 
|   9|0x0000000080900000, 0x0000000080a00000, 0x0000000080a00000|100%| O|  |TAMS 0x0000000080a00000, 0x0000000080a00000| Untracked 
|  10|0x0000000080a00000, 0x0000000080b00000, 0x0000000080b00000|100%| O|  |TAMS 0x0000000080b00000, 0x0000000080b00000| Untracked 
|  11|0x0000000080b00000, 0x0000000080c00000, 0x0000000080c00000|100%| O|  |TAMS 0x0000000080c00000, 0x0000000080c00000| Untracked 
|  12|0x0000000080c00000, 0x0000000080d00000, 0x0000000080d00000|100%| O|  |TAMS 0x0000000080d00000, 0x0000000080d00000| Untracked 
|  13|0x0000000080d00000, 0x0000000080e00000, 0x0000000080e00000|100%| O|  |TAMS 0x0000000080e00000, 0x0000000080e00000| Untracked 
|  14|0x0000000080e00000, 0x0000000080f00000, 0x0000000080f00000|100%| O|  |TAMS 0x0000000080f00000, 0x0000000080f00000| Untracked 
|  15|0x0000000080f00000, 0x0000000081000000, 0x0000000081000000|100%| O|  |TAMS 0x0000000081000000, 0x0000000081000000| Untracked 
|  16|0x0000000081000000, 0x0000000081100000, 0x0000000081100000|100%| O|  |TAMS 0x0000000081100000, 0x0000000081100000| Untracked 
|  17|0x0000000081100000, 0x0000000081200000, 0x0000000081200000|100%| O|  |TAMS 0x0000000081200000, 0x0000000081200000| Untracked 
|  18|0x0000000081200000, 0x0000000081300000, 0x0000000081300000|100%| O|  |TAMS 0x0000000081300000, 0x0000000081300000| Untracked 
|  19|0x0000000081300000, 0x0000000081400000, 0x0000000081400000|100%| O|  |TAMS 0x0000000081400000, 0x0000000081400000| Untracked 
|  20|0x0000000081400000, 0x0000000081500000, 0x0000000081500000|100%| O|  |TAMS 0x0000000081500000, 0x0000000081500000| Untracked 
|  21|0x0000000081500000, 0x0000000081600000, 0x0000000081600000|100%|HS|  |TAMS 0x0000000081600000, 0x0000000081600000| Complete 
|  22|0x0000000081600000, 0x0000000081700000, 0x0000000081700000|100%| O|  |TAMS 0x0000000081700000, 0x0000000081700000| Untracked 
|  23|0x0000000081700000, 0x0000000081800000, 0x0000000081800000|100%| O|  |TAMS 0x0000000081800000, 0x0000000081800000| Untracked 
|  24|0x0000000081800000, 0x0000000081900000, 0x0000000081900000|100%| O|  |TAMS 0x0000000081900000, 0x0000000081900000| Untracked 
|  25|0x0000000081900000, 0x0000000081a00000, 0x0000000081a00000|100%| O|  |TAMS 0x0000000081a00000, 0x0000000081a00000| Untracked 
|  26|0x0000000081a00000, 0x0000000081b00000, 0x0000000081b00000|100%| O|  |TAMS 0x0000000081b00000, 0x0000000081b00000| Untracked 
|  27|0x0000000081b00000, 0x0000000081c00000, 0x0000000081c00000|100%|HS|  |TAMS 0x0000000081c00000, 0x0000000081c00000| Complete 
|  28|0x0000000081c00000, 0x0000000081d00000, 0x0000000081d00000|100%|HS|  |TAMS 0x0000000081d00000, 0x0000000081d00000| Complete 
|  29|0x0000000081d00000, 0x0000000081e00000, 0x0000000081e00000|100%|HC|  |TAMS 0x0000000081e00000, 0x0000000081e00000| Complete 
|  30|0x0000000081e00000, 0x0000000081f00000, 0x0000000081f00000|100%| O|  |TAMS 0x0000000081f00000, 0x0000000081f00000| Untracked 
|  31|0x0000000081f00000, 0x0000000082000000, 0x0000000082000000|100%| O|  |TAMS 0x0000000082000000, 0x0000000082000000| Untracked 
|  32|0x0000000082000000, 0x0000000082100000, 0x0000000082100000|100%| O|  |TAMS 0x0000000082100000, 0x0000000082100000| Untracked 
|  33|0x0000000082100000, 0x0000000082200000, 0x0000000082200000|100%| O|  |TAMS 0x0000000082200000, 0x0000000082200000| Untracked 
|  34|0x0000000082200000, 0x0000000082300000, 0x0000000082300000|100%| O|  |TAMS 0x0000000082300000, 0x0000000082300000| Untracked 
|  35|0x0000000082300000, 0x0000000082400000, 0x0000000082400000|100%| O|  |TAMS 0x0000000082400000, 0x0000000082400000| Untracked 
|  36|0x0000000082400000, 0x0000000082500000, 0x0000000082500000|100%| O|  |TAMS 0x0000000082500000, 0x0000000082500000| Untracked 
|  37|0x0000000082500000, 0x0000000082600000, 0x0000000082600000|100%| O|  |TAMS 0x0000000082600000, 0x0000000082600000| Untracked 
|  38|0x0000000082600000, 0x0000000082700000, 0x0000000082700000|100%| O|  |TAMS 0x0000000082700000, 0x0000000082700000| Untracked 
|  39|0x0000000082700000, 0x0000000082800000, 0x0000000082800000|100%| O|  |TAMS 0x0000000082800000, 0x0000000082800000| Untracked 
|  40|0x0000000082800000, 0x0000000082900000, 0x0000000082900000|100%| O|  |TAMS 0x0000000082900000, 0x0000000082900000| Untracked 
|  41|0x0000000082900000, 0x0000000082a00000, 0x0000000082a00000|100%| O|  |TAMS 0x0000000082a00000, 0x0000000082a00000| Untracked 
|  42|0x0000000082a00000, 0x0000000082b00000, 0x0000000082b00000|100%| O|  |TAMS 0x0000000082b00000, 0x0000000082b00000| Untracked 
|  43|0x0000000082b00000, 0x0000000082c00000, 0x0000000082c00000|100%| O|  |TAMS 0x0000000082c00000, 0x0000000082c00000| Untracked 
|  44|0x0000000082c00000, 0x0000000082d00000, 0x0000000082d00000|100%| O|  |TAMS 0x0000000082d00000, 0x0000000082d00000| Untracked 
|  45|0x0000000082d00000, 0x0000000082e00000, 0x0000000082e00000|100%| O|  |TAMS 0x0000000082e00000, 0x0000000082e00000| Untracked 
|  46|0x0000000082e00000, 0x0000000082f00000, 0x0000000082f00000|100%| O|  |TAMS 0x0000000082f00000, 0x0000000082f00000| Untracked 
|  47|0x0000000082f00000, 0x0000000083000000, 0x0000000083000000|100%| O|  |TAMS 0x0000000083000000, 0x0000000083000000| Untracked 
|  48|0x0000000083000000, 0x0000000083100000, 0x0000000083100000|100%| O|  |TAMS 0x0000000083100000, 0x0000000083100000| Untracked 
|  49|0x0000000083100000, 0x0000000083200000, 0x0000000083200000|100%| O|  |TAMS 0x0000000083200000, 0x0000000083200000| Untracked 
|  50|0x0000000083200000, 0x0000000083300000, 0x0000000083300000|100%| O|  |TAMS 0x0000000083300000, 0x0000000083300000| Untracked 
|  51|0x0000000083300000, 0x0000000083400000, 0x0000000083400000|100%| O|  |TAMS 0x0000000083400000, 0x0000000083400000| Untracked 
|  52|0x0000000083400000, 0x0000000083500000, 0x0000000083500000|100%| O|  |TAMS 0x0000000083500000, 0x0000000083500000| Untracked 
|  53|0x0000000083500000, 0x0000000083600000, 0x0000000083600000|100%| O|  |TAMS 0x0000000083600000, 0x0000000083600000| Untracked 
|  54|0x0000000083600000, 0x0000000083700000, 0x0000000083700000|100%| O|  |TAMS 0x0000000083700000, 0x0000000083700000| Untracked 
|  55|0x0000000083700000, 0x0000000083800000, 0x0000000083800000|100%| O|  |TAMS 0x0000000083800000, 0x0000000083800000| Untracked 
|  56|0x0000000083800000, 0x0000000083900000, 0x0000000083900000|100%| O|  |TAMS 0x0000000083900000, 0x0000000083900000| Untracked 
|  57|0x0000000083900000, 0x0000000083a00000, 0x0000000083a00000|100%| O|  |TAMS 0x0000000083a00000, 0x0000000083a00000| Untracked 
|  58|0x0000000083a00000, 0x0000000083b00000, 0x0000000083b00000|100%| O|  |TAMS 0x0000000083b00000, 0x0000000083b00000| Untracked 
|  59|0x0000000083b00000, 0x0000000083c00000, 0x0000000083c00000|100%| O|  |TAMS 0x0000000083c00000, 0x0000000083c00000| Untracked 
|  60|0x0000000083c00000, 0x0000000083d00000, 0x0000000083d00000|100%| O|  |TAMS 0x0000000083d00000, 0x0000000083d00000| Untracked 
|  61|0x0000000083d00000, 0x0000000083e00000, 0x0000000083e00000|100%| O|  |TAMS 0x0000000083e00000, 0x0000000083e00000| Untracked 
|  62|0x0000000083e00000, 0x0000000083f00000, 0x0000000083f00000|100%| O|  |TAMS 0x0000000083f00000, 0x0000000083f00000| Untracked 
|  63|0x0000000083f00000, 0x0000000084000000, 0x0000000084000000|100%| O|  |TAMS 0x0000000084000000, 0x0000000084000000| Untracked 
|  64|0x0000000084000000, 0x0000000084100000, 0x0000000084100000|100%| O|  |TAMS 0x0000000084100000, 0x0000000084100000| Untracked 
|  65|0x0000000084100000, 0x0000000084200000, 0x0000000084200000|100%| O|  |TAMS 0x0000000084200000, 0x0000000084200000| Untracked 
|  66|0x0000000084200000, 0x0000000084300000, 0x0000000084300000|100%| O|  |TAMS 0x0000000084300000, 0x0000000084300000| Untracked 
|  67|0x0000000084300000, 0x0000000084400000, 0x0000000084400000|100%| O|  |TAMS 0x0000000084400000, 0x0000000084400000| Untracked 
|  68|0x0000000084400000, 0x0000000084500000, 0x0000000084500000|100%|HS|  |TAMS 0x0000000084500000, 0x0000000084500000| Complete 
|  69|0x0000000084500000, 0x0000000084600000, 0x0000000084600000|100%|HC|  |TAMS 0x0000000084600000, 0x0000000084600000| Complete 
|  70|0x0000000084600000, 0x0000000084700000, 0x0000000084700000|100%| O|  |TAMS 0x0000000084700000, 0x0000000084700000| Untracked 
|  71|0x0000000084700000, 0x0000000084800000, 0x0000000084800000|100%| O|  |TAMS 0x0000000084800000, 0x0000000084800000| Untracked 
|  72|0x0000000084800000, 0x0000000084900000, 0x0000000084900000|100%| O|  |TAMS 0x0000000084900000, 0x0000000084900000| Untracked 
|  73|0x0000000084900000, 0x0000000084a00000, 0x0000000084a00000|100%| O|  |TAMS 0x0000000084a00000, 0x0000000084a00000| Untracked 
|  74|0x0000000084a00000, 0x0000000084b00000, 0x0000000084b00000|100%| O|  |TAMS 0x0000000084b00000, 0x0000000084b00000| Untracked 
|  75|0x0000000084b00000, 0x0000000084c00000, 0x0000000084c00000|100%| O|  |TAMS 0x0000000084ba7600, 0x0000000084c00000| Untracked 
|  76|0x0000000084c00000, 0x0000000084d00000, 0x0000000084d00000|100%| O|  |TAMS 0x0000000084c00000, 0x0000000084d00000| Untracked 
|  77|0x0000000084d00000, 0x0000000084e00000, 0x0000000084e00000|100%| O|  |TAMS 0x0000000084d00000, 0x0000000084e00000| Untracked 
|  78|0x0000000084e00000, 0x0000000084f00000, 0x0000000084f00000|100%| O|  |TAMS 0x0000000084e00000, 0x0000000084f00000| Untracked 
|  79|0x0000000084f00000, 0x0000000085000000, 0x0000000085000000|100%| O|  |TAMS 0x0000000085000000, 0x0000000085000000| Untracked 
|  80|0x0000000085000000, 0x0000000085100000, 0x0000000085100000|100%| O|  |TAMS 0x0000000085100000, 0x0000000085100000| Untracked 
|  81|0x0000000085100000, 0x0000000085200000, 0x0000000085200000|100%| O|  |TAMS 0x0000000085200000, 0x0000000085200000| Untracked 
|  82|0x0000000085200000, 0x0000000085300000, 0x0000000085300000|100%| O|  |TAMS 0x0000000085300000, 0x0000000085300000| Untracked 
|  83|0x0000000085300000, 0x0000000085400000, 0x0000000085400000|100%| O|  |TAMS 0x0000000085400000, 0x0000000085400000| Untracked 
|  84|0x0000000085400000, 0x0000000085500000, 0x0000000085500000|100%| O|  |TAMS 0x0000000085400000, 0x0000000085500000| Untracked 
|  85|0x0000000085500000, 0x0000000085600000, 0x0000000085600000|100%| O|  |TAMS 0x0000000085500000, 0x0000000085600000| Untracked 
|  86|0x0000000085600000, 0x0000000085700000, 0x0000000085700000|100%| O|  |TAMS 0x0000000085600000, 0x0000000085700000| Untracked 
|  87|0x0000000085700000, 0x0000000085800000, 0x0000000085800000|100%| O|  |TAMS 0x0000000085700000, 0x0000000085800000| Untracked 
|  88|0x0000000085800000, 0x0000000085900000, 0x0000000085900000|100%| O|  |TAMS 0x0000000085800000, 0x0000000085900000| Untracked 
|  89|0x0000000085900000, 0x000000008591e600, 0x0000000085a00000| 11%| O|  |TAMS 0x0000000085900000, 0x000000008591e600| Untracked 
|  90|0x0000000085a00000, 0x0000000085a00000, 0x0000000085b00000|  0%| F|  |TAMS 0x0000000085a00000, 0x0000000085a00000| Untracked 
|  91|0x0000000085b00000, 0x0000000085b00000, 0x0000000085c00000|  0%| F|  |TAMS 0x0000000085b00000, 0x0000000085b00000| Untracked 
|  92|0x0000000085c00000, 0x0000000085c00000, 0x0000000085d00000|  0%| F|  |TAMS 0x0000000085c00000, 0x0000000085c00000| Untracked 
|  93|0x0000000085d00000, 0x0000000085d00000, 0x0000000085e00000|  0%| F|  |TAMS 0x0000000085d00000, 0x0000000085d00000| Untracked 
|  94|0x0000000085e00000, 0x0000000085e00000, 0x0000000085f00000|  0%| F|  |TAMS 0x0000000085e00000, 0x0000000085e00000| Untracked 
|  95|0x0000000085f00000, 0x0000000086000000, 0x0000000086000000|100%| O|  |TAMS 0x0000000086000000, 0x0000000086000000| Untracked 
|  96|0x0000000086000000, 0x0000000086000000, 0x0000000086100000|  0%| F|  |TAMS 0x0000000086000000, 0x0000000086000000| Untracked 
|  97|0x0000000086100000, 0x0000000086100000, 0x0000000086200000|  0%| F|  |TAMS 0x0000000086100000, 0x0000000086100000| Untracked 
|  98|0x0000000086200000, 0x0000000086200000, 0x0000000086300000|  0%| F|  |TAMS 0x0000000086200000, 0x0000000086200000| Untracked 
|  99|0x0000000086300000, 0x0000000086300000, 0x0000000086400000|  0%| F|  |TAMS 0x0000000086300000, 0x0000000086300000| Untracked 
| 100|0x0000000086400000, 0x0000000086400000, 0x0000000086500000|  0%| F|  |TAMS 0x0000000086400000, 0x0000000086400000| Untracked 
| 101|0x0000000086500000, 0x0000000086500000, 0x0000000086600000|  0%| F|  |TAMS 0x0000000086500000, 0x0000000086500000| Untracked 
| 102|0x0000000086600000, 0x0000000086600000, 0x0000000086700000|  0%| F|  |TAMS 0x0000000086600000, 0x0000000086600000| Untracked 
| 103|0x0000000086700000, 0x0000000086700000, 0x0000000086800000|  0%| F|  |TAMS 0x0000000086700000, 0x0000000086700000| Untracked 
| 104|0x0000000086800000, 0x0000000086800000, 0x0000000086900000|  0%| F|  |TAMS 0x0000000086800000, 0x0000000086800000| Untracked 
| 105|0x0000000086900000, 0x0000000086900000, 0x0000000086a00000|  0%| F|  |TAMS 0x0000000086900000, 0x0000000086900000| Untracked 
| 106|0x0000000086a00000, 0x0000000086a00000, 0x0000000086b00000|  0%| F|  |TAMS 0x0000000086a00000, 0x0000000086a00000| Untracked 
| 107|0x0000000086b00000, 0x0000000086b00000, 0x0000000086c00000|  0%| F|  |TAMS 0x0000000086b00000, 0x0000000086b00000| Untracked 
| 108|0x0000000086c00000, 0x0000000086c00000, 0x0000000086d00000|  0%| F|  |TAMS 0x0000000086c00000, 0x0000000086c00000| Untracked 
| 109|0x0000000086d00000, 0x0000000086d00000, 0x0000000086e00000|  0%| F|  |TAMS 0x0000000086d00000, 0x0000000086d00000| Untracked 
| 110|0x0000000086e00000, 0x0000000086e00000, 0x0000000086f00000|  0%| F|  |TAMS 0x0000000086e00000, 0x0000000086e00000| Untracked 
| 111|0x0000000086f00000, 0x0000000086f00000, 0x0000000087000000|  0%| F|  |TAMS 0x0000000086f00000, 0x0000000086f00000| Untracked 
| 112|0x0000000087000000, 0x0000000087000000, 0x0000000087100000|  0%| F|  |TAMS 0x0000000087000000, 0x0000000087000000| Untracked 
| 113|0x0000000087100000, 0x0000000087100000, 0x0000000087200000|  0%| F|  |TAMS 0x0000000087100000, 0x0000000087100000| Untracked 
| 114|0x0000000087200000, 0x0000000087200000, 0x0000000087300000|  0%| F|  |TAMS 0x0000000087200000, 0x0000000087200000| Untracked 
| 115|0x0000000087300000, 0x0000000087300000, 0x0000000087400000|  0%| F|  |TAMS 0x0000000087300000, 0x0000000087300000| Untracked 
| 116|0x0000000087400000, 0x0000000087400000, 0x0000000087500000|  0%| F|  |TAMS 0x0000000087400000, 0x0000000087400000| Untracked 
| 117|0x0000000087500000, 0x0000000087500000, 0x0000000087600000|  0%| F|  |TAMS 0x0000000087500000, 0x0000000087500000| Untracked 
| 118|0x0000000087600000, 0x0000000087600000, 0x0000000087700000|  0%| F|  |TAMS 0x0000000087600000, 0x0000000087600000| Untracked 
| 119|0x0000000087700000, 0x0000000087700000, 0x0000000087800000|  0%| F|  |TAMS 0x0000000087700000, 0x0000000087700000| Untracked 
| 120|0x0000000087800000, 0x00000000878c36c8, 0x0000000087900000| 76%| S|CS|TAMS 0x0000000087800000, 0x0000000087800000| Complete 
| 121|0x0000000087900000, 0x0000000087a00000, 0x0000000087a00000|100%| S|CS|TAMS 0x0000000087900000, 0x0000000087900000| Complete 
| 122|0x0000000087a00000, 0x0000000087a00000, 0x0000000087b00000|  0%| F|  |TAMS 0x0000000087a00000, 0x0000000087a00000| Untracked 
| 123|0x0000000087b00000, 0x0000000087b00000, 0x0000000087c00000|  0%| F|  |TAMS 0x0000000087b00000, 0x0000000087b00000| Untracked 
| 124|0x0000000087c00000, 0x0000000087c00000, 0x0000000087d00000|  0%| F|  |TAMS 0x0000000087c00000, 0x0000000087c00000| Untracked 
| 125|0x0000000087d00000, 0x0000000087d00000, 0x0000000087e00000|  0%| F|  |TAMS 0x0000000087d00000, 0x0000000087d00000| Untracked 
| 126|0x0000000087e00000, 0x0000000087e00000, 0x0000000087f00000|  0%| F|  |TAMS 0x0000000087e00000, 0x0000000087e00000| Untracked 
| 127|0x0000000087f00000, 0x0000000087f00000, 0x0000000088000000|  0%| F|  |TAMS 0x0000000087f00000, 0x0000000087f00000| Untracked 
| 128|0x0000000088000000, 0x0000000088000000, 0x0000000088100000|  0%| F|  |TAMS 0x0000000088000000, 0x0000000088000000| Untracked 
| 129|0x0000000088100000, 0x0000000088100000, 0x0000000088200000|  0%| F|  |TAMS 0x0000000088100000, 0x0000000088100000| Untracked 
| 130|0x0000000088200000, 0x0000000088200000, 0x0000000088300000|  0%| F|  |TAMS 0x0000000088200000, 0x0000000088200000| Untracked 
| 131|0x0000000088300000, 0x0000000088300000, 0x0000000088400000|  0%| F|  |TAMS 0x0000000088300000, 0x0000000088300000| Untracked 
| 132|0x0000000088400000, 0x0000000088400000, 0x0000000088500000|  0%| F|  |TAMS 0x0000000088400000, 0x0000000088400000| Untracked 
| 133|0x0000000088500000, 0x0000000088500000, 0x0000000088600000|  0%| F|  |TAMS 0x0000000088500000, 0x0000000088500000| Untracked 
| 134|0x0000000088600000, 0x0000000088600000, 0x0000000088700000|  0%| F|  |TAMS 0x0000000088600000, 0x0000000088600000| Untracked 
| 135|0x0000000088700000, 0x0000000088700000, 0x0000000088800000|  0%| F|  |TAMS 0x0000000088700000, 0x0000000088700000| Untracked 
| 136|0x0000000088800000, 0x0000000088800000, 0x0000000088900000|  0%| F|  |TAMS 0x0000000088800000, 0x0000000088800000| Untracked 
| 137|0x0000000088900000, 0x0000000088900000, 0x0000000088a00000|  0%| F|  |TAMS 0x0000000088900000, 0x0000000088900000| Untracked 
| 138|0x0000000088a00000, 0x0000000088a00000, 0x0000000088b00000|  0%| F|  |TAMS 0x0000000088a00000, 0x0000000088a00000| Untracked 
| 139|0x0000000088b00000, 0x0000000088b00000, 0x0000000088c00000|  0%| F|  |TAMS 0x0000000088b00000, 0x0000000088b00000| Untracked 
| 140|0x0000000088c00000, 0x0000000088c00000, 0x0000000088d00000|  0%| F|  |TAMS 0x0000000088c00000, 0x0000000088c00000| Untracked 
| 141|0x0000000088d00000, 0x0000000088d00000, 0x0000000088e00000|  0%| F|  |TAMS 0x0000000088d00000, 0x0000000088d00000| Untracked 
| 142|0x0000000088e00000, 0x0000000088e00000, 0x0000000088f00000|  0%| F|  |TAMS 0x0000000088e00000, 0x0000000088e00000| Untracked 
| 143|0x0000000088f00000, 0x0000000088f00000, 0x0000000089000000|  0%| F|  |TAMS 0x0000000088f00000, 0x0000000088f00000| Untracked 
| 144|0x0000000089000000, 0x0000000089000000, 0x0000000089100000|  0%| F|  |TAMS 0x0000000089000000, 0x0000000089000000| Untracked 
| 145|0x0000000089100000, 0x0000000089100000, 0x0000000089200000|  0%| F|  |TAMS 0x0000000089100000, 0x0000000089100000| Untracked 
| 146|0x0000000089200000, 0x0000000089218020, 0x0000000089300000|  9%| E|  |TAMS 0x0000000089200000, 0x0000000089200000| Complete 
| 147|0x0000000089300000, 0x0000000089400000, 0x0000000089400000|100%| E|CS|TAMS 0x0000000089300000, 0x0000000089300000| Complete 
| 148|0x0000000089400000, 0x0000000089500000, 0x0000000089500000|100%| E|CS|TAMS 0x0000000089400000, 0x0000000089400000| Complete 
| 149|0x0000000089500000, 0x0000000089600000, 0x0000000089600000|100%| E|CS|TAMS 0x0000000089500000, 0x0000000089500000| Complete 
| 150|0x0000000089600000, 0x0000000089700000, 0x0000000089700000|100%| E|CS|TAMS 0x0000000089600000, 0x0000000089600000| Complete 
| 151|0x0000000089700000, 0x0000000089800000, 0x0000000089800000|100%| E|CS|TAMS 0x0000000089700000, 0x0000000089700000| Complete 
| 152|0x0000000089800000, 0x0000000089900000, 0x0000000089900000|100%| E|CS|TAMS 0x0000000089800000, 0x0000000089800000| Complete 
| 153|0x0000000089900000, 0x0000000089a00000, 0x0000000089a00000|100%| E|CS|TAMS 0x0000000089900000, 0x0000000089900000| Complete 
| 154|0x0000000089a00000, 0x0000000089b00000, 0x0000000089b00000|100%| E|CS|TAMS 0x0000000089a00000, 0x0000000089a00000| Complete 
| 155|0x0000000089b00000, 0x0000000089c00000, 0x0000000089c00000|100%| E|CS|TAMS 0x0000000089b00000, 0x0000000089b00000| Complete 
| 156|0x0000000089c00000, 0x0000000089d00000, 0x0000000089d00000|100%| E|CS|TAMS 0x0000000089c00000, 0x0000000089c00000| Complete 
| 157|0x0000000089d00000, 0x0000000089e00000, 0x0000000089e00000|100%| E|  |TAMS 0x0000000089d00000, 0x0000000089d00000| Complete 
| 158|0x0000000089e00000, 0x0000000089f00000, 0x0000000089f00000|100%| E|CS|TAMS 0x0000000089e00000, 0x0000000089e00000| Complete 
| 159|0x0000000089f00000, 0x000000008a000000, 0x000000008a000000|100%| E|CS|TAMS 0x0000000089f00000, 0x0000000089f00000| Complete 
| 160|0x000000008a000000, 0x000000008a100000, 0x000000008a100000|100%| E|CS|TAMS 0x000000008a000000, 0x000000008a000000| Complete 
| 161|0x000000008a100000, 0x000000008a200000, 0x000000008a200000|100%| E|CS|TAMS 0x000000008a100000, 0x000000008a100000| Complete 

Card table byte_map: [0x0000019436a60000,0x0000019436e60000] _byte_map_base: 0x0000019436660000

Marking Bits (Prev, Next): (CMBitMap*) 0x0000019421d8fdf8, (CMBitMap*) 0x0000019421d8fe30
 Prev Bits: [0x0000019437260000, 0x0000019439260000)
 Next Bits: [0x0000019439260000, 0x000001943b260000)

Polling page: 0x0000019421bb0000

Metaspace:

Usage:
  Non-class:     94.68 MB capacity,    92.96 MB ( 98%) used,     1.36 MB (  1%) free+waste,   362.69 KB ( <1%) overhead. 
      Class:     14.91 MB capacity,    13.77 MB ( 92%) used,   997.99 KB (  7%) free+waste,   167.81 KB (  1%) overhead. 
       Both:    109.59 MB capacity,   106.73 MB ( 97%) used,     2.34 MB (  2%) free+waste,   530.50 KB ( <1%) overhead. 

Virtual space:
  Non-class space:       96.00 MB reserved,      94.75 MB ( 99%) committed 
      Class space:        1.00 GB reserved,      14.95 MB (  1%) committed 
             Both:        1.09 GB reserved,     109.70 MB ( 10%) committed 

Chunk freelists:
   Non-Class:  0 bytes
       Class:  0 bytes
        Both:  0 bytes

MaxMetaspaceSize: 17179869184.00 GB
CompressedClassSpaceSize: 1.00 GB

CodeHeap 'non-profiled nmethods': size=120064Kb used=7594Kb max_used=7594Kb free=112469Kb
 bounds [0x000001942eb00000, 0x000001942f270000, 0x0000019436040000]
CodeHeap 'profiled nmethods': size=120000Kb used=31034Kb max_used=31034Kb free=88965Kb
 bounds [0x00000194275d0000, 0x0000019429420000, 0x000001942eb00000]
CodeHeap 'non-nmethods': size=5696Kb used=2332Kb max_used=2378Kb free=3363Kb
 bounds [0x0000019427040000, 0x00000194272b0000, 0x00000194275d0000]
 total_blobs=14990 nmethods=14041 adapters=860
 compilation: enabled
              stopped_count=0, restarted_count=0
 full_count=0

Compilation events (20 events):
Event: 283.312 Thread 0x000001943d899800 13465       1       com.android.tools.r8.internal.Gg::S0 (5 bytes)
Event: 283.312 Thread 0x000001943d899800 nmethod 13465 0x000001942f24d090 code [0x000001942f24d240, 0x000001942f24d2f8]
Event: 283.312 Thread 0x000001943d899800 13449       3       com.android.tools.r8.internal.Hj::hasNext (7 bytes)
Event: 283.313 Thread 0x000001943d899800 nmethod 13449 0x0000019429204290 code [0x0000019429204440, 0x0000019429204558]
Event: 283.313 Thread 0x000001943d899800 13460       1       com.android.tools.r8.internal.C1::c1 (2 bytes)
Event: 283.313 Thread 0x000001943d899800 nmethod 13460 0x000001942f24d390 code [0x000001942f24d540, 0x000001942f24d5f8]
Event: 283.313 Thread 0x000001943d899800 13450       3       com.android.tools.r8.internal.QG::D (13 bytes)
Event: 283.314 Thread 0x000001943d899800 nmethod 13450 0x0000019429204610 code [0x00000194292047c0, 0x0000019429204a58]
Event: 283.314 Thread 0x000001943d899800 13467       1       com.android.tools.r8.internal.A8::j2 (5 bytes)
Event: 283.314 Thread 0x000001943d899800 nmethod 13467 0x000001942f24d690 code [0x000001942f24d840, 0x000001942f24d8f8]
Event: 283.314 Thread 0x000001943d899800 13456       1       com.android.tools.r8.internal.A8::O1 (2 bytes)
Event: 283.314 Thread 0x000001943d899800 nmethod 13456 0x000001942f24d990 code [0x000001942f24db40, 0x000001942f24dbf8]
Event: 283.326 Thread 0x00000194443fe000 nmethod 13466 0x000001942f24dc90 code [0x000001942f24de40, 0x000001942f24e138]
Event: 283.470 Thread 0x000001943d899800 13468       3       com.android.tools.r8.internal.QG::h0 (25 bytes)
Event: 283.471 Thread 0x000001943d899800 nmethod 13468 0x0000019429204b10 code [0x0000019429204ce0, 0x0000019429204ea8]
Event: 283.473 Thread 0x000001943d899800 13470       3       com.android.tools.r8.internal.Gg::J0 (29 bytes)
Event: 283.473 Thread 0x000001943d899800 nmethod 13470 0x0000019429204f90 code [0x0000019429205140, 0x0000019429205258]
Event: 283.473 Thread 0x000001943d899800 13471       3       com.android.tools.r8.internal.A8::y (2 bytes)
Event: 283.474 Thread 0x000001943d899800 nmethod 13471 0x0000019429205310 code [0x00000194292054c0, 0x00000194292055b8]
Event: 283.474 Thread 0x000001943d899800 13472       3       com.android.tools.r8.internal.Of::g (4 bytes)

GC Heap History (20 events):
Event: 135.129 GC heap before
{Heap before GC invocations=58 (full 0):
 garbage-first heap   total 138240K, used 89249K [0x0000000080000000, 0x0000000100000000)
  region size 1024K, 6 young (6144K), 3 survivors (3072K)
 Metaspace       used 84112K, capacity 86214K, committed 86348K, reserved 1124352K
  class space    used 10828K, capacity 11565K, committed 11596K, reserved 1048576K
}
Event: 135.170 GC heap after
{Heap after GC invocations=59 (full 0):
 garbage-first heap   total 138240K, used 78725K [0x0000000080000000, 0x0000000100000000)
  region size 1024K, 1 young (1024K), 1 survivors (1024K)
 Metaspace       used 84112K, capacity 86214K, committed 86348K, reserved 1124352K
  class space    used 10828K, capacity 11565K, committed 11596K, reserved 1048576K
}
Event: 138.849 GC heap before
{Heap before GC invocations=59 (full 0):
 garbage-first heap   total 138240K, used 103301K [0x0000000080000000, 0x0000000100000000)
  region size 1024K, 25 young (25600K), 1 survivors (1024K)
 Metaspace       used 85084K, capacity 87141K, committed 87244K, reserved 1124352K
  class space    used 10960K, capacity 11698K, committed 11724K, reserved 1048576K
}
Event: 138.873 GC heap after
{Heap after GC invocations=60 (full 0):
 garbage-first heap   total 138240K, used 79240K [0x0000000080000000, 0x0000000100000000)
  region size 1024K, 1 young (1024K), 1 survivors (1024K)
 Metaspace       used 85084K, capacity 87141K, committed 87244K, reserved 1124352K
  class space    used 10960K, capacity 11698K, committed 11724K, reserved 1048576K
}
Event: 141.458 GC heap before
{Heap before GC invocations=61 (full 0):
 garbage-first heap   total 138240K, used 97672K [0x0000000080000000, 0x0000000100000000)
  region size 1024K, 27 young (27648K), 1 survivors (1024K)
 Metaspace       used 86679K, capacity 88775K, committed 89036K, reserved 1126400K
  class space    used 11157K, capacity 11922K, committed 11980K, reserved 1048576K
}
Event: 141.481 GC heap after
{Heap after GC invocations=62 (full 0):
 garbage-first heap   total 138240K, used 72629K [0x0000000080000000, 0x0000000100000000)
  region size 1024K, 2 young (2048K), 2 survivors (2048K)
 Metaspace       used 86679K, capacity 88775K, committed 89036K, reserved 1126400K
  class space    used 11157K, capacity 11922K, committed 11980K, reserved 1048576K
}
Event: 152.672 GC heap before
{Heap before GC invocations=62 (full 0):
 garbage-first heap   total 138240K, used 101301K [0x0000000080000000, 0x0000000100000000)
  region size 1024K, 31 young (31744K), 2 survivors (2048K)
 Metaspace       used 87440K, capacity 89543K, committed 89676K, reserved 1126400K
  class space    used 11220K, capacity 12002K, committed 12108K, reserved 1048576K
}
Event: 152.714 GC heap after
{Heap after GC invocations=63 (full 0):
 garbage-first heap   total 138240K, used 75462K [0x0000000080000000, 0x0000000100000000)
  region size 1024K, 4 young (4096K), 4 survivors (4096K)
 Metaspace       used 87440K, capacity 89543K, committed 89676K, reserved 1126400K
  class space    used 11220K, capacity 12002K, committed 12108K, reserved 1048576K
}
Event: 221.756 GC heap before
{Heap before GC invocations=64 (full 0):
 garbage-first heap   total 138240K, used 105158K [0x0000000080000000, 0x0000000100000000)
  region size 1024K, 34 young (34816K), 4 survivors (4096K)
 Metaspace       used 88299K, capacity 90437K, committed 90572K, reserved 1128448K
  class space    used 11314K, capacity 12108K, committed 12236K, reserved 1048576K
}
Event: 221.851 GC heap after
{Heap after GC invocations=65 (full 0):
 garbage-first heap   total 165888K, used 80043K [0x0000000080000000, 0x0000000100000000)
  region size 1024K, 5 young (5120K), 5 survivors (5120K)
 Metaspace       used 88299K, capacity 90437K, committed 90572K, reserved 1128448K
  class space    used 11314K, capacity 12108K, committed 12236K, reserved 1048576K
}
Event: 225.301 GC heap before
{Heap before GC invocations=65 (full 0):
 garbage-first heap   total 165888K, used 118955K [0x0000000080000000, 0x0000000100000000)
  region size 1024K, 44 young (45056K), 5 survivors (5120K)
 Metaspace       used 88944K, capacity 91188K, committed 91340K, reserved 1128448K
  class space    used 11383K, capacity 12187K, committed 12236K, reserved 1048576K
}
Event: 225.326 GC heap after
{Heap after GC invocations=66 (full 0):
 garbage-first heap   total 165888K, used 78848K [0x0000000080000000, 0x0000000100000000)
  region size 1024K, 1 young (1024K), 1 survivors (1024K)
 Metaspace       used 88944K, capacity 91188K, committed 91340K, reserved 1128448K
  class space    used 11383K, capacity 12187K, committed 12236K, reserved 1048576K
}
Event: 234.776 GC heap before
{Heap before GC invocations=67 (full 0):
 garbage-first heap   total 165888K, used 120832K [0x0000000080000000, 0x0000000100000000)
  region size 1024K, 44 young (45056K), 1 survivors (1024K)
 Metaspace       used 95807K, capacity 98074K, committed 98380K, reserved 1134592K
  class space    used 12243K, capacity 13055K, committed 13132K, reserved 1048576K
}
Event: 234.847 GC heap after
{Heap after GC invocations=68 (full 0):
 garbage-first heap   total 165888K, used 82514K [0x0000000080000000, 0x0000000100000000)
  region size 1024K, 5 young (5120K), 5 survivors (5120K)
 Metaspace       used 95807K, capacity 98074K, committed 98380K, reserved 1134592K
  class space    used 12243K, capacity 13055K, committed 13132K, reserved 1048576K
}
Event: 269.078 GC heap before
{Heap before GC invocations=69 (full 0):
 garbage-first heap   total 165888K, used 128594K [0x0000000080000000, 0x0000000100000000)
  region size 1024K, 49 young (50176K), 5 survivors (5120K)
 Metaspace       used 97911K, capacity 100176K, committed 100428K, reserved 1136640K
  class space    used 12447K, capacity 13299K, committed 13388K, reserved 1048576K
}
Event: 269.115 GC heap after
{Heap after GC invocations=70 (full 0):
 garbage-first heap   total 165888K, used 84809K [0x0000000080000000, 0x0000000100000000)
  region size 1024K, 2 young (2048K), 2 survivors (2048K)
 Metaspace       used 97911K, capacity 100176K, committed 100428K, reserved 1136640K
  class space    used 12447K, capacity 13299K, committed 13388K, reserved 1048576K
}
Event: 269.975 GC heap before
{Heap before GC invocations=70 (full 0):
 garbage-first heap   total 165888K, used 86857K [0x0000000080000000, 0x0000000100000000)
  region size 1024K, 5 young (5120K), 2 survivors (2048K)
 Metaspace       used 98024K, capacity 100246K, committed 100428K, reserved 1136640K
  class space    used 12456K, capacity 13300K, committed 13388K, reserved 1048576K
}
Event: 269.985 GC heap after
{Heap after GC invocations=71 (full 0):
 garbage-first heap   total 165888K, used 84155K [0x0000000080000000, 0x0000000100000000)
  region size 1024K, 1 young (1024K), 1 survivors (1024K)
 Metaspace       used 98024K, capacity 100246K, committed 100428K, reserved 1136640K
  class space    used 12456K, capacity 13300K, committed 13388K, reserved 1048576K
}
Event: 280.236 GC heap before
{Heap before GC invocations=72 (full 0):
 garbage-first heap   total 165888K, used 134331K [0x0000000080000000, 0x0000000100000000)
  region size 1024K, 49 young (50176K), 1 survivors (1024K)
 Metaspace       used 103948K, capacity 106492K, committed 106828K, reserved 1142784K
  class space    used 13323K, capacity 14303K, committed 14412K, reserved 1048576K
}
Event: 280.321 GC heap after
{Heap after GC invocations=73 (full 0):
 garbage-first heap   total 165888K, used 92298K [0x0000000080000000, 0x0000000100000000)
  region size 1024K, 7 young (7168K), 7 survivors (7168K)
 Metaspace       used 103948K, capacity 106492K, committed 106828K, reserved 1142784K
  class space    used 13323K, capacity 14303K, committed 14412K, reserved 1048576K
}

Deoptimization events (20 events):
Event: 280.566 Thread 0x00000194443f8800 Uncommon trap: trap_request=0xffffffc6 fr.pc=0x000001942f203a7c relative=0x00000000000006fc
Event: 280.566 Thread 0x00000194443f8800 Uncommon trap: reason=bimorphic_or_optimized_type_check action=maybe_recompile pc=0x000001942f203a7c method=com.android.tools.r8.internal.Jj.hasNext()Z @ 9 c2
Event: 280.566 Thread 0x00000194443f8800 DEOPT PACKING pc=0x000001942f203a7c sp=0x0000005b80cfc840
Event: 280.566 Thread 0x00000194443f8800 DEOPT UNPACKING pc=0x00000194270678af sp=0x0000005b80cfc7a0 mode 2
Event: 280.577 Thread 0x00000194443f6800 Uncommon trap: trap_request=0xffffff4d fr.pc=0x000001942f200fe0 relative=0x00000000000002e0
Event: 280.577 Thread 0x00000194443f6800 Uncommon trap: reason=unstable_if action=reinterpret pc=0x000001942f200fe0 method=com.android.tools.r8.internal.U6.b(I[C)Ljava/lang/Object; @ 22 c2
Event: 280.577 Thread 0x00000194443f6800 DEOPT PACKING pc=0x000001942f200fe0 sp=0x0000005b818fbc20
Event: 280.577 Thread 0x00000194443f6800 DEOPT UNPACKING pc=0x00000194270678af sp=0x0000005b818fbb98 mode 2
Event: 280.592 Thread 0x00000194443f6800 Uncommon trap: trap_request=0xffffff4d fr.pc=0x000001942f2163ac relative=0x00000000000011cc
Event: 280.592 Thread 0x00000194443f6800 Uncommon trap: reason=unstable_if action=reinterpret pc=0x000001942f2163ac method=com.android.tools.r8.graph.G0.a(I)V @ 157 c2
Event: 280.593 Thread 0x00000194443f6800 DEOPT PACKING pc=0x000001942f2163ac sp=0x0000005b818fbb80
Event: 280.593 Thread 0x00000194443f6800 DEOPT UNPACKING pc=0x00000194270678af sp=0x0000005b818fbb70 mode 2
Event: 280.599 Thread 0x00000194443f6800 Uncommon trap: trap_request=0xffffff4d fr.pc=0x000001942f220894 relative=0x0000000000006214
Event: 280.599 Thread 0x00000194443f6800 Uncommon trap: reason=unstable_if action=reinterpret pc=0x000001942f220894 method=com.android.tools.r8.internal.U6.a(Lcom/android/tools/r8/internal/Br;Lcom/android/tools/r8/internal/P8;I)V @ 3315 c2
Event: 280.599 Thread 0x00000194443f6800 DEOPT PACKING pc=0x000001942f220894 sp=0x0000005b818fbc00
Event: 280.599 Thread 0x00000194443f6800 DEOPT UNPACKING pc=0x00000194270678af sp=0x0000005b818fbbe8 mode 2
Event: 283.173 Thread 0x00000194443fb000 Uncommon trap: trap_request=0xffffff4d fr.pc=0x000001942ed6bc98 relative=0x0000000000001138
Event: 283.173 Thread 0x00000194443fb000 Uncommon trap: reason=unstable_if action=reinterpret pc=0x000001942ed6bc98 method=java.util.WeakHashMap.remove(Ljava/lang/Object;)Ljava/lang/Object; @ 94 c2
Event: 283.173 Thread 0x00000194443fb000 DEOPT PACKING pc=0x000001942ed6bc98 sp=0x0000005b81ff8810
Event: 283.173 Thread 0x00000194443fb000 DEOPT UNPACKING pc=0x00000194270678af sp=0x0000005b81ff86e8 mode 2

Classes redefined (0 events):
No events

Internal exceptions (20 events):
Event: 276.290 Thread 0x00000194443fb000 Exception <a 'java/lang/NoSuchMethodError'{0x0000000088ee79c0}: 'java.lang.Object java.lang.invoke.DirectMethodHandle$Holder.invokeStaticInit(java.lang.Object, java.lang.Object, java.lang.Object, java.lang.Object, java.lang.Object, java.lang.Object, java.lang.Object, java.lang.Object, java.lang.Object, java.lang.Object, java.lang.Object, java.lang.Object, java.lang.Object, java.lang.Object, java.lang.Object, java.lang.Object, java.lang.Object, java.lang.Object, int, java.lang.Object)'> (0x0000000088ee79c0)
Event: 276.641 Thread 0x00000194443f6800 Exception <a 'java/lang/IncompatibleClassChangeError'{0x0000000088fed158}: Found class java.lang.Object, but interface was expected> (0x0000000088fed158) thrown at [./src/hotspot/share/interpreter/linkResolver.cpp, line 839]
Event: 276.641 Thread 0x00000194443f8800 Exception <a 'java/lang/IncompatibleClassChangeError'{0x0000000088dc7720}: Found class java.lang.Object, but interface was expected> (0x0000000088dc7720) thrown at [./src/hotspot/share/interpreter/linkResolver.cpp, line 839]
Event: 276.641 Thread 0x00000194443fb000 Exception <a 'java/lang/IncompatibleClassChangeError'{0x0000000088d523b0}: Found class java.lang.Object, but interface was expected> (0x0000000088d523b0) thrown at [./src/hotspot/share/interpreter/linkResolver.cpp, line 839]
Event: 276.642 Thread 0x00000194443f3800 Exception <a 'java/lang/IncompatibleClassChangeError'{0x0000000088d5c5c0}: Found class java.lang.Object, but interface was expected> (0x0000000088d5c5c0) thrown at [./src/hotspot/share/interpreter/linkResolver.cpp, line 839]
Event: 278.853 Thread 0x00000194443f3800 Exception <a 'java/lang/NoSuchMethodError'{0x0000000087b87c38}: 'void java.lang.invoke.DirectMethodHandle$Holder.invokeStatic(java.lang.Object, java.lang.Object, java.lang.Object, int)'> (0x0000000087b87c38) thrown at [./src/hotspot/share/interpreter/linkResolver.cpp, line 773]
Event: 278.858 Thread 0x00000194443f6800 Exception <a 'java/lang/NoSuchMethodError'{0x00000000884e5c08}: 'void java.lang.invoke.DirectMethodHandle$Holder.invokeStatic(java.lang.Object, java.lang.Object, java.lang.Object, int)'> (0x00000000884e5c08) thrown at [./src/hotspot/share/interpreter/linkResolver.cpp, line 773]
Event: 278.860 Thread 0x00000194443f6800 Exception <a 'java/lang/IncompatibleClassChangeError'{0x00000000884eb6d0}: Found class java.lang.Object, but interface was expected> (0x00000000884eb6d0) thrown at [./src/hotspot/share/interpreter/linkResolver.cpp, line 839]
Event: 278.860 Thread 0x00000194443f8800 Exception <a 'java/lang/IncompatibleClassChangeError'{0x0000000087b8ea98}: Found class java.lang.Object, but interface was expected> (0x0000000087b8ea98) thrown at [./src/hotspot/share/interpreter/linkResolver.cpp, line 839]
Event: 280.677 Thread 0x00000194443fb000 Exception <a 'java/lang/NoSuchMethodError'{0x0000000089f5d528}: 'java.lang.Object java.lang.invoke.Invokers$Holder.linkToTargetMethod(java.lang.Object, java.lang.Object, java.lang.Object, java.lang.Object, java.lang.Object, java.lang.Object, java.lang.Object)'> (0x0000000089f5d528) thrown at [./src/hotspot/share/interpreter/linkResolver.cpp, line 773]
Event: 281.280 Thread 0x00000194443f6800 Exception <a 'java/lang/NoSuchMethodError'{0x0000000089dc9ce0}: 'java.lang.Object java.lang.invoke.DirectMethodHandle$Holder.invokeVirtual(java.lang.Object, java.lang.Object, int, java.lang.Object)'> (0x0000000089dc9ce0) thrown at [./src/hotspot/share/interpreter/linkResolver.cpp, line 773]
Event: 281.280 Thread 0x00000194443f3800 Exception <a 'java/lang/NoSuchMethodError'{0x0000000089d8f780}: 'java.lang.Object java.lang.invoke.DirectMethodHandle$Holder.invokeVirtual(java.lang.Object, java.lang.Object, int, java.lang.Object)'> (0x0000000089d8f780) thrown at [./src/hotspot/share/interpreter/linkResolver.cpp, line 773]
Event: 281.475 Thread 0x00000194443f6800 Exception <a 'java/lang/IncompatibleClassChangeError'{0x0000000089de1dd0}: Found class java.lang.Object, but interface was expected> (0x0000000089de1dd0) thrown at [./src/hotspot/share/interpreter/linkResolver.cpp, line 839]
Event: 281.482 Thread 0x00000194443f6800 Exception <a 'java/lang/IncompatibleClassChangeError'{0x0000000089c69178}: Found class java.lang.Object, but interface was expected> (0x0000000089c69178) thrown at [./src/hotspot/share/interpreter/linkResolver.cpp, line 839]
Event: 281.629 Thread 0x00000194443fb000 Exception <a 'java/lang/NoSuchMethodError'{0x0000000089c12800}: 'void java.lang.invoke.DirectMethodHandle$Holder.invokeVirtual(java.lang.Object, java.lang.Object, int, java.lang.Object)'> (0x0000000089c12800) thrown at [./src/hotspot/share/interpreter/linkResolver.cpp, line 773]
Event: 281.630 Thread 0x00000194443f6800 Exception <a 'java/lang/NoSuchMethodError'{0x0000000089b06660}: 'void java.lang.invoke.DirectMethodHandle$Holder.invokeVirtual(java.lang.Object, java.lang.Object, int, java.lang.Object)'> (0x0000000089b06660) thrown at [./src/hotspot/share/interpreter/linkResolver.cpp, line 773]
Event: 281.629 Thread 0x00000194443f8800 Exception <a 'java/lang/NoSuchMethodError'{0x0000000089b5c578}: 'void java.lang.invoke.DirectMethodHandle$Holder.invokeVirtual(java.lang.Object, java.lang.Object, int, java.lang.Object)'> (0x0000000089b5c578) thrown at [./src/hotspot/share/interpreter/linkResolver.cpp, line 773]
Event: 282.578 Thread 0x00000194443f8800 Exception <a 'java/lang/NoSuchMethodError'{0x0000000089a69320}: 'int java.lang.invoke.DirectMethodHandle$Holder.invokeSpecial(java.lang.Object, java.lang.Object, java.lang.Object, int, java.lang.Object)'> (0x0000000089a69320) thrown at [./src/hotspot/share/interpreter/linkResolver.cpp, line 773]
Event: 282.767 Thread 0x00000194443f3800 Exception <a 'java/lang/NoSuchMethodError'{0x00000000899d1988}: 'java.lang.Object java.lang.invoke.DirectMethodHandle$Holder.newInvokeSpecial(java.lang.Object, int)'> (0x00000000899d1988) thrown at [./src/hotspot/share/interpreter/linkResolver.cpp, line 773]
Event: 282.768 Thread 0x00000194443f6800 Exception <a 'java/lang/NoSuchMethodError'{0x0000000089954a18}: 'java.lang.Object java.lang.invoke.DirectMethodHandle$Holder.newInvokeSpecial(java.lang.Object, int)'> (0x0000000089954a18) thrown at [./src/hotspot/share/interpreter/linkResolver.cpp, line 773]

Events (20 events):
Event: 283.466 loading class com/android/tools/r8/internal/w8 done
Event: 283.467 loading class com/android/tools/r8/internal/Fa$a
Event: 283.467 loading class com/android/tools/r8/internal/Fa$a done
Event: 283.468 loading class com/android/tools/r8/internal/i2
Event: 283.468 loading class com/android/tools/r8/internal/i2 done
Event: 283.469 loading class com/android/tools/r8/internal/i2
Event: 283.469 loading class com/android/tools/r8/internal/i2 done
Event: 283.469 loading class com/android/tools/r8/internal/i2
Event: 283.469 loading class com/android/tools/r8/internal/i2 done
Event: 283.469 loading class com/android/tools/r8/internal/i2
Event: 283.469 loading class com/android/tools/r8/internal/i2 done
Event: 283.469 loading class com/android/tools/r8/internal/i2
Event: 283.469 loading class com/android/tools/r8/internal/i2 done
Event: 283.469 loading class com/android/tools/r8/internal/i2
Event: 283.469 loading class com/android/tools/r8/internal/i2 done
Event: 283.469 loading class com/android/tools/r8/internal/i2
Event: 283.469 loading class com/android/tools/r8/internal/i2 done
Event: 283.470 Thread 0x00000194443fe000 Thread exited: 0x00000194443fe000
Event: 283.471 loading class com/android/tools/r8/internal/QG
Event: 283.471 loading class com/android/tools/r8/internal/QG done


Dynamic libraries:
0x00007ff7d2620000 - 0x00007ff7d262a000 	C:\Program Files\Android\Android Studio\jre\bin\java.exe
0x00007ffef9150000 - 0x00007ffef9345000 	C:\WINDOWS\SYSTEM32\ntdll.dll
0x00007ffef8e90000 - 0x00007ffef8f4e000 	C:\WINDOWS\System32\KERNEL32.DLL
0x00007ffef6ab0000 - 0x00007ffef6d78000 	C:\WINDOWS\System32\KERNELBASE.dll
0x00007ffef69b0000 - 0x00007ffef6ab0000 	C:\WINDOWS\System32\ucrtbase.dll
0x00007ffef21c0000 - 0x00007ffef21d7000 	C:\Program Files\Android\Android Studio\jre\bin\VCRUNTIME140.dll
0x00007ffed6760000 - 0x00007ffed6779000 	C:\Program Files\Android\Android Studio\jre\bin\jli.dll
0x00007ffef7240000 - 0x00007ffef73e1000 	C:\WINDOWS\System32\USER32.dll
0x00007ffee5cb0000 - 0x00007ffee5f4a000 	C:\WINDOWS\WinSxS\amd64_microsoft.windows.common-controls_6595b64144ccf1df_6.0.19041.1110_none_60b5254171f9507e\COMCTL32.dll
0x00007ffef68f0000 - 0x00007ffef6912000 	C:\WINDOWS\System32\win32u.dll
0x00007ffef8df0000 - 0x00007ffef8e8e000 	C:\WINDOWS\System32\msvcrt.dll
0x00007ffef7e60000 - 0x00007ffef7e8b000 	C:\WINDOWS\System32\GDI32.dll
0x00007ffef6e20000 - 0x00007ffef6f2d000 	C:\WINDOWS\System32\gdi32full.dll
0x00007ffef6d80000 - 0x00007ffef6e1d000 	C:\WINDOWS\System32\msvcp_win.dll
0x00007ffef8450000 - 0x00007ffef8480000 	C:\WINDOWS\System32\IMM32.DLL
0x00007ffed1f50000 - 0x00007ffed1fed000 	C:\Program Files\Android\Android Studio\jre\bin\msvcp140.dll
0x00007ffeb4b20000 - 0x00007ffeb55ef000 	C:\Program Files\Android\Android Studio\jre\bin\server\jvm.dll
0x00007ffef8530000 - 0x00007ffef85de000 	C:\WINDOWS\System32\ADVAPI32.dll
0x00007ffef8480000 - 0x00007ffef851c000 	C:\WINDOWS\System32\sechost.dll
0x00007ffef74a0000 - 0x00007ffef75c5000 	C:\WINDOWS\System32\RPCRT4.dll
0x00007ffef8370000 - 0x00007ffef8378000 	C:\WINDOWS\System32\PSAPI.DLL
0x00007ffee6360000 - 0x00007ffee6387000 	C:\WINDOWS\SYSTEM32\WINMM.dll
0x00007ffef2310000 - 0x00007ffef2319000 	C:\WINDOWS\SYSTEM32\WSOCK32.dll
0x00007ffeed5a0000 - 0x00007ffeed5aa000 	C:\WINDOWS\SYSTEM32\VERSION.dll
0x00007ffef8d80000 - 0x00007ffef8deb000 	C:\WINDOWS\System32\ws2_32.DLL
0x00007ffef50a0000 - 0x00007ffef50b2000 	C:\WINDOWS\SYSTEM32\kernel.appcore.dll
0x00007ffed1c60000 - 0x00007ffed1c71000 	C:\Program Files\Android\Android Studio\jre\bin\verify.dll
0x00007ffee6130000 - 0x00007ffee6314000 	C:\WINDOWS\SYSTEM32\DBGHELP.DLL
0x00007ffedb960000 - 0x00007ffedb98c000 	C:\WINDOWS\SYSTEM32\dbgcore.DLL
0x00007ffef6860000 - 0x00007ffef68e2000 	C:\WINDOWS\System32\bcryptPrimitives.dll
0x00007ffed0ae0000 - 0x00007ffed0b09000 	C:\Program Files\Android\Android Studio\jre\bin\java.dll
0x00007ffef2210000 - 0x00007ffef221b000 	C:\Program Files\Android\Android Studio\jre\bin\jimage.dll
0x00007ffed0ac0000 - 0x00007ffed0ad8000 	C:\Program Files\Android\Android Studio\jre\bin\zip.dll
0x00007ffef7710000 - 0x00007ffef7e54000 	C:\WINDOWS\System32\SHELL32.dll
0x00007ffef4700000 - 0x00007ffef4e95000 	C:\WINDOWS\SYSTEM32\windows.storage.dll
0x00007ffef7e90000 - 0x00007ffef81e5000 	C:\WINDOWS\System32\combase.dll
0x00007ffef61c0000 - 0x00007ffef61ee000 	C:\WINDOWS\SYSTEM32\Wldp.dll
0x00007ffef73f0000 - 0x00007ffef749d000 	C:\WINDOWS\System32\SHCORE.dll
0x00007ffef81f0000 - 0x00007ffef8245000 	C:\WINDOWS\System32\shlwapi.dll
0x00007ffef67a0000 - 0x00007ffef67bf000 	C:\WINDOWS\SYSTEM32\profapi.dll
0x00007ffed0aa0000 - 0x00007ffed0aba000 	C:\Program Files\Android\Android Studio\jre\bin\net.dll
0x00007ffeea8e0000 - 0x00007ffeea9ec000 	C:\WINDOWS\SYSTEM32\WINHTTP.dll
0x00007ffef5ee0000 - 0x00007ffef5f4a000 	C:\WINDOWS\system32\mswsock.dll
0x00007ffed0940000 - 0x00007ffed0954000 	C:\Program Files\Android\Android Studio\jre\bin\nio.dll
0x00007ffec3800000 - 0x00007ffec3827000 	C:\Users\JC\.gradle\native\8bec1ad78214c89d9ad589b4d07fe93259594b29d510b10fafb7a158f7737e5d\windows-amd64\native-platform.dll
0x00007ffeb4600000 - 0x00007ffeb473d000 	C:\Users\JC\.gradle\native\53dbd7edfb1c66fb8903c78663c9afc45aea4f116125fa6feffd364cf09443e8\windows-amd64\native-platform-file-events.dll
0x00007ffed1c50000 - 0x00007ffed1c5a000 	C:\Program Files\Android\Android Studio\jre\bin\management.dll
0x00007ffed0930000 - 0x00007ffed093c000 	C:\Program Files\Android\Android Studio\jre\bin\management_ext.dll
0x00007ffef6110000 - 0x00007ffef6128000 	C:\WINDOWS\SYSTEM32\CRYPTSP.dll
0x00007ffef5880000 - 0x00007ffef58b4000 	C:\WINDOWS\system32\rsaenh.dll
0x00007ffef6980000 - 0x00007ffef69a7000 	C:\WINDOWS\System32\bcrypt.dll
0x00007ffef6720000 - 0x00007ffef674e000 	C:\WINDOWS\SYSTEM32\USERENV.dll
0x00007ffef6070000 - 0x00007ffef607c000 	C:\WINDOWS\SYSTEM32\CRYPTBASE.dll
0x00007ffef5bf0000 - 0x00007ffef5c2b000 	C:\WINDOWS\SYSTEM32\IPHLPAPI.DLL
0x00007ffef8440000 - 0x00007ffef8448000 	C:\WINDOWS\System32\NSI.dll
0x00007ffeee260000 - 0x00007ffeee277000 	C:\WINDOWS\SYSTEM32\dhcpcsvc6.DLL
0x00007ffeee0d0000 - 0x00007ffeee0ed000 	C:\WINDOWS\SYSTEM32\dhcpcsvc.DLL
0x00007ffef5c30000 - 0x00007ffef5cfb000 	C:\WINDOWS\SYSTEM32\DNSAPI.dll

dbghelp: loaded successfully - version: 4.0.5 - missing functions: none
symbol engine: initialized successfully - sym options: 0x614 - pdb path: .;C:\Program Files\Android\Android Studio\jre\bin;C:\WINDOWS\SYSTEM32;C:\WINDOWS\WinSxS\amd64_microsoft.windows.common-controls_6595b64144ccf1df_6.0.19041.1110_none_60b5254171f9507e;C:\Program Files\Android\Android Studio\jre\bin\server;C:\Users\JC\.gradle\native\8bec1ad78214c89d9ad589b4d07fe93259594b29d510b10fafb7a158f7737e5d\windows-amd64;C:\Users\JC\.gradle\native\53dbd7edfb1c66fb8903c78663c9afc45aea4f116125fa6feffd364cf09443e8\windows-amd64

VM Arguments:
jvm_args: --add-opens=java.base/java.util=ALL-UNNAMED --add-opens=java.base/java.lang=ALL-UNNAMED --add-opens=java.base/java.lang.invoke=ALL-UNNAMED --add-opens=java.base/java.util=ALL-UNNAMED --add-opens=java.prefs/java.util.prefs=ALL-UNNAMED --add-opens=java.prefs/java.util.prefs=ALL-UNNAMED --add-opens=java.base/java.nio.charset=ALL-UNNAMED --add-opens=java.base/java.net=ALL-UNNAMED --add-opens=java.base/java.util.concurrent.atomic=ALL-UNNAMED -Xmx2048m -Dfile.encoding=UTF-8 -Duser.country=ES -Duser.language=es -Duser.variant 
java_command: org.gradle.launcher.daemon.bootstrap.GradleDaemon 7.0.2
java_class_path (initial): C:\Users\JC\.gradle\wrapper\dists\gradle-7.0.2-bin\857tjihv64xamwrf0h14cai3r\gradle-7.0.2\lib\gradle-launcher-7.0.2.jar
Launcher Type: SUN_STANDARD

[Global flags]
     intx CICompilerCount                          = 3                                         {product} {ergonomic}
     uint ConcGCThreads                            = 1                                         {product} {ergonomic}
     uint G1ConcRefinementThreads                  = 4                                         {product} {ergonomic}
   size_t G1HeapRegionSize                         = 1048576                                   {product} {ergonomic}
    uintx GCDrainStackTargetSize                   = 64                                        {product} {ergonomic}
   size_t InitialHeapSize                          = 67108864                                  {product} {ergonomic}
   size_t MarkStackSize                            = 4194304                                   {product} {ergonomic}
   size_t MaxHeapSize                              = 2147483648                                {product} {command line}
   size_t MaxNewSize                               = 1287651328                                {product} {ergonomic}
   size_t MinHeapDeltaBytes                        = 1048576                                   {product} {ergonomic}
    uintx NonNMethodCodeHeapSize                   = 5830732                                {pd product} {ergonomic}
    uintx NonProfiledCodeHeapSize                  = 122913754                              {pd product} {ergonomic}
    uintx ProfiledCodeHeapSize                     = 122913754                              {pd product} {ergonomic}
    uintx ReservedCodeCacheSize                    = 251658240                              {pd product} {ergonomic}
     bool SegmentedCodeCache                       = true                                      {product} {ergonomic}
     bool UseCompressedClassPointers               = true                                 {lp64_product} {ergonomic}
     bool UseCompressedOops                        = true                                 {lp64_product} {ergonomic}
     bool UseG1GC                                  = true                                      {product} {ergonomic}
     bool UseLargePagesIndividualAllocation        = false                                  {pd product} {ergonomic}

Logging:
Log output configuration:
 #0: stdout all=warning uptime,level,tags
 #1: stderr all=off uptime,level,tags

Environment Variables:
JAVA_HOME=C:\Program Files\Java\jdk-15.0.1
PATH=C:\Program Files\Microsoft\jdk-11.0.12.7-hotspot\bin;C:\oraclexe\app\oracle\product\10.2.0\server\bin;C:\Program Files (x86)\Common Files\Oracle\Java\javapath;C:\ProgramData\Oracle\Java\javapath;C:\Program Files\Common Files\Oracle\Java\javapath;C:\WINDOWS\system32;C:\WINDOWS;C:\WINDOWS\System32\Wbem;C:\WINDOWS\System32\WindowsPowerShell\v1.0\;C:\WINDOWS\System32\OpenSSH\;C:\Program Files\Java\jdk-15.0.1\bin;C:\Program Files\Microsoft SQL Server\Client SDK\ODBC\170\Tools\Binn\;C:\Program Files (x86)\Microsoft SQL Server\150\Tools\Binn\;C:\Program Files\Microsoft SQL Server\150\Tools\Binn\;C:\Program Files\Microsoft SQL Server\150\DTS\Binn\;C:\Program Files (x86)\Microsoft SQL Server\150\DTS\Binn\;C:\Program Files\dotnet\;C:\Program Files\Microsoft SQL Server\130\Tools\Binn\;C:\php;C:\Program Files\Docker\Docker\resources\bin;C:\ProgramData\DockerDesktop\version-bin;C:\Program Files\Git\cmd;C:\Program Files (x86)\Bazaar;C:\Users\JC\AppData\Local\Programs\Python\Python39\Scripts\;C:\Users\JC\AppData\Local\Programs\Python\Python39\;C:\Users\JC\AppData\Local\Microsoft\WindowsApps;;C:\Program Files\Azure Data Studio\bin;C:\Program Files\Azure Data Studio\bin;C:\Users\JC\.dotnet\tools;C:\Users\JC\AppData\Local\Programs\Microsoft VS Code\bin
USERNAME=JC
OS=Windows_NT
PROCESSOR_IDENTIFIER=Intel64 Family 6 Model 69 Stepping 1, GenuineIntel



---------------  S Y S T E M  ---------------

OS: Windows 10 , 64 bit Build 19041 (10.0.19041.1466)
OS uptime: 0 days 3:44 hours
Hyper-V role detected

CPU:total 4 (initial active 4) (2 cores per cpu, 2 threads per core) family 6 model 69 stepping 1 microcode 0x25, cmov, cx8, fxsr, mmx, sse, sse2, sse3, ssse3, sse4.1, sse4.2, popcnt, avx, avx2, aes, clmul, erms, lzcnt, ht, tsc, tscinvbit, bmi1, bmi2, fma

Memory: 4k page, system-wide physical 4027M (1137M free)
TotalPageFile size 6825M (AvailPageFile size 1M)
current process WorkingSet (physical memory assigned to process): 419M, peak: 419M
current process commit charge ("private bytes"): 491M, peak: 491M

vm_info: OpenJDK 64-Bit Server VM (11.0.10+0-b96-7249189) for windows-amd64 JRE (11.0.10+0-b96-7249189), built on Mar 31 2021 21:44:00 by "builder" with MS VC++ 14.0 (VS2015)

END.
