#
# There is insufficient memory for the Java Runtime Environment to continue.
# Native memory allocation (mmap) failed to map 16777216 bytes for Failed to commit area from 0x0000000084d00000 to 0x0000000085d00000 of length 16777216.
# Possible reasons:
#   The system is out of physical RAM or swap space
#   The process is running with CompressedOops enabled, and the Java Heap may be blocking the growth of the native heap
# Possible solutions:
#   Reduce memory load on the system
#   Increase physical memory or swap space
#   Check if swap backing store is full
#   Decrease Java heap size (-Xmx/-Xms)
#   Decrease number of Java threads
#   Decrease Java thread stack sizes (-Xss)
#   Set larger code cache with -XX:ReservedCodeCacheSize=
#   JVM is running with Unscaled Compressed Oops mode in which the Java heap is
#     placed in the first 4GB address space. The Java Heap base address is the
#     maximum limit for the native heap growth. Please use -XX:HeapBaseMinAddress
#     to set the Java Heap base and to place the Java Heap above 4GB virtual address.
# This output file may be truncated or incomplete.
#
#  Out of Memory Error (./src/hotspot/os/windows/os_windows.cpp:3301), pid=9500, tid=11236
#
# JRE version: OpenJDK Runtime Environment (11.0.10) (build 11.0.10+0-b96-7249189)
# Java VM: OpenJDK 64-Bit Server VM (11.0.10+0-b96-7249189, mixed mode, tiered, compressed oops, g1 gc, windows-amd64)
# No core dump will be written. Minidumps are not enabled by default on client versions of Windows
#

---------------  S U M M A R Y ------------

Command Line: --add-opens=java.base/java.util=ALL-UNNAMED --add-opens=java.base/java.lang=ALL-UNNAMED --add-opens=java.base/java.lang.invoke=ALL-UNNAMED --add-opens=java.base/java.util=ALL-UNNAMED --add-opens=java.prefs/java.util.prefs=ALL-UNNAMED --add-opens=java.prefs/java.util.prefs=ALL-UNNAMED --add-opens=java.base/java.nio.charset=ALL-UNNAMED --add-opens=java.base/java.net=ALL-UNNAMED --add-opens=java.base/java.util.concurrent.atomic=ALL-UNNAMED -Xmx2048m -Dfile.encoding=UTF-8 -Duser.country=ES -Duser.language=es -Duser.variant org.gradle.launcher.daemon.bootstrap.GradleDaemon 7.0.2

Host: Intel(R) Core(TM) i3-4012Y CPU @ 1.50GHz, 4 cores, 3G,  Windows 10 , 64 bit Build 19041 (10.0.19041.1348)
Time: Tue Dec 21 11:49:48 2021 Hora est. Pacífico, Sudamérica elapsed time: 61.138174 seconds (0d 0h 1m 1s)

---------------  T H R E A D  ---------------

Current thread (0x000001f17ebd0000):  VMThread "VM Thread" [stack: 0x0000000d0e900000,0x0000000d0ea00000] [id=11236]

Stack: [0x0000000d0e900000,0x0000000d0ea00000]
[error occurred during error reporting (printing stack bounds), id 0xc0000005, EXCEPTION_ACCESS_VIOLATION (0xc0000005) at pc=0x000001f100000f2d]

Native frames: (J=compiled Java code, j=interpreted, Vv=VM code, C=native code)
V  [jvm.dll+0x5ecfaa]
V  [jvm.dll+0x722bd5]
V  [jvm.dll+0x72412d]
V  [jvm.dll+0x724745]
V  [jvm.dll+0x7246fb]
V  [jvm.dll+0x5ec348]
V  [jvm.dll+0x5ecad8]
C  [ntdll.dll+0xa20cf]
C  [ntdll.dll+0x51454]
C  [ntdll.dll+0xa0bfe]
C  0x000001f100000f2d

VM_Operation (0x0000000d0fbf4dd0): G1CollectForAllocation, mode: safepoint, requested by thread 0x000001f115893800


---------------  P R O C E S S  ---------------

Threads class SMR info:
_java_thread_list=0x000001f119f7f7a0, length=41, elements={
0x000001f1780fc800, 0x000001f17ebd4800, 0x000001f17ebd7800, 0x000001f17ec36800,
0x000001f17ec3b800, 0x000001f17ec3d000, 0x000001f17ec42000, 0x000001f17ec45800,
0x000001f17ec49800, 0x000001f17f6d0800, 0x000001f1171cc800, 0x000001f116df2000,
0x000001f117a5f800, 0x000001f117940800, 0x000001f115893000, 0x000001f1155e6000,
0x000001f115893800, 0x000001f17f98c800, 0x000001f115a7e800, 0x000001f17f6de000,
0x000001f17f6df000, 0x000001f17f6df800, 0x000001f17f6e0800, 0x000001f1174ac800,
0x000001f1174ab800, 0x000001f1174ad800, 0x000001f1174ab000, 0x000001f1174ae000,
0x000001f1174af000, 0x000001f1174a9000, 0x000001f1174aa000, 0x000001f1174b6000,
0x000001f1174b4000, 0x000001f1174b4800, 0x000001f1174b5800, 0x000001f1174b7000,
0x000001f1174b1800, 0x000001f1174b3000, 0x000001f1174b8000, 0x000001f1174b2000,
0x000001f118069000
}

Java Threads: ( => current thread )
  0x000001f1780fc800 JavaThread "main" [_thread_blocked, id=8592, stack(0x0000000d0e300000,0x0000000d0e400000)]
  0x000001f17ebd4800 JavaThread "Reference Handler" daemon [_thread_blocked, id=1704, stack(0x0000000d0ea00000,0x0000000d0eb00000)]
  0x000001f17ebd7800 JavaThread "Finalizer" daemon [_thread_blocked, id=8412, stack(0x0000000d0eb00000,0x0000000d0ec00000)]
  0x000001f17ec36800 JavaThread "Signal Dispatcher" daemon [_thread_blocked, id=11496, stack(0x0000000d0ec00000,0x0000000d0ed00000)]
  0x000001f17ec3b800 JavaThread "Attach Listener" daemon [_thread_blocked, id=8664, stack(0x0000000d0ed00000,0x0000000d0ee00000)]
  0x000001f17ec3d000 JavaThread "Service Thread" daemon [_thread_blocked, id=7164, stack(0x0000000d0ee00000,0x0000000d0ef00000)]
  0x000001f17ec42000 JavaThread "C2 CompilerThread0" daemon [_thread_blocked, id=7292, stack(0x0000000d0ef00000,0x0000000d0f000000)]
  0x000001f17ec45800 JavaThread "C1 CompilerThread0" daemon [_thread_blocked, id=11936, stack(0x0000000d0f000000,0x0000000d0f100000)]
  0x000001f17ec49800 JavaThread "Sweeper thread" daemon [_thread_blocked, id=9524, stack(0x0000000d0f100000,0x0000000d0f200000)]
  0x000001f17f6d0800 JavaThread "Common-Cleaner" daemon [_thread_blocked, id=9424, stack(0x0000000d0f200000,0x0000000d0f300000)]
  0x000001f1171cc800 JavaThread "Daemon health stats" [_thread_blocked, id=2536, stack(0x0000000d0f600000,0x0000000d0f700000)]
  0x000001f116df2000 JavaThread "Incoming local TCP Connector on port 64555" [_thread_in_native, id=8380, stack(0x0000000d0f400000,0x0000000d0f500000)]
  0x000001f117a5f800 JavaThread "Daemon periodic checks" [_thread_blocked, id=10312, stack(0x0000000d0f700000,0x0000000d0f800000)]
  0x000001f117940800 JavaThread "Daemon" [_thread_blocked, id=10980, stack(0x0000000d0f800000,0x0000000d0f900000)]
  0x000001f115893000 JavaThread "Handler for socket connection from /127.0.0.1:64555 to /127.0.0.1:64556" [_thread_in_native, id=10296, stack(0x0000000d0f900000,0x0000000d0fa00000)]
  0x000001f1155e6000 JavaThread "Cancel handler" [_thread_blocked, id=11380, stack(0x0000000d0fa00000,0x0000000d0fb00000)]
  0x000001f115893800 JavaThread "Daemon worker" [_thread_blocked, id=3912, stack(0x0000000d0fb00000,0x0000000d0fc00000)]
  0x000001f17f98c800 JavaThread "Asynchronous log dispatcher for DefaultDaemonConnection: socket connection from /127.0.0.1:64555 to /127.0.0.1:64556" [_thread_blocked, id=11996, stack(0x0000000d0fd00000,0x0000000d0fe00000)]
  0x000001f115a7e800 JavaThread "Stdin handler" [_thread_blocked, id=2008, stack(0x0000000d0fe00000,0x0000000d0ff00000)]
  0x000001f17f6de000 JavaThread "Daemon client event forwarder" [_thread_blocked, id=7208, stack(0x0000000d0ff00000,0x0000000d10000000)]
  0x000001f17f6df000 JavaThread "Cache worker for file hash cache (C:\Users\JC\.gradle\caches\7.0.2\fileHashes)" [_thread_blocked, id=11448, stack(0x0000000d10100000,0x0000000d10200000)]
  0x000001f17f6df800 JavaThread "File lock request listener" [_thread_in_native, id=8356, stack(0x0000000d10200000,0x0000000d10300000)]
  0x000001f17f6e0800 JavaThread "Cache worker for journal cache (C:\Users\JC\.gradle\caches\journal-1)" [_thread_blocked, id=2140, stack(0x0000000d10300000,0x0000000d10400000)]
  0x000001f1174ac800 JavaThread "Cache worker for file hash cache (C:\Users\JC\AndroidStudioProjects\LoginUTA\.gradle\7.0.2\fileHashes)" [_thread_blocked, id=10208, stack(0x0000000d10500000,0x0000000d10600000)]
  0x000001f1174ab800 JavaThread "File watcher server" daemon [_thread_in_native, id=10912, stack(0x0000000d10600000,0x0000000d10700000)]
  0x000001f1174ad800 JavaThread "File watcher consumer" daemon [_thread_blocked, id=1232, stack(0x0000000d10700000,0x0000000d10800000)]
  0x000001f1174ab000 JavaThread "Cache worker for checksums cache (C:\Users\JC\AndroidStudioProjects\LoginUTA\.gradle\checksums)" [_thread_blocked, id=8224, stack(0x0000000d10800000,0x0000000d10900000)]
  0x000001f1174ae000 JavaThread "Cache worker for cache directory md-supplier (C:\Users\JC\.gradle\caches\7.0.2\md-supplier)" [_thread_blocked, id=8524, stack(0x0000000d10900000,0x0000000d10a00000)]
  0x000001f1174af000 JavaThread "Cache worker for cache directory md-rule (C:\Users\JC\.gradle\caches\7.0.2\md-rule)" [_thread_blocked, id=11828, stack(0x0000000d10a00000,0x0000000d10b00000)]
  0x000001f1174a9000 JavaThread "Cache worker for execution history cache (C:\Users\JC\.gradle\caches\7.0.2\executionHistory)" [_thread_blocked, id=7956, stack(0x0000000d10b00000,0x0000000d10c00000)]
  0x000001f1174aa000 JavaThread "jar transforms" [_thread_blocked, id=5780, stack(0x0000000d10c00000,0x0000000d10d00000)]
  0x000001f1174b6000 JavaThread "jar transforms Thread 2" [_thread_blocked, id=8604, stack(0x0000000d10d00000,0x0000000d10e00000)]
  0x000001f1174b4000 JavaThread "Cache worker for file content cache (C:\Users\JC\.gradle\caches\7.0.2\fileContent)" [_thread_blocked, id=10400, stack(0x0000000d10e00000,0x0000000d10f00000)]
  0x000001f1174b4800 JavaThread "Cache worker for dependencies-accessors (C:\Users\JC\AndroidStudioProjects\LoginUTA\.gradle\7.0.2\dependencies-accessors)" [_thread_blocked, id=12156, stack(0x0000000d10400000,0x0000000d10500000)]
  0x000001f1174b5800 JavaThread "jar transforms Thread 3" [_thread_blocked, id=9496, stack(0x0000000d10f00000,0x0000000d11000000)]
  0x000001f1174b7000 JavaThread "Cache worker for Build Output Cleanup Cache (C:\Users\JC\AndroidStudioProjects\LoginUTA\.gradle\buildOutputCleanup)" [_thread_blocked, id=11504, stack(0x0000000d11000000,0x0000000d11100000)]
  0x000001f1174b1800 JavaThread "Build operations" [_thread_blocked, id=3424, stack(0x0000000d11300000,0x0000000d11400000)]
  0x000001f1174b3000 JavaThread "Build operations Thread 2" [_thread_blocked, id=10204, stack(0x0000000d11400000,0x0000000d11500000)]
  0x000001f1174b8000 JavaThread "Build operations Thread 3" [_thread_blocked, id=1760, stack(0x0000000d11500000,0x0000000d11600000)]
  0x000001f1174b2000 JavaThread "Build operations Thread 4" [_thread_blocked, id=2228, stack(0x0000000d11600000,0x0000000d11700000)]
  0x000001f118069000 JavaThread "jar transforms Thread 4" [_thread_blocked, id=9468, stack(0x0000000d11700000,0x0000000d11800000)]

Other Threads:
=>0x000001f17ebd0000 VMThread "VM Thread" [stack: 0x0000000d0e900000,0x0000000d0ea00000] [id=11236]
  0x000001f17f6d2000 WatcherThread [stack: 0x0000000d0f300000,0x0000000d0f400000] [id=10976]
  0x000001f178115800 GCTaskThread "GC Thread#0" [stack: 0x0000000d0e400000,0x0000000d0e500000] [id=6136]
  0x000001f11578c800 GCTaskThread "GC Thread#1" [stack: 0x0000000d0f500000,0x0000000d0f600000] [id=5472]
  0x000001f1161ae800 GCTaskThread "GC Thread#2" [stack: 0x0000000d0fc00000,0x0000000d0fd00000] [id=1276]
  0x000001f116883800 GCTaskThread "GC Thread#3" [stack: 0x0000000d10000000,0x0000000d10100000] [id=10972]
  0x000001f178147000 ConcurrentGCThread "G1 Main Marker" [stack: 0x0000000d0e500000,0x0000000d0e600000] [id=3816]
  0x000001f178148000 ConcurrentGCThread "G1 Conc#0" [stack: 0x0000000d0e600000,0x0000000d0e700000] [id=10808]
  0x000001f17819e800 ConcurrentGCThread "G1 Refine#0" [stack: 0x0000000d0e700000,0x0000000d0e800000] [id=7424]
  0x000001f17819f800 ConcurrentGCThread "G1 Young RemSet Sampling" [stack: 0x0000000d0e800000,0x0000000d0e900000] [id=11724]

Threads with active compile tasks:
C2 CompilerThread0  61506 5268   !   4       java.util.concurrent.ConcurrentHashMap::putVal (432 bytes)

VM state:at safepoint (normal execution)

VM Mutex/Monitor currently owned by a thread:  ([mutex/lock_event])
[0x000001f1780f94c0] Threads_lock - owner thread: 0x000001f17ebd0000
[0x000001f1780f9160] Heap_lock - owner thread: 0x000001f115893800

Heap address: 0x0000000080000000, size: 2048 MB, Compressed Oops mode: 32-bit
Narrow klass base: 0x0000000000000000, Narrow klass shift: 3
Compressed class space size: 1073741824 Address: 0x0000000100000000

Heap:
 garbage-first heap   total 95232K, used 43251K [0x0000000080000000, 0x0000000100000000)
  region size 1024K, 1 young (1024K), 1 survivors (1024K)
 Metaspace       used 51283K, capacity 52594K, committed 52732K, reserved 1095680K
  class space    used 6518K, capacity 6966K, committed 7040K, reserved 1048576K
Heap Regions: E=young(eden), S=young(survivor), O=old, HS=humongous(starts), HC=humongous(continues), CS=collection set, F=free, A=archive, TAMS=top-at-mark-start (previous, next)
|   0|0x0000000080000000, 0x0000000080100000, 0x0000000080100000|100%| O|  |TAMS 0x0000000080100000, 0x0000000080100000| Untracked 
|   1|0x0000000080100000, 0x0000000080200000, 0x0000000080200000|100%| O|  |TAMS 0x0000000080200000, 0x0000000080200000| Untracked 
|   2|0x0000000080200000, 0x0000000080300000, 0x0000000080300000|100%| O|  |TAMS 0x0000000080300000, 0x0000000080300000| Untracked 
|   3|0x0000000080300000, 0x0000000080400000, 0x0000000080400000|100%|HS|  |TAMS 0x0000000080400000, 0x0000000080400000| Complete 
|   4|0x0000000080400000, 0x0000000080500000, 0x0000000080500000|100%|HC|  |TAMS 0x0000000080500000, 0x0000000080500000| Complete 
|   5|0x0000000080500000, 0x0000000080600000, 0x0000000080600000|100%|HC|  |TAMS 0x0000000080600000, 0x0000000080600000| Complete 
|   6|0x0000000080600000, 0x0000000080700000, 0x0000000080700000|100%| O|  |TAMS 0x0000000080700000, 0x0000000080700000| Untracked 
|   7|0x0000000080700000, 0x0000000080800000, 0x0000000080800000|100%| O|  |TAMS 0x0000000080800000, 0x0000000080800000| Untracked 
|   8|0x0000000080800000, 0x0000000080900000, 0x0000000080900000|100%| O|  |TAMS 0x0000000080900000, 0x0000000080900000| Untracked 
|   9|0x0000000080900000, 0x0000000080a00000, 0x0000000080a00000|100%| O|  |TAMS 0x0000000080a00000, 0x0000000080a00000| Untracked 
|  10|0x0000000080a00000, 0x0000000080b00000, 0x0000000080b00000|100%| O|  |TAMS 0x0000000080b00000, 0x0000000080b00000| Untracked 
|  11|0x0000000080b00000, 0x0000000080c00000, 0x0000000080c00000|100%| O|  |TAMS 0x0000000080c00000, 0x0000000080c00000| Untracked 
|  12|0x0000000080c00000, 0x0000000080d00000, 0x0000000080d00000|100%| O|  |TAMS 0x0000000080d00000, 0x0000000080d00000| Untracked 
|  13|0x0000000080d00000, 0x0000000080e00000, 0x0000000080e00000|100%| O|  |TAMS 0x0000000080e00000, 0x0000000080e00000| Untracked 
|  14|0x0000000080e00000, 0x0000000080f00000, 0x0000000080f00000|100%| O|  |TAMS 0x0000000080f00000, 0x0000000080f00000| Untracked 
|  15|0x0000000080f00000, 0x0000000081000000, 0x0000000081000000|100%| O|  |TAMS 0x0000000081000000, 0x0000000081000000| Untracked 
|  16|0x0000000081000000, 0x0000000081100000, 0x0000000081100000|100%| O|  |TAMS 0x0000000081100000, 0x0000000081100000| Untracked 
|  17|0x0000000081100000, 0x0000000081200000, 0x0000000081200000|100%| O|  |TAMS 0x0000000081200000, 0x0000000081200000| Untracked 
|  18|0x0000000081200000, 0x0000000081300000, 0x0000000081300000|100%| O|  |TAMS 0x0000000081232200, 0x0000000081300000| Untracked 
|  19|0x0000000081300000, 0x0000000081400000, 0x0000000081400000|100%| O|  |TAMS 0x0000000081300000, 0x0000000081400000| Untracked 
|  20|0x0000000081400000, 0x0000000081500000, 0x0000000081500000|100%| O|  |TAMS 0x0000000081400000, 0x0000000081500000| Untracked 
|  21|0x0000000081500000, 0x0000000081600000, 0x0000000081600000|100%| O|  |TAMS 0x0000000081500000, 0x0000000081600000| Untracked 
|  22|0x0000000081600000, 0x0000000081700000, 0x0000000081700000|100%| O|  |TAMS 0x0000000081600000, 0x0000000081700000| Untracked 
|  23|0x0000000081700000, 0x0000000081800000, 0x0000000081800000|100%| O|  |TAMS 0x0000000081700000, 0x0000000081800000| Untracked 
|  24|0x0000000081800000, 0x0000000081900000, 0x0000000081900000|100%| O|  |TAMS 0x0000000081800000, 0x0000000081900000| Untracked 
|  25|0x0000000081900000, 0x0000000081a00000, 0x0000000081a00000|100%| O|  |TAMS 0x0000000081900000, 0x0000000081a00000| Untracked 
|  26|0x0000000081a00000, 0x0000000081b00000, 0x0000000081b00000|100%| O|  |TAMS 0x0000000081a00000, 0x0000000081b00000| Untracked 
|  27|0x0000000081b00000, 0x0000000081c00000, 0x0000000081c00000|100%| O|  |TAMS 0x0000000081b00000, 0x0000000081c00000| Untracked 
|  28|0x0000000081c00000, 0x0000000081d00000, 0x0000000081d00000|100%|HS|  |TAMS 0x0000000081c00000, 0x0000000081d00000| Complete 
|  29|0x0000000081d00000, 0x0000000081e00000, 0x0000000081e00000|100%|HS|  |TAMS 0x0000000081d00000, 0x0000000081e00000| Complete 
|  30|0x0000000081e00000, 0x0000000081f00000, 0x0000000081f00000|100%|HS|  |TAMS 0x0000000081e00000, 0x0000000081f00000| Complete 
|  31|0x0000000081f00000, 0x0000000082000000, 0x0000000082000000|100%|HC|  |TAMS 0x0000000081f00000, 0x0000000082000000| Complete 
|  32|0x0000000082000000, 0x0000000082100000, 0x0000000082100000|100%| O|  |TAMS 0x0000000082000000, 0x0000000082100000| Untracked 
|  33|0x0000000082100000, 0x0000000082200000, 0x0000000082200000|100%| O|  |TAMS 0x0000000082100000, 0x0000000082200000| Untracked 
|  34|0x0000000082200000, 0x0000000082300000, 0x0000000082300000|100%| O|  |TAMS 0x0000000082200000, 0x0000000082300000| Untracked 
|  35|0x0000000082300000, 0x0000000082400000, 0x0000000082400000|100%| O|  |TAMS 0x0000000082300000, 0x0000000082400000| Untracked 
|  36|0x0000000082400000, 0x0000000082500000, 0x0000000082500000|100%| O|  |TAMS 0x0000000082400000, 0x0000000082500000| Untracked 
|  37|0x0000000082500000, 0x0000000082600000, 0x0000000082600000|100%| O|  |TAMS 0x0000000082500000, 0x0000000082600000| Untracked 
|  38|0x0000000082600000, 0x0000000082700000, 0x0000000082700000|100%| O|  |TAMS 0x0000000082600000, 0x0000000082700000| Untracked 
|  39|0x0000000082700000, 0x0000000082700000, 0x0000000082800000|  0%| F|  |TAMS 0x0000000082700000, 0x0000000082700000| Untracked 
|  40|0x0000000082800000, 0x0000000082800000, 0x0000000082900000|  0%| F|  |TAMS 0x0000000082800000, 0x0000000082800000| Untracked 
|  41|0x0000000082900000, 0x0000000082a00000, 0x0000000082a00000|100%| O|  |TAMS 0x0000000082900000, 0x0000000082a00000| Untracked 
|  42|0x0000000082a00000, 0x0000000082b00000, 0x0000000082b00000|100%| O|  |TAMS 0x0000000082a00000, 0x0000000082b00000| Untracked 
|  43|0x0000000082b00000, 0x0000000082b47c00, 0x0000000082c00000| 28%| O|  |TAMS 0x0000000082b00000, 0x0000000082b47c00| Untracked 
|  44|0x0000000082c00000, 0x0000000082c00000, 0x0000000082d00000|  0%| F|  |TAMS 0x0000000082c00000, 0x0000000082c00000| Untracked 
|  45|0x0000000082d00000, 0x0000000082d00000, 0x0000000082e00000|  0%| F|  |TAMS 0x0000000082d00000, 0x0000000082d00000| Untracked 
|  46|0x0000000082e00000, 0x0000000082e00000, 0x0000000082f00000|  0%| F|  |TAMS 0x0000000082e00000, 0x0000000082e00000| Untracked 
|  47|0x0000000082f00000, 0x0000000082f00000, 0x0000000083000000|  0%| F|  |TAMS 0x0000000082f00000, 0x0000000082f00000| Untracked 
|  48|0x0000000083000000, 0x0000000083000000, 0x0000000083100000|  0%| F|  |TAMS 0x0000000083000000, 0x0000000083000000| Untracked 
|  49|0x0000000083100000, 0x0000000083100000, 0x0000000083200000|  0%| F|  |TAMS 0x0000000083100000, 0x0000000083100000| Untracked 
|  50|0x0000000083200000, 0x0000000083200000, 0x0000000083300000|  0%| F|  |TAMS 0x0000000083200000, 0x0000000083200000| Untracked 
|  51|0x0000000083300000, 0x0000000083300000, 0x0000000083400000|  0%| F|  |TAMS 0x0000000083300000, 0x0000000083300000| Untracked 
|  52|0x0000000083400000, 0x0000000083400000, 0x0000000083500000|  0%| F|  |TAMS 0x0000000083400000, 0x0000000083400000| Untracked 
|  53|0x0000000083500000, 0x0000000083500000, 0x0000000083600000|  0%| F|  |TAMS 0x0000000083500000, 0x0000000083500000| Untracked 
|  54|0x0000000083600000, 0x0000000083600000, 0x0000000083700000|  0%| F|  |TAMS 0x0000000083600000, 0x0000000083600000| Untracked 
|  55|0x0000000083700000, 0x0000000083700000, 0x0000000083800000|  0%| F|  |TAMS 0x0000000083700000, 0x0000000083700000| Untracked 
|  56|0x0000000083800000, 0x00000000838f53c0, 0x0000000083900000| 95%| S|CS|TAMS 0x0000000083800000, 0x0000000083800000| Complete 
|  57|0x0000000083900000, 0x0000000083900000, 0x0000000083a00000|  0%| F|  |TAMS 0x0000000083900000, 0x0000000083900000| Untracked 
|  58|0x0000000083a00000, 0x0000000083a00000, 0x0000000083b00000|  0%| F|  |TAMS 0x0000000083a00000, 0x0000000083a00000| Untracked 
|  59|0x0000000083b00000, 0x0000000083b00000, 0x0000000083c00000|  0%| F|  |TAMS 0x0000000083b00000, 0x0000000083b00000| Untracked 
|  60|0x0000000083c00000, 0x0000000083c00000, 0x0000000083d00000|  0%| F|  |TAMS 0x0000000083c00000, 0x0000000083c00000| Untracked 
|  61|0x0000000083d00000, 0x0000000083d00000, 0x0000000083e00000|  0%| F|  |TAMS 0x0000000083d00000, 0x0000000083d00000| Untracked 
|  62|0x0000000083e00000, 0x0000000083e00000, 0x0000000083f00000|  0%| F|  |TAMS 0x0000000083e00000, 0x0000000083e00000| Untracked 
|  63|0x0000000083f00000, 0x0000000083f00000, 0x0000000084000000|  0%| F|  |TAMS 0x0000000083f00000, 0x0000000083f00000| Untracked 
|  64|0x0000000084000000, 0x0000000084000000, 0x0000000084100000|  0%| F|  |TAMS 0x0000000084000000, 0x0000000084000000| Untracked 
|  65|0x0000000084100000, 0x0000000084100000, 0x0000000084200000|  0%| F|  |TAMS 0x0000000084100000, 0x0000000084100000| Untracked 
|  66|0x0000000084200000, 0x0000000084200000, 0x0000000084300000|  0%| F|  |TAMS 0x0000000084200000, 0x0000000084200000| Untracked 
|  67|0x0000000084300000, 0x0000000084300000, 0x0000000084400000|  0%| F|  |TAMS 0x0000000084300000, 0x0000000084300000| Untracked 
|  68|0x0000000084400000, 0x0000000084400000, 0x0000000084500000|  0%| F|  |TAMS 0x0000000084400000, 0x0000000084400000| Untracked 
|  69|0x0000000084500000, 0x0000000084500000, 0x0000000084600000|  0%| F|  |TAMS 0x0000000084500000, 0x0000000084500000| Untracked 
|  70|0x0000000084600000, 0x0000000084600000, 0x0000000084700000|  0%| F|  |TAMS 0x0000000084600000, 0x0000000084600000| Untracked 
|  71|0x0000000084700000, 0x0000000084700000, 0x0000000084800000|  0%| F|  |TAMS 0x0000000084700000, 0x0000000084700000| Untracked 
|  72|0x0000000084800000, 0x0000000084800000, 0x0000000084900000|  0%| F|  |TAMS 0x0000000084800000, 0x0000000084800000| Untracked 
|  73|0x0000000084900000, 0x0000000084900000, 0x0000000084a00000|  0%| F|  |TAMS 0x0000000084900000, 0x0000000084900000| Untracked 
|  74|0x0000000084a00000, 0x0000000084a00000, 0x0000000084b00000|  0%| F|  |TAMS 0x0000000084a00000, 0x0000000084a00000| Untracked 
|  75|0x0000000084b00000, 0x0000000084b00000, 0x0000000084c00000|  0%| F|  |TAMS 0x0000000084b00000, 0x0000000084b00000| Untracked 
|  76|0x0000000084c00000, 0x0000000084c00000, 0x0000000084d00000|  0%| F|  |TAMS 0x0000000084c00000, 0x0000000084c00000| Untracked 

Card table byte_map: [0x000001f17ddd0000,0x000001f17e1d0000] _byte_map_base: 0x000001f17d9d0000

Marking Bits (Prev, Next): (CMBitMap*) 0x000001f17813e018, (CMBitMap*) 0x000001f17813e050
 Prev Bits: [0x000001f10f000000, 0x000001f111000000)
 Next Bits: [0x000001f111000000, 0x000001f113000000)

Polling page: 0x000001f177ef0000

Metaspace:

Usage:
  Non-class:     44.56 MB capacity,    43.72 MB ( 98%) used,   732.56 KB (  2%) free+waste,   130.94 KB ( <1%) overhead. 
      Class:      6.80 MB capacity,     6.37 MB ( 94%) used,   385.05 KB (  6%) free+waste,    62.00 KB ( <1%) overhead. 
       Both:     51.36 MB capacity,    50.08 MB ( 98%) used,     1.09 MB (  2%) free+waste,   192.94 KB ( <1%) overhead. 

Virtual space:
  Non-class space:       46.00 MB reserved,      44.62 MB ( 97%) committed 
      Class space:        1.00 GB reserved,       6.88 MB ( <1%) committed 
             Both:        1.04 GB reserved,      51.50 MB (  5%) committed 

Chunk freelists:
   Non-Class:  0 bytes
       Class:  10.00 KB
        Both:  10.00 KB

MaxMetaspaceSize: 17179869184.00 GB
CompressedClassSpaceSize: 1.00 GB

CodeHeap 'non-profiled nmethods': size=120064Kb used=2919Kb max_used=2919Kb free=117145Kb
 bounds [0x000001f107ac0000, 0x000001f107da0000, 0x000001f10f000000]
CodeHeap 'profiled nmethods': size=120000Kb used=10990Kb max_used=10990Kb free=109009Kb
 bounds [0x000001f100590000, 0x000001f101050000, 0x000001f107ac0000]
CodeHeap 'non-nmethods': size=5696Kb used=2222Kb max_used=2258Kb free=3473Kb
 bounds [0x000001f100000000, 0x000001f100270000, 0x000001f100590000]
 total_blobs=6008 nmethods=5211 adapters=708
 compilation: enabled
              stopped_count=0, restarted_count=0
 full_count=0

Compilation events (20 events):
Event: 59.634 Thread 0x000001f17ec45800 nmethod 5259 0x000001f10103e810 code [0x000001f10103ea20, 0x000001f10103ed68]
Event: 59.634 Thread 0x000001f17ec45800 5260       3       org.gradle.internal.service.DefaultServiceRegistry::getService (13 bytes)
Event: 59.635 Thread 0x000001f17ec45800 nmethod 5260 0x000001f10103ef10 code [0x000001f10103f0e0, 0x000001f10103f258]
Event: 59.651 Thread 0x000001f17ec45800 5261       3       com.google.common.collect.ImmutableMap::entrySet (5 bytes)
Event: 59.652 Thread 0x000001f17ec45800 nmethod 5261 0x000001f10103f310 code [0x000001f10103f4c0, 0x000001f10103f668]
Event: 59.652 Thread 0x000001f17ec45800 5262       3       com.google.common.collect.ImmutableMap::entrySet (23 bytes)
Event: 59.652 Thread 0x000001f17ec45800 nmethod 5262 0x000001f10103f710 code [0x000001f10103f8e0, 0x000001f10103fb48]
Event: 59.657 Thread 0x000001f17ec45800 5263       3       org.gradle.internal.snapshot.impl.DefaultValueSnapshotter::processValue (657 bytes)
Event: 59.657 Thread 0x000001f17ec42000 5264       4       jdk.internal.reflect.ClassFileAssembler::cpi (22 bytes)
Event: 59.659 Thread 0x000001f17ec42000 nmethod 5264 0x000001f107d99990 code [0x000001f107d99b20, 0x000001f107d99b98]
Event: 59.677 Thread 0x000001f17ec45800 nmethod 5263 0x000001f10103fc10 code [0x000001f1010405e0, 0x000001f101047438]
Event: 59.677 Thread 0x000001f17ec45800 5265       3       org.gradle.internal.service.DefaultServiceRegistry::get (44 bytes)
Event: 59.683 Thread 0x000001f17ec45800 nmethod 5265 0x000001f101048c90 code [0x000001f101048fe0, 0x000001f10104a2c8]
Event: 60.796 Thread 0x000001f17ec45800 5266       3       com.google.common.cache.LocalCache$LocalManualCache::getIfPresent (9 bytes)
Event: 60.798 Thread 0x000001f17ec45800 nmethod 5266 0x000001f10104a990 code [0x000001f10104ab40, 0x000001f10104ac68]
Event: 60.799 Thread 0x000001f17ec45800 5267       3       java.lang.Class::arrayContentsEq (70 bytes)
Event: 60.801 Thread 0x000001f17ec45800 nmethod 5267 0x000001f10104ad10 code [0x000001f10104aee0, 0x000001f10104b2d8]
Event: 60.847 Thread 0x000001f17ec42000 5268   !   4       java.util.concurrent.ConcurrentHashMap::putVal (432 bytes)
Event: 60.874 Thread 0x000001f17ec45800 5269       3       com.google.common.collect.MapMakerInternalMap$StrongKeyWeakValueEntry::getValue (10 bytes)
Event: 60.875 Thread 0x000001f17ec45800 nmethod 5269 0x000001f10104b410 code [0x000001f10104b5c0, 0x000001f10104b788]

GC Heap History (20 events):
Event: 19.388 GC heap after
{Heap after GC invocations=11 (full 0):
 garbage-first heap   total 65536K, used 19327K [0x0000000080000000, 0x0000000100000000)
  region size 1024K, 3 young (3072K), 3 survivors (3072K)
 Metaspace       used 27634K, capacity 28359K, committed 28464K, reserved 1073152K
  class space    used 3653K, capacity 3926K, committed 3968K, reserved 1048576K
}
Event: 20.294 GC heap before
{Heap before GC invocations=11 (full 0):
 garbage-first heap   total 65536K, used 43903K [0x0000000080000000, 0x0000000100000000)
  region size 1024K, 28 young (28672K), 3 survivors (3072K)
 Metaspace       used 30639K, capacity 31355K, committed 31408K, reserved 1077248K
  class space    used 4104K, capacity 4352K, committed 4352K, reserved 1048576K
}
Event: 20.312 GC heap after
{Heap after GC invocations=12 (full 0):
 garbage-first heap   total 65536K, used 20584K [0x0000000080000000, 0x0000000100000000)
  region size 1024K, 4 young (4096K), 4 survivors (4096K)
 Metaspace       used 30639K, capacity 31355K, committed 31408K, reserved 1077248K
  class space    used 4104K, capacity 4352K, committed 4352K, reserved 1048576K
}
Event: 21.582 GC heap before
{Heap before GC invocations=12 (full 0):
 garbage-first heap   total 65536K, used 31848K [0x0000000080000000, 0x0000000100000000)
  region size 1024K, 16 young (16384K), 4 survivors (4096K)
 Metaspace       used 34804K, capacity 35602K, committed 35708K, reserved 1081344K
  class space    used 4530K, capacity 4832K, committed 4864K, reserved 1048576K
}
Event: 21.601 GC heap after
{Heap after GC invocations=13 (full 0):
 garbage-first heap   total 65536K, used 22383K [0x0000000080000000, 0x0000000100000000)
  region size 1024K, 4 young (4096K), 4 survivors (4096K)
 Metaspace       used 34804K, capacity 35602K, committed 35708K, reserved 1081344K
  class space    used 4530K, capacity 4832K, committed 4864K, reserved 1048576K
}
Event: 22.411 GC heap before
{Heap before GC invocations=14 (full 0):
 garbage-first heap   total 65536K, used 46959K [0x0000000080000000, 0x0000000100000000)
  region size 1024K, 29 young (29696K), 4 survivors (4096K)
 Metaspace       used 36320K, capacity 37088K, committed 37372K, reserved 1081344K
  class space    used 4675K, capacity 4961K, committed 4992K, reserved 1048576K
}
Event: 22.428 GC heap after
{Heap after GC invocations=15 (full 0):
 garbage-first heap   total 65536K, used 25043K [0x0000000080000000, 0x0000000100000000)
  region size 1024K, 4 young (4096K), 4 survivors (4096K)
 Metaspace       used 36320K, capacity 37088K, committed 37372K, reserved 1081344K
  class space    used 4675K, capacity 4961K, committed 4992K, reserved 1048576K
}
Event: 24.487 GC heap before
{Heap before GC invocations=15 (full 0):
 garbage-first heap   total 65536K, used 51667K [0x0000000080000000, 0x0000000100000000)
  region size 1024K, 28 young (28672K), 4 survivors (4096K)
 Metaspace       used 38770K, capacity 39630K, committed 39804K, reserved 1083392K
  class space    used 4934K, capacity 5251K, committed 5376K, reserved 1048576K
}
Event: 24.530 GC heap after
{Heap after GC invocations=16 (full 0):
 garbage-first heap   total 65536K, used 26883K [0x0000000080000000, 0x0000000100000000)
  region size 1024K, 4 young (4096K), 4 survivors (4096K)
 Metaspace       used 38770K, capacity 39630K, committed 39804K, reserved 1083392K
  class space    used 4934K, capacity 5251K, committed 5376K, reserved 1048576K
}
Event: 27.118 GC heap before
{Heap before GC invocations=16 (full 0):
 garbage-first heap   total 65536K, used 50435K [0x0000000080000000, 0x0000000100000000)
  region size 1024K, 27 young (27648K), 4 survivors (4096K)
 Metaspace       used 40485K, capacity 41446K, committed 41596K, reserved 1085440K
  class space    used 5201K, capacity 5531K, committed 5632K, reserved 1048576K
}
Event: 27.150 GC heap after
{Heap after GC invocations=17 (full 0):
 garbage-first heap   total 65536K, used 28255K [0x0000000080000000, 0x0000000100000000)
  region size 1024K, 4 young (4096K), 4 survivors (4096K)
 Metaspace       used 40485K, capacity 41446K, committed 41596K, reserved 1085440K
  class space    used 5201K, capacity 5531K, committed 5632K, reserved 1048576K
}
Event: 28.494 GC heap before
{Heap before GC invocations=17 (full 0):
 garbage-first heap   total 65536K, used 50783K [0x0000000080000000, 0x0000000100000000)
  region size 1024K, 26 young (26624K), 4 survivors (4096K)
 Metaspace       used 43085K, capacity 44148K, committed 44412K, reserved 1087488K
  class space    used 5490K, capacity 5855K, committed 5888K, reserved 1048576K
}
Event: 28.516 GC heap after
{Heap after GC invocations=18 (full 0):
 garbage-first heap   total 78848K, used 28841K [0x0000000080000000, 0x0000000100000000)
  region size 1024K, 2 young (2048K), 2 survivors (2048K)
 Metaspace       used 43085K, capacity 44148K, committed 44412K, reserved 1087488K
  class space    used 5490K, capacity 5855K, committed 5888K, reserved 1048576K
}
Event: 32.531 GC heap before
{Heap before GC invocations=18 (full 0):
 garbage-first heap   total 78848K, used 58537K [0x0000000080000000, 0x0000000100000000)
  region size 1024K, 31 young (31744K), 2 survivors (2048K)
 Metaspace       used 45260K, capacity 46398K, committed 46588K, reserved 1089536K
  class space    used 5809K, capacity 6224K, committed 6272K, reserved 1048576K
}
Event: 32.553 GC heap after
{Heap after GC invocations=19 (full 0):
 garbage-first heap   total 78848K, used 29819K [0x0000000080000000, 0x0000000100000000)
  region size 1024K, 3 young (3072K), 3 survivors (3072K)
 Metaspace       used 45260K, capacity 46398K, committed 46588K, reserved 1089536K
  class space    used 5809K, capacity 6224K, committed 6272K, reserved 1048576K
}
Event: 40.398 GC heap before
{Heap before GC invocations=19 (full 0):
 garbage-first heap   total 78848K, used 59515K [0x0000000080000000, 0x0000000100000000)
  region size 1024K, 32 young (32768K), 3 survivors (3072K)
 Metaspace       used 46909K, capacity 48145K, committed 48380K, reserved 1091584K
  class space    used 5991K, capacity 6417K, committed 6528K, reserved 1048576K
}
Event: 40.431 GC heap after
{Heap after GC invocations=20 (full 0):
 garbage-first heap   total 78848K, used 31360K [0x0000000080000000, 0x0000000100000000)
  region size 1024K, 4 young (4096K), 4 survivors (4096K)
 Metaspace       used 46909K, capacity 48145K, committed 48380K, reserved 1091584K
  class space    used 5991K, capacity 6417K, committed 6528K, reserved 1048576K
}
Event: 55.705 GC heap before
{Heap before GC invocations=20 (full 0):
 garbage-first heap   total 78848K, used 64128K [0x0000000080000000, 0x0000000100000000)
  region size 1024K, 33 young (33792K), 4 survivors (4096K)
 Metaspace       used 48492K, capacity 49780K, committed 50044K, reserved 1093632K
  class space    used 6187K, capacity 6627K, committed 6656K, reserved 1048576K
}
Event: 55.748 GC heap after
{Heap after GC invocations=21 (full 0):
 garbage-first heap   total 78848K, used 42076K [0x0000000080000000, 0x0000000100000000)
  region size 1024K, 5 young (5120K), 5 survivors (5120K)
 Metaspace       used 48492K, capacity 49780K, committed 50044K, reserved 1093632K
  class space    used 6187K, capacity 6627K, committed 6656K, reserved 1048576K
}
Event: 60.960 GC heap before
{Heap before GC invocations=21 (full 0):
 garbage-first heap   total 78848K, used 62556K [0x0000000080000000, 0x0000000100000000)
  region size 1024K, 25 young (25600K), 5 survivors (5120K)
 Metaspace       used 51283K, capacity 52594K, committed 52732K, reserved 1095680K
  class space    used 6518K, capacity 6966K, committed 7040K, reserved 1048576K
}

Deoptimization events (20 events):
Event: 53.868 Thread 0x000001f115893800 Uncommon trap: trap_request=0xffffff4d fr.pc=0x000001f107b184e0 relative=0x0000000000000580
Event: 53.868 Thread 0x000001f115893800 Uncommon trap: reason=unstable_if action=reinterpret pc=0x000001f107b184e0 method=java.util.jar.Manifest$FastInputStream.readLine([BII)I @ 130 c2
Event: 53.868 Thread 0x000001f115893800 DEOPT PACKING pc=0x000001f107b184e0 sp=0x0000000d0fbf7d20
Event: 53.868 Thread 0x000001f115893800 DEOPT UNPACKING pc=0x000001f1000278af sp=0x0000000d0fbf7cb0 mode 2
Event: 57.448 Thread 0x000001f115893800 Uncommon trap: trap_request=0xffffff4d fr.pc=0x000001f107c6c81c relative=0x000000000000091c
Event: 57.450 Thread 0x000001f115893800 Uncommon trap: reason=unstable_if action=reinterpret pc=0x000001f107c6c81c method=java.io.BufferedInputStream.read([BII)I @ 56 c2
Event: 57.450 Thread 0x000001f115893800 DEOPT PACKING pc=0x000001f107c6c81c sp=0x0000000d0fbf7180
Event: 57.450 Thread 0x000001f115893800 DEOPT UNPACKING pc=0x000001f1000278af sp=0x0000000d0fbf7138 mode 2
Event: 57.666 Thread 0x000001f115893800 Uncommon trap: trap_request=0xffffff45 fr.pc=0x000001f107cc56a4 relative=0x0000000000000d64
Event: 57.667 Thread 0x000001f115893800 Uncommon trap: reason=unstable_fused_if action=reinterpret pc=0x000001f107cc56a4 method=org.objectweb.asm.ByteVector.putUTF8(Ljava/lang/String;)Lorg/objectweb/asm/ByteVector; @ 93 c2
Event: 57.667 Thread 0x000001f115893800 DEOPT PACKING pc=0x000001f107cc56a4 sp=0x0000000d0fbf7c20
Event: 57.667 Thread 0x000001f115893800 DEOPT UNPACKING pc=0x000001f1000278af sp=0x0000000d0fbf7b78 mode 2
Event: 57.677 Thread 0x000001f115893800 Uncommon trap: trap_request=0xffffff4d fr.pc=0x000001f107ccf7d0 relative=0x0000000000005a70
Event: 57.677 Thread 0x000001f115893800 Uncommon trap: reason=unstable_if action=reinterpret pc=0x000001f107ccf7d0 method=org.objectweb.asm.Frame.execute(IILorg/objectweb/asm/Symbol;Lorg/objectweb/asm/SymbolTable;)V @ 1 c2
Event: 57.677 Thread 0x000001f115893800 DEOPT PACKING pc=0x000001f107ccf7d0 sp=0x0000000d0fbf7e10
Event: 57.677 Thread 0x000001f115893800 DEOPT UNPACKING pc=0x000001f1000278af sp=0x0000000d0fbf7db8 mode 2
Event: 57.875 Thread 0x000001f115893800 Uncommon trap: trap_request=0xffffff45 fr.pc=0x000001f107bedeec relative=0x000000000000020c
Event: 57.875 Thread 0x000001f115893800 Uncommon trap: reason=unstable_fused_if action=reinterpret pc=0x000001f107bedeec method=org.objectweb.asm.ByteVector.putUTF8(Ljava/lang/String;)Lorg/objectweb/asm/ByteVector; @ 93 c2
Event: 57.875 Thread 0x000001f115893800 DEOPT PACKING pc=0x000001f107bedeec sp=0x0000000d0fbf7f50
Event: 57.875 Thread 0x000001f115893800 DEOPT UNPACKING pc=0x000001f1000278af sp=0x0000000d0fbf7ed0 mode 2

Classes redefined (0 events):
No events

Internal exceptions (20 events):
Event: 53.284 Thread 0x000001f115893800 Exception <a 'java/lang/ClassNotFoundException'{0x0000000083965fc0}: org/gradle/api/tasks/Delete_DecoratedCustomizer> (0x0000000083965fc0) thrown at [./src/hotspot/share/classfile/systemDictionary.cpp, line 231]
Event: 53.423 Thread 0x000001f115893800 Exception <a 'java/lang/NoSuchMethodError'{0x0000000083877af8}: 'long java.lang.invoke.DirectMethodHandle$Holder.invokeVirtual(java.lang.Object, java.lang.Object)'> (0x0000000083877af8) thrown at [./src/hotspot/share/interpreter/linkResolver.cpp, line 773]
Event: 53.443 Thread 0x000001f17f6de000 Exception <a 'java/lang/NoSuchMethodError'{0x0000000083709ed8}: <clinit>> (0x0000000083709ed8) thrown at [./src/hotspot/share/prims/jni.cpp, line 1362]
Event: 53.465 Thread 0x000001f17f6de000 Exception <a 'java/lang/NoSuchMethodError'{0x00000000837310c8}: <clinit>> (0x00000000837310c8) thrown at [./src/hotspot/share/prims/jni.cpp, line 1362]
Event: 53.466 Thread 0x000001f17f6de000 Exception <a 'java/lang/NoSuchMethodError'{0x0000000083732668}: <clinit>> (0x0000000083732668) thrown at [./src/hotspot/share/prims/jni.cpp, line 1362]
Event: 53.467 Thread 0x000001f17f6de000 Exception <a 'java/lang/NoSuchMethodError'{0x0000000083733e10}: <clinit>> (0x0000000083733e10) thrown at [./src/hotspot/share/prims/jni.cpp, line 1362]
Event: 53.468 Thread 0x000001f17f6de000 Exception <a 'java/lang/NoSuchMethodError'{0x00000000837352d8}: <clinit>> (0x00000000837352d8) thrown at [./src/hotspot/share/prims/jni.cpp, line 1362]
Event: 53.473 Thread 0x000001f17f6de000 Exception <a 'java/lang/NoSuchMethodError'{0x0000000083741620}: <clinit>> (0x0000000083741620) thrown at [./src/hotspot/share/prims/jni.cpp, line 1362]
Event: 53.478 Thread 0x000001f17f6de000 Exception <a 'java/lang/NoSuchMethodError'{0x000000008374e240}: <clinit>> (0x000000008374e240) thrown at [./src/hotspot/share/prims/jni.cpp, line 1362]
Event: 53.495 Thread 0x000001f17f6de000 Exception <a 'java/lang/NoSuchMethodError'{0x0000000083766a38}: <clinit>> (0x0000000083766a38) thrown at [./src/hotspot/share/prims/jni.cpp, line 1362]
Event: 53.501 Thread 0x000001f115893800 Implicit null exception at 0x000001f107d122a3 to 0x000001f107d124b4
Event: 53.607 Thread 0x000001f115893800 Exception <a 'java/lang/ClassNotFoundException'{0x00000000837b4358}: build_6o9kqhnziyx585qvs8ffjbpeBeanInfo> (0x00000000837b4358) thrown at [./src/hotspot/share/classfile/systemDictionary.cpp, line 231]
Event: 53.610 Thread 0x000001f115893800 Exception <a 'java/lang/ClassNotFoundException'{0x00000000837bf260}: build_6o9kqhnziyx585qvs8ffjbpeCustomizer> (0x00000000837bf260) thrown at [./src/hotspot/share/classfile/systemDictionary.cpp, line 231]
Event: 53.698 Thread 0x000001f115893800 Exception <a 'java/lang/ClassNotFoundException'{0x000000008363f790}: org/gradle/plugin/use/internal/PluginRequestCollector$PluginDependenciesSpecImplBeanInfo> (0x000000008363f790) thrown at [./src/hotspot/share/classfile/systemDictionary.cpp, line 231]
Event: 53.703 Thread 0x000001f115893800 Exception <a 'java/lang/ClassNotFoundException'{0x000000008366d640}: org/gradle/plugin/use/internal/PluginRequestCollector$PluginDependenciesSpecImplCustomizer> (0x000000008366d640) thrown at [./src/hotspot/share/classfile/systemDictionary.cpp, line 231]
Event: 54.090 Thread 0x000001f115893800 Exception <a 'java/lang/ClassNotFoundException'{0x00000000834fdb08}: org/gradle/api/internal/plugins/DefaultObjectConfigurationActionBeanInfo> (0x00000000834fdb08) thrown at [./src/hotspot/share/classfile/systemDictionary.cpp, line 231]
Event: 54.095 Thread 0x000001f115893800 Exception <a 'java/lang/ClassNotFoundException'{0x00000000833313b8}: org/gradle/api/internal/plugins/DefaultObjectConfigurationActionCustomizer> (0x00000000833313b8) thrown at [./src/hotspot/share/classfile/systemDictionary.cpp, line 231]
Event: 57.599 Thread 0x000001f115893800 Exception <a 'java/lang/NoSuchMethodError'{0x000000008460f968}: 'java.lang.Object java.lang.invoke.DirectMethodHandle$Holder.invokeStatic(java.lang.Object, java.lang.Object, java.lang.Object, java.lang.Object, int)'> (0x000000008460f968) thrown at [./src/hotspot/share/interpreter/linkResolver.cpp, line 773]
Event: 57.600 Thread 0x000001f115893800 Exception <a 'java/lang/NoSuchMethodError'{0x0000000084614360}: 'java.lang.Object java.lang.invoke.DirectMethodHandle$Holder.invokeSpecial(java.lang.Object, java.lang.Object, java.lang.Object, java.lang.Object, java.lang.Object, int)'> (0x0000000084614360) thrown at [./src/hotspot/share/interpreter/linkResolver.cpp, line 773]
Event: 57.602 Thread 0x000001f115893800 Exception <a 'java/lang/NoSuchMethodError'{0x00000000846189a0}: 'java.lang.Object java.lang.invoke.Invokers$Holder.linkToTargetMethod(java.lang.Object, java.lang.Object, java.lang.Object, int, java.lang.Object)'> (0x00000000846189a0) thrown at [./src/hotspot/share/interpreter/linkResolver.cpp, line 773]

Events (20 events):
Event: 60.847 loading class kotlin/LazyThreadSafetyMode done
Event: 60.849 loading class com/android/build/gradle/internal/res/Aapt2FromMaven$Companion$Aapt2Version$BUILD_NUMBER$2
Event: 60.849 loading class com/android/build/gradle/internal/res/Aapt2FromMaven$Companion$Aapt2Version$BUILD_NUMBER$2 done
Event: 60.850 loading class kotlin/jvm/functions/Function0
Event: 60.850 loading class kotlin/jvm/functions/Function0 done
Event: 60.853 loading class kotlin/jvm/internal/Lambda
Event: 60.853 loading class kotlin/jvm/internal/Lambda done
Event: 60.854 loading class kotlin/LazyKt
Event: 60.854 loading class kotlin/LazyKt done
Event: 60.855 loading class kotlin/Lazy
Event: 60.855 loading class kotlin/Lazy done
Event: 60.870 loading class kotlin/io/CloseableKt
Event: 60.870 loading class kotlin/io/CloseableKt done
Event: 60.871 loading class kotlin/io/CloseableKt
Event: 60.871 loading class kotlin/io/CloseableKt done
Event: 60.900 loading class com/android/SdkConstants
Event: 60.900 loading class com/android/SdkConstants done
Event: 60.959 loading class com/android/support/AndroidxName
Event: 60.959 loading class com/android/support/AndroidxName done
Event: 60.959 Executing VM operation: G1CollectForAllocation


Dynamic libraries:
0x00007ff700680000 - 0x00007ff70068a000 	C:\Program Files\Android\Android Studio\jre\bin\java.exe
0x00007ff8e4210000 - 0x00007ff8e4405000 	C:\WINDOWS\SYSTEM32\ntdll.dll
0x00007ff8e3770000 - 0x00007ff8e382e000 	C:\WINDOWS\System32\KERNEL32.DLL
0x00007ff8e1b00000 - 0x00007ff8e1dc8000 	C:\WINDOWS\System32\KERNELBASE.dll
0x00007ff8e1920000 - 0x00007ff8e1a20000 	C:\WINDOWS\System32\ucrtbase.dll
0x00007ff8ddcb0000 - 0x00007ff8ddcc9000 	C:\Program Files\Android\Android Studio\jre\bin\jli.dll
0x00007ff8ddb40000 - 0x00007ff8ddb57000 	C:\Program Files\Android\Android Studio\jre\bin\VCRUNTIME140.dll
0x00007ff8e35c0000 - 0x00007ff8e3761000 	C:\WINDOWS\System32\USER32.dll
0x00007ff8d2720000 - 0x00007ff8d29ba000 	C:\WINDOWS\WinSxS\amd64_microsoft.windows.common-controls_6595b64144ccf1df_6.0.19041.1110_none_60b5254171f9507e\COMCTL32.dll
0x00007ff8e1e30000 - 0x00007ff8e1e52000 	C:\WINDOWS\System32\win32u.dll
0x00007ff8e3350000 - 0x00007ff8e33ee000 	C:\WINDOWS\System32\msvcrt.dll
0x00007ff8e2a50000 - 0x00007ff8e2a7b000 	C:\WINDOWS\System32\GDI32.dll
0x00007ff8e2140000 - 0x00007ff8e224d000 	C:\WINDOWS\System32\gdi32full.dll
0x00007ff8e20a0000 - 0x00007ff8e213d000 	C:\WINDOWS\System32\msvcp_win.dll
0x00007ff8e3570000 - 0x00007ff8e35a0000 	C:\WINDOWS\System32\IMM32.DLL
0x00007ff8bc1c0000 - 0x00007ff8bc25d000 	C:\Program Files\Android\Android Studio\jre\bin\msvcp140.dll
0x00007ff875110000 - 0x00007ff875bdf000 	C:\Program Files\Android\Android Studio\jre\bin\server\jvm.dll
0x00007ff8e2320000 - 0x00007ff8e23cc000 	C:\WINDOWS\System32\ADVAPI32.dll
0x00007ff8e4130000 - 0x00007ff8e41cb000 	C:\WINDOWS\System32\sechost.dll
0x00007ff8e3830000 - 0x00007ff8e395a000 	C:\WINDOWS\System32\RPCRT4.dll
0x00007ff8e2b90000 - 0x00007ff8e2b98000 	C:\WINDOWS\System32\PSAPI.DLL
0x00007ff8b9130000 - 0x00007ff8b9139000 	C:\WINDOWS\SYSTEM32\WSOCK32.dll
0x00007ff8e3400000 - 0x00007ff8e346b000 	C:\WINDOWS\System32\WS2_32.dll
0x00007ff8d43a0000 - 0x00007ff8d43c7000 	C:\WINDOWS\SYSTEM32\WINMM.dll
0x00007ff8d9f40000 - 0x00007ff8d9f4a000 	C:\WINDOWS\SYSTEM32\VERSION.dll
0x00007ff8e04b0000 - 0x00007ff8e04c2000 	C:\WINDOWS\SYSTEM32\kernel.appcore.dll
0x00007ff8b9090000 - 0x00007ff8b90a1000 	C:\Program Files\Android\Android Studio\jre\bin\verify.dll
0x00007ff8d8f30000 - 0x00007ff8d9114000 	C:\WINDOWS\SYSTEM32\DBGHELP.DLL
0x00007ff8cd850000 - 0x00007ff8cd87c000 	C:\WINDOWS\SYSTEM32\dbgcore.DLL
0x00007ff8e1a20000 - 0x00007ff8e1aa2000 	C:\WINDOWS\System32\bcryptPrimitives.dll
0x00007ff8b5670000 - 0x00007ff8b5699000 	C:\Program Files\Android\Android Studio\jre\bin\java.dll
0x00007ff8b8960000 - 0x00007ff8b896b000 	C:\Program Files\Android\Android Studio\jre\bin\jimage.dll
0x00007ff8b5650000 - 0x00007ff8b5668000 	C:\Program Files\Android\Android Studio\jre\bin\zip.dll
0x00007ff8e2ba0000 - 0x00007ff8e32e4000 	C:\WINDOWS\System32\SHELL32.dll
0x00007ff8df860000 - 0x00007ff8dfff4000 	C:\WINDOWS\SYSTEM32\windows.storage.dll
0x00007ff8e24b0000 - 0x00007ff8e2805000 	C:\WINDOWS\System32\combase.dll
0x00007ff8e12a0000 - 0x00007ff8e12ce000 	C:\WINDOWS\SYSTEM32\Wldp.dll
0x00007ff8e29a0000 - 0x00007ff8e2a4d000 	C:\WINDOWS\System32\SHCORE.dll
0x00007ff8e2b30000 - 0x00007ff8e2b85000 	C:\WINDOWS\System32\shlwapi.dll
0x00007ff8e1860000 - 0x00007ff8e187f000 	C:\WINDOWS\SYSTEM32\profapi.dll
0x00007ff8b5630000 - 0x00007ff8b564a000 	C:\Program Files\Android\Android Studio\jre\bin\net.dll
0x00007ff8d5a30000 - 0x00007ff8d5b3c000 	C:\WINDOWS\SYSTEM32\WINHTTP.dll
0x00007ff8e0fe0000 - 0x00007ff8e104a000 	C:\WINDOWS\system32\mswsock.dll
0x00007ff8b5610000 - 0x00007ff8b5624000 	C:\Program Files\Android\Android Studio\jre\bin\nio.dll
0x00007ff8ddb60000 - 0x00007ff8ddb87000 	C:\Users\JC\.gradle\native\8bec1ad78214c89d9ad589b4d07fe93259594b29d510b10fafb7a158f7737e5d\windows-amd64\native-platform.dll
0x00007ff8a63a0000 - 0x00007ff8a64dd000 	C:\Users\JC\.gradle\native\53dbd7edfb1c66fb8903c78663c9afc45aea4f116125fa6feffd364cf09443e8\windows-amd64\native-platform-file-events.dll
0x00007ff8b7c30000 - 0x00007ff8b7c3a000 	C:\Program Files\Android\Android Studio\jre\bin\management.dll
0x00007ff8b5600000 - 0x00007ff8b560c000 	C:\Program Files\Android\Android Studio\jre\bin\management_ext.dll
0x00007ff8e11d0000 - 0x00007ff8e11e8000 	C:\WINDOWS\SYSTEM32\CRYPTSP.dll
0x00007ff8e0940000 - 0x00007ff8e0974000 	C:\WINDOWS\system32\rsaenh.dll
0x00007ff8e1f10000 - 0x00007ff8e1f37000 	C:\WINDOWS\System32\bcrypt.dll
0x00007ff8e17e0000 - 0x00007ff8e180e000 	C:\WINDOWS\SYSTEM32\USERENV.dll
0x00007ff8e11f0000 - 0x00007ff8e11fc000 	C:\WINDOWS\SYSTEM32\CRYPTBASE.dll
0x00007ff8e0cc0000 - 0x00007ff8e0cfb000 	C:\WINDOWS\SYSTEM32\IPHLPAPI.DLL
0x00007ff8e3560000 - 0x00007ff8e3568000 	C:\WINDOWS\System32\NSI.dll
0x00007ff8d9360000 - 0x00007ff8d9377000 	C:\WINDOWS\SYSTEM32\dhcpcsvc6.DLL
0x00007ff8d9340000 - 0x00007ff8d935d000 	C:\WINDOWS\SYSTEM32\dhcpcsvc.DLL
0x00007ff8e0d10000 - 0x00007ff8e0ddb000 	C:\WINDOWS\SYSTEM32\DNSAPI.dll

dbghelp: loaded successfully - version: 4.0.5 - missing functions: none
symbol engine: initialized successfully - sym options: 0x614 - pdb path: .;C:\Program Files\Android\Android Studio\jre\bin;C:\WINDOWS\SYSTEM32;C:\WINDOWS\WinSxS\amd64_microsoft.windows.common-controls_6595b64144ccf1df_6.0.19041.1110_none_60b5254171f9507e;C:\Program Files\Android\Android Studio\jre\bin\server;C:\Users\JC\.gradle\native\8bec1ad78214c89d9ad589b4d07fe93259594b29d510b10fafb7a158f7737e5d\windows-amd64;C:\Users\JC\.gradle\native\53dbd7edfb1c66fb8903c78663c9afc45aea4f116125fa6feffd364cf09443e8\windows-amd64

VM Arguments:
jvm_args: --add-opens=java.base/java.util=ALL-UNNAMED --add-opens=java.base/java.lang=ALL-UNNAMED --add-opens=java.base/java.lang.invoke=ALL-UNNAMED --add-opens=java.base/java.util=ALL-UNNAMED --add-opens=java.prefs/java.util.prefs=ALL-UNNAMED --add-opens=java.prefs/java.util.prefs=ALL-UNNAMED --add-opens=java.base/java.nio.charset=ALL-UNNAMED --add-opens=java.base/java.net=ALL-UNNAMED --add-opens=java.base/java.util.concurrent.atomic=ALL-UNNAMED -Xmx2048m -Dfile.encoding=UTF-8 -Duser.country=ES -Duser.language=es -Duser.variant 
java_command: org.gradle.launcher.daemon.bootstrap.GradleDaemon 7.0.2
java_class_path (initial): C:\Users\JC\.gradle\wrapper\dists\gradle-7.0.2-bin\857tjihv64xamwrf0h14cai3r\gradle-7.0.2\lib\gradle-launcher-7.0.2.jar
Launcher Type: SUN_STANDARD

[Global flags]
     intx CICompilerCount                          = 3                                         {product} {ergonomic}
     uint ConcGCThreads                            = 1                                         {product} {ergonomic}
     uint G1ConcRefinementThreads                  = 4                                         {product} {ergonomic}
   size_t G1HeapRegionSize                         = 1048576                                   {product} {ergonomic}
    uintx GCDrainStackTargetSize                   = 64                                        {product} {ergonomic}
   size_t InitialHeapSize                          = 67108864                                  {product} {ergonomic}
   size_t MarkStackSize                            = 4194304                                   {product} {ergonomic}
   size_t MaxHeapSize                              = 2147483648                                {product} {command line}
   size_t MaxNewSize                               = 1287651328                                {product} {ergonomic}
   size_t MinHeapDeltaBytes                        = 1048576                                   {product} {ergonomic}
    uintx NonNMethodCodeHeapSize                   = 5830732                                {pd product} {ergonomic}
    uintx NonProfiledCodeHeapSize                  = 122913754                              {pd product} {ergonomic}
    uintx ProfiledCodeHeapSize                     = 122913754                              {pd product} {ergonomic}
    uintx ReservedCodeCacheSize                    = 251658240                              {pd product} {ergonomic}
     bool SegmentedCodeCache                       = true                                      {product} {ergonomic}
     bool UseCompressedClassPointers               = true                                 {lp64_product} {ergonomic}
     bool UseCompressedOops                        = true                                 {lp64_product} {ergonomic}
     bool UseG1GC                                  = true                                      {product} {ergonomic}
     bool UseLargePagesIndividualAllocation        = false                                  {pd product} {ergonomic}

Logging:
Log output configuration:
 #0: stdout all=warning uptime,level,tags
 #1: stderr all=off uptime,level,tags

Environment Variables:
JAVA_HOME=C:\Program Files\Java\jdk-15.0.1
PATH=C:\oraclexe\app\oracle\product\10.2.0\server\bin;C:\Program Files (x86)\Common Files\Oracle\Java\javapath;C:\ProgramData\Oracle\Java\javapath;C:\Program Files\Common Files\Oracle\Java\javapath;C:\WINDOWS\system32;C:\WINDOWS;C:\WINDOWS\System32\Wbem;C:\WINDOWS\System32\WindowsPowerShell\v1.0\;C:\WINDOWS\System32\OpenSSH\;C:\Program Files (x86)\dotnet\;C:\Program Files\Java\jdk-15.0.1\bin;C:\Program Files\Microsoft SQL Server\Client SDK\ODBC\170\Tools\Binn\;C:\Program Files (x86)\Microsoft SQL Server\150\Tools\Binn\;C:\Program Files\Microsoft SQL Server\150\Tools\Binn\;C:\Program Files\Microsoft SQL Server\150\DTS\Binn\;C:\Program Files (x86)\Microsoft SQL Server\150\DTS\Binn\;C:\Program Files\dotnet\;C:\Program Files\Microsoft SQL Server\130\Tools\Binn\;C:\php;C:\Program Files\Docker\Docker\resources\bin;C:\ProgramData\DockerDesktop\version-bin;C:\Program Files\Git\cmd;C:\Program Files (x86)\Bazaar;C:\Users\JC\AppData\Local\Programs\Python\Python39\Scripts\;C:\Users\JC\AppData\Local\Programs\Python\Python39\;C:\Users\JC\AppData\Local\Microsoft\WindowsApps;;C:\Program Files\Azure Data Studio\bin;C:\Program Files\Azure Data Studio\bin;C:\Users\JC\.dotnet\tools;C:\Users\JC\AppData\Local\Programs\Microsoft VS Code\bin
USERNAME=JC
OS=Windows_NT
PROCESSOR_IDENTIFIER=Intel64 Family 6 Model 69 Stepping 1, GenuineIntel



---------------  S Y S T E M  ---------------

OS: Windows 10 , 64 bit Build 19041 (10.0.19041.1348)
OS uptime: 0 days 12:28 hours
Hyper-V role detected

CPU:total 4 (initial active 4) (2 cores per cpu, 2 threads per core) family 6 model 69 stepping 1 microcode 0x25, cmov, cx8, fxsr, mmx, sse, sse2, sse3, ssse3, sse4.1, sse4.2, popcnt, avx, avx2, aes, clmul, erms, lzcnt, ht, tsc, tscinvbit, bmi1, bmi2, fma

Memory: 4k page, system-wide physical 4027M (309M free)
TotalPageFile size 6825M (AvailPageFile size 13M)
current process WorkingSet (physical memory assigned to process): 236M, peak: 236M
current process commit charge ("private bytes"): 266M, peak: 282M

vm_info: OpenJDK 64-Bit Server VM (11.0.10+0-b96-7249189) for windows-amd64 JRE (11.0.10+0-b96-7249189), built on Mar 31 2021 21:44:00 by "builder" with MS VC++ 14.0 (VS2015)

END.
