#
# There is insufficient memory for the Java Runtime Environment to continue.
# Native memory allocation (malloc) failed to allocate 1044816 bytes for Chunk::new
# Possible reasons:
#   The system is out of physical RAM or swap space
#   The process is running with CompressedOops enabled, and the Java Heap may be blocking the growth of the native heap
# Possible solutions:
#   Reduce memory load on the system
#   Increase physical memory or swap space
#   Check if swap backing store is full
#   Decrease Java heap size (-Xmx/-Xms)
#   Decrease number of Java threads
#   Decrease Java thread stack sizes (-Xss)
#   Set larger code cache with -XX:ReservedCodeCacheSize=
#   JVM is running with Unscaled Compressed Oops mode in which the Java heap is
#     placed in the first 4GB address space. The Java Heap base address is the
#     maximum limit for the native heap growth. Please use -XX:HeapBaseMinAddress
#     to set the Java Heap base and to place the Java Heap above 4GB virtual address.
# This output file may be truncated or incomplete.
#
#  Out of Memory Error (./src/hotspot/share/memory/arena.cpp:197), pid=832, tid=10360
#
# JRE version: OpenJDK Runtime Environment (11.0.10) (build 11.0.10+0-b96-7249189)
# Java VM: OpenJDK 64-Bit Server VM (11.0.10+0-b96-7249189, mixed mode, tiered, compressed oops, g1 gc, windows-amd64)
# No core dump will be written. Minidumps are not enabled by default on client versions of Windows
#

---------------  S U M M A R Y ------------

Command Line: --add-opens=java.base/java.util=ALL-UNNAMED --add-opens=java.base/java.lang=ALL-UNNAMED --add-opens=java.base/java.lang.invoke=ALL-UNNAMED --add-opens=java.base/java.util=ALL-UNNAMED --add-opens=java.prefs/java.util.prefs=ALL-UNNAMED --add-opens=java.prefs/java.util.prefs=ALL-UNNAMED --add-opens=java.base/java.nio.charset=ALL-UNNAMED --add-opens=java.base/java.net=ALL-UNNAMED --add-opens=java.base/java.util.concurrent.atomic=ALL-UNNAMED -Xmx2048m -Dfile.encoding=UTF-8 -Duser.country=ES -Duser.language=es -Duser.variant org.gradle.launcher.daemon.bootstrap.GradleDaemon 7.0.2

Host: Intel(R) Core(TM) i3-4012Y CPU @ 1.50GHz, 4 cores, 3G,  Windows 10 , 64 bit Build 19041 (10.0.19041.1466)
Time: Mon Feb  7 22:31:45 2022 Hora est. Pacífico, Sudamérica elapsed time: 110.306430 seconds (0d 0h 1m 50s)

---------------  T H R E A D  ---------------

Current thread (0x000001de7559b000):  JavaThread "C2 CompilerThread1" daemon [_thread_in_native, id=10360, stack(0x0000003f49f00000,0x0000003f4a000000)]


Current CompileTask:
C2: 110306 5035       4       groovyjarjarantlr4.v4.runtime.atn.PredictionContext::join (569 bytes)

Stack: [0x0000003f49f00000,0x0000003f4a000000]
Native frames: (J=compiled Java code, j=interpreted, Vv=VM code, C=native code)
V  [jvm.dll+0x5ecfaa]
V  [jvm.dll+0x722bd5]
V  [jvm.dll+0x72412d]
V  [jvm.dll+0x7247e3]
V  [jvm.dll+0x242928]
V  [jvm.dll+0xbc4fc]
V  [jvm.dll+0xbca0c]
V  [jvm.dll+0x2b4fd4]
V  [jvm.dll+0x506028]
V  [jvm.dll+0x203253]
V  [jvm.dll+0x1fd07c]
V  [jvm.dll+0x1fa77f]
V  [jvm.dll+0x18354c]
V  [jvm.dll+0x208ee7]
V  [jvm.dll+0x207731]
V  [jvm.dll+0x6eb1cf]
V  [jvm.dll+0x6e3d45]
V  [jvm.dll+0x5ebe96]
C  [ucrtbase.dll+0x21bb2]
C  [KERNEL32.DLL+0x17034]
C  [ntdll.dll+0x52651]


---------------  P R O C E S S  ---------------

Threads class SMR info:
_java_thread_list=0x000001de7609ed40, length=35, elements={
0x000001de5836c800, 0x000001de726a8800, 0x000001de726aa800, 0x000001de72700800,
0x000001de72704800, 0x000001de72707000, 0x000001de72708000, 0x000001de7270e000,
0x000001de7272c800, 0x000001de7319e000, 0x000001de7331b800, 0x000001de7543e800,
0x000001de730da000, 0x000001de75457000, 0x000001de74a3c000, 0x000001de74878000,
0x000001de749b8800, 0x000001de7544d000, 0x000001de75446000, 0x000001de75441000,
0x000001de75443800, 0x000001de75447000, 0x000001de75445000, 0x000001de75447800,
0x000001de75442000, 0x000001de75444800, 0x000001de75443000, 0x000001de74fa6000,
0x000001de74fa1000, 0x000001de74fa4000, 0x000001de74fa3800, 0x000001de74fa5000,
0x000001de74fa1800, 0x000001de74fa0000, 0x000001de7559b000
}

Java Threads: ( => current thread )
  0x000001de5836c800 JavaThread "main" [_thread_blocked, id=5228, stack(0x0000003f4a200000,0x0000003f4a300000)]
  0x000001de726a8800 JavaThread "Reference Handler" daemon [_thread_blocked, id=7448, stack(0x0000003f4a900000,0x0000003f4aa00000)]
  0x000001de726aa800 JavaThread "Finalizer" daemon [_thread_blocked, id=2588, stack(0x0000003f4aa00000,0x0000003f4ab00000)]
  0x000001de72700800 JavaThread "Signal Dispatcher" daemon [_thread_blocked, id=13216, stack(0x0000003f4ab00000,0x0000003f4ac00000)]
  0x000001de72704800 JavaThread "Attach Listener" daemon [_thread_blocked, id=10064, stack(0x0000003f4ac00000,0x0000003f4ad00000)]
  0x000001de72707000 JavaThread "Service Thread" daemon [_thread_blocked, id=7996, stack(0x0000003f4ad00000,0x0000003f4ae00000)]
  0x000001de72708000 JavaThread "C2 CompilerThread0" daemon [_thread_in_native, id=10544, stack(0x0000003f4ae00000,0x0000003f4af00000)]
  0x000001de7270e000 JavaThread "C1 CompilerThread0" daemon [_thread_blocked, id=11944, stack(0x0000003f4af00000,0x0000003f4b000000)]
  0x000001de7272c800 JavaThread "Sweeper thread" daemon [_thread_blocked, id=1524, stack(0x0000003f4b000000,0x0000003f4b100000)]
  0x000001de7319e000 JavaThread "Common-Cleaner" daemon [_thread_blocked, id=784, stack(0x0000003f4b100000,0x0000003f4b200000)]
  0x000001de7331b800 JavaThread "Daemon health stats" [_thread_blocked, id=7028, stack(0x0000003f4b300000,0x0000003f4b400000)]
  0x000001de7543e800 JavaThread "Incoming local TCP Connector on port 64527" [_thread_in_native, id=7484, stack(0x0000003f4b500000,0x0000003f4b600000)]
  0x000001de730da000 JavaThread "Daemon periodic checks" [_thread_blocked, id=10212, stack(0x0000003f4b800000,0x0000003f4b900000)]
  0x000001de75457000 JavaThread "Daemon" [_thread_blocked, id=10612, stack(0x0000003f4b900000,0x0000003f4ba00000)]
  0x000001de74a3c000 JavaThread "Handler for socket connection from /127.0.0.1:64527 to /127.0.0.1:64528" [_thread_in_native, id=3328, stack(0x0000003f4ba00000,0x0000003f4bb00000)]
  0x000001de74878000 JavaThread "Cancel handler" [_thread_blocked, id=864, stack(0x0000003f4bb00000,0x0000003f4bc00000)]
  0x000001de749b8800 JavaThread "Daemon worker" [_thread_in_Java, id=6836, stack(0x0000003f4bc00000,0x0000003f4bd00000)]
  0x000001de7544d000 JavaThread "Asynchronous log dispatcher for DefaultDaemonConnection: socket connection from /127.0.0.1:64527 to /127.0.0.1:64528" [_thread_blocked, id=7452, stack(0x0000003f4bd00000,0x0000003f4be00000)]
  0x000001de75446000 JavaThread "Daemon client event forwarder" [_thread_blocked, id=2296, stack(0x0000003f4bf00000,0x0000003f4c000000)]
  0x000001de75441000 JavaThread "Cache worker for file hash cache (C:\Users\JC\.gradle\caches\7.0.2\fileHashes)" [_thread_blocked, id=5016, stack(0x0000003f4c000000,0x0000003f4c100000)]
  0x000001de75443800 JavaThread "File lock request listener" [_thread_in_native, id=3248, stack(0x0000003f4c100000,0x0000003f4c200000)]
  0x000001de75447000 JavaThread "Cache worker for journal cache (C:\Users\JC\.gradle\caches\journal-1)" [_thread_blocked, id=5144, stack(0x0000003f4c200000,0x0000003f4c300000)]
  0x000001de75445000 JavaThread "Cache worker for file hash cache (C:\Users\JC\AndroidStudioProjects\LoginUTA\.gradle\7.0.2\fileHashes)" [_thread_blocked, id=13432, stack(0x0000003f4c400000,0x0000003f4c500000)]
  0x000001de75447800 JavaThread "File watcher server" daemon [_thread_in_native, id=6992, stack(0x0000003f4c500000,0x0000003f4c600000)]
  0x000001de75442000 JavaThread "File watcher consumer" daemon [_thread_blocked, id=3176, stack(0x0000003f4c600000,0x0000003f4c700000)]
  0x000001de75444800 JavaThread "jar transforms" [_thread_blocked, id=6320, stack(0x0000003f4c700000,0x0000003f4c800000)]
  0x000001de75443000 JavaThread "jar transforms Thread 2" [_thread_blocked, id=7352, stack(0x0000003f4c800000,0x0000003f4c900000)]
  0x000001de74fa6000 JavaThread "jar transforms Thread 3" [_thread_blocked, id=6804, stack(0x0000003f4c900000,0x0000003f4ca00000)]
  0x000001de74fa1000 JavaThread "jar transforms Thread 4" [_thread_blocked, id=13620, stack(0x0000003f4ca00000,0x0000003f4cb00000)]
  0x000001de74fa4000 JavaThread "Cache worker for checksums cache (C:\Users\JC\AndroidStudioProjects\LoginUTA\.gradle\checksums)" [_thread_blocked, id=2064, stack(0x0000003f4c300000,0x0000003f4c400000)]
  0x000001de74fa3800 JavaThread "Cache worker for cache directory md-supplier (C:\Users\JC\.gradle\caches\7.0.2\md-supplier)" [_thread_blocked, id=12300, stack(0x0000003f4cb00000,0x0000003f4cc00000)]
  0x000001de74fa5000 JavaThread "Cache worker for cache directory md-rule (C:\Users\JC\.gradle\caches\7.0.2\md-rule)" [_thread_blocked, id=7044, stack(0x0000003f4cc00000,0x0000003f4cd00000)]
  0x000001de74fa1800 JavaThread "Cache worker for execution history cache (C:\Users\JC\.gradle\caches\7.0.2\executionHistory)" [_thread_blocked, id=10824, stack(0x0000003f4cd00000,0x0000003f4ce00000)]
  0x000001de74fa0000 JavaThread "Cache worker for file content cache (C:\Users\JC\.gradle\caches\7.0.2\fileContent)" [_thread_blocked, id=12084, stack(0x0000003f4ce00000,0x0000003f4cf00000)]
=>0x000001de7559b000 JavaThread "C2 CompilerThread1" daemon [_thread_in_native, id=10360, stack(0x0000003f49f00000,0x0000003f4a000000)]

Other Threads:
  0x000001de726a1800 VMThread "VM Thread" [stack: 0x0000003f4a800000,0x0000003f4a900000] [id=10872]
  0x000001de731e3000 WatcherThread [stack: 0x0000003f4b200000,0x0000003f4b300000] [id=1084]
  0x000001de58385000 GCTaskThread "GC Thread#0" [stack: 0x0000003f4a300000,0x0000003f4a400000] [id=7856]
  0x000001de73bc0800 GCTaskThread "GC Thread#1" [stack: 0x0000003f4b400000,0x0000003f4b500000] [id=11092]
  0x000001de75937800 GCTaskThread "GC Thread#2" [stack: 0x0000003f4b600000,0x0000003f4b700000] [id=7732]
  0x000001de75938800 GCTaskThread "GC Thread#3" [stack: 0x0000003f4b700000,0x0000003f4b800000] [id=11296]
  0x000001de583b6000 ConcurrentGCThread "G1 Main Marker" [stack: 0x0000003f4a400000,0x0000003f4a500000] [id=14032]
  0x000001de583b7800 ConcurrentGCThread "G1 Conc#0" [stack: 0x0000003f4a500000,0x0000003f4a600000] [id=11536]
  0x000001de58410000 ConcurrentGCThread "G1 Refine#0" [stack: 0x0000003f4a600000,0x0000003f4a700000] [id=8872]
  0x000001de58411000 ConcurrentGCThread "G1 Young RemSet Sampling" [stack: 0x0000003f4a700000,0x0000003f4a800000] [id=8028]

Threads with active compile tasks:
C2 CompilerThread0 110487 5159       4       groovyjarjarantlr4.v4.runtime.atn.PredictionContext::getCachedContext (297 bytes)
C2 CompilerThread1 110487 5035       4       groovyjarjarantlr4.v4.runtime.atn.PredictionContext::join (569 bytes)

VM state:not at safepoint (normal execution)

VM Mutex/Monitor currently owned by a thread: None

Heap address: 0x0000000080000000, size: 2048 MB, Compressed Oops mode: 32-bit
Narrow klass base: 0x0000000000000000, Narrow klass shift: 3
Compressed class space size: 1073741824 Address: 0x0000000100000000

Heap:
 garbage-first heap   total 168960K, used 74800K [0x0000000080000000, 0x0000000100000000)
  region size 1024K, 23 young (23552K), 3 survivors (3072K)
 Metaspace       used 45562K, capacity 46689K, committed 46848K, reserved 1089536K
  class space    used 5898K, capacity 6330K, committed 6400K, reserved 1048576K
Heap Regions: E=young(eden), S=young(survivor), O=old, HS=humongous(starts), HC=humongous(continues), CS=collection set, F=free, A=archive, TAMS=top-at-mark-start (previous, next)
|   0|0x0000000080000000, 0x0000000080100000, 0x0000000080100000|100%| O|  |TAMS 0x0000000080100000, 0x0000000080000000| Untracked 
|   1|0x0000000080100000, 0x0000000080200000, 0x0000000080200000|100%| O|  |TAMS 0x0000000080200000, 0x0000000080100000| Untracked 
|   2|0x0000000080200000, 0x0000000080300000, 0x0000000080300000|100%| O|  |TAMS 0x0000000080300000, 0x0000000080200000| Untracked 
|   3|0x0000000080300000, 0x0000000080400000, 0x0000000080400000|100%|HS|  |TAMS 0x0000000080400000, 0x0000000080300000| Complete 
|   4|0x0000000080400000, 0x0000000080500000, 0x0000000080500000|100%|HC|  |TAMS 0x0000000080500000, 0x0000000080400000| Complete 
|   5|0x0000000080500000, 0x0000000080600000, 0x0000000080600000|100%|HC|  |TAMS 0x0000000080600000, 0x0000000080500000| Complete 
|   6|0x0000000080600000, 0x0000000080700000, 0x0000000080700000|100%| O|  |TAMS 0x0000000080700000, 0x0000000080600000| Untracked 
|   7|0x0000000080700000, 0x0000000080800000, 0x0000000080800000|100%| O|  |TAMS 0x0000000080800000, 0x0000000080700000| Untracked 
|   8|0x0000000080800000, 0x0000000080900000, 0x0000000080900000|100%| O|  |TAMS 0x0000000080900000, 0x0000000080800000| Untracked 
|   9|0x0000000080900000, 0x0000000080a00000, 0x0000000080a00000|100%| O|  |TAMS 0x0000000080a00000, 0x0000000080900000| Untracked 
|  10|0x0000000080a00000, 0x0000000080b00000, 0x0000000080b00000|100%| O|  |TAMS 0x0000000080b00000, 0x0000000080a00000| Untracked 
|  11|0x0000000080b00000, 0x0000000080c00000, 0x0000000080c00000|100%| O|  |TAMS 0x0000000080c00000, 0x0000000080b00000| Untracked 
|  12|0x0000000080c00000, 0x0000000080d00000, 0x0000000080d00000|100%| O|  |TAMS 0x0000000080d00000, 0x0000000080c00000| Untracked 
|  13|0x0000000080d00000, 0x0000000080e00000, 0x0000000080e00000|100%| O|  |TAMS 0x0000000080e00000, 0x0000000080d00000| Untracked 
|  14|0x0000000080e00000, 0x0000000080f00000, 0x0000000080f00000|100%| O|  |TAMS 0x0000000080f00000, 0x0000000080e00000| Untracked 
|  15|0x0000000080f00000, 0x0000000081000000, 0x0000000081000000|100%| O|  |TAMS 0x0000000081000000, 0x0000000080f00000| Untracked 
|  16|0x0000000081000000, 0x0000000081100000, 0x0000000081100000|100%|HS|  |TAMS 0x0000000081100000, 0x0000000081000000| Complete 
|  17|0x0000000081100000, 0x0000000081200000, 0x0000000081200000|100%|HC|  |TAMS 0x0000000081200000, 0x0000000081100000| Complete 
|  18|0x0000000081200000, 0x0000000081300000, 0x0000000081300000|100%|HS|  |TAMS 0x0000000081300000, 0x0000000081200000| Complete 
|  19|0x0000000081300000, 0x0000000081400000, 0x0000000081400000|100%|HC|  |TAMS 0x0000000081400000, 0x0000000081300000| Complete 
|  20|0x0000000081400000, 0x0000000081500000, 0x0000000081500000|100%|HC|  |TAMS 0x0000000081500000, 0x0000000081400000| Complete 
|  21|0x0000000081500000, 0x0000000081600000, 0x0000000081600000|100%| O|  |TAMS 0x0000000081600000, 0x0000000081500000| Untracked 
|  22|0x0000000081600000, 0x0000000081700000, 0x0000000081700000|100%|HS|  |TAMS 0x0000000081700000, 0x0000000081600000| Complete 
|  23|0x0000000081700000, 0x0000000081800000, 0x0000000081800000|100%|HC|  |TAMS 0x0000000081800000, 0x0000000081700000| Complete 
|  24|0x0000000081800000, 0x0000000081900000, 0x0000000081900000|100%|HC|  |TAMS 0x0000000081900000, 0x0000000081800000| Complete 
|  25|0x0000000081900000, 0x0000000081a00000, 0x0000000081a00000|100%|HC|  |TAMS 0x0000000081a00000, 0x0000000081900000| Complete 
|  26|0x0000000081a00000, 0x0000000081b00000, 0x0000000081b00000|100%|HC|  |TAMS 0x0000000081b00000, 0x0000000081a00000| Complete 
|  27|0x0000000081b00000, 0x0000000081c00000, 0x0000000081c00000|100%| O|  |TAMS 0x0000000081c00000, 0x0000000081b00000| Untracked 
|  28|0x0000000081c00000, 0x0000000081d00000, 0x0000000081d00000|100%| O|  |TAMS 0x0000000081d00000, 0x0000000081c00000| Untracked 
|  29|0x0000000081d00000, 0x0000000081e00000, 0x0000000081e00000|100%| O|  |TAMS 0x0000000081e00000, 0x0000000081d00000| Untracked 
|  30|0x0000000081e00000, 0x0000000081f00000, 0x0000000081f00000|100%| O|  |TAMS 0x0000000081f00000, 0x0000000081e00000| Untracked 
|  31|0x0000000081f00000, 0x0000000082000000, 0x0000000082000000|100%| O|  |TAMS 0x0000000082000000, 0x0000000081f00000| Untracked 
|  32|0x0000000082000000, 0x0000000082100000, 0x0000000082100000|100%| O|  |TAMS 0x0000000082100000, 0x0000000082000000| Untracked 
|  33|0x0000000082100000, 0x0000000082200000, 0x0000000082200000|100%| O|  |TAMS 0x0000000082200000, 0x0000000082100000| Untracked 
|  34|0x0000000082200000, 0x0000000082300000, 0x0000000082300000|100%| O|  |TAMS 0x0000000082300000, 0x0000000082200000| Untracked 
|  35|0x0000000082300000, 0x0000000082400000, 0x0000000082400000|100%| O|  |TAMS 0x0000000082400000, 0x0000000082300000| Untracked 
|  36|0x0000000082400000, 0x0000000082500000, 0x0000000082500000|100%| O|  |TAMS 0x0000000082500000, 0x0000000082400000| Untracked 
|  37|0x0000000082500000, 0x0000000082600000, 0x0000000082600000|100%| O|  |TAMS 0x0000000082600000, 0x0000000082500000| Untracked 
|  38|0x0000000082600000, 0x0000000082700000, 0x0000000082700000|100%| O|  |TAMS 0x0000000082700000, 0x0000000082600000| Untracked 
|  39|0x0000000082700000, 0x0000000082800000, 0x0000000082800000|100%| O|  |TAMS 0x0000000082800000, 0x0000000082700000| Untracked 
|  40|0x0000000082800000, 0x0000000082900000, 0x0000000082900000|100%|HS|  |TAMS 0x0000000082900000, 0x0000000082800000| Complete 
|  41|0x0000000082900000, 0x0000000082a00000, 0x0000000082a00000|100%|HC|  |TAMS 0x0000000082a00000, 0x0000000082900000| Complete 
|  42|0x0000000082a00000, 0x0000000082b00000, 0x0000000082b00000|100%|HC|  |TAMS 0x0000000082b00000, 0x0000000082a00000| Complete 
|  43|0x0000000082b00000, 0x0000000082c00000, 0x0000000082c00000|100%|HC|  |TAMS 0x0000000082c00000, 0x0000000082b00000| Complete 
|  44|0x0000000082c00000, 0x0000000082d00000, 0x0000000082d00000|100%|HC|  |TAMS 0x0000000082d00000, 0x0000000082c00000| Complete 
|  45|0x0000000082d00000, 0x0000000082e00000, 0x0000000082e00000|100%| O|  |TAMS 0x0000000082e00000, 0x0000000082d00000| Untracked 
|  46|0x0000000082e00000, 0x0000000082f00000, 0x0000000082f00000|100%| O|  |TAMS 0x0000000082f00000, 0x0000000082e00000| Untracked 
|  47|0x0000000082f00000, 0x0000000083000000, 0x0000000083000000|100%| O|  |TAMS 0x0000000082f5da00, 0x0000000082f00000| Untracked 
|  48|0x0000000083000000, 0x000000008306dc00, 0x0000000083100000| 42%| O|  |TAMS 0x0000000083000000, 0x0000000083000000| Untracked 
|  49|0x0000000083100000, 0x0000000083100000, 0x0000000083200000|  0%| F|  |TAMS 0x0000000083100000, 0x0000000083100000| Untracked 
|  50|0x0000000083200000, 0x0000000083200000, 0x0000000083300000|  0%| F|  |TAMS 0x0000000083200000, 0x0000000083200000| Untracked 
|  51|0x0000000083300000, 0x0000000083400000, 0x0000000083400000|100%|HS|  |TAMS 0x0000000083400000, 0x0000000083300000| Complete 
|  52|0x0000000083400000, 0x0000000083500000, 0x0000000083500000|100%|HC|  |TAMS 0x0000000083500000, 0x0000000083400000| Complete 
|  53|0x0000000083500000, 0x0000000083600000, 0x0000000083600000|100%|HC|  |TAMS 0x0000000083600000, 0x0000000083500000| Complete 
|  54|0x0000000083600000, 0x0000000083600000, 0x0000000083700000|  0%| F|  |TAMS 0x0000000083600000, 0x0000000083600000| Untracked 
|  55|0x0000000083700000, 0x0000000083700000, 0x0000000083800000|  0%| F|  |TAMS 0x0000000083700000, 0x0000000083700000| Untracked 
|  56|0x0000000083800000, 0x0000000083800000, 0x0000000083900000|  0%| F|  |TAMS 0x0000000083800000, 0x0000000083800000| Untracked 
|  57|0x0000000083900000, 0x0000000083900000, 0x0000000083a00000|  0%| F|  |TAMS 0x0000000083900000, 0x0000000083900000| Untracked 
|  58|0x0000000083a00000, 0x0000000083a00000, 0x0000000083b00000|  0%| F|  |TAMS 0x0000000083a00000, 0x0000000083a00000| Untracked 
|  59|0x0000000083b00000, 0x0000000083b00000, 0x0000000083c00000|  0%| F|  |TAMS 0x0000000083b00000, 0x0000000083b00000| Untracked 
|  60|0x0000000083c00000, 0x0000000083c00000, 0x0000000083d00000|  0%| F|  |TAMS 0x0000000083c00000, 0x0000000083c00000| Untracked 
|  61|0x0000000083d00000, 0x0000000083d00000, 0x0000000083e00000|  0%| F|  |TAMS 0x0000000083d00000, 0x0000000083d00000| Untracked 
|  62|0x0000000083e00000, 0x0000000083e00000, 0x0000000083f00000|  0%| F|  |TAMS 0x0000000083e00000, 0x0000000083e00000| Untracked 
|  63|0x0000000083f00000, 0x0000000083f00000, 0x0000000084000000|  0%| F|  |TAMS 0x0000000083f00000, 0x0000000083f00000| Untracked 
|  64|0x0000000084000000, 0x0000000084000000, 0x0000000084100000|  0%| F|  |TAMS 0x0000000084000000, 0x0000000084000000| Untracked 
|  65|0x0000000084100000, 0x0000000084100000, 0x0000000084200000|  0%| F|  |TAMS 0x0000000084100000, 0x0000000084100000| Untracked 
|  66|0x0000000084200000, 0x0000000084200000, 0x0000000084300000|  0%| F|  |TAMS 0x0000000084200000, 0x0000000084200000| Untracked 
|  67|0x0000000084300000, 0x0000000084300000, 0x0000000084400000|  0%| F|  |TAMS 0x0000000084300000, 0x0000000084300000| Untracked 
|  68|0x0000000084400000, 0x0000000084400000, 0x0000000084500000|  0%| F|  |TAMS 0x0000000084400000, 0x0000000084400000| Untracked 
|  69|0x0000000084500000, 0x0000000084500000, 0x0000000084600000|  0%| F|  |TAMS 0x0000000084500000, 0x0000000084500000| Untracked 
|  70|0x0000000084600000, 0x0000000084600000, 0x0000000084700000|  0%| F|  |TAMS 0x0000000084600000, 0x0000000084600000| Untracked 
|  71|0x0000000084700000, 0x0000000084700000, 0x0000000084800000|  0%| F|  |TAMS 0x0000000084700000, 0x0000000084700000| Untracked 
|  72|0x0000000084800000, 0x0000000084800000, 0x0000000084900000|  0%| F|  |TAMS 0x0000000084800000, 0x0000000084800000| Untracked 
|  73|0x0000000084900000, 0x0000000084900000, 0x0000000084a00000|  0%| F|  |TAMS 0x0000000084900000, 0x0000000084900000| Untracked 
|  74|0x0000000084a00000, 0x0000000084a00000, 0x0000000084b00000|  0%| F|  |TAMS 0x0000000084a00000, 0x0000000084a00000| Untracked 
|  75|0x0000000084b00000, 0x0000000084b00000, 0x0000000084c00000|  0%| F|  |TAMS 0x0000000084b00000, 0x0000000084b00000| Untracked 
|  76|0x0000000084c00000, 0x0000000084c00000, 0x0000000084d00000|  0%| F|  |TAMS 0x0000000084c00000, 0x0000000084c00000| Untracked 
|  77|0x0000000084d00000, 0x0000000084d00000, 0x0000000084e00000|  0%| F|  |TAMS 0x0000000084d00000, 0x0000000084d00000| Untracked 
|  78|0x0000000084e00000, 0x0000000084e00000, 0x0000000084f00000|  0%| F|  |TAMS 0x0000000084e00000, 0x0000000084e00000| Untracked 
|  79|0x0000000084f00000, 0x0000000084f00000, 0x0000000085000000|  0%| F|  |TAMS 0x0000000084f00000, 0x0000000084f00000| Untracked 
|  80|0x0000000085000000, 0x0000000085000000, 0x0000000085100000|  0%| F|  |TAMS 0x0000000085000000, 0x0000000085000000| Untracked 
|  81|0x0000000085100000, 0x0000000085100000, 0x0000000085200000|  0%| F|  |TAMS 0x0000000085100000, 0x0000000085100000| Untracked 
|  82|0x0000000085200000, 0x0000000085200000, 0x0000000085300000|  0%| F|  |TAMS 0x0000000085200000, 0x0000000085200000| Untracked 
|  83|0x0000000085300000, 0x0000000085300000, 0x0000000085400000|  0%| F|  |TAMS 0x0000000085300000, 0x0000000085300000| Untracked 
|  84|0x0000000085400000, 0x0000000085400000, 0x0000000085500000|  0%| F|  |TAMS 0x0000000085400000, 0x0000000085400000| Untracked 
|  85|0x0000000085500000, 0x0000000085500000, 0x0000000085600000|  0%| F|  |TAMS 0x0000000085500000, 0x0000000085500000| Untracked 
|  86|0x0000000085600000, 0x0000000085600000, 0x0000000085700000|  0%| F|  |TAMS 0x0000000085600000, 0x0000000085600000| Untracked 
|  87|0x0000000085700000, 0x0000000085700000, 0x0000000085800000|  0%| F|  |TAMS 0x0000000085700000, 0x0000000085700000| Untracked 
|  88|0x0000000085800000, 0x0000000085800000, 0x0000000085900000|  0%| F|  |TAMS 0x0000000085800000, 0x0000000085800000| Untracked 
|  89|0x0000000085900000, 0x0000000085900000, 0x0000000085a00000|  0%| F|  |TAMS 0x0000000085900000, 0x0000000085900000| Untracked 
|  90|0x0000000085a00000, 0x0000000085a00000, 0x0000000085b00000|  0%| F|  |TAMS 0x0000000085a00000, 0x0000000085a00000| Untracked 
|  91|0x0000000085b00000, 0x0000000085b00000, 0x0000000085c00000|  0%| F|  |TAMS 0x0000000085b00000, 0x0000000085b00000| Untracked 
|  92|0x0000000085c00000, 0x0000000085c00000, 0x0000000085d00000|  0%| F|  |TAMS 0x0000000085c00000, 0x0000000085c00000| Untracked 
|  93|0x0000000085d00000, 0x0000000085d00000, 0x0000000085e00000|  0%| F|  |TAMS 0x0000000085d00000, 0x0000000085d00000| Untracked 
|  94|0x0000000085e00000, 0x0000000085e00000, 0x0000000085f00000|  0%| F|  |TAMS 0x0000000085e00000, 0x0000000085e00000| Untracked 
|  95|0x0000000085f00000, 0x0000000085f00000, 0x0000000086000000|  0%| F|  |TAMS 0x0000000085f00000, 0x0000000085f00000| Untracked 
|  96|0x0000000086000000, 0x0000000086000000, 0x0000000086100000|  0%| F|  |TAMS 0x0000000086000000, 0x0000000086000000| Untracked 
|  97|0x0000000086100000, 0x0000000086100000, 0x0000000086200000|  0%| F|  |TAMS 0x0000000086100000, 0x0000000086100000| Untracked 
|  98|0x0000000086200000, 0x0000000086200000, 0x0000000086300000|  0%| F|  |TAMS 0x0000000086200000, 0x0000000086200000| Untracked 
|  99|0x0000000086300000, 0x0000000086300000, 0x0000000086400000|  0%| F|  |TAMS 0x0000000086300000, 0x0000000086300000| Untracked 
| 100|0x0000000086400000, 0x0000000086400000, 0x0000000086500000|  0%| F|  |TAMS 0x0000000086400000, 0x0000000086400000| Untracked 
| 101|0x0000000086500000, 0x0000000086500000, 0x0000000086600000|  0%| F|  |TAMS 0x0000000086500000, 0x0000000086500000| Untracked 
| 102|0x0000000086600000, 0x0000000086600000, 0x0000000086700000|  0%| F|  |TAMS 0x0000000086600000, 0x0000000086600000| Untracked 
| 103|0x0000000086700000, 0x0000000086700000, 0x0000000086800000|  0%| F|  |TAMS 0x0000000086700000, 0x0000000086700000| Untracked 
| 104|0x0000000086800000, 0x0000000086800000, 0x0000000086900000|  0%| F|  |TAMS 0x0000000086800000, 0x0000000086800000| Untracked 
| 105|0x0000000086900000, 0x0000000086900000, 0x0000000086a00000|  0%| F|  |TAMS 0x0000000086900000, 0x0000000086900000| Untracked 
| 106|0x0000000086a00000, 0x0000000086a00000, 0x0000000086b00000|  0%| F|  |TAMS 0x0000000086a00000, 0x0000000086a00000| Untracked 
| 107|0x0000000086b00000, 0x0000000086b00000, 0x0000000086c00000|  0%| F|  |TAMS 0x0000000086b00000, 0x0000000086b00000| Untracked 
| 108|0x0000000086c00000, 0x0000000086c00000, 0x0000000086d00000|  0%| F|  |TAMS 0x0000000086c00000, 0x0000000086c00000| Untracked 
| 109|0x0000000086d00000, 0x0000000086d00000, 0x0000000086e00000|  0%| F|  |TAMS 0x0000000086d00000, 0x0000000086d00000| Untracked 
| 110|0x0000000086e00000, 0x0000000086e00000, 0x0000000086f00000|  0%| F|  |TAMS 0x0000000086e00000, 0x0000000086e00000| Untracked 
| 111|0x0000000086f00000, 0x0000000086f00000, 0x0000000087000000|  0%| F|  |TAMS 0x0000000086f00000, 0x0000000086f00000| Untracked 
| 112|0x0000000087000000, 0x0000000087000000, 0x0000000087100000|  0%| F|  |TAMS 0x0000000087000000, 0x0000000087000000| Untracked 
| 113|0x0000000087100000, 0x0000000087100000, 0x0000000087200000|  0%| F|  |TAMS 0x0000000087100000, 0x0000000087100000| Untracked 
| 114|0x0000000087200000, 0x0000000087200000, 0x0000000087300000|  0%| F|  |TAMS 0x0000000087200000, 0x0000000087200000| Untracked 
| 115|0x0000000087300000, 0x0000000087300000, 0x0000000087400000|  0%| F|  |TAMS 0x0000000087300000, 0x0000000087300000| Untracked 
| 116|0x0000000087400000, 0x0000000087400000, 0x0000000087500000|  0%| F|  |TAMS 0x0000000087400000, 0x0000000087400000| Untracked 
| 117|0x0000000087500000, 0x0000000087500000, 0x0000000087600000|  0%| F|  |TAMS 0x0000000087500000, 0x0000000087500000| Untracked 
| 118|0x0000000087600000, 0x0000000087600000, 0x0000000087700000|  0%| F|  |TAMS 0x0000000087600000, 0x0000000087600000| Untracked 
| 119|0x0000000087700000, 0x0000000087700000, 0x0000000087800000|  0%| F|  |TAMS 0x0000000087700000, 0x0000000087700000| Untracked 
| 120|0x0000000087800000, 0x0000000087800000, 0x0000000087900000|  0%| F|  |TAMS 0x0000000087800000, 0x0000000087800000| Untracked 
| 121|0x0000000087900000, 0x0000000087900000, 0x0000000087a00000|  0%| F|  |TAMS 0x0000000087900000, 0x0000000087900000| Untracked 
| 122|0x0000000087a00000, 0x0000000087a00000, 0x0000000087b00000|  0%| F|  |TAMS 0x0000000087a00000, 0x0000000087a00000| Untracked 
| 123|0x0000000087b00000, 0x0000000087b00000, 0x0000000087c00000|  0%| F|  |TAMS 0x0000000087b00000, 0x0000000087b00000| Untracked 
| 124|0x0000000087c00000, 0x0000000087c00000, 0x0000000087d00000|  0%| F|  |TAMS 0x0000000087c00000, 0x0000000087c00000| Untracked 
| 125|0x0000000087d00000, 0x0000000087d00000, 0x0000000087e00000|  0%| F|  |TAMS 0x0000000087d00000, 0x0000000087d00000| Untracked 
| 126|0x0000000087e00000, 0x0000000087e00000, 0x0000000087f00000|  0%| F|  |TAMS 0x0000000087e00000, 0x0000000087e00000| Untracked 
| 127|0x0000000087f00000, 0x0000000087f00000, 0x0000000088000000|  0%| F|  |TAMS 0x0000000087f00000, 0x0000000087f00000| Untracked 
| 128|0x0000000088000000, 0x0000000088000000, 0x0000000088100000|  0%| F|  |TAMS 0x0000000088000000, 0x0000000088000000| Untracked 
| 129|0x0000000088100000, 0x0000000088100000, 0x0000000088200000|  0%| F|  |TAMS 0x0000000088100000, 0x0000000088100000| Untracked 
| 130|0x0000000088200000, 0x0000000088200000, 0x0000000088300000|  0%| F|  |TAMS 0x0000000088200000, 0x0000000088200000| Untracked 
| 131|0x0000000088300000, 0x0000000088300000, 0x0000000088400000|  0%| F|  |TAMS 0x0000000088300000, 0x0000000088300000| Untracked 
| 132|0x0000000088400000, 0x0000000088400000, 0x0000000088500000|  0%| F|  |TAMS 0x0000000088400000, 0x0000000088400000| Untracked 
| 133|0x0000000088500000, 0x0000000088500000, 0x0000000088600000|  0%| F|  |TAMS 0x0000000088500000, 0x0000000088500000| Untracked 
| 134|0x0000000088600000, 0x0000000088600000, 0x0000000088700000|  0%| F|  |TAMS 0x0000000088600000, 0x0000000088600000| Untracked 
| 135|0x0000000088700000, 0x0000000088700000, 0x0000000088800000|  0%| F|  |TAMS 0x0000000088700000, 0x0000000088700000| Untracked 
| 136|0x0000000088800000, 0x000000008889e520, 0x0000000088900000| 61%| S|CS|TAMS 0x0000000088800000, 0x0000000088800000| Complete 
| 137|0x0000000088900000, 0x0000000088a00000, 0x0000000088a00000|100%| S|CS|TAMS 0x0000000088900000, 0x0000000088900000| Complete 
| 138|0x0000000088a00000, 0x0000000088b00000, 0x0000000088b00000|100%| S|CS|TAMS 0x0000000088a00000, 0x0000000088a00000| Complete 
| 139|0x0000000088b00000, 0x0000000088b00000, 0x0000000088c00000|  0%| F|  |TAMS 0x0000000088b00000, 0x0000000088b00000| Untracked 
| 140|0x0000000088c00000, 0x0000000088c00000, 0x0000000088d00000|  0%| F|  |TAMS 0x0000000088c00000, 0x0000000088c00000| Untracked 
| 141|0x0000000088d00000, 0x0000000088d00000, 0x0000000088e00000|  0%| F|  |TAMS 0x0000000088d00000, 0x0000000088d00000| Untracked 
| 142|0x0000000088e00000, 0x0000000088e00000, 0x0000000088f00000|  0%| F|  |TAMS 0x0000000088e00000, 0x0000000088e00000| Untracked 
| 143|0x0000000088f00000, 0x0000000088f00000, 0x0000000089000000|  0%| F|  |TAMS 0x0000000088f00000, 0x0000000088f00000| Untracked 
| 144|0x0000000089000000, 0x0000000089080800, 0x0000000089100000| 50%| E|  |TAMS 0x0000000089000000, 0x0000000089000000| Complete 
| 145|0x0000000089100000, 0x0000000089200000, 0x0000000089200000|100%| E|CS|TAMS 0x0000000089100000, 0x0000000089100000| Complete 
| 146|0x0000000089200000, 0x0000000089300000, 0x0000000089300000|100%| E|CS|TAMS 0x0000000089200000, 0x0000000089200000| Complete 
| 147|0x0000000089300000, 0x0000000089400000, 0x0000000089400000|100%| E|CS|TAMS 0x0000000089300000, 0x0000000089300000| Complete 
| 148|0x0000000089400000, 0x0000000089500000, 0x0000000089500000|100%| E|CS|TAMS 0x0000000089400000, 0x0000000089400000| Complete 
| 149|0x0000000089500000, 0x0000000089600000, 0x0000000089600000|100%| E|CS|TAMS 0x0000000089500000, 0x0000000089500000| Complete 
| 150|0x0000000089600000, 0x0000000089700000, 0x0000000089700000|100%| E|CS|TAMS 0x0000000089600000, 0x0000000089600000| Complete 
| 151|0x0000000089700000, 0x0000000089800000, 0x0000000089800000|100%| E|CS|TAMS 0x0000000089700000, 0x0000000089700000| Complete 
| 152|0x0000000089800000, 0x0000000089900000, 0x0000000089900000|100%| E|CS|TAMS 0x0000000089800000, 0x0000000089800000| Complete 
| 153|0x0000000089900000, 0x0000000089a00000, 0x0000000089a00000|100%| E|CS|TAMS 0x0000000089900000, 0x0000000089900000| Complete 
| 154|0x0000000089a00000, 0x0000000089b00000, 0x0000000089b00000|100%| E|CS|TAMS 0x0000000089a00000, 0x0000000089a00000| Complete 
| 155|0x0000000089b00000, 0x0000000089c00000, 0x0000000089c00000|100%| E|CS|TAMS 0x0000000089b00000, 0x0000000089b00000| Complete 
| 156|0x0000000089c00000, 0x0000000089d00000, 0x0000000089d00000|100%| E|CS|TAMS 0x0000000089c00000, 0x0000000089c00000| Complete 
| 157|0x0000000089d00000, 0x0000000089e00000, 0x0000000089e00000|100%| E|CS|TAMS 0x0000000089d00000, 0x0000000089d00000| Complete 
| 158|0x0000000089e00000, 0x0000000089f00000, 0x0000000089f00000|100%| E|CS|TAMS 0x0000000089e00000, 0x0000000089e00000| Complete 
| 159|0x0000000089f00000, 0x000000008a000000, 0x000000008a000000|100%| E|CS|TAMS 0x0000000089f00000, 0x0000000089f00000| Complete 
| 160|0x000000008a000000, 0x000000008a100000, 0x000000008a100000|100%| E|CS|TAMS 0x000000008a000000, 0x000000008a000000| Complete 
| 161|0x000000008a100000, 0x000000008a200000, 0x000000008a200000|100%| E|CS|TAMS 0x000000008a100000, 0x000000008a100000| Complete 
| 162|0x000000008a200000, 0x000000008a300000, 0x000000008a300000|100%| E|CS|TAMS 0x000000008a200000, 0x000000008a200000| Complete 
| 163|0x000000008a300000, 0x000000008a400000, 0x000000008a400000|100%| E|CS|TAMS 0x000000008a300000, 0x000000008a300000| Complete 
| 164|0x000000008a400000, 0x000000008a500000, 0x000000008a500000|100%| E|CS|TAMS 0x000000008a400000, 0x000000008a400000| Complete 

Card table byte_map: [0x000001de6b8a0000,0x000001de6bca0000] _byte_map_base: 0x000001de6b4a0000

Marking Bits (Prev, Next): (CMBitMap*) 0x000001de583ad3d8, (CMBitMap*) 0x000001de583ad410
 Prev Bits: [0x000001de6c0a0000, 0x000001de6e0a0000)
 Next Bits: [0x000001de6e0a0000, 0x000001de700a0000)

Polling page: 0x000001de56d20000

Metaspace:

Usage:
  Non-class:     39.41 MB capacity,    38.73 MB ( 98%) used,   584.48 KB (  1%) free+waste,   111.00 KB ( <1%) overhead. 
      Class:      6.18 MB capacity,     5.76 MB ( 93%) used,   377.59 KB (  6%) free+waste,    53.56 KB ( <1%) overhead. 
       Both:     45.59 MB capacity,    44.49 MB ( 98%) used,   962.08 KB (  2%) free+waste,   164.56 KB ( <1%) overhead. 

Virtual space:
  Non-class space:       40.00 MB reserved,      39.50 MB ( 99%) committed 
      Class space:        1.00 GB reserved,       6.25 MB ( <1%) committed 
             Both:        1.04 GB reserved,      45.75 MB (  4%) committed 

Chunk freelists:
   Non-Class:  25.00 KB
       Class:  6.00 KB
        Both:  31.00 KB

MaxMetaspaceSize: 17179869184.00 GB
CompressedClassSpaceSize: 1.00 GB

CodeHeap 'non-profiled nmethods': size=120064Kb used=3689Kb max_used=3689Kb free=116374Kb
 bounds [0x000001de63930000, 0x000001de63cd0000, 0x000001de6ae70000]
CodeHeap 'profiled nmethods': size=120000Kb used=11811Kb max_used=11811Kb free=108189Kb
 bounds [0x000001de5c400000, 0x000001de5cf90000, 0x000001de63930000]
CodeHeap 'non-nmethods': size=5696Kb used=2213Kb max_used=2287Kb free=3482Kb
 bounds [0x000001de5be70000, 0x000001de5c0e0000, 0x000001de5c400000]
 total_blobs=5823 nmethods=5040 adapters=694
 compilation: enabled
              stopped_count=0, restarted_count=0
 full_count=0

Compilation events (20 events):
Event: 110.171 Thread 0x000001de7270e000 5183       2       groovyjarjarantlr4.v4.runtime.atn.EmptyPredictionContext::appendContext (2 bytes)
Event: 110.172 Thread 0x000001de7270e000 nmethod 5183 0x000001de5cf71010 code [0x000001de5cf711c0, 0x000001de5cf712b8]
Event: 110.184 Thread 0x000001de7270e000 5184       2       java.util.ArrayList::equalsArrayList (108 bytes)
Event: 110.186 Thread 0x000001de7270e000 nmethod 5184 0x000001de5cf71390 code [0x000001de5cf71580, 0x000001de5cf719c8]
Event: 110.186 Thread 0x000001de7270e000 5185       2       groovyjarjarantlr4.v4.runtime.atn.ATNConfigSet::add (7 bytes)
Event: 110.186 Thread 0x000001de7270e000 nmethod 5185 0x000001de5cf71c90 code [0x000001de5cf71e40, 0x000001de5cf71f68]
Event: 110.201 Thread 0x000001de7270e000 5186       2       groovyjarjarantlr4.v4.runtime.atn.ATNConfig::transform (16 bytes)
Event: 110.202 Thread 0x000001de7270e000 nmethod 5186 0x000001de5cf72010 code [0x000001de5cf721e0, 0x000001de5cf72358]
Event: 110.202 Thread 0x000001de7270e000 5188       2       groovyjarjarantlr4.v4.runtime.atn.SemanticContext$PrecedencePredicate::equals (38 bytes)
Event: 110.202 Thread 0x000001de7270e000 nmethod 5188 0x000001de5cf72410 code [0x000001de5cf725c0, 0x000001de5cf72778]
Event: 110.202 Thread 0x000001de7270e000 5187       2       groovyjarjarantlr4.v4.runtime.atn.SemanticContext::and (54 bytes)
Event: 110.203 Thread 0x000001de7270e000 nmethod 5187 0x000001de5cf72890 code [0x000001de5cf72a60, 0x000001de5cf72c68]
Event: 110.203 Thread 0x000001de7270e000 5189       2       groovyjarjarantlr4.v4.runtime.BufferedTokenStream::release (1 bytes)
Event: 110.204 Thread 0x000001de7270e000 nmethod 5189 0x000001de5cf72d90 code [0x000001de5cf72f40, 0x000001de5cf73038]
Event: 110.219 Thread 0x000001de7270e000 5191       2       java.util.HashMap$TreeNode::moveRootToFront (124 bytes)
Event: 110.220 Thread 0x000001de7270e000 nmethod 5191 0x000001de5cf73110 code [0x000001de5cf732e0, 0x000001de5cf73738]
Event: 110.239 Thread 0x000001de72708000 nmethod 5144 0x000001de63cc6890 code [0x000001de63cc6be0, 0x000001de63cc8970]
Event: 110.239 Thread 0x000001de72708000 5097       4       groovyjarjarantlr4.v4.runtime.atn.PredictionContext::calculateHashCode (86 bytes)
Event: 110.269 Thread 0x000001de72708000 nmethod 5097 0x000001de63cca010 code [0x000001de63cca1a0, 0x000001de63cca558]
Event: 110.269 Thread 0x000001de72708000 5159       4       groovyjarjarantlr4.v4.runtime.atn.PredictionContext::getCachedContext (297 bytes)

GC Heap History (20 events):
Event: 67.921 GC heap before
{Heap before GC invocations=67 (full 0):
 garbage-first heap   total 140288K, used 97094K [0x0000000080000000, 0x0000000100000000)
  region size 1024K, 45 young (46080K), 3 survivors (3072K)
 Metaspace       used 42484K, capacity 43604K, committed 43776K, reserved 1087488K
  class space    used 5422K, capacity 5854K, committed 5888K, reserved 1048576K
}
Event: 67.938 GC heap after
{Heap after GC invocations=68 (full 0):
 garbage-first heap   total 140288K, used 54486K [0x0000000080000000, 0x0000000100000000)
  region size 1024K, 4 young (4096K), 4 survivors (4096K)
 Metaspace       used 42484K, capacity 43604K, committed 43776K, reserved 1087488K
  class space    used 5422K, capacity 5854K, committed 5888K, reserved 1048576K
}
Event: 69.727 GC heap before
{Heap before GC invocations=68 (full 0):
 garbage-first heap   total 140288K, used 102614K [0x0000000080000000, 0x0000000100000000)
  region size 1024K, 51 young (52224K), 4 survivors (4096K)
 Metaspace       used 42484K, capacity 43604K, committed 43776K, reserved 1087488K
  class space    used 5422K, capacity 5854K, committed 5888K, reserved 1048576K
}
Event: 69.748 GC heap after
{Heap after GC invocations=69 (full 0):
 garbage-first heap   total 140288K, used 54836K [0x0000000080000000, 0x0000000100000000)
  region size 1024K, 4 young (4096K), 4 survivors (4096K)
 Metaspace       used 42484K, capacity 43604K, committed 43776K, reserved 1087488K
  class space    used 5422K, capacity 5854K, committed 5888K, reserved 1048576K
}
Event: 72.026 GC heap before
{Heap before GC invocations=69 (full 0):
 garbage-first heap   total 140288K, used 114228K [0x0000000080000000, 0x0000000100000000)
  region size 1024K, 62 young (63488K), 4 survivors (4096K)
 Metaspace       used 42489K, capacity 43604K, committed 43776K, reserved 1087488K
  class space    used 5423K, capacity 5854K, committed 5888K, reserved 1048576K
}
Event: 72.043 GC heap after
{Heap after GC invocations=70 (full 0):
 garbage-first heap   total 140288K, used 55435K [0x0000000080000000, 0x0000000100000000)
  region size 1024K, 5 young (5120K), 5 survivors (5120K)
 Metaspace       used 42489K, capacity 43604K, committed 43776K, reserved 1087488K
  class space    used 5423K, capacity 5854K, committed 5888K, reserved 1048576K
}
Event: 73.259 GC heap before
{Heap before GC invocations=70 (full 0):
 garbage-first heap   total 140288K, used 114827K [0x0000000080000000, 0x0000000100000000)
  region size 1024K, 63 young (64512K), 5 survivors (5120K)
 Metaspace       used 42490K, capacity 43604K, committed 43776K, reserved 1087488K
  class space    used 5423K, capacity 5854K, committed 5888K, reserved 1048576K
}
Event: 73.277 GC heap after
{Heap after GC invocations=71 (full 0):
 garbage-first heap   total 168960K, used 55842K [0x0000000080000000, 0x0000000100000000)
  region size 1024K, 5 young (5120K), 5 survivors (5120K)
 Metaspace       used 42490K, capacity 43604K, committed 43776K, reserved 1087488K
  class space    used 5423K, capacity 5854K, committed 5888K, reserved 1048576K
}
Event: 74.535 GC heap before
{Heap before GC invocations=71 (full 0):
 garbage-first heap   total 168960K, used 128546K [0x0000000080000000, 0x0000000100000000)
  region size 1024K, 76 young (77824K), 5 survivors (5120K)
 Metaspace       used 42491K, capacity 43604K, committed 43776K, reserved 1087488K
  class space    used 5423K, capacity 5854K, committed 5888K, reserved 1048576K
}
Event: 74.550 GC heap after
{Heap after GC invocations=72 (full 0):
 garbage-first heap   total 168960K, used 56263K [0x0000000080000000, 0x0000000100000000)
  region size 1024K, 5 young (5120K), 5 survivors (5120K)
 Metaspace       used 42491K, capacity 43604K, committed 43776K, reserved 1087488K
  class space    used 5423K, capacity 5854K, committed 5888K, reserved 1048576K
}
Event: 77.169 GC heap before
{Heap before GC invocations=72 (full 0):
 garbage-first heap   total 168960K, used 134087K [0x0000000080000000, 0x0000000100000000)
  region size 1024K, 81 young (82944K), 5 survivors (5120K)
 Metaspace       used 42492K, capacity 43604K, committed 43776K, reserved 1087488K
  class space    used 5423K, capacity 5854K, committed 5888K, reserved 1048576K
}
Event: 77.182 GC heap after
{Heap after GC invocations=73 (full 0):
 garbage-first heap   total 168960K, used 57380K [0x0000000080000000, 0x0000000100000000)
  region size 1024K, 6 young (6144K), 6 survivors (6144K)
 Metaspace       used 42492K, capacity 43604K, committed 43776K, reserved 1087488K
  class space    used 5423K, capacity 5854K, committed 5888K, reserved 1048576K
}
Event: 82.138 GC heap before
{Heap before GC invocations=73 (full 0):
 garbage-first heap   total 168960K, used 137252K [0x0000000080000000, 0x0000000100000000)
  region size 1024K, 84 young (86016K), 6 survivors (6144K)
 Metaspace       used 42492K, capacity 43604K, committed 43776K, reserved 1087488K
  class space    used 5423K, capacity 5854K, committed 5888K, reserved 1048576K
}
Event: 82.168 GC heap after
{Heap after GC invocations=74 (full 0):
 garbage-first heap   total 168960K, used 57887K [0x0000000080000000, 0x0000000100000000)
  region size 1024K, 7 young (7168K), 7 survivors (7168K)
 Metaspace       used 42492K, capacity 43604K, committed 43776K, reserved 1087488K
  class space    used 5423K, capacity 5854K, committed 5888K, reserved 1048576K
}
Event: 106.541 GC heap before
{Heap before GC invocations=74 (full 0):
 garbage-first heap   total 168960K, used 140831K [0x0000000080000000, 0x0000000100000000)
  region size 1024K, 86 young (88064K), 7 survivors (7168K)
 Metaspace       used 42958K, capacity 44086K, committed 44416K, reserved 1087488K
  class space    used 5484K, capacity 5910K, committed 6016K, reserved 1048576K
}
Event: 106.557 GC heap after
{Heap after GC invocations=75 (full 0):
 garbage-first heap   total 168960K, used 54615K [0x0000000080000000, 0x0000000100000000)
  region size 1024K, 3 young (3072K), 3 survivors (3072K)
 Metaspace       used 42958K, capacity 44086K, committed 44416K, reserved 1087488K
  class space    used 5484K, capacity 5910K, committed 6016K, reserved 1048576K
}
Event: 108.573 GC heap before
{Heap before GC invocations=75 (full 0):
 garbage-first heap   total 168960K, used 65879K [0x0000000080000000, 0x0000000100000000)
  region size 1024K, 15 young (15360K), 3 survivors (3072K)
 Metaspace       used 44944K, capacity 46040K, committed 46208K, reserved 1089536K
  class space    used 5855K, capacity 6263K, committed 6272K, reserved 1048576K
}
Event: 108.591 GC heap after
{Heap after GC invocations=76 (full 0):
 garbage-first heap   total 168960K, used 55114K [0x0000000080000000, 0x0000000100000000)
  region size 1024K, 4 young (4096K), 4 survivors (4096K)
 Metaspace       used 44944K, capacity 46040K, committed 46208K, reserved 1089536K
  class space    used 5855K, capacity 6263K, committed 6272K, reserved 1048576K
}
Event: 109.968 GC heap before
{Heap before GC invocations=77 (full 0):
 garbage-first heap   total 168960K, used 77642K [0x0000000080000000, 0x0000000100000000)
  region size 1024K, 26 young (26624K), 4 survivors (4096K)
 Metaspace       used 45517K, capacity 46689K, committed 46848K, reserved 1089536K
  class space    used 5898K, capacity 6330K, committed 6400K, reserved 1048576K
}
Event: 109.987 GC heap after
{Heap after GC invocations=78 (full 0):
 garbage-first heap   total 168960K, used 55344K [0x0000000080000000, 0x0000000100000000)
  region size 1024K, 3 young (3072K), 3 survivors (3072K)
 Metaspace       used 45517K, capacity 46689K, committed 46848K, reserved 1089536K
  class space    used 5898K, capacity 6330K, committed 6400K, reserved 1048576K
}

Deoptimization events (20 events):
Event: 109.479 Thread 0x000001de749b8800 Uncommon trap: trap_request=0xffffffde fr.pc=0x000001de63a29e38 relative=0x00000000000012f8
Event: 109.479 Thread 0x000001de749b8800 Uncommon trap: reason=class_check action=maybe_recompile pc=0x000001de63a29e38 method=java.util.concurrent.ConcurrentHashMap.putVal(Ljava/lang/Object;Ljava/lang/Object;Z)Ljava/lang/Object; @ 242 c2
Event: 109.479 Thread 0x000001de749b8800 DEOPT PACKING pc=0x000001de63a29e38 sp=0x0000003f4bcf7e40
Event: 109.480 Thread 0x000001de749b8800 DEOPT UNPACKING pc=0x000001de5be978af sp=0x0000003f4bcf7dc0 mode 2
Event: 109.688 Thread 0x000001de749b8800 Uncommon trap: trap_request=0xffffff4d fr.pc=0x000001de63cbcf88 relative=0x0000000000003708
Event: 109.688 Thread 0x000001de749b8800 Uncommon trap: reason=unstable_if action=reinterpret pc=0x000001de63cbcf88 method=groovyjarjarantlr4.v4.runtime.atn.ParserATNSimulator.closure(Lgroovyjarjarantlr4/v4/runtime/atn/ATNConfig;Lgroovyjarjarantlr4/v4/runtime/atn/ATNConfigSet;Lgroovyjarjarantlr4
Event: 109.688 Thread 0x000001de749b8800 DEOPT PACKING pc=0x000001de63cbcf88 sp=0x0000003f4bcf7620
Event: 109.688 Thread 0x000001de749b8800 DEOPT UNPACKING pc=0x000001de5be978af sp=0x0000003f4bcf75e8 mode 2
Event: 109.781 Thread 0x000001de749b8800 DEOPT PACKING pc=0x000001de5cf383f9 sp=0x0000003f4bceeff0
Event: 109.781 Thread 0x000001de749b8800 DEOPT UNPACKING pc=0x000001de5be976ce sp=0x0000003f4bcee540 mode 0
Event: 109.792 Thread 0x000001de749b8800 Uncommon trap: trap_request=0xffffff4d fr.pc=0x000001de63cb8a30 relative=0x0000000000000690
Event: 109.792 Thread 0x000001de749b8800 Uncommon trap: reason=unstable_if action=reinterpret pc=0x000001de63cb8a30 method=groovyjarjarantlr4.v4.runtime.atn.PredictionContextCache$IdentityCommutativePredictionContextOperands.equals(Ljava/lang/Object;)Z @ 40 c2
Event: 109.792 Thread 0x000001de749b8800 DEOPT PACKING pc=0x000001de63cb8a30 sp=0x0000003f4bcf6470
Event: 109.792 Thread 0x000001de749b8800 DEOPT UNPACKING pc=0x000001de5be978af sp=0x0000003f4bcf6278 mode 2
Event: 109.930 Thread 0x000001de749b8800 DEOPT PACKING pc=0x000001de5cf11f62 sp=0x0000003f4bcf8db0
Event: 109.930 Thread 0x000001de749b8800 DEOPT UNPACKING pc=0x000001de5be976ce sp=0x0000003f4bcf8338 mode 0
Event: 110.183 Thread 0x000001de749b8800 Uncommon trap: trap_request=0xffffffde fr.pc=0x000001de63a29e38 relative=0x00000000000012f8
Event: 110.183 Thread 0x000001de749b8800 Uncommon trap: reason=class_check action=maybe_recompile pc=0x000001de63a29e38 method=java.util.concurrent.ConcurrentHashMap.putVal(Ljava/lang/Object;Ljava/lang/Object;Z)Ljava/lang/Object; @ 242 c2
Event: 110.183 Thread 0x000001de749b8800 DEOPT PACKING pc=0x000001de63a29e38 sp=0x0000003f4bcf8090
Event: 110.184 Thread 0x000001de749b8800 DEOPT UNPACKING pc=0x000001de5be978af sp=0x0000003f4bcf8010 mode 2

Classes redefined (0 events):
No events

Internal exceptions (20 events):
Event: 50.840 Thread 0x000001de749b8800 Exception <a 'java/lang/NoSuchMethodError'{0x0000000083bb61d0}: 'int java.lang.invoke.DirectMethodHandle$Holder.invokeStaticInit(java.lang.Object)'> (0x0000000083bb61d0) thrown at [./src/hotspot/share/interpreter/linkResolver.cpp, line 773]
Event: 51.066 Thread 0x000001de74fa1000 Exception <a 'sun/nio/fs/WindowsException'{0x00000000839a8e20}> (0x00000000839a8e20) thrown at [./src/hotspot/share/prims/jni.cpp, line 615]
Event: 51.170 Thread 0x000001de74fa1000 Exception <a 'sun/nio/fs/WindowsException'{0x00000000839ff288}> (0x00000000839ff288) thrown at [./src/hotspot/share/prims/jni.cpp, line 615]
Event: 51.174 Thread 0x000001de74fa1000 Exception <a 'sun/nio/fs/WindowsException'{0x00000000839ff3e8}> (0x00000000839ff3e8) thrown at [./src/hotspot/share/prims/jni.cpp, line 615]
Event: 52.213 Thread 0x000001de749b8800 Exception <a 'java/lang/ClassNotFoundException'{0x0000000083883558}: sync_studio_tooling2_bmjm32yzhm3us3osq3e6ft3zBeanInfo> (0x0000000083883558) thrown at [./src/hotspot/share/classfile/systemDictionary.cpp, line 231]
Event: 52.215 Thread 0x000001de749b8800 Exception <a 'java/lang/ClassNotFoundException'{0x000000008388f690}: sync_studio_tooling2_bmjm32yzhm3us3osq3e6ft3zCustomizer> (0x000000008388f690) thrown at [./src/hotspot/share/classfile/systemDictionary.cpp, line 231]
Event: 53.700 Thread 0x000001de749b8800 Exception <a 'java/lang/ClassNotFoundException'{0x0000000083f9d790}: org/gradle/invocation/DefaultGradle_DecoratedBeanInfo> (0x0000000083f9d790) thrown at [./src/hotspot/share/classfile/systemDictionary.cpp, line 231]
Event: 53.704 Thread 0x000001de749b8800 Exception <a 'java/lang/ClassNotFoundException'{0x0000000083fc0848}: org/gradle/invocation/DefaultGradleBeanInfo> (0x0000000083fc0848) thrown at [./src/hotspot/share/classfile/systemDictionary.cpp, line 231]
Event: 53.707 Thread 0x000001de749b8800 Exception <a 'java/lang/ClassNotFoundException'{0x0000000083fe7f50}: org/gradle/api/internal/project/AbstractPluginAwareBeanInfo> (0x0000000083fe7f50) thrown at [./src/hotspot/share/classfile/systemDictionary.cpp, line 231]
Event: 53.710 Thread 0x000001de749b8800 Exception <a 'java/lang/ClassNotFoundException'{0x0000000083e0fae0}: org/gradle/api/internal/project/AbstractPluginAwareCustomizer> (0x0000000083e0fae0) thrown at [./src/hotspot/share/classfile/systemDictionary.cpp, line 231]
Event: 53.715 Thread 0x000001de749b8800 Exception <a 'java/lang/ClassNotFoundException'{0x0000000083e39258}: org/gradle/invocation/DefaultGradleCustomizer> (0x0000000083e39258) thrown at [./src/hotspot/share/classfile/systemDictionary.cpp, line 231]
Event: 53.733 Thread 0x000001de749b8800 Exception <a 'java/lang/ClassNotFoundException'{0x0000000083e8c078}: org/gradle/invocation/DefaultGradle_DecoratedCustomizer> (0x0000000083e8c078) thrown at [./src/hotspot/share/classfile/systemDictionary.cpp, line 231]
Event: 53.928 Thread 0x000001de749b8800 Exception <a 'java/lang/ClassNotFoundException'{0x0000000083df5c38}: ijinit_a5dcvyend23uy9neqh4h2holBeanInfo> (0x0000000083df5c38) thrown at [./src/hotspot/share/classfile/systemDictionary.cpp, line 231]
Event: 53.930 Thread 0x000001de749b8800 Exception <a 'java/lang/ClassNotFoundException'{0x0000000083c01028}: ijinit_a5dcvyend23uy9neqh4h2holCustomizer> (0x0000000083c01028) thrown at [./src/hotspot/share/classfile/systemDictionary.cpp, line 231]
Event: 54.186 Thread 0x000001de75443000 Implicit null exception at 0x000001de639b91bf to 0x000001de639ba058
Event: 54.401 Thread 0x000001de75443000 Exception <a 'sun/nio/fs/WindowsException'{0x0000000083769d70}> (0x0000000083769d70) thrown at [./src/hotspot/share/prims/jni.cpp, line 615]
Event: 83.919 Thread 0x000001de75443000 Implicit null exception at 0x000001de63c22b93 to 0x000001de63c23014
Event: 84.314 Thread 0x000001de75443000 Exception <a 'sun/nio/fs/WindowsException'{0x0000000085a678f8}> (0x0000000085a678f8) thrown at [./src/hotspot/share/prims/jni.cpp, line 615]
Event: 84.357 Thread 0x000001de75443000 Exception <a 'sun/nio/fs/WindowsException'{0x0000000085a67aa0}> (0x0000000085a67aa0) thrown at [./src/hotspot/share/prims/jni.cpp, line 615]
Event: 105.922 Thread 0x000001de749b8800 Exception <a 'java/lang/NoSuchMethodError'{0x0000000085730720}: 'void java.lang.invoke.DirectMethodHandle$Holder.invokeVirtual(java.lang.Object, java.lang.Object)'> (0x0000000085730720) thrown at [./src/hotspot/share/interpreter/linkResolver.cpp, line 773]

Events (20 events):
Event: 109.439 loading class java/util/stream/ReferencePipeline$4
Event: 109.439 loading class java/util/stream/IntPipeline$StatelessOp
Event: 109.440 loading class java/util/stream/IntPipeline$StatelessOp done
Event: 109.440 loading class java/util/stream/ReferencePipeline$4 done
Event: 109.441 loading class java/util/stream/ReferencePipeline$4$1
Event: 109.441 loading class java/util/stream/ReferencePipeline$4$1 done
Event: 109.490 loading class java/util/Collections$SingletonMap
Event: 109.491 loading class java/util/Collections$SingletonMap done
Event: 109.567 loading class org/apache/groovy/parser/antlr4/AstBuilder$1
Event: 109.567 loading class org/apache/groovy/parser/antlr4/AstBuilder$1 done
Event: 109.568 loading class groovyjarjarantlr4/v4/runtime/misc/Args
Event: 109.568 loading class groovyjarjarantlr4/v4/runtime/misc/Args done
Event: 109.572 loading class groovyjarjarantlr4/v4/runtime/ProxyParserErrorListener
Event: 109.573 loading class groovyjarjarantlr4/v4/runtime/ProxyParserErrorListener done
Event: 109.574 loading class groovyjarjarantlr4/v4/runtime/ProxyErrorListener
Event: 109.574 loading class groovyjarjarantlr4/v4/runtime/ProxyErrorListener done
Event: 109.800 Executing VM operation: ICBufferFull
Event: 109.801 Executing VM operation: ICBufferFull done
Event: 109.968 Executing VM operation: G1CollectForAllocation
Event: 109.987 Executing VM operation: G1CollectForAllocation done


Dynamic libraries:
0x00007ff7de790000 - 0x00007ff7de79a000 	C:\Program Files\Android\Android Studio\jre\bin\java.exe
0x00007ffd7f690000 - 0x00007ffd7f885000 	C:\WINDOWS\SYSTEM32\ntdll.dll
0x00007ffd7f590000 - 0x00007ffd7f64e000 	C:\WINDOWS\System32\KERNEL32.DLL
0x00007ffd7cfc0000 - 0x00007ffd7d288000 	C:\WINDOWS\System32\KERNELBASE.dll
0x00007ffd76fa0000 - 0x00007ffd76fb7000 	C:\Program Files\Android\Android Studio\jre\bin\VCRUNTIME140.dll
0x00007ffd7d430000 - 0x00007ffd7d530000 	C:\WINDOWS\System32\ucrtbase.dll
0x00007ffd75a80000 - 0x00007ffd75a99000 	C:\Program Files\Android\Android Studio\jre\bin\jli.dll
0x00007ffd7e6e0000 - 0x00007ffd7e881000 	C:\WINDOWS\System32\USER32.dll
0x00007ffd6b380000 - 0x00007ffd6b61a000 	C:\WINDOWS\WinSxS\amd64_microsoft.windows.common-controls_6595b64144ccf1df_6.0.19041.1110_none_60b5254171f9507e\COMCTL32.dll
0x00007ffd7cda0000 - 0x00007ffd7cdc2000 	C:\WINDOWS\System32\win32u.dll
0x00007ffd7d780000 - 0x00007ffd7d7ab000 	C:\WINDOWS\System32\GDI32.dll
0x00007ffd7d890000 - 0x00007ffd7d92e000 	C:\WINDOWS\System32\msvcrt.dll
0x00007ffd7d2f0000 - 0x00007ffd7d3fd000 	C:\WINDOWS\System32\gdi32full.dll
0x00007ffd7d630000 - 0x00007ffd7d6cd000 	C:\WINDOWS\System32\msvcp_win.dll
0x00007ffd7dc30000 - 0x00007ffd7dc60000 	C:\WINDOWS\System32\IMM32.DLL
0x00007ffd54c00000 - 0x00007ffd54c9d000 	C:\Program Files\Android\Android Studio\jre\bin\msvcp140.dll
0x00007ffd3a820000 - 0x00007ffd3b2ef000 	C:\Program Files\Android\Android Studio\jre\bin\server\jvm.dll
0x00007ffd7e890000 - 0x00007ffd7e93e000 	C:\WINDOWS\System32\ADVAPI32.dll
0x00007ffd7db90000 - 0x00007ffd7dc2c000 	C:\WINDOWS\System32\sechost.dll
0x00007ffd7e0a0000 - 0x00007ffd7e1c5000 	C:\WINDOWS\System32\RPCRT4.dll
0x00007ffd7da60000 - 0x00007ffd7da68000 	C:\WINDOWS\System32\PSAPI.DLL
0x00007ffd6cdc0000 - 0x00007ffd6cde7000 	C:\WINDOWS\SYSTEM32\WINMM.dll
0x00007ffd6efa0000 - 0x00007ffd6efa9000 	C:\WINDOWS\SYSTEM32\WSOCK32.dll
0x00007ffd71660000 - 0x00007ffd7166a000 	C:\WINDOWS\SYSTEM32\VERSION.dll
0x00007ffd7dc60000 - 0x00007ffd7dccb000 	C:\WINDOWS\System32\WS2_32.dll
0x00007ffd7b5e0000 - 0x00007ffd7b5f2000 	C:\WINDOWS\SYSTEM32\kernel.appcore.dll
0x00007ffd6ef80000 - 0x00007ffd6ef91000 	C:\Program Files\Android\Android Studio\jre\bin\verify.dll
0x00007ffd74140000 - 0x00007ffd74324000 	C:\WINDOWS\SYSTEM32\DBGHELP.DLL
0x00007ffd68570000 - 0x00007ffd6859c000 	C:\WINDOWS\SYSTEM32\dbgcore.DLL
0x00007ffd7cdd0000 - 0x00007ffd7ce52000 	C:\WINDOWS\System32\bcryptPrimitives.dll
0x00007ffd50b10000 - 0x00007ffd50b39000 	C:\Program Files\Android\Android Studio\jre\bin\java.dll
0x00007ffd6ef70000 - 0x00007ffd6ef7b000 	C:\Program Files\Android\Android Studio\jre\bin\jimage.dll
0x00007ffd4fd40000 - 0x00007ffd4fd58000 	C:\Program Files\Android\Android Studio\jre\bin\zip.dll
0x00007ffd7ee40000 - 0x00007ffd7f584000 	C:\WINDOWS\System32\SHELL32.dll
0x00007ffd7ac40000 - 0x00007ffd7b3d5000 	C:\WINDOWS\SYSTEM32\windows.storage.dll
0x00007ffd7dcd0000 - 0x00007ffd7e025000 	C:\WINDOWS\System32\combase.dll
0x00007ffd7c780000 - 0x00007ffd7c7ae000 	C:\WINDOWS\SYSTEM32\Wldp.dll
0x00007ffd7d9b0000 - 0x00007ffd7da5d000 	C:\WINDOWS\System32\SHCORE.dll
0x00007ffd7d7b0000 - 0x00007ffd7d805000 	C:\WINDOWS\System32\shlwapi.dll
0x00007ffd7cce0000 - 0x00007ffd7ccff000 	C:\WINDOWS\SYSTEM32\profapi.dll
0x00007ffd4f9b0000 - 0x00007ffd4f9ca000 	C:\Program Files\Android\Android Studio\jre\bin\net.dll
0x00007ffd70e80000 - 0x00007ffd70f8c000 	C:\WINDOWS\SYSTEM32\WINHTTP.dll
0x00007ffd7c460000 - 0x00007ffd7c4ca000 	C:\WINDOWS\system32\mswsock.dll
0x00007ffd4f990000 - 0x00007ffd4f9a4000 	C:\Program Files\Android\Android Studio\jre\bin\nio.dll
0x00007ffd6ea20000 - 0x00007ffd6ea47000 	C:\Users\JC\.gradle\native\8bec1ad78214c89d9ad589b4d07fe93259594b29d510b10fafb7a158f7737e5d\windows-amd64\native-platform.dll
0x00007ffd4f6f0000 - 0x00007ffd4f82d000 	C:\Users\JC\.gradle\native\53dbd7edfb1c66fb8903c78663c9afc45aea4f116125fa6feffd364cf09443e8\windows-amd64\native-platform-file-events.dll
0x00007ffd6ef60000 - 0x00007ffd6ef6a000 	C:\Program Files\Android\Android Studio\jre\bin\management.dll
0x00007ffd56600000 - 0x00007ffd5660c000 	C:\Program Files\Android\Android Studio\jre\bin\management_ext.dll
0x00007ffd7c680000 - 0x00007ffd7c698000 	C:\WINDOWS\SYSTEM32\CRYPTSP.dll
0x00007ffd7bdc0000 - 0x00007ffd7bdf4000 	C:\WINDOWS\system32\rsaenh.dll
0x00007ffd7d400000 - 0x00007ffd7d427000 	C:\WINDOWS\System32\bcrypt.dll
0x00007ffd7cc60000 - 0x00007ffd7cc8e000 	C:\WINDOWS\SYSTEM32\USERENV.dll
0x00007ffd7c670000 - 0x00007ffd7c67c000 	C:\WINDOWS\SYSTEM32\CRYPTBASE.dll
0x00007ffd7c150000 - 0x00007ffd7c18b000 	C:\WINDOWS\SYSTEM32\IPHLPAPI.DLL
0x00007ffd7e090000 - 0x00007ffd7e098000 	C:\WINDOWS\System32\NSI.dll
0x00007ffd71ab0000 - 0x00007ffd71ac7000 	C:\WINDOWS\SYSTEM32\dhcpcsvc6.DLL
0x00007ffd71a90000 - 0x00007ffd71aad000 	C:\WINDOWS\SYSTEM32\dhcpcsvc.DLL
0x00007ffd7c190000 - 0x00007ffd7c25b000 	C:\WINDOWS\SYSTEM32\DNSAPI.dll

dbghelp: loaded successfully - version: 4.0.5 - missing functions: none
symbol engine: initialized successfully - sym options: 0x614 - pdb path: .;C:\Program Files\Android\Android Studio\jre\bin;C:\WINDOWS\SYSTEM32;C:\WINDOWS\WinSxS\amd64_microsoft.windows.common-controls_6595b64144ccf1df_6.0.19041.1110_none_60b5254171f9507e;C:\Program Files\Android\Android Studio\jre\bin\server;C:\Users\JC\.gradle\native\8bec1ad78214c89d9ad589b4d07fe93259594b29d510b10fafb7a158f7737e5d\windows-amd64;C:\Users\JC\.gradle\native\53dbd7edfb1c66fb8903c78663c9afc45aea4f116125fa6feffd364cf09443e8\windows-amd64

VM Arguments:
jvm_args: --add-opens=java.base/java.util=ALL-UNNAMED --add-opens=java.base/java.lang=ALL-UNNAMED --add-opens=java.base/java.lang.invoke=ALL-UNNAMED --add-opens=java.base/java.util=ALL-UNNAMED --add-opens=java.prefs/java.util.prefs=ALL-UNNAMED --add-opens=java.prefs/java.util.prefs=ALL-UNNAMED --add-opens=java.base/java.nio.charset=ALL-UNNAMED --add-opens=java.base/java.net=ALL-UNNAMED --add-opens=java.base/java.util.concurrent.atomic=ALL-UNNAMED -Xmx2048m -Dfile.encoding=UTF-8 -Duser.country=ES -Duser.language=es -Duser.variant 
java_command: org.gradle.launcher.daemon.bootstrap.GradleDaemon 7.0.2
java_class_path (initial): C:\Users\JC\.gradle\wrapper\dists\gradle-7.0.2-bin\857tjihv64xamwrf0h14cai3r\gradle-7.0.2\lib\gradle-launcher-7.0.2.jar
Launcher Type: SUN_STANDARD

[Global flags]
     intx CICompilerCount                          = 3                                         {product} {ergonomic}
     uint ConcGCThreads                            = 1                                         {product} {ergonomic}
     uint G1ConcRefinementThreads                  = 4                                         {product} {ergonomic}
   size_t G1HeapRegionSize                         = 1048576                                   {product} {ergonomic}
    uintx GCDrainStackTargetSize                   = 64                                        {product} {ergonomic}
   size_t InitialHeapSize                          = 67108864                                  {product} {ergonomic}
   size_t MarkStackSize                            = 4194304                                   {product} {ergonomic}
   size_t MaxHeapSize                              = 2147483648                                {product} {command line}
   size_t MaxNewSize                               = 1287651328                                {product} {ergonomic}
   size_t MinHeapDeltaBytes                        = 1048576                                   {product} {ergonomic}
    uintx NonNMethodCodeHeapSize                   = 5830732                                {pd product} {ergonomic}
    uintx NonProfiledCodeHeapSize                  = 122913754                              {pd product} {ergonomic}
    uintx ProfiledCodeHeapSize                     = 122913754                              {pd product} {ergonomic}
    uintx ReservedCodeCacheSize                    = 251658240                              {pd product} {ergonomic}
     bool SegmentedCodeCache                       = true                                      {product} {ergonomic}
     bool UseCompressedClassPointers               = true                                 {lp64_product} {ergonomic}
     bool UseCompressedOops                        = true                                 {lp64_product} {ergonomic}
     bool UseG1GC                                  = true                                      {product} {ergonomic}
     bool UseLargePagesIndividualAllocation        = false                                  {pd product} {ergonomic}

Logging:
Log output configuration:
 #0: stdout all=warning uptime,level,tags
 #1: stderr all=off uptime,level,tags

Environment Variables:
JAVA_HOME=C:\Program Files\Java\jdk-15.0.1
PATH=C:\Program Files\Microsoft\jdk-11.0.12.7-hotspot\bin;C:\oraclexe\app\oracle\product\10.2.0\server\bin;C:\Program Files (x86)\Common Files\Oracle\Java\javapath;C:\ProgramData\Oracle\Java\javapath;C:\Program Files\Common Files\Oracle\Java\javapath;C:\WINDOWS\system32;C:\WINDOWS;C:\WINDOWS\System32\Wbem;C:\WINDOWS\System32\WindowsPowerShell\v1.0\;C:\WINDOWS\System32\OpenSSH\;C:\Program Files\Java\jdk-15.0.1\bin;C:\Program Files\Microsoft SQL Server\Client SDK\ODBC\170\Tools\Binn\;C:\Program Files (x86)\Microsoft SQL Server\150\Tools\Binn\;C:\Program Files\Microsoft SQL Server\150\Tools\Binn\;C:\Program Files\Microsoft SQL Server\150\DTS\Binn\;C:\Program Files (x86)\Microsoft SQL Server\150\DTS\Binn\;C:\Program Files\dotnet\;C:\Program Files\Microsoft SQL Server\130\Tools\Binn\;C:\php;C:\Program Files\Docker\Docker\resources\bin;C:\ProgramData\DockerDesktop\version-bin;C:\Program Files\Git\cmd;C:\Program Files (x86)\Bazaar;C:\Users\JC\AppData\Local\Programs\Python\Python39\Scripts\;C:\Users\JC\AppData\Local\Programs\Python\Python39\;C:\Users\JC\AppData\Local\Microsoft\WindowsApps;;C:\Program Files\Azure Data Studio\bin;C:\Program Files\Azure Data Studio\bin;C:\Users\JC\.dotnet\tools;C:\Users\JC\AppData\Local\Programs\Microsoft VS Code\bin
USERNAME=JC
OS=Windows_NT
PROCESSOR_IDENTIFIER=Intel64 Family 6 Model 69 Stepping 1, GenuineIntel



---------------  S Y S T E M  ---------------

OS: Windows 10 , 64 bit Build 19041 (10.0.19041.1466)
OS uptime: 3 days 0:45 hours
Hyper-V role detected

CPU:total 4 (initial active 4) (2 cores per cpu, 2 threads per core) family 6 model 69 stepping 1 microcode 0x25, cmov, cx8, fxsr, mmx, sse, sse2, sse3, ssse3, sse4.1, sse4.2, popcnt, avx, avx2, aes, clmul, erms, lzcnt, ht, tsc, tscinvbit, bmi1, bmi2, fma

Memory: 4k page, system-wide physical 4027M (808M free)
TotalPageFile size 6825M (AvailPageFile size 5M)
current process WorkingSet (physical memory assigned to process): 310M, peak: 324M
current process commit charge ("private bytes"): 350M, peak: 353M

vm_info: OpenJDK 64-Bit Server VM (11.0.10+0-b96-7249189) for windows-amd64 JRE (11.0.10+0-b96-7249189), built on Mar 31 2021 21:44:00 by "builder" with MS VC++ 14.0 (VS2015)

END.
