#
# There is insufficient memory for the Java Runtime Environment to continue.
# Native memory allocation (mmap) failed to map 35651584 bytes for Failed to commit area from 0x000000008a600000 to 0x000000008c800000 of length 35651584.
# Possible reasons:
#   The system is out of physical RAM or swap space
#   The process is running with CompressedOops enabled, and the Java Heap may be blocking the growth of the native heap
# Possible solutions:
#   Reduce memory load on the system
#   Increase physical memory or swap space
#   Check if swap backing store is full
#   Decrease Java heap size (-Xmx/-Xms)
#   Decrease number of Java threads
#   Decrease Java thread stack sizes (-Xss)
#   Set larger code cache with -XX:ReservedCodeCacheSize=
#   JVM is running with Unscaled Compressed Oops mode in which the Java heap is
#     placed in the first 4GB address space. The Java Heap base address is the
#     maximum limit for the native heap growth. Please use -XX:HeapBaseMinAddress
#     to set the Java Heap base and to place the Java Heap above 4GB virtual address.
# This output file may be truncated or incomplete.
#
#  Out of Memory Error (./src/hotspot/os/windows/os_windows.cpp:3301), pid=4948, tid=7448
#
# JRE version: OpenJDK Runtime Environment (11.0.10) (build 11.0.10+0-b96-7249189)
# Java VM: OpenJDK 64-Bit Server VM (11.0.10+0-b96-7249189, mixed mode, tiered, compressed oops, g1 gc, windows-amd64)
# No core dump will be written. Minidumps are not enabled by default on client versions of Windows
#

---------------  S U M M A R Y ------------

Command Line: --add-opens=java.base/java.util=ALL-UNNAMED --add-opens=java.base/java.lang=ALL-UNNAMED --add-opens=java.base/java.lang.invoke=ALL-UNNAMED --add-opens=java.base/java.util=ALL-UNNAMED --add-opens=java.prefs/java.util.prefs=ALL-UNNAMED --add-opens=java.prefs/java.util.prefs=ALL-UNNAMED --add-opens=java.base/java.nio.charset=ALL-UNNAMED --add-opens=java.base/java.net=ALL-UNNAMED --add-opens=java.base/java.util.concurrent.atomic=ALL-UNNAMED -Xmx2048m -Dfile.encoding=UTF-8 -Duser.country=ES -Duser.language=es -Duser.variant org.gradle.launcher.daemon.bootstrap.GradleDaemon 7.0.2

Host: Intel(R) Core(TM) i3-4012Y CPU @ 1.50GHz, 4 cores, 3G,  Windows 10 , 64 bit Build 19041 (10.0.19041.1466)
Time: Mon Feb  7 21:54:18 2022 Hora est. Pacífico, Sudamérica elapsed time: 93.008121 seconds (0d 0h 1m 33s)

---------------  T H R E A D  ---------------

Current thread (0x000002a4e02a5800):  VMThread "VM Thread" [stack: 0x000000c535600000,0x000000c535700000] [id=7448]

Stack: [0x000000c535600000,0x000000c535700000]
[error occurred during error reporting (printing stack bounds), id 0xc0000005, EXCEPTION_ACCESS_VIOLATION (0xc0000005) at pc=0x000002a4ca1f0f2d]

Native frames: (J=compiled Java code, j=interpreted, Vv=VM code, C=native code)
V  [jvm.dll+0x5ecfaa]
V  [jvm.dll+0x722bd5]
V  [jvm.dll+0x72412d]
V  [jvm.dll+0x724745]
V  [jvm.dll+0x7246fb]
V  [jvm.dll+0x5ec348]
V  [jvm.dll+0x5ecad8]
C  [ntdll.dll+0xa20cf]
C  [ntdll.dll+0x51454]
C  [ntdll.dll+0xa0bfe]
C  0x000002a4ca1f0f2d

VM_Operation (0x000000c5375fe230): G1CollectForAllocation, mode: safepoint, requested by thread 0x000002a4e105b000


---------------  P R O C E S S  ---------------

Threads class SMR info:
_java_thread_list=0x000002a4e1eb1fe0, length=34, elements={
0x000002a4c66fd800, 0x000002a4e02ac800, 0x000002a4e02b7800, 0x000002a4e0307000,
0x000002a4e030b000, 0x000002a4e030d000, 0x000002a4e0316000, 0x000002a4e031e000,
0x000002a4e0c60800, 0x000002a4e0d8f800, 0x000002a4e281e800, 0x000002a4e1a58800,
0x000002a4e21f3000, 0x000002a4e0d07000, 0x000002a4e1b92000, 0x000002a4e20f7800,
0x000002a4e106d000, 0x000002a4e1043000, 0x000002a4e105c800, 0x000002a4e1058800,
0x000002a4e105f000, 0x000002a4e105e000, 0x000002a4e105b800, 0x000002a4e105d000,
0x000002a4e1059000, 0x000002a4e105a000, 0x000002a4e105b000, 0x000002a4e2d1f800,
0x000002a4e2d1d800, 0x000002a4e2d21800, 0x000002a4e2d20800, 0x000002a4e2d22000,
0x000002a4e2d24000, 0x000002a4e2d23000
}

Java Threads: ( => current thread )
  0x000002a4c66fd800 JavaThread "main" [_thread_blocked, id=14036, stack(0x000000c535000000,0x000000c535100000)]
  0x000002a4e02ac800 JavaThread "Reference Handler" daemon [_thread_blocked, id=13620, stack(0x000000c535700000,0x000000c535800000)]
  0x000002a4e02b7800 JavaThread "Finalizer" daemon [_thread_blocked, id=7712, stack(0x000000c535800000,0x000000c535900000)]
  0x000002a4e0307000 JavaThread "Signal Dispatcher" daemon [_thread_blocked, id=2424, stack(0x000000c535900000,0x000000c535a00000)]
  0x000002a4e030b000 JavaThread "Attach Listener" daemon [_thread_blocked, id=2336, stack(0x000000c535a00000,0x000000c535b00000)]
  0x000002a4e030d000 JavaThread "Service Thread" daemon [_thread_blocked, id=14088, stack(0x000000c535b00000,0x000000c535c00000)]
  0x000002a4e0316000 JavaThread "C2 CompilerThread0" daemon [_thread_blocked, id=6540, stack(0x000000c535c00000,0x000000c535d00000)]
  0x000002a4e031e000 JavaThread "C1 CompilerThread0" daemon [_thread_blocked, id=11404, stack(0x000000c535d00000,0x000000c535e00000)]
  0x000002a4e0c60800 JavaThread "Sweeper thread" daemon [_thread_blocked, id=7428, stack(0x000000c535e00000,0x000000c535f00000)]
  0x000002a4e0d8f800 JavaThread "Common-Cleaner" daemon [_thread_blocked, id=4564, stack(0x000000c535f00000,0x000000c536000000)]
  0x000002a4e281e800 JavaThread "Daemon health stats" [_thread_blocked, id=13116, stack(0x000000c536200000,0x000000c536300000)]
  0x000002a4e1a58800 JavaThread "Incoming local TCP Connector on port 64404" [_thread_in_native, id=12796, stack(0x000000c536500000,0x000000c536600000)]
  0x000002a4e21f3000 JavaThread "Daemon periodic checks" [_thread_blocked, id=11312, stack(0x000000c536600000,0x000000c536700000)]
  0x000002a4e0d07000 JavaThread "Daemon" [_thread_blocked, id=10608, stack(0x000000c536700000,0x000000c536800000)]
  0x000002a4e1b92000 JavaThread "Handler for socket connection from /127.0.0.1:64404 to /127.0.0.1:64405" [_thread_in_native, id=9132, stack(0x000000c536800000,0x000000c536900000)]
  0x000002a4e20f7800 JavaThread "Cancel handler" [_thread_blocked, id=6464, stack(0x000000c536900000,0x000000c536a00000)]
  0x000002a4e106d000 JavaThread "Daemon worker" [_thread_blocked, id=2940, stack(0x000000c536a00000,0x000000c536b00000)]
  0x000002a4e1043000 JavaThread "Asynchronous log dispatcher for DefaultDaemonConnection: socket connection from /127.0.0.1:64404 to /127.0.0.1:64405" [_thread_blocked, id=6948, stack(0x000000c536b00000,0x000000c536c00000)]
  0x000002a4e105c800 JavaThread "Daemon client event forwarder" [_thread_blocked, id=6532, stack(0x000000c536d00000,0x000000c536e00000)]
  0x000002a4e1058800 JavaThread "Cache worker for file hash cache (C:\Users\JC\.gradle\caches\7.0.2\fileHashes)" [_thread_blocked, id=9432, stack(0x000000c536e00000,0x000000c536f00000)]
  0x000002a4e105f000 JavaThread "File lock request listener" [_thread_in_native, id=9768, stack(0x000000c536f00000,0x000000c537000000)]
  0x000002a4e105e000 JavaThread "Cache worker for journal cache (C:\Users\JC\.gradle\caches\journal-1)" [_thread_blocked, id=13008, stack(0x000000c537000000,0x000000c537100000)]
  0x000002a4e105b800 JavaThread "Cache worker for file hash cache (C:\Users\JC\AndroidStudioProjects\LoginUTA\.gradle\7.0.2\fileHashes)" [_thread_blocked, id=3360, stack(0x000000c537100000,0x000000c537200000)]
  0x000002a4e105d000 JavaThread "File watcher server" daemon [_thread_in_native, id=12096, stack(0x000000c537200000,0x000000c537300000)]
  0x000002a4e1059000 JavaThread "File watcher consumer" daemon [_thread_blocked, id=9556, stack(0x000000c537300000,0x000000c537400000)]
  0x000002a4e105a000 JavaThread "jar transforms" [_thread_blocked, id=12136, stack(0x000000c537400000,0x000000c537500000)]
  0x000002a4e105b000 JavaThread "jar transforms Thread 2" [_thread_blocked, id=12076, stack(0x000000c537500000,0x000000c537600000)]
  0x000002a4e2d1f800 JavaThread "jar transforms Thread 3" [_thread_blocked, id=3416, stack(0x000000c537600000,0x000000c537700000)]
  0x000002a4e2d1d800 JavaThread "jar transforms Thread 4" [_thread_blocked, id=12436, stack(0x000000c537700000,0x000000c537800000)]
  0x000002a4e2d21800 JavaThread "Cache worker for checksums cache (C:\Users\JC\AndroidStudioProjects\LoginUTA\.gradle\checksums)" [_thread_blocked, id=13916, stack(0x000000c537a00000,0x000000c537b00000)]
  0x000002a4e2d20800 JavaThread "Cache worker for cache directory md-supplier (C:\Users\JC\.gradle\caches\7.0.2\md-supplier)" [_thread_blocked, id=9720, stack(0x000000c537b00000,0x000000c537c00000)]
  0x000002a4e2d22000 JavaThread "Cache worker for cache directory md-rule (C:\Users\JC\.gradle\caches\7.0.2\md-rule)" [_thread_blocked, id=4608, stack(0x000000c537c00000,0x000000c537d00000)]
  0x000002a4e2d24000 JavaThread "Cache worker for execution history cache (C:\Users\JC\.gradle\caches\7.0.2\executionHistory)" [_thread_blocked, id=10300, stack(0x000000c537d00000,0x000000c537e00000)]
  0x000002a4e2d23000 JavaThread "Cache worker for file content cache (C:\Users\JC\.gradle\caches\7.0.2\fileContent)" [_thread_blocked, id=12848, stack(0x000000c534d00000,0x000000c534e00000)]

Other Threads:
=>0x000002a4e02a5800 VMThread "VM Thread" [stack: 0x000000c535600000,0x000000c535700000] [id=7448]
  0x000002a4e0dfe800 WatcherThread [stack: 0x000000c536000000,0x000000c536100000] [id=1360]
  0x000002a4c6714000 GCTaskThread "GC Thread#0" [stack: 0x000000c535100000,0x000000c535200000] [id=4372]
  0x000002a4e14ce000 GCTaskThread "GC Thread#1" [stack: 0x000000c536100000,0x000000c536200000] [id=5156]
  0x000002a4e243f800 GCTaskThread "GC Thread#2" [stack: 0x000000c536300000,0x000000c536400000] [id=12972]
  0x000002a4e2d8b000 GCTaskThread "GC Thread#3" [stack: 0x000000c536400000,0x000000c536500000] [id=8216]
  0x000002a4c6749800 ConcurrentGCThread "G1 Main Marker" [stack: 0x000000c535200000,0x000000c535300000] [id=5656]
  0x000002a4c674a800 ConcurrentGCThread "G1 Conc#0" [stack: 0x000000c535300000,0x000000c535400000] [id=7688]
  0x000002a4c67a5800 ConcurrentGCThread "G1 Refine#0" [stack: 0x000000c535400000,0x000000c535500000] [id=12496]
  0x000002a4c67a6800 ConcurrentGCThread "G1 Young RemSet Sampling" [stack: 0x000000c535500000,0x000000c535600000] [id=11652]

Threads with active compile tasks:
C2 CompilerThread0  94407 4134       4       org.objectweb.asm.MethodVisitor::visitMethodInsn (80 bytes)

VM state:at safepoint (normal execution)

VM Mutex/Monitor currently owned by a thread:  ([mutex/lock_event])
[0x000002a4c66f9240] Threads_lock - owner thread: 0x000002a4e02a5800
[0x000002a4c66fa680] Heap_lock - owner thread: 0x000002a4e105b000

Heap address: 0x0000000080000000, size: 2048 MB, Compressed Oops mode: 32-bit
Narrow klass base: 0x0000000000000000, Narrow klass shift: 3
Compressed class space size: 1073741824 Address: 0x0000000100000000

Heap:
 garbage-first heap   total 204800K, used 59922K [0x0000000080000000, 0x0000000100000000)
  region size 1024K, 8 young (8192K), 8 survivors (8192K)
 Metaspace       used 42180K, capacity 43246K, committed 43440K, reserved 1087488K
  class space    used 5388K, capacity 5805K, committed 5888K, reserved 1048576K
Heap Regions: E=young(eden), S=young(survivor), O=old, HS=humongous(starts), HC=humongous(continues), CS=collection set, F=free, A=archive, TAMS=top-at-mark-start (previous, next)
|   0|0x0000000080000000, 0x0000000080100000, 0x0000000080100000|100%| O|  |TAMS 0x0000000080100000, 0x0000000080000000| Untracked 
|   1|0x0000000080100000, 0x0000000080200000, 0x0000000080200000|100%| O|  |TAMS 0x0000000080200000, 0x0000000080100000| Untracked 
|   2|0x0000000080200000, 0x0000000080300000, 0x0000000080300000|100%| O|  |TAMS 0x0000000080300000, 0x0000000080200000| Untracked 
|   3|0x0000000080300000, 0x0000000080400000, 0x0000000080400000|100%|HS|  |TAMS 0x0000000080400000, 0x0000000080300000| Complete 
|   4|0x0000000080400000, 0x0000000080500000, 0x0000000080500000|100%|HC|  |TAMS 0x0000000080500000, 0x0000000080400000| Complete 
|   5|0x0000000080500000, 0x0000000080600000, 0x0000000080600000|100%|HC|  |TAMS 0x0000000080600000, 0x0000000080500000| Complete 
|   6|0x0000000080600000, 0x0000000080700000, 0x0000000080700000|100%| O|  |TAMS 0x0000000080700000, 0x0000000080600000| Untracked 
|   7|0x0000000080700000, 0x0000000080800000, 0x0000000080800000|100%| O|  |TAMS 0x0000000080800000, 0x0000000080700000| Untracked 
|   8|0x0000000080800000, 0x0000000080900000, 0x0000000080900000|100%| O|  |TAMS 0x0000000080900000, 0x0000000080800000| Untracked 
|   9|0x0000000080900000, 0x0000000080a00000, 0x0000000080a00000|100%| O|  |TAMS 0x0000000080a00000, 0x0000000080900000| Untracked 
|  10|0x0000000080a00000, 0x0000000080b00000, 0x0000000080b00000|100%| O|  |TAMS 0x0000000080b00000, 0x0000000080a00000| Untracked 
|  11|0x0000000080b00000, 0x0000000080c00000, 0x0000000080c00000|100%| O|  |TAMS 0x0000000080c00000, 0x0000000080b00000| Untracked 
|  12|0x0000000080c00000, 0x0000000080d00000, 0x0000000080d00000|100%| O|  |TAMS 0x0000000080d00000, 0x0000000080c00000| Untracked 
|  13|0x0000000080d00000, 0x0000000080e00000, 0x0000000080e00000|100%| O|  |TAMS 0x0000000080e00000, 0x0000000080d00000| Untracked 
|  14|0x0000000080e00000, 0x0000000080f00000, 0x0000000080f00000|100%| O|  |TAMS 0x0000000080f00000, 0x0000000080e00000| Untracked 
|  15|0x0000000080f00000, 0x0000000081000000, 0x0000000081000000|100%| O|  |TAMS 0x0000000081000000, 0x0000000080f00000| Untracked 
|  16|0x0000000081000000, 0x0000000081100000, 0x0000000081100000|100%|HS|  |TAMS 0x0000000081100000, 0x0000000081000000| Complete 
|  17|0x0000000081100000, 0x0000000081200000, 0x0000000081200000|100%|HC|  |TAMS 0x0000000081200000, 0x0000000081100000| Complete 
|  18|0x0000000081200000, 0x0000000081300000, 0x0000000081300000|100%|HS|  |TAMS 0x0000000081300000, 0x0000000081200000| Complete 
|  19|0x0000000081300000, 0x0000000081400000, 0x0000000081400000|100%|HC|  |TAMS 0x0000000081400000, 0x0000000081300000| Complete 
|  20|0x0000000081400000, 0x0000000081500000, 0x0000000081500000|100%|HC|  |TAMS 0x0000000081500000, 0x0000000081400000| Complete 
|  21|0x0000000081500000, 0x0000000081600000, 0x0000000081600000|100%|HS|  |TAMS 0x0000000081600000, 0x0000000081500000| Complete 
|  22|0x0000000081600000, 0x0000000081700000, 0x0000000081700000|100%|HC|  |TAMS 0x0000000081700000, 0x0000000081600000| Complete 
|  23|0x0000000081700000, 0x0000000081800000, 0x0000000081800000|100%|HC|  |TAMS 0x0000000081800000, 0x0000000081700000| Complete 
|  24|0x0000000081800000, 0x0000000081900000, 0x0000000081900000|100%|HC|  |TAMS 0x0000000081900000, 0x0000000081800000| Complete 
|  25|0x0000000081900000, 0x0000000081a00000, 0x0000000081a00000|100%|HC|  |TAMS 0x0000000081a00000, 0x0000000081900000| Complete 
|  26|0x0000000081a00000, 0x0000000081b00000, 0x0000000081b00000|100%| O|  |TAMS 0x0000000081b00000, 0x0000000081a00000| Untracked 
|  27|0x0000000081b00000, 0x0000000081c00000, 0x0000000081c00000|100%| O|  |TAMS 0x0000000081c00000, 0x0000000081b00000| Untracked 
|  28|0x0000000081c00000, 0x0000000081d00000, 0x0000000081d00000|100%| O|  |TAMS 0x0000000081d00000, 0x0000000081c00000| Untracked 
|  29|0x0000000081d00000, 0x0000000081e00000, 0x0000000081e00000|100%| O|  |TAMS 0x0000000081e00000, 0x0000000081d00000| Untracked 
|  30|0x0000000081e00000, 0x0000000081f00000, 0x0000000081f00000|100%| O|  |TAMS 0x0000000081f00000, 0x0000000081e00000| Untracked 
|  31|0x0000000081f00000, 0x0000000082000000, 0x0000000082000000|100%| O|  |TAMS 0x0000000082000000, 0x0000000081f00000| Untracked 
|  32|0x0000000082000000, 0x0000000082100000, 0x0000000082100000|100%| O|  |TAMS 0x0000000082100000, 0x0000000082000000| Untracked 
|  33|0x0000000082100000, 0x0000000082200000, 0x0000000082200000|100%| O|  |TAMS 0x0000000082200000, 0x0000000082100000| Untracked 
|  34|0x0000000082200000, 0x0000000082300000, 0x0000000082300000|100%| O|  |TAMS 0x0000000082300000, 0x0000000082200000| Untracked 
|  35|0x0000000082300000, 0x0000000082400000, 0x0000000082400000|100%| O|  |TAMS 0x0000000082400000, 0x0000000082300000| Untracked 
|  36|0x0000000082400000, 0x0000000082500000, 0x0000000082500000|100%| O|  |TAMS 0x0000000082500000, 0x0000000082400000| Untracked 
|  37|0x0000000082500000, 0x0000000082600000, 0x0000000082600000|100%| O|  |TAMS 0x0000000082600000, 0x0000000082500000| Untracked 
|  38|0x0000000082600000, 0x0000000082700000, 0x0000000082700000|100%| O|  |TAMS 0x00000000826c6000, 0x0000000082600000| Untracked 
|  39|0x0000000082700000, 0x0000000082800000, 0x0000000082800000|100%| O|  |TAMS 0x0000000082800000, 0x0000000082700000| Untracked 
|  40|0x0000000082800000, 0x0000000082900000, 0x0000000082900000|100%|HS|  |TAMS 0x0000000082900000, 0x0000000082800000| Complete 
|  41|0x0000000082900000, 0x0000000082a00000, 0x0000000082a00000|100%|HC|  |TAMS 0x0000000082a00000, 0x0000000082900000| Complete 
|  42|0x0000000082a00000, 0x0000000082b00000, 0x0000000082b00000|100%|HC|  |TAMS 0x0000000082b00000, 0x0000000082a00000| Complete 
|  43|0x0000000082b00000, 0x0000000082c00000, 0x0000000082c00000|100%|HC|  |TAMS 0x0000000082c00000, 0x0000000082b00000| Complete 
|  44|0x0000000082c00000, 0x0000000082d00000, 0x0000000082d00000|100%|HC|  |TAMS 0x0000000082d00000, 0x0000000082c00000| Complete 
|  45|0x0000000082d00000, 0x0000000082e00000, 0x0000000082e00000|100%| O|  |TAMS 0x0000000082e00000, 0x0000000082d00000| Untracked 
|  46|0x0000000082e00000, 0x0000000082f00000, 0x0000000082f00000|100%| O|  |TAMS 0x0000000082f00000, 0x0000000082e00000| Untracked 
|  47|0x0000000082f00000, 0x0000000083000000, 0x0000000083000000|100%| O|  |TAMS 0x0000000082f00000, 0x0000000082f00000| Untracked 
|  48|0x0000000083000000, 0x0000000083100000, 0x0000000083100000|100%| O|  |TAMS 0x0000000083100000, 0x0000000083000000| Untracked 
|  49|0x0000000083100000, 0x00000000831d9200, 0x0000000083200000| 84%| O|  |TAMS 0x0000000083100000, 0x0000000083100000| Untracked 
|  50|0x0000000083200000, 0x0000000083300000, 0x0000000083300000|100%| O|  |TAMS 0x0000000083300000, 0x0000000083200000| Untracked 
|  51|0x0000000083300000, 0x0000000083300000, 0x0000000083400000|  0%| F|  |TAMS 0x0000000083300000, 0x0000000083300000| Untracked 
|  52|0x0000000083400000, 0x0000000083400000, 0x0000000083500000|  0%| F|  |TAMS 0x0000000083400000, 0x0000000083400000| Untracked 
|  53|0x0000000083500000, 0x0000000083500000, 0x0000000083600000|  0%| F|  |TAMS 0x0000000083500000, 0x0000000083500000| Untracked 
|  54|0x0000000083600000, 0x0000000083600000, 0x0000000083700000|  0%| F|  |TAMS 0x0000000083600000, 0x0000000083600000| Untracked 
|  55|0x0000000083700000, 0x0000000083700000, 0x0000000083800000|  0%| F|  |TAMS 0x0000000083700000, 0x0000000083700000| Untracked 
|  56|0x0000000083800000, 0x0000000083800000, 0x0000000083900000|  0%| F|  |TAMS 0x0000000083800000, 0x0000000083800000| Untracked 
|  57|0x0000000083900000, 0x0000000083900000, 0x0000000083a00000|  0%| F|  |TAMS 0x0000000083900000, 0x0000000083900000| Untracked 
|  58|0x0000000083a00000, 0x0000000083a00000, 0x0000000083b00000|  0%| F|  |TAMS 0x0000000083a00000, 0x0000000083a00000| Untracked 
|  59|0x0000000083b00000, 0x0000000083b00000, 0x0000000083c00000|  0%| F|  |TAMS 0x0000000083b00000, 0x0000000083b00000| Untracked 
|  60|0x0000000083c00000, 0x0000000083c00000, 0x0000000083d00000|  0%| F|  |TAMS 0x0000000083c00000, 0x0000000083c00000| Untracked 
|  61|0x0000000083d00000, 0x0000000083d00000, 0x0000000083e00000|  0%| F|  |TAMS 0x0000000083d00000, 0x0000000083d00000| Untracked 
|  62|0x0000000083e00000, 0x0000000083e00000, 0x0000000083f00000|  0%| F|  |TAMS 0x0000000083e00000, 0x0000000083e00000| Untracked 
|  63|0x0000000083f00000, 0x0000000083f00000, 0x0000000084000000|  0%| F|  |TAMS 0x0000000083f00000, 0x0000000083f00000| Untracked 
|  64|0x0000000084000000, 0x0000000084000000, 0x0000000084100000|  0%| F|  |TAMS 0x0000000084000000, 0x0000000084000000| Untracked 
|  65|0x0000000084100000, 0x0000000084100000, 0x0000000084200000|  0%| F|  |TAMS 0x0000000084100000, 0x0000000084100000| Untracked 
|  66|0x0000000084200000, 0x0000000084200000, 0x0000000084300000|  0%| F|  |TAMS 0x0000000084200000, 0x0000000084200000| Untracked 
|  67|0x0000000084300000, 0x0000000084300000, 0x0000000084400000|  0%| F|  |TAMS 0x0000000084300000, 0x0000000084300000| Untracked 
|  68|0x0000000084400000, 0x0000000084400000, 0x0000000084500000|  0%| F|  |TAMS 0x0000000084400000, 0x0000000084400000| Untracked 
|  69|0x0000000084500000, 0x00000000845ab960, 0x0000000084600000| 67%| S|CS|TAMS 0x0000000084500000, 0x0000000084500000| Complete 
|  70|0x0000000084600000, 0x0000000084700000, 0x0000000084700000|100%| S|CS|TAMS 0x0000000084600000, 0x0000000084600000| Complete 
|  71|0x0000000084700000, 0x0000000084800000, 0x0000000084800000|100%| S|CS|TAMS 0x0000000084700000, 0x0000000084700000| Complete 
|  72|0x0000000084800000, 0x0000000084900000, 0x0000000084900000|100%| S|CS|TAMS 0x0000000084800000, 0x0000000084800000| Complete 
|  73|0x0000000084900000, 0x0000000084a00000, 0x0000000084a00000|100%| S|CS|TAMS 0x0000000084900000, 0x0000000084900000| Complete 
|  74|0x0000000084a00000, 0x0000000084b00000, 0x0000000084b00000|100%| S|CS|TAMS 0x0000000084a00000, 0x0000000084a00000| Complete 
|  75|0x0000000084b00000, 0x0000000084c00000, 0x0000000084c00000|100%| S|CS|TAMS 0x0000000084b00000, 0x0000000084b00000| Complete 
|  76|0x0000000084c00000, 0x0000000084c00000, 0x0000000084d00000|  0%| F|  |TAMS 0x0000000084c00000, 0x0000000084c00000| Untracked 
|  77|0x0000000084d00000, 0x0000000084d00000, 0x0000000084e00000|  0%| F|  |TAMS 0x0000000084d00000, 0x0000000084d00000| Untracked 
|  78|0x0000000084e00000, 0x0000000084e00000, 0x0000000084f00000|  0%| F|  |TAMS 0x0000000084e00000, 0x0000000084e00000| Untracked 
|  79|0x0000000084f00000, 0x0000000084f00000, 0x0000000085000000|  0%| F|  |TAMS 0x0000000084f00000, 0x0000000084f00000| Untracked 
|  80|0x0000000085000000, 0x0000000085000000, 0x0000000085100000|  0%| F|  |TAMS 0x0000000085000000, 0x0000000085000000| Untracked 
|  81|0x0000000085100000, 0x0000000085100000, 0x0000000085200000|  0%| F|  |TAMS 0x0000000085100000, 0x0000000085100000| Untracked 
|  82|0x0000000085200000, 0x0000000085300000, 0x0000000085300000|100%| S|CS|TAMS 0x0000000085200000, 0x0000000085200000| Complete 
|  83|0x0000000085300000, 0x0000000085300000, 0x0000000085400000|  0%| F|  |TAMS 0x0000000085300000, 0x0000000085300000| Untracked 
|  84|0x0000000085400000, 0x0000000085400000, 0x0000000085500000|  0%| F|  |TAMS 0x0000000085400000, 0x0000000085400000| Untracked 
|  85|0x0000000085500000, 0x0000000085500000, 0x0000000085600000|  0%| F|  |TAMS 0x0000000085500000, 0x0000000085500000| Untracked 
|  86|0x0000000085600000, 0x0000000085600000, 0x0000000085700000|  0%| F|  |TAMS 0x0000000085600000, 0x0000000085600000| Untracked 
|  87|0x0000000085700000, 0x0000000085700000, 0x0000000085800000|  0%| F|  |TAMS 0x0000000085700000, 0x0000000085700000| Untracked 
|  88|0x0000000085800000, 0x0000000085800000, 0x0000000085900000|  0%| F|  |TAMS 0x0000000085800000, 0x0000000085800000| Untracked 
|  89|0x0000000085900000, 0x0000000085900000, 0x0000000085a00000|  0%| F|  |TAMS 0x0000000085900000, 0x0000000085900000| Untracked 
|  90|0x0000000085a00000, 0x0000000085a00000, 0x0000000085b00000|  0%| F|  |TAMS 0x0000000085a00000, 0x0000000085a00000| Untracked 
|  91|0x0000000085b00000, 0x0000000085b00000, 0x0000000085c00000|  0%| F|  |TAMS 0x0000000085b00000, 0x0000000085b00000| Untracked 
|  92|0x0000000085c00000, 0x0000000085c00000, 0x0000000085d00000|  0%| F|  |TAMS 0x0000000085c00000, 0x0000000085c00000| Untracked 
|  93|0x0000000085d00000, 0x0000000085d00000, 0x0000000085e00000|  0%| F|  |TAMS 0x0000000085d00000, 0x0000000085d00000| Untracked 
|  94|0x0000000085e00000, 0x0000000085e00000, 0x0000000085f00000|  0%| F|  |TAMS 0x0000000085e00000, 0x0000000085e00000| Untracked 
|  95|0x0000000085f00000, 0x0000000085f00000, 0x0000000086000000|  0%| F|  |TAMS 0x0000000085f00000, 0x0000000085f00000| Untracked 
|  96|0x0000000086000000, 0x0000000086000000, 0x0000000086100000|  0%| F|  |TAMS 0x0000000086000000, 0x0000000086000000| Untracked 
|  97|0x0000000086100000, 0x0000000086100000, 0x0000000086200000|  0%| F|  |TAMS 0x0000000086100000, 0x0000000086100000| Untracked 
|  98|0x0000000086200000, 0x0000000086200000, 0x0000000086300000|  0%| F|  |TAMS 0x0000000086200000, 0x0000000086200000| Untracked 
|  99|0x0000000086300000, 0x0000000086300000, 0x0000000086400000|  0%| F|  |TAMS 0x0000000086300000, 0x0000000086300000| Untracked 
| 100|0x0000000086400000, 0x0000000086400000, 0x0000000086500000|  0%| F|  |TAMS 0x0000000086400000, 0x0000000086400000| Untracked 
| 101|0x0000000086500000, 0x0000000086500000, 0x0000000086600000|  0%| F|  |TAMS 0x0000000086500000, 0x0000000086500000| Untracked 
| 102|0x0000000086600000, 0x0000000086600000, 0x0000000086700000|  0%| F|  |TAMS 0x0000000086600000, 0x0000000086600000| Untracked 
| 103|0x0000000086700000, 0x0000000086700000, 0x0000000086800000|  0%| F|  |TAMS 0x0000000086700000, 0x0000000086700000| Untracked 
| 104|0x0000000086800000, 0x0000000086800000, 0x0000000086900000|  0%| F|  |TAMS 0x0000000086800000, 0x0000000086800000| Untracked 
| 105|0x0000000086900000, 0x0000000086900000, 0x0000000086a00000|  0%| F|  |TAMS 0x0000000086900000, 0x0000000086900000| Untracked 
| 106|0x0000000086a00000, 0x0000000086a00000, 0x0000000086b00000|  0%| F|  |TAMS 0x0000000086a00000, 0x0000000086a00000| Untracked 
| 107|0x0000000086b00000, 0x0000000086b00000, 0x0000000086c00000|  0%| F|  |TAMS 0x0000000086b00000, 0x0000000086b00000| Untracked 
| 108|0x0000000086c00000, 0x0000000086c00000, 0x0000000086d00000|  0%| F|  |TAMS 0x0000000086c00000, 0x0000000086c00000| Untracked 
| 109|0x0000000086d00000, 0x0000000086d00000, 0x0000000086e00000|  0%| F|  |TAMS 0x0000000086d00000, 0x0000000086d00000| Untracked 
| 110|0x0000000086e00000, 0x0000000086e00000, 0x0000000086f00000|  0%| F|  |TAMS 0x0000000086e00000, 0x0000000086e00000| Untracked 
| 111|0x0000000086f00000, 0x0000000086f00000, 0x0000000087000000|  0%| F|  |TAMS 0x0000000086f00000, 0x0000000086f00000| Untracked 
| 112|0x0000000087000000, 0x0000000087000000, 0x0000000087100000|  0%| F|  |TAMS 0x0000000087000000, 0x0000000087000000| Untracked 
| 113|0x0000000087100000, 0x0000000087100000, 0x0000000087200000|  0%| F|  |TAMS 0x0000000087100000, 0x0000000087100000| Untracked 
| 114|0x0000000087200000, 0x0000000087200000, 0x0000000087300000|  0%| F|  |TAMS 0x0000000087200000, 0x0000000087200000| Untracked 
| 115|0x0000000087300000, 0x0000000087300000, 0x0000000087400000|  0%| F|  |TAMS 0x0000000087300000, 0x0000000087300000| Untracked 
| 116|0x0000000087400000, 0x0000000087400000, 0x0000000087500000|  0%| F|  |TAMS 0x0000000087400000, 0x0000000087400000| Untracked 
| 117|0x0000000087500000, 0x0000000087500000, 0x0000000087600000|  0%| F|  |TAMS 0x0000000087500000, 0x0000000087500000| Untracked 
| 118|0x0000000087600000, 0x0000000087600000, 0x0000000087700000|  0%| F|  |TAMS 0x0000000087600000, 0x0000000087600000| Untracked 
| 119|0x0000000087700000, 0x0000000087700000, 0x0000000087800000|  0%| F|  |TAMS 0x0000000087700000, 0x0000000087700000| Untracked 
| 120|0x0000000087800000, 0x0000000087800000, 0x0000000087900000|  0%| F|  |TAMS 0x0000000087800000, 0x0000000087800000| Untracked 
| 121|0x0000000087900000, 0x0000000087900000, 0x0000000087a00000|  0%| F|  |TAMS 0x0000000087900000, 0x0000000087900000| Untracked 
| 122|0x0000000087a00000, 0x0000000087a00000, 0x0000000087b00000|  0%| F|  |TAMS 0x0000000087a00000, 0x0000000087a00000| Untracked 
| 123|0x0000000087b00000, 0x0000000087b00000, 0x0000000087c00000|  0%| F|  |TAMS 0x0000000087b00000, 0x0000000087b00000| Untracked 
| 124|0x0000000087c00000, 0x0000000087c00000, 0x0000000087d00000|  0%| F|  |TAMS 0x0000000087c00000, 0x0000000087c00000| Untracked 
| 125|0x0000000087d00000, 0x0000000087d00000, 0x0000000087e00000|  0%| F|  |TAMS 0x0000000087d00000, 0x0000000087d00000| Untracked 
| 126|0x0000000087e00000, 0x0000000087e00000, 0x0000000087f00000|  0%| F|  |TAMS 0x0000000087e00000, 0x0000000087e00000| Untracked 
| 127|0x0000000087f00000, 0x0000000087f00000, 0x0000000088000000|  0%| F|  |TAMS 0x0000000087f00000, 0x0000000087f00000| Untracked 
| 128|0x0000000088000000, 0x0000000088000000, 0x0000000088100000|  0%| F|  |TAMS 0x0000000088000000, 0x0000000088000000| Untracked 
| 129|0x0000000088100000, 0x0000000088100000, 0x0000000088200000|  0%| F|  |TAMS 0x0000000088100000, 0x0000000088100000| Untracked 
| 130|0x0000000088200000, 0x0000000088200000, 0x0000000088300000|  0%| F|  |TAMS 0x0000000088200000, 0x0000000088200000| Untracked 
| 131|0x0000000088300000, 0x0000000088300000, 0x0000000088400000|  0%| F|  |TAMS 0x0000000088300000, 0x0000000088300000| Untracked 
| 132|0x0000000088400000, 0x0000000088400000, 0x0000000088500000|  0%| F|  |TAMS 0x0000000088400000, 0x0000000088400000| Untracked 
| 133|0x0000000088500000, 0x0000000088500000, 0x0000000088600000|  0%| F|  |TAMS 0x0000000088500000, 0x0000000088500000| Untracked 
| 134|0x0000000088600000, 0x0000000088600000, 0x0000000088700000|  0%| F|  |TAMS 0x0000000088600000, 0x0000000088600000| Untracked 
| 135|0x0000000088700000, 0x0000000088700000, 0x0000000088800000|  0%| F|  |TAMS 0x0000000088700000, 0x0000000088700000| Untracked 
| 136|0x0000000088800000, 0x0000000088800000, 0x0000000088900000|  0%| F|  |TAMS 0x0000000088800000, 0x0000000088800000| Untracked 
| 137|0x0000000088900000, 0x0000000088900000, 0x0000000088a00000|  0%| F|  |TAMS 0x0000000088900000, 0x0000000088900000| Untracked 
| 138|0x0000000088a00000, 0x0000000088a00000, 0x0000000088b00000|  0%| F|  |TAMS 0x0000000088a00000, 0x0000000088a00000| Untracked 
| 139|0x0000000088b00000, 0x0000000088b00000, 0x0000000088c00000|  0%| F|  |TAMS 0x0000000088b00000, 0x0000000088b00000| Untracked 
| 140|0x0000000088c00000, 0x0000000088c00000, 0x0000000088d00000|  0%| F|  |TAMS 0x0000000088c00000, 0x0000000088c00000| Untracked 
| 141|0x0000000088d00000, 0x0000000088d00000, 0x0000000088e00000|  0%| F|  |TAMS 0x0000000088d00000, 0x0000000088d00000| Untracked 
| 142|0x0000000088e00000, 0x0000000088e00000, 0x0000000088f00000|  0%| F|  |TAMS 0x0000000088e00000, 0x0000000088e00000| Untracked 
| 143|0x0000000088f00000, 0x0000000088f00000, 0x0000000089000000|  0%| F|  |TAMS 0x0000000088f00000, 0x0000000088f00000| Untracked 
| 144|0x0000000089000000, 0x0000000089000000, 0x0000000089100000|  0%| F|  |TAMS 0x0000000089000000, 0x0000000089000000| Untracked 
| 145|0x0000000089100000, 0x0000000089100000, 0x0000000089200000|  0%| F|  |TAMS 0x0000000089100000, 0x0000000089100000| Untracked 
| 146|0x0000000089200000, 0x0000000089200000, 0x0000000089300000|  0%| F|  |TAMS 0x0000000089200000, 0x0000000089200000| Untracked 
| 147|0x0000000089300000, 0x0000000089300000, 0x0000000089400000|  0%| F|  |TAMS 0x0000000089300000, 0x0000000089300000| Untracked 
| 148|0x0000000089400000, 0x0000000089400000, 0x0000000089500000|  0%| F|  |TAMS 0x0000000089400000, 0x0000000089400000| Untracked 
| 149|0x0000000089500000, 0x0000000089500000, 0x0000000089600000|  0%| F|  |TAMS 0x0000000089500000, 0x0000000089500000| Untracked 
| 150|0x0000000089600000, 0x0000000089600000, 0x0000000089700000|  0%| F|  |TAMS 0x0000000089600000, 0x0000000089600000| Untracked 
| 151|0x0000000089700000, 0x0000000089700000, 0x0000000089800000|  0%| F|  |TAMS 0x0000000089700000, 0x0000000089700000| Untracked 
| 152|0x0000000089800000, 0x0000000089800000, 0x0000000089900000|  0%| F|  |TAMS 0x0000000089800000, 0x0000000089800000| Untracked 
| 153|0x0000000089900000, 0x0000000089900000, 0x0000000089a00000|  0%| F|  |TAMS 0x0000000089900000, 0x0000000089900000| Untracked 
| 154|0x0000000089a00000, 0x0000000089a00000, 0x0000000089b00000|  0%| F|  |TAMS 0x0000000089a00000, 0x0000000089a00000| Untracked 
| 155|0x0000000089b00000, 0x0000000089b00000, 0x0000000089c00000|  0%| F|  |TAMS 0x0000000089b00000, 0x0000000089b00000| Untracked 
| 156|0x0000000089c00000, 0x0000000089c00000, 0x0000000089d00000|  0%| F|  |TAMS 0x0000000089c00000, 0x0000000089c00000| Untracked 
| 157|0x0000000089d00000, 0x0000000089d00000, 0x0000000089e00000|  0%| F|  |TAMS 0x0000000089d00000, 0x0000000089d00000| Untracked 
| 158|0x0000000089e00000, 0x0000000089e00000, 0x0000000089f00000|  0%| F|  |TAMS 0x0000000089e00000, 0x0000000089e00000| Untracked 
| 159|0x0000000089f00000, 0x0000000089f00000, 0x000000008a000000|  0%| F|  |TAMS 0x0000000089f00000, 0x0000000089f00000| Untracked 
| 160|0x000000008a000000, 0x000000008a000000, 0x000000008a100000|  0%| F|  |TAMS 0x000000008a000000, 0x000000008a000000| Untracked 
| 161|0x000000008a100000, 0x000000008a100000, 0x000000008a200000|  0%| F|  |TAMS 0x000000008a100000, 0x000000008a100000| Untracked 
| 162|0x000000008a200000, 0x000000008a200000, 0x000000008a300000|  0%| F|  |TAMS 0x000000008a200000, 0x000000008a200000| Untracked 
| 163|0x000000008a300000, 0x000000008a300000, 0x000000008a400000|  0%| F|  |TAMS 0x000000008a300000, 0x000000008a300000| Untracked 
| 164|0x000000008a400000, 0x000000008a400000, 0x000000008a500000|  0%| F|  |TAMS 0x000000008a400000, 0x000000008a400000| Untracked 
| 165|0x000000008a500000, 0x000000008a500000, 0x000000008a600000|  0%| F|  |TAMS 0x000000008a500000, 0x000000008a500000| Untracked 

Card table byte_map: [0x000002a4d95f0000,0x000002a4d99f0000] _byte_map_base: 0x000002a4d91f0000

Marking Bits (Prev, Next): (CMBitMap*) 0x000002a4c6740da0, (CMBitMap*) 0x000002a4c6740d68
 Prev Bits: [0x000002a4dbdf0000, 0x000002a4dddf0000)
 Next Bits: [0x000002a4d9df0000, 0x000002a4dbdf0000)

Polling page: 0x000002a4c4890000

Metaspace:

Usage:
  Non-class:     36.56 MB capacity,    35.93 MB ( 98%) used,   545.36 KB (  1%) free+waste,   103.75 KB ( <1%) overhead. 
      Class:      5.67 MB capacity,     5.26 MB ( 93%) used,   366.30 KB (  6%) free+waste,    50.13 KB ( <1%) overhead. 
       Both:     42.23 MB capacity,    41.19 MB ( 98%) used,   911.66 KB (  2%) free+waste,   153.88 KB ( <1%) overhead. 

Virtual space:
  Non-class space:       38.00 MB reserved,      36.67 MB ( 97%) committed 
      Class space:        1.00 GB reserved,       5.75 MB ( <1%) committed 
             Both:        1.04 GB reserved,      42.42 MB (  4%) committed 

Chunk freelists:
   Non-Class:  47.00 KB
       Class:  19.00 KB
        Both:  66.00 KB

MaxMetaspaceSize: 17179869184.00 GB
CompressedClassSpaceSize: 1.00 GB

CodeHeap 'non-profiled nmethods': size=120064Kb used=2765Kb max_used=2765Kb free=117298Kb
 bounds [0x000002a4d1cb0000, 0x000002a4d1f70000, 0x000002a4d91f0000]
CodeHeap 'profiled nmethods': size=120000Kb used=9160Kb max_used=9160Kb free=110839Kb
 bounds [0x000002a4ca780000, 0x000002a4cb080000, 0x000002a4d1cb0000]
CodeHeap 'non-nmethods': size=5696Kb used=2208Kb max_used=2296Kb free=3487Kb
 bounds [0x000002a4ca1f0000, 0x000002a4ca460000, 0x000002a4ca780000]
 total_blobs=4986 nmethods=4211 adapters=685
 compilation: enabled
              stopped_count=0, restarted_count=0
 full_count=0

Compilation events (20 events):
Event: 91.523 Thread 0x000002a4e0316000 nmethod 4338 0x000002a4d1f4ae10 code [0x000002a4d1f4b5c0, 0x000002a4d1f57540]
Event: 91.528 Thread 0x000002a4e0316000 4341       4       java.util.Arrays::binarySearch0 (83 bytes)
Event: 91.541 Thread 0x000002a4e0316000 nmethod 4341 0x000002a4d1f5c310 code [0x000002a4d1f5c4c0, 0x000002a4d1f5c698]
Event: 91.542 Thread 0x000002a4e0316000 3964       4       org.objectweb.asm.ClassReader::readUtf (44 bytes)
Event: 91.558 Thread 0x000002a4e0316000 nmethod 3964 0x000002a4d1f5c910 code [0x000002a4d1f5cac0, 0x000002a4d1f5cd68]
Event: 91.558 Thread 0x000002a4e0316000 3990       4       org.objectweb.asm.ClassReader::readUTF8 (23 bytes)
Event: 91.577 Thread 0x000002a4e0316000 nmethod 3990 0x000002a4d1f5cf90 code [0x000002a4d1f5d140, 0x000002a4d1f5d468]
Event: 91.577 Thread 0x000002a4e0316000 4036       4       java.lang.String::replace (149 bytes)
Event: 91.629 Thread 0x000002a4e0316000 nmethod 4036 0x000002a4d1f5d710 code [0x000002a4d1f5d920, 0x000002a4d1f5e120]
Event: 91.629 Thread 0x000002a4e0316000 4056       4       org.objectweb.asm.MethodVisitor::visitVarInsn (17 bytes)
Event: 91.741 Thread 0x000002a4e0316000 nmethod 4056 0x000002a4d1f5e710 code [0x000002a4d1f5e960, 0x000002a4d1f5fae0]
Event: 91.742 Thread 0x000002a4e0316000 4059       4       org.objectweb.asm.ByteVector::put12 (64 bytes)
Event: 91.773 Thread 0x000002a4e0316000 nmethod 4059 0x000002a4d1f60390 code [0x000002a4d1f60540, 0x000002a4d1f609d8]
Event: 91.774 Thread 0x000002a4e0316000 4094       4       org.objectweb.asm.MethodVisitor::visitInsn (16 bytes)
Event: 91.967 Thread 0x000002a4e0316000 nmethod 4094 0x000002a4d1f60b90 code [0x000002a4d1f60e00, 0x000002a4d1f62280]
Event: 91.968 Thread 0x000002a4e0316000 4070       4       org.objectweb.asm.MethodVisitor::visitLabel (16 bytes)
Event: 91.974 Thread 0x000002a4e0316000 nmethod 4070 0x000002a4d1f62c10 code [0x000002a4d1f62de0, 0x000002a4d1f62f28]
Event: 91.974 Thread 0x000002a4e0316000 3828       4       org.objectweb.asm.ClassReader::readInt (52 bytes)
Event: 91.978 Thread 0x000002a4e0316000 nmethod 3828 0x000002a4d1f63110 code [0x000002a4d1f632a0, 0x000002a4d1f63398]
Event: 91.978 Thread 0x000002a4e0316000 4134       4       org.objectweb.asm.MethodVisitor::visitMethodInsn (80 bytes)

GC Heap History (20 events):
Event: 68.088 GC heap after
{Heap after GC invocations=48 (full 0):
 garbage-first heap   total 110592K, used 51211K [0x0000000080000000, 0x0000000100000000)
  region size 1024K, 2 young (2048K), 2 survivors (2048K)
 Metaspace       used 42172K, capacity 43246K, committed 43440K, reserved 1087488K
  class space    used 5388K, capacity 5805K, committed 5888K, reserved 1048576K
}
Event: 69.294 GC heap before
{Heap before GC invocations=48 (full 0):
 garbage-first heap   total 110592K, used 83979K [0x0000000080000000, 0x0000000100000000)
  region size 1024K, 34 young (34816K), 2 survivors (2048K)
 Metaspace       used 42172K, capacity 43246K, committed 43440K, reserved 1087488K
  class space    used 5388K, capacity 5805K, committed 5888K, reserved 1048576K
}
Event: 69.308 GC heap after
{Heap after GC invocations=49 (full 0):
 garbage-first heap   total 141312K, used 51582K [0x0000000080000000, 0x0000000100000000)
  region size 1024K, 2 young (2048K), 2 survivors (2048K)
 Metaspace       used 42172K, capacity 43246K, committed 43440K, reserved 1087488K
  class space    used 5388K, capacity 5805K, committed 5888K, reserved 1048576K
}
Event: 71.119 GC heap before
{Heap before GC invocations=50 (full 0):
 garbage-first heap   total 141312K, used 93566K [0x0000000080000000, 0x0000000100000000)
  region size 1024K, 43 young (44032K), 2 survivors (2048K)
 Metaspace       used 42176K, capacity 43246K, committed 43440K, reserved 1087488K
  class space    used 5388K, capacity 5805K, committed 5888K, reserved 1048576K
}
Event: 71.131 GC heap after
{Heap after GC invocations=51 (full 0):
 garbage-first heap   total 141312K, used 52132K [0x0000000080000000, 0x0000000100000000)
  region size 1024K, 3 young (3072K), 3 survivors (3072K)
 Metaspace       used 42176K, capacity 43246K, committed 43440K, reserved 1087488K
  class space    used 5388K, capacity 5805K, committed 5888K, reserved 1048576K
}
Event: 72.159 GC heap before
{Heap before GC invocations=51 (full 0):
 garbage-first heap   total 141312K, used 100260K [0x0000000080000000, 0x0000000100000000)
  region size 1024K, 50 young (51200K), 3 survivors (3072K)
 Metaspace       used 42176K, capacity 43246K, committed 43440K, reserved 1087488K
  class space    used 5388K, capacity 5805K, committed 5888K, reserved 1048576K
}
Event: 72.167 GC heap after
{Heap after GC invocations=52 (full 0):
 garbage-first heap   total 141312K, used 52827K [0x0000000080000000, 0x0000000100000000)
  region size 1024K, 3 young (3072K), 3 survivors (3072K)
 Metaspace       used 42176K, capacity 43246K, committed 43440K, reserved 1087488K
  class space    used 5388K, capacity 5805K, committed 5888K, reserved 1048576K
}
Event: 73.685 GC heap before
{Heap before GC invocations=52 (full 0):
 garbage-first heap   total 141312K, used 115291K [0x0000000080000000, 0x0000000100000000)
  region size 1024K, 64 young (65536K), 3 survivors (3072K)
 Metaspace       used 42177K, capacity 43246K, committed 43440K, reserved 1087488K
  class space    used 5388K, capacity 5805K, committed 5888K, reserved 1048576K
}
Event: 73.695 GC heap after
{Heap after GC invocations=53 (full 0):
 garbage-first heap   total 141312K, used 54003K [0x0000000080000000, 0x0000000100000000)
  region size 1024K, 4 young (4096K), 4 survivors (4096K)
 Metaspace       used 42177K, capacity 43246K, committed 43440K, reserved 1087488K
  class space    used 5388K, capacity 5805K, committed 5888K, reserved 1048576K
}
Event: 76.343 GC heap before
{Heap before GC invocations=53 (full 0):
 garbage-first heap   total 141312K, used 116467K [0x0000000080000000, 0x0000000100000000)
  region size 1024K, 65 young (66560K), 4 survivors (4096K)
 Metaspace       used 42177K, capacity 43246K, committed 43440K, reserved 1087488K
  class space    used 5388K, capacity 5805K, committed 5888K, reserved 1048576K
}
Event: 76.367 GC heap after
{Heap after GC invocations=54 (full 0):
 garbage-first heap   total 169984K, used 54541K [0x0000000080000000, 0x0000000100000000)
  region size 1024K, 5 young (5120K), 5 survivors (5120K)
 Metaspace       used 42177K, capacity 43246K, committed 43440K, reserved 1087488K
  class space    used 5388K, capacity 5805K, committed 5888K, reserved 1048576K
}
Event: 78.969 GC heap before
{Heap before GC invocations=54 (full 0):
 garbage-first heap   total 169984K, used 125197K [0x0000000080000000, 0x0000000100000000)
  region size 1024K, 74 young (75776K), 5 survivors (5120K)
 Metaspace       used 42179K, capacity 43246K, committed 43440K, reserved 1087488K
  class space    used 5388K, capacity 5805K, committed 5888K, reserved 1048576K
}
Event: 78.982 GC heap after
{Heap after GC invocations=55 (full 0):
 garbage-first heap   total 169984K, used 55676K [0x0000000080000000, 0x0000000100000000)
  region size 1024K, 6 young (6144K), 6 survivors (6144K)
 Metaspace       used 42179K, capacity 43246K, committed 43440K, reserved 1087488K
  class space    used 5388K, capacity 5805K, committed 5888K, reserved 1048576K
}
Event: 81.140 GC heap before
{Heap before GC invocations=55 (full 0):
 garbage-first heap   total 169984K, used 134524K [0x0000000080000000, 0x0000000100000000)
  region size 1024K, 83 young (84992K), 6 survivors (6144K)
 Metaspace       used 42179K, capacity 43246K, committed 43440K, reserved 1087488K
  class space    used 5388K, capacity 5805K, committed 5888K, reserved 1048576K
}
Event: 81.169 GC heap after
{Heap after GC invocations=56 (full 0):
 garbage-first heap   total 169984K, used 56573K [0x0000000080000000, 0x0000000100000000)
  region size 1024K, 7 young (7168K), 7 survivors (7168K)
 Metaspace       used 42179K, capacity 43246K, committed 43440K, reserved 1087488K
  class space    used 5388K, capacity 5805K, committed 5888K, reserved 1048576K
}
Event: 85.745 GC heap before
{Heap before GC invocations=56 (full 0):
 garbage-first heap   total 169984K, used 141565K [0x0000000080000000, 0x0000000100000000)
  region size 1024K, 90 young (92160K), 7 survivors (7168K)
 Metaspace       used 42180K, capacity 43246K, committed 43440K, reserved 1087488K
  class space    used 5388K, capacity 5805K, committed 5888K, reserved 1048576K
}
Event: 85.778 GC heap after
{Heap after GC invocations=57 (full 0):
 garbage-first heap   total 169984K, used 57398K [0x0000000080000000, 0x0000000100000000)
  region size 1024K, 8 young (8192K), 8 survivors (8192K)
 Metaspace       used 42180K, capacity 43246K, committed 43440K, reserved 1087488K
  class space    used 5388K, capacity 5805K, committed 5888K, reserved 1048576K
}
Event: 88.778 GC heap before
{Heap before GC invocations=57 (full 0):
 garbage-first heap   total 169984K, used 143414K [0x0000000080000000, 0x0000000100000000)
  region size 1024K, 92 young (94208K), 8 survivors (8192K)
 Metaspace       used 42180K, capacity 43246K, committed 43440K, reserved 1087488K
  class space    used 5388K, capacity 5805K, committed 5888K, reserved 1048576K
}
Event: 88.812 GC heap after
{Heap after GC invocations=58 (full 0):
 garbage-first heap   total 169984K, used 58581K [0x0000000080000000, 0x0000000100000000)
  region size 1024K, 8 young (8192K), 8 survivors (8192K)
 Metaspace       used 42180K, capacity 43246K, committed 43440K, reserved 1087488K
  class space    used 5388K, capacity 5805K, committed 5888K, reserved 1048576K
}
Event: 92.444 GC heap before
{Heap before GC invocations=58 (full 0):
 garbage-first heap   total 169984K, used 143573K [0x0000000080000000, 0x0000000100000000)
  region size 1024K, 91 young (93184K), 8 survivors (8192K)
 Metaspace       used 42180K, capacity 43246K, committed 43440K, reserved 1087488K
  class space    used 5388K, capacity 5805K, committed 5888K, reserved 1048576K
}

Deoptimization events (20 events):
Event: 81.859 Thread 0x000002a4e105b000 DEOPT PACKING pc=0x000002a4cafcacae sp=0x000000c5375feaa0
Event: 81.859 Thread 0x000002a4e105b000 DEOPT UNPACKING pc=0x000002a4ca2176ce sp=0x000000c5375fdfc0 mode 0
Event: 81.977 Thread 0x000002a4e105b000 DEOPT PACKING pc=0x000002a4cafcacae sp=0x000000c5375feaa0
Event: 81.977 Thread 0x000002a4e105b000 DEOPT UNPACKING pc=0x000002a4ca2176ce sp=0x000000c5375fdfc0 mode 0
Event: 82.082 Thread 0x000002a4e105b000 DEOPT PACKING pc=0x000002a4cafcacae sp=0x000000c5375feaa0
Event: 82.082 Thread 0x000002a4e105b000 DEOPT UNPACKING pc=0x000002a4ca2176ce sp=0x000000c5375fdfc0 mode 0
Event: 82.165 Thread 0x000002a4e105b000 DEOPT PACKING pc=0x000002a4cafcacae sp=0x000000c5375feaa0
Event: 82.165 Thread 0x000002a4e105b000 DEOPT UNPACKING pc=0x000002a4ca2176ce sp=0x000000c5375fdfc0 mode 0
Event: 82.300 Thread 0x000002a4e105b000 DEOPT PACKING pc=0x000002a4cafcacae sp=0x000000c5375feaa0
Event: 82.300 Thread 0x000002a4e105b000 DEOPT UNPACKING pc=0x000002a4ca2176ce sp=0x000000c5375fdfc0 mode 0
Event: 82.382 Thread 0x000002a4e105b000 DEOPT PACKING pc=0x000002a4cafcacae sp=0x000000c5375feaa0
Event: 82.382 Thread 0x000002a4e105b000 DEOPT UNPACKING pc=0x000002a4ca2176ce sp=0x000000c5375fdfc0 mode 0
Event: 82.525 Thread 0x000002a4e105b000 DEOPT PACKING pc=0x000002a4cafcacae sp=0x000000c5375feaa0
Event: 82.525 Thread 0x000002a4e105b000 DEOPT UNPACKING pc=0x000002a4ca2176ce sp=0x000000c5375fdfc0 mode 0
Event: 82.645 Thread 0x000002a4e105b000 DEOPT PACKING pc=0x000002a4cafcacae sp=0x000000c5375feaa0
Event: 82.645 Thread 0x000002a4e105b000 DEOPT UNPACKING pc=0x000002a4ca2176ce sp=0x000000c5375fdfc0 mode 0
Event: 82.738 Thread 0x000002a4e105b000 DEOPT PACKING pc=0x000002a4cafcacae sp=0x000000c5375feaa0
Event: 82.738 Thread 0x000002a4e105b000 DEOPT UNPACKING pc=0x000002a4ca2176ce sp=0x000000c5375fdfc0 mode 0
Event: 88.904 Thread 0x000002a4e105b000 DEOPT PACKING pc=0x000002a4caff00b8 sp=0x000000c5375fe9c0
Event: 88.904 Thread 0x000002a4e105b000 DEOPT UNPACKING pc=0x000002a4ca2176ce sp=0x000000c5375fde48 mode 0

Classes redefined (0 events):
No events

Internal exceptions (20 events):
Event: 60.251 Thread 0x000002a4e106d000 Exception <a 'java/lang/ClassNotFoundException'{0x0000000083be2ee8}: groovy/lang/ClosureCustomizer> (0x0000000083be2ee8) thrown at [./src/hotspot/share/classfile/systemDictionary.cpp, line 231]
Event: 60.274 Thread 0x000002a4e106d000 Exception <a 'java/lang/ClassNotFoundException'{0x0000000083a34fa0}: groovy/lang/Closure$1Customizer> (0x0000000083a34fa0) thrown at [./src/hotspot/share/classfile/systemDictionary.cpp, line 231]
Event: 60.854 Thread 0x000002a4e106d000 Exception <a 'java/lang/ClassNotFoundException'{0x0000000083eb0800}: org/gradle/internal/metaobject/ConfigureDelegateBeanInfo> (0x0000000083eb0800) thrown at [./src/hotspot/share/classfile/systemDictionary.cpp, line 231]
Event: 60.857 Thread 0x000002a4e106d000 Exception <a 'java/lang/ClassNotFoundException'{0x0000000083ed2b30}: org/gradle/internal/metaobject/ConfigureDelegateCustomizer> (0x0000000083ed2b30) thrown at [./src/hotspot/share/classfile/systemDictionary.cpp, line 231]
Event: 60.899 Thread 0x000002a4e106d000 Exception <a 'java/lang/ClassNotFoundException'{0x0000000083d438e8}: org/gradle/api/internal/initialization/DefaultScriptHandlerBeanInfo> (0x0000000083d438e8) thrown at [./src/hotspot/share/classfile/systemDictionary.cpp, line 231]
Event: 60.903 Thread 0x000002a4e106d000 Exception <a 'java/lang/ClassNotFoundException'{0x0000000083d69e38}: org/gradle/api/internal/initialization/DefaultScriptHandlerCustomizer> (0x0000000083d69e38) thrown at [./src/hotspot/share/classfile/systemDictionary.cpp, line 231]
Event: 61.620 Thread 0x000002a4e106d000 Exception <a 'java/lang/ClassNotFoundException'{0x00000000832c8850}: org/gradle/api/internal/artifacts/dsl/dependencies/DefaultDependencyHandler_DecoratedBeanInfo> (0x00000000832c8850) thrown at [./src/hotspot/share/classfile/systemDictionary.cpp, line 231]
Event: 61.626 Thread 0x000002a4e106d000 Exception <a 'java/lang/ClassNotFoundException'{0x0000000083105cf0}: org/gradle/api/internal/artifacts/dsl/dependencies/DefaultDependencyHandlerBeanInfo> (0x0000000083105cf0) thrown at [./src/hotspot/share/classfile/systemDictionary.cpp, line 231]
Event: 61.643 Thread 0x000002a4e106d000 Exception <a 'java/lang/ClassNotFoundException'{0x000000008313f958}: org/gradle/api/internal/artifacts/dsl/dependencies/DefaultDependencyHandlerCustomizer> (0x000000008313f958) thrown at [./src/hotspot/share/classfile/systemDictionary.cpp, line 231]
Event: 61.672 Thread 0x000002a4e106d000 Exception <a 'java/lang/ClassNotFoundException'{0x00000000831a30e8}: org/gradle/api/internal/artifacts/dsl/dependencies/DefaultDependencyHandler_DecoratedCustomizer> (0x00000000831a30e8) thrown at [./src/hotspot/share/classfile/systemDictionary.cpp, line 231]
Event: 61.807 Thread 0x000002a4e106d000 Exception <a 'java/lang/NoSuchMethodError'{0x00000000830836a8}: 'int java.lang.invoke.DirectMethodHandle$Holder.invokeVirtual(java.lang.Object, java.lang.Object)'> (0x00000000830836a8) thrown at [./src/hotspot/share/interpreter/linkResolver.cpp, line 773]
Event: 61.941 Thread 0x000002a4e106d000 Exception <a 'java/lang/NoSuchMethodError'{0x0000000082fd9638}: 'java.lang.Object java.lang.invoke.DirectMethodHandle$Holder.invokeStatic(java.lang.Object, java.lang.Object, int, java.lang.Object)'> (0x0000000082fd9638) thrown at [./src/hotspot/share/interpreter/linkResolver.cpp, line 773]
Event: 61.943 Thread 0x000002a4e106d000 Exception <a 'java/lang/NoSuchMethodError'{0x0000000082fe0628}: 'java.lang.Object java.lang.invoke.Invokers$Holder.linkToTargetMethod(java.lang.Object, int, java.lang.Object, java.lang.Object)'> (0x0000000082fe0628) thrown at [./src/hotspot/share/interpreter/linkResolver.cpp, line 773]
Event: 62.730 Thread 0x000002a4e106d000 Exception <a 'java/lang/IncompatibleClassChangeError'{0x0000000083332e90}: Found class java.lang.Object, but interface was expected> (0x0000000083332e90) thrown at [./src/hotspot/share/interpreter/linkResolver.cpp, line 839]
Event: 62.840 Thread 0x000002a4e106d000 Exception <a 'java/lang/NoSuchMethodError'{0x00000000832e35d0}: 'java.lang.Object java.lang.invoke.Invokers$Holder.linkToTargetMethod(java.lang.Object, int, java.lang.Object)'> (0x00000000832e35d0) thrown at [./src/hotspot/share/interpreter/linkResolver.cpp, line 773]
Event: 63.100 Thread 0x000002a4e106d000 Exception <a 'java/lang/NoSuchMethodError'{0x0000000083cf92b8}: 'int java.lang.invoke.DirectMethodHandle$Holder.invokeStaticInit(java.lang.Object)'> (0x0000000083cf92b8) thrown at [./src/hotspot/share/interpreter/linkResolver.cpp, line 773]
Event: 63.313 Thread 0x000002a4e2d1f800 Exception <a 'sun/nio/fs/WindowsException'{0x0000000083a4c440}> (0x0000000083a4c440) thrown at [./src/hotspot/share/prims/jni.cpp, line 615]
Event: 63.940 Thread 0x000002a4e105b000 Exception <a 'sun/nio/fs/WindowsException'{0x0000000083d625d0}> (0x0000000083d625d0) thrown at [./src/hotspot/share/prims/jni.cpp, line 615]
Event: 66.600 Thread 0x000002a4e2d1f800 Exception <a 'sun/nio/fs/WindowsException'{0x00000000858ce2e0}> (0x00000000858ce2e0) thrown at [./src/hotspot/share/prims/jni.cpp, line 615]
Event: 66.606 Thread 0x000002a4e2d1f800 Exception <a 'sun/nio/fs/WindowsException'{0x00000000858ce478}> (0x00000000858ce478) thrown at [./src/hotspot/share/prims/jni.cpp, line 615]

Events (20 events):
Event: 71.119 Executing VM operation: G1CollectForAllocation
Event: 71.131 Executing VM operation: G1CollectForAllocation done
Event: 72.158 Executing VM operation: G1CollectForAllocation
Event: 72.167 Executing VM operation: G1CollectForAllocation done
Event: 73.685 Executing VM operation: G1CollectForAllocation
Event: 73.695 Executing VM operation: G1CollectForAllocation done
Event: 76.343 Executing VM operation: G1CollectForAllocation
Event: 76.367 Executing VM operation: G1CollectForAllocation done
Event: 78.968 Executing VM operation: G1CollectForAllocation
Event: 78.982 Executing VM operation: G1CollectForAllocation done
Event: 81.140 Executing VM operation: G1CollectForAllocation
Event: 81.169 Executing VM operation: G1CollectForAllocation done
Event: 83.221 Executing VM operation: RevokeBias
Event: 83.222 Executing VM operation: RevokeBias done
Event: 83.222 Thread 0x000002a4e0cee800 Thread exited: 0x000002a4e0cee800
Event: 85.745 Executing VM operation: G1CollectForAllocation
Event: 85.778 Executing VM operation: G1CollectForAllocation done
Event: 88.778 Executing VM operation: G1CollectForAllocation
Event: 88.812 Executing VM operation: G1CollectForAllocation done
Event: 92.443 Executing VM operation: G1CollectForAllocation


Dynamic libraries:
0x00007ff61e4d0000 - 0x00007ff61e4da000 	C:\Program Files\Android\Android Studio\jre\bin\java.exe
0x00007ffd7f690000 - 0x00007ffd7f885000 	C:\WINDOWS\SYSTEM32\ntdll.dll
0x00007ffd7f590000 - 0x00007ffd7f64e000 	C:\WINDOWS\System32\KERNEL32.DLL
0x00007ffd7cfc0000 - 0x00007ffd7d288000 	C:\WINDOWS\System32\KERNELBASE.dll
0x00007ffd7d430000 - 0x00007ffd7d530000 	C:\WINDOWS\System32\ucrtbase.dll
0x00007ffd6f0c0000 - 0x00007ffd6f0d9000 	C:\Program Files\Android\Android Studio\jre\bin\jli.dll
0x00007ffd7e6e0000 - 0x00007ffd7e881000 	C:\WINDOWS\System32\USER32.dll
0x00007ffd7cda0000 - 0x00007ffd7cdc2000 	C:\WINDOWS\System32\win32u.dll
0x00007ffd7d780000 - 0x00007ffd7d7ab000 	C:\WINDOWS\System32\GDI32.dll
0x00007ffd7d2f0000 - 0x00007ffd7d3fd000 	C:\WINDOWS\System32\gdi32full.dll
0x00007ffd7d630000 - 0x00007ffd7d6cd000 	C:\WINDOWS\System32\msvcp_win.dll
0x00007ffd6b380000 - 0x00007ffd6b61a000 	C:\WINDOWS\WinSxS\amd64_microsoft.windows.common-controls_6595b64144ccf1df_6.0.19041.1110_none_60b5254171f9507e\COMCTL32.dll
0x00007ffd7d890000 - 0x00007ffd7d92e000 	C:\WINDOWS\System32\msvcrt.dll
0x00007ffd6f020000 - 0x00007ffd6f037000 	C:\Program Files\Android\Android Studio\jre\bin\VCRUNTIME140.dll
0x00007ffd7dc30000 - 0x00007ffd7dc60000 	C:\WINDOWS\System32\IMM32.DLL
0x00007ffd54c00000 - 0x00007ffd54c9d000 	C:\Program Files\Android\Android Studio\jre\bin\msvcp140.dll
0x00007ffd3a820000 - 0x00007ffd3b2ef000 	C:\Program Files\Android\Android Studio\jre\bin\server\jvm.dll
0x00007ffd7e890000 - 0x00007ffd7e93e000 	C:\WINDOWS\System32\ADVAPI32.dll
0x00007ffd7db90000 - 0x00007ffd7dc2c000 	C:\WINDOWS\System32\sechost.dll
0x00007ffd7e0a0000 - 0x00007ffd7e1c5000 	C:\WINDOWS\System32\RPCRT4.dll
0x00007ffd7da60000 - 0x00007ffd7da68000 	C:\WINDOWS\System32\PSAPI.DLL
0x00007ffd6cdc0000 - 0x00007ffd6cde7000 	C:\WINDOWS\SYSTEM32\WINMM.dll
0x00007ffd71660000 - 0x00007ffd7166a000 	C:\WINDOWS\SYSTEM32\VERSION.dll
0x00007ffd6efa0000 - 0x00007ffd6efa9000 	C:\WINDOWS\SYSTEM32\WSOCK32.dll
0x00007ffd7dc60000 - 0x00007ffd7dccb000 	C:\WINDOWS\System32\WS2_32.dll
0x00007ffd7b5e0000 - 0x00007ffd7b5f2000 	C:\WINDOWS\SYSTEM32\kernel.appcore.dll
0x00007ffd6ef80000 - 0x00007ffd6ef91000 	C:\Program Files\Android\Android Studio\jre\bin\verify.dll
0x00007ffd74140000 - 0x00007ffd74324000 	C:\WINDOWS\SYSTEM32\DBGHELP.DLL
0x00007ffd68570000 - 0x00007ffd6859c000 	C:\WINDOWS\SYSTEM32\dbgcore.DLL
0x00007ffd7cdd0000 - 0x00007ffd7ce52000 	C:\WINDOWS\System32\bcryptPrimitives.dll
0x00007ffd50b10000 - 0x00007ffd50b39000 	C:\Program Files\Android\Android Studio\jre\bin\java.dll
0x00007ffd6ef70000 - 0x00007ffd6ef7b000 	C:\Program Files\Android\Android Studio\jre\bin\jimage.dll
0x00007ffd4fd40000 - 0x00007ffd4fd58000 	C:\Program Files\Android\Android Studio\jre\bin\zip.dll
0x00007ffd7ee40000 - 0x00007ffd7f584000 	C:\WINDOWS\System32\SHELL32.dll
0x00007ffd7ac40000 - 0x00007ffd7b3d5000 	C:\WINDOWS\SYSTEM32\windows.storage.dll
0x00007ffd7dcd0000 - 0x00007ffd7e025000 	C:\WINDOWS\System32\combase.dll
0x00007ffd7c780000 - 0x00007ffd7c7ae000 	C:\WINDOWS\SYSTEM32\Wldp.dll
0x00007ffd7d9b0000 - 0x00007ffd7da5d000 	C:\WINDOWS\System32\SHCORE.dll
0x00007ffd7d7b0000 - 0x00007ffd7d805000 	C:\WINDOWS\System32\shlwapi.dll
0x00007ffd7cce0000 - 0x00007ffd7ccff000 	C:\WINDOWS\SYSTEM32\profapi.dll
0x00007ffd4f9b0000 - 0x00007ffd4f9ca000 	C:\Program Files\Android\Android Studio\jre\bin\net.dll
0x00007ffd70e80000 - 0x00007ffd70f8c000 	C:\WINDOWS\SYSTEM32\WINHTTP.dll
0x00007ffd7c460000 - 0x00007ffd7c4ca000 	C:\WINDOWS\system32\mswsock.dll
0x00007ffd4f990000 - 0x00007ffd4f9a4000 	C:\Program Files\Android\Android Studio\jre\bin\nio.dll
0x00007ffd6ea20000 - 0x00007ffd6ea47000 	C:\Users\JC\.gradle\native\8bec1ad78214c89d9ad589b4d07fe93259594b29d510b10fafb7a158f7737e5d\windows-amd64\native-platform.dll
0x00007ffd4f6f0000 - 0x00007ffd4f82d000 	C:\Users\JC\.gradle\native\53dbd7edfb1c66fb8903c78663c9afc45aea4f116125fa6feffd364cf09443e8\windows-amd64\native-platform-file-events.dll
0x00007ffd6ef60000 - 0x00007ffd6ef6a000 	C:\Program Files\Android\Android Studio\jre\bin\management.dll
0x00007ffd56600000 - 0x00007ffd5660c000 	C:\Program Files\Android\Android Studio\jre\bin\management_ext.dll
0x00007ffd7c680000 - 0x00007ffd7c698000 	C:\WINDOWS\SYSTEM32\CRYPTSP.dll
0x00007ffd7bdc0000 - 0x00007ffd7bdf4000 	C:\WINDOWS\system32\rsaenh.dll
0x00007ffd7d400000 - 0x00007ffd7d427000 	C:\WINDOWS\System32\bcrypt.dll
0x00007ffd7cc60000 - 0x00007ffd7cc8e000 	C:\WINDOWS\SYSTEM32\USERENV.dll
0x00007ffd7c670000 - 0x00007ffd7c67c000 	C:\WINDOWS\SYSTEM32\CRYPTBASE.dll
0x00007ffd7c150000 - 0x00007ffd7c18b000 	C:\WINDOWS\SYSTEM32\IPHLPAPI.DLL
0x00007ffd7e090000 - 0x00007ffd7e098000 	C:\WINDOWS\System32\NSI.dll
0x00007ffd71ab0000 - 0x00007ffd71ac7000 	C:\WINDOWS\SYSTEM32\dhcpcsvc6.DLL
0x00007ffd71a90000 - 0x00007ffd71aad000 	C:\WINDOWS\SYSTEM32\dhcpcsvc.DLL
0x00007ffd7c190000 - 0x00007ffd7c25b000 	C:\WINDOWS\SYSTEM32\DNSAPI.dll

dbghelp: loaded successfully - version: 4.0.5 - missing functions: none
symbol engine: initialized successfully - sym options: 0x614 - pdb path: .;C:\Program Files\Android\Android Studio\jre\bin;C:\WINDOWS\SYSTEM32;C:\WINDOWS\WinSxS\amd64_microsoft.windows.common-controls_6595b64144ccf1df_6.0.19041.1110_none_60b5254171f9507e;C:\Program Files\Android\Android Studio\jre\bin\server;C:\Users\JC\.gradle\native\8bec1ad78214c89d9ad589b4d07fe93259594b29d510b10fafb7a158f7737e5d\windows-amd64;C:\Users\JC\.gradle\native\53dbd7edfb1c66fb8903c78663c9afc45aea4f116125fa6feffd364cf09443e8\windows-amd64

VM Arguments:
jvm_args: --add-opens=java.base/java.util=ALL-UNNAMED --add-opens=java.base/java.lang=ALL-UNNAMED --add-opens=java.base/java.lang.invoke=ALL-UNNAMED --add-opens=java.base/java.util=ALL-UNNAMED --add-opens=java.prefs/java.util.prefs=ALL-UNNAMED --add-opens=java.prefs/java.util.prefs=ALL-UNNAMED --add-opens=java.base/java.nio.charset=ALL-UNNAMED --add-opens=java.base/java.net=ALL-UNNAMED --add-opens=java.base/java.util.concurrent.atomic=ALL-UNNAMED -Xmx2048m -Dfile.encoding=UTF-8 -Duser.country=ES -Duser.language=es -Duser.variant 
java_command: org.gradle.launcher.daemon.bootstrap.GradleDaemon 7.0.2
java_class_path (initial): C:\Users\JC\.gradle\wrapper\dists\gradle-7.0.2-bin\857tjihv64xamwrf0h14cai3r\gradle-7.0.2\lib\gradle-launcher-7.0.2.jar
Launcher Type: SUN_STANDARD

[Global flags]
     intx CICompilerCount                          = 3                                         {product} {ergonomic}
     uint ConcGCThreads                            = 1                                         {product} {ergonomic}
     uint G1ConcRefinementThreads                  = 4                                         {product} {ergonomic}
   size_t G1HeapRegionSize                         = 1048576                                   {product} {ergonomic}
    uintx GCDrainStackTargetSize                   = 64                                        {product} {ergonomic}
   size_t InitialHeapSize                          = 67108864                                  {product} {ergonomic}
   size_t MarkStackSize                            = 4194304                                   {product} {ergonomic}
   size_t MaxHeapSize                              = 2147483648                                {product} {command line}
   size_t MaxNewSize                               = 1287651328                                {product} {ergonomic}
   size_t MinHeapDeltaBytes                        = 1048576                                   {product} {ergonomic}
    uintx NonNMethodCodeHeapSize                   = 5830732                                {pd product} {ergonomic}
    uintx NonProfiledCodeHeapSize                  = 122913754                              {pd product} {ergonomic}
    uintx ProfiledCodeHeapSize                     = 122913754                              {pd product} {ergonomic}
    uintx ReservedCodeCacheSize                    = 251658240                              {pd product} {ergonomic}
     bool SegmentedCodeCache                       = true                                      {product} {ergonomic}
     bool UseCompressedClassPointers               = true                                 {lp64_product} {ergonomic}
     bool UseCompressedOops                        = true                                 {lp64_product} {ergonomic}
     bool UseG1GC                                  = true                                      {product} {ergonomic}
     bool UseLargePagesIndividualAllocation        = false                                  {pd product} {ergonomic}

Logging:
Log output configuration:
 #0: stdout all=warning uptime,level,tags
 #1: stderr all=off uptime,level,tags

Environment Variables:
JAVA_HOME=C:\Program Files\Java\jdk-15.0.1
PATH=C:\Program Files\Microsoft\jdk-11.0.12.7-hotspot\bin;C:\oraclexe\app\oracle\product\10.2.0\server\bin;C:\Program Files (x86)\Common Files\Oracle\Java\javapath;C:\ProgramData\Oracle\Java\javapath;C:\Program Files\Common Files\Oracle\Java\javapath;C:\WINDOWS\system32;C:\WINDOWS;C:\WINDOWS\System32\Wbem;C:\WINDOWS\System32\WindowsPowerShell\v1.0\;C:\WINDOWS\System32\OpenSSH\;C:\Program Files\Java\jdk-15.0.1\bin;C:\Program Files\Microsoft SQL Server\Client SDK\ODBC\170\Tools\Binn\;C:\Program Files (x86)\Microsoft SQL Server\150\Tools\Binn\;C:\Program Files\Microsoft SQL Server\150\Tools\Binn\;C:\Program Files\Microsoft SQL Server\150\DTS\Binn\;C:\Program Files (x86)\Microsoft SQL Server\150\DTS\Binn\;C:\Program Files\dotnet\;C:\Program Files\Microsoft SQL Server\130\Tools\Binn\;C:\php;C:\Program Files\Docker\Docker\resources\bin;C:\ProgramData\DockerDesktop\version-bin;C:\Program Files\Git\cmd;C:\Program Files (x86)\Bazaar;C:\Users\JC\AppData\Local\Programs\Python\Python39\Scripts\;C:\Users\JC\AppData\Local\Programs\Python\Python39\;C:\Users\JC\AppData\Local\Microsoft\WindowsApps;;C:\Program Files\Azure Data Studio\bin;C:\Program Files\Azure Data Studio\bin;C:\Users\JC\.dotnet\tools;C:\Users\JC\AppData\Local\Programs\Microsoft VS Code\bin
USERNAME=JC
OS=Windows_NT
PROCESSOR_IDENTIFIER=Intel64 Family 6 Model 69 Stepping 1, GenuineIntel



---------------  S Y S T E M  ---------------

OS: Windows 10 , 64 bit Build 19041 (10.0.19041.1466)
OS uptime: 3 days 0:07 hours
Hyper-V role detected

CPU:total 4 (initial active 4) (2 cores per cpu, 2 threads per core) family 6 model 69 stepping 1 microcode 0x25, cmov, cx8, fxsr, mmx, sse, sse2, sse3, ssse3, sse4.1, sse4.2, popcnt, avx, avx2, aes, clmul, erms, lzcnt, ht, tsc, tscinvbit, bmi1, bmi2, fma

Memory: 4k page, system-wide physical 4027M (284M free)
TotalPageFile size 6825M (AvailPageFile size 32M)
current process WorkingSet (physical memory assigned to process): 321M, peak: 328M
current process commit charge ("private bytes"): 350M, peak: 384M

vm_info: OpenJDK 64-Bit Server VM (11.0.10+0-b96-7249189) for windows-amd64 JRE (11.0.10+0-b96-7249189), built on Mar 31 2021 21:44:00 by "builder" with MS VC++ 14.0 (VS2015)

END.
